12:51:17.160 [JavaFX Application Thread] DEBUG GameApplication      - Logger initialized
12:51:17.181 [JavaFX Application Thread] DEBUG GameApplication      - Logging settings
Title: Simple Game
Version: 0.1
Width: 1200
Height: 600
Fullscreen: false
Intro: false
Menus: false
Profiling: false
Single step:false
App Mode: DEVELOPER
Menu Key: ESCAPE
Stage Style: DECORATED
Scene Factory: class com.almasb.fxgl.scene.SceneFactory
Dialog Factory: class com.almasb.fxgl.ui.FXGLDialogFactory
UI Factory: class com.almasb.fxgl.ui.FXGLUIFactory
Notification Service: class com.almasb.fxgl.gameplay.notification.XboxNotificationView
Exception Handler: class com.almasb.fxgl.app.FXGLExceptionHandler
12:51:17.181 [JavaFX Application Thread] DEBUG GameApplication      - Starting FXGL
12:51:17.195 [JavaFX Application Thread] INFO  FXGL                 - FXGL-0.5.4 on DESKTOP
12:51:17.196 [JavaFX Application Thread] INFO  FXGL                 - Source code and latest versions at: https://github.com/AlmasB/FXGL
12:51:17.196 [JavaFX Application Thread] INFO  FXGL                 -              Join the FXGL chat at: https://gitter.im/AlmasB/FXGL
12:51:17.196 [JavaFX Application Thread] DEBUG FXGL                 - FXGL started
12:51:17.197 [JavaFX Application Thread] DEBUG FXGL                 - Initializing FXGL
12:51:17.253 [JavaFX Application Thread] DEBUG AssetLoader          - Loading from disk: /assets/ui/cursors/fxgl_default.png
12:51:17.377 [JavaFX Application Thread] DEBUG AssetLoader          - Loading from disk: /assets/ui/fonts/VarelaRound-Regular.ttf
12:51:17.654 [JavaFX Application Thread] DEBUG MainWindow           - Creating a JavaFX scene
12:51:17.692 [JavaFX Application Thread] DEBUG MainWindow           - Target settings size: 1200.0 x 600.0
12:51:17.692 [JavaFX Application Thread] DEBUG MainWindow           - Scaled scene size:    1200.0 x 600.0
12:51:17.693 [JavaFX Application Thread] DEBUG MainWindow           - Scaled ratio: (1.0, 1.0)
12:51:17.695 [JavaFX Application Thread] DEBUG AssetLoader          - Loading from disk: /assets/ui/css/fxgl_dark.css
12:51:17.699 [JavaFX Application Thread] DEBUG AssetLoader          - Loading from disk: /assets/textures/fxgl_icon.png
12:51:17.725 [JavaFX Application Thread] DEBUG MainWindow           - Opening main window
12:51:17.893 [JavaFX Application Thread] DEBUG MainWindow           - Window border size: (14.4000244140625, 37.5999755859375)
12:51:17.893 [JavaFX Application Thread] DEBUG MainWindow           - Scaled size: 1200.0 x 600.0
12:51:17.894 [JavaFX Application Thread] DEBUG MainWindow           - Scaled ratio: (1.0, 1.0)
12:51:17.894 [JavaFX Application Thread] DEBUG MainWindow           - Scene size: 1200.0 x 600.0
12:51:17.898 [JavaFX Application Thread] DEBUG MainWindow           - Stage size: 1214.4000244140625 x 637.5999755859375
12:51:17.973 [ForkJoinPool.commonPool-worker-9] DEBUG FS                   - Loaded DesktopFSService
12:51:17.974 [ForkJoinPool.commonPool-worker-9] DEBUG FXGL                 - Loading FXGL system data
12:51:17.984 [ForkJoinPool.commonPool-worker-9] DEBUG DesktopFSService     - Reading from: system\fxgl.bundle
12:51:17.999 [ForkJoinPool.commonPool-worker-9] DEBUG Bundle               - Logging bundle: FXGL
12:51:18.000 [ForkJoinPool.commonPool-worker-9] DEBUG Bundle               - FXGL.offline.timer.version.check=2019-01-07T14:44:13.971316
12:51:18.004 [ForkJoinPool.commonPool-worker-9] DEBUG FXGL                 - Initializing state machine and application states
12:51:18.006 [ForkJoinPool.commonPool-worker-9] DEBUG AssetLoader          - Loading from disk: /assets/ui/cursors/fxgl_default.png
12:51:18.022 [ForkJoinPool.commonPool-worker-9] DEBUG AssetLoader          - Loading from disk: /assets/ui/cursors/fxgl_default.png
12:51:18.031 [ForkJoinPool.commonPool-worker-9] DEBUG AssetLoader          - Loading from cache: /assets/ui/fonts/VarelaRound-Regular.ttf
12:51:18.035 [ForkJoinPool.commonPool-worker-9] DEBUG AssetLoader          - Loading from disk: /assets/ui/cursors/fxgl_default.png
12:51:18.039 [ForkJoinPool.commonPool-worker-9] DEBUG GameScene            - Game scene initialized: 1200x600
12:51:18.048 [ForkJoinPool.commonPool-worker-9] DEBUG GameWorld            - Game world initialized
12:51:18.137 [ForkJoinPool.commonPool-worker-9] DEBUG PhysicsWorld         - Physics world initialized: appHeight=600, physics.ppm=50,0
12:51:18.163 [ForkJoinPool.commonPool-worker-9] DEBUG Input                - Registered new binding: Pause - Esc
12:51:18.236 [JavaFX Application Thread] DEBUG FXGL                 - Running preInit()
12:51:18.238 [JavaFX Application Thread] DEBUG Input                - Registered new binding: Screenshot - P
12:51:18.239 [JavaFX Application Thread] DEBUG Input                - Registered new binding: Dev Options - CTRL+0
12:51:18.239 [JavaFX Application Thread] DEBUG Input                - Registered new binding: System info dump - CTRL+9
12:51:18.240 [JavaFX Application Thread] DEBUG Input                - Registered new binding: Restart - CTRL+R
12:51:18.240 [JavaFX Application Thread] DEBUG Input                - Registered new binding: Move Right - D
12:51:18.240 [JavaFX Application Thread] DEBUG Input                - Registered new binding: Move Left - A
12:51:18.240 [JavaFX Application Thread] DEBUG Input                - Registered new binding: Move Up - W
12:51:18.240 [JavaFX Application Thread] DEBUG Input                - Registered new binding: Move Down - S
12:51:18.240 [JavaFX Application Thread] DEBUG Input                - Registered new binding: Play Sound - F
12:51:18.241 [JavaFX Application Thread] INFO  FXGL                 - FXGL initialization took: 1,045 sec
12:51:18.242 [JavaFX Application Thread] DEBUG LoopRunner           - Starting loop
12:51:18.245 [JavaFX Application Thread] DEBUG StartupState         - STARTUP
12:51:18.245 [JavaFX Application Thread] DEBUG GameApplication      - Starting new game
12:51:18.245 [JavaFX Application Thread] DEBUG Input                - Clearing active input actions
12:51:18.247 [JavaFX Application Thread] DEBUG AssetLoader          - Loading from disk: /assets/ui/css/fxgl_dark.css
12:51:18.256 [JavaFX Application Thread] DEBUG AppStateMachine      - StartupState -> LoadingState
12:51:18.263 [FXGL Background Thread 1 ] DEBUG InitAppTask          - Clearing previous game
12:51:18.263 [FXGL Background Thread 1 ] DEBUG GameWorld            - Clearing game world
12:51:18.263 [FXGL Background Thread 1 ] DEBUG PhysicsWorld         - Clearing physics world
12:51:18.264 [FXGL Background Thread 1 ] DEBUG GameScene            - Clearing game scene
12:51:18.265 [FXGL Background Thread 1 ] DEBUG InitAppTask          - Initializing Game
12:51:18.307 [FXGL Background Thread 1 ] DEBUG AssetLoader          - Loading from disk: /assets/textures/slime1.png
12:51:18.315 [FXGL Background Thread 1 ] DEBUG GameScene            - Creating render group for layer: DEFAULT(100000)
12:51:18.318 [FXGL Background Thread 1 ] DEBUG AssetLoader          - Loading from disk: /assets/textures/slime2.png
12:51:18.323 [FXGL Background Thread 1 ] DEBUG InitAppTask          - Initializing Physics
12:51:18.324 [FXGL Background Thread 1 ] DEBUG InitAppTask          - Initializing UI
12:51:18.325 [FXGL Background Thread 1 ] DEBUG InitAppTask          - Initialization Complete
12:51:18.326 [FXGL Background Thread 1 ] INFO  InitAppTask          - Game initialization took: 0,062 sec
12:51:18.354 [JavaFX Application Thread] DEBUG Input                - Clearing active input actions
12:51:18.354 [JavaFX Application Thread] DEBUG AssetLoader          - Loading from disk: /assets/ui/css/fxgl_dark.css
12:51:18.366 [JavaFX Application Thread] DEBUG AppStateMachine      - LoadingState -> PlayState
12:52:54.028 [JavaFX Application Thread] DEBUG FXGL                 - Exiting FXGL
12:52:54.028 [JavaFX Application Thread] DEBUG FXGL                 - Shutting down background threads
12:52:54.028 [JavaFX Application Thread] DEBUG FXGL                 - Saving FXGL system data
12:52:54.032 [JavaFX Application Thread] DEBUG DesktopFSService     - Writing to: system\fxgl.bundle
12:52:54.035 [JavaFX Application Thread] DEBUG FXGL                 - Closing logger and exiting JavaFX
