12:50:27.713 [JavaFX Application Thread] DEBUG GameApplication      - Logger initialized
12:50:27.735 [JavaFX Application Thread] DEBUG GameApplication      - Logging settings
Title: Simple Game
Version: 0.1
Width: 1200
Height: 600
Fullscreen: false
Intro: false
Menus: false
Profiling: false
Single step:false
App Mode: DEVELOPER
Menu Key: ESCAPE
Stage Style: DECORATED
Scene Factory: class com.almasb.fxgl.scene.SceneFactory
Dialog Factory: class com.almasb.fxgl.ui.FXGLDialogFactory
UI Factory: class com.almasb.fxgl.ui.FXGLUIFactory
Notification Service: class com.almasb.fxgl.gameplay.notification.XboxNotificationView
Exception Handler: class com.almasb.fxgl.app.FXGLExceptionHandler
12:50:27.736 [JavaFX Application Thread] DEBUG GameApplication      - Starting FXGL
12:50:27.750 [JavaFX Application Thread] INFO  FXGL                 - FXGL-0.5.4 on DESKTOP
12:50:27.750 [JavaFX Application Thread] INFO  FXGL                 - Source code and latest versions at: https://github.com/AlmasB/FXGL
12:50:27.750 [JavaFX Application Thread] INFO  FXGL                 -              Join the FXGL chat at: https://gitter.im/AlmasB/FXGL
12:50:27.751 [JavaFX Application Thread] DEBUG FXGL                 - FXGL started
12:50:27.751 [JavaFX Application Thread] DEBUG FXGL                 - Initializing FXGL
12:50:27.811 [JavaFX Application Thread] DEBUG AssetLoader          - Loading from disk: /assets/ui/cursors/fxgl_default.png
12:50:27.923 [JavaFX Application Thread] DEBUG AssetLoader          - Loading from disk: /assets/ui/fonts/VarelaRound-Regular.ttf
12:50:28.196 [JavaFX Application Thread] DEBUG MainWindow           - Creating a JavaFX scene
12:50:28.255 [JavaFX Application Thread] DEBUG MainWindow           - Target settings size: 1200.0 x 600.0
12:50:28.255 [JavaFX Application Thread] DEBUG MainWindow           - Scaled scene size:    1200.0 x 600.0
12:50:28.255 [JavaFX Application Thread] DEBUG MainWindow           - Scaled ratio: (1.0, 1.0)
12:50:28.259 [JavaFX Application Thread] DEBUG AssetLoader          - Loading from disk: /assets/ui/css/fxgl_dark.css
12:50:28.264 [JavaFX Application Thread] DEBUG AssetLoader          - Loading from disk: /assets/textures/fxgl_icon.png
12:50:28.290 [JavaFX Application Thread] DEBUG MainWindow           - Opening main window
12:50:28.459 [JavaFX Application Thread] DEBUG MainWindow           - Window border size: (14.4000244140625, 37.5999755859375)
12:50:28.459 [JavaFX Application Thread] DEBUG MainWindow           - Scaled size: 1200.0 x 600.0
12:50:28.459 [JavaFX Application Thread] DEBUG MainWindow           - Scaled ratio: (1.0, 1.0)
12:50:28.460 [JavaFX Application Thread] DEBUG MainWindow           - Scene size: 1200.0 x 600.0
12:50:28.460 [JavaFX Application Thread] DEBUG MainWindow           - Stage size: 1214.4000244140625 x 637.5999755859375
12:50:28.535 [ForkJoinPool.commonPool-worker-9] DEBUG FS                   - Loaded DesktopFSService
12:50:28.536 [ForkJoinPool.commonPool-worker-9] DEBUG FXGL                 - Loading FXGL system data
12:50:28.544 [ForkJoinPool.commonPool-worker-9] DEBUG DesktopFSService     - Reading from: system\fxgl.bundle
12:50:28.560 [ForkJoinPool.commonPool-worker-9] DEBUG Bundle               - Logging bundle: FXGL
12:50:28.561 [ForkJoinPool.commonPool-worker-9] DEBUG Bundle               - FXGL.offline.timer.version.check=2019-01-07T14:44:13.971316
12:50:28.564 [ForkJoinPool.commonPool-worker-9] DEBUG FXGL                 - Initializing state machine and application states
12:50:28.568 [ForkJoinPool.commonPool-worker-9] DEBUG AssetLoader          - Loading from disk: /assets/ui/cursors/fxgl_default.png
12:50:28.580 [ForkJoinPool.commonPool-worker-9] DEBUG AssetLoader          - Loading from disk: /assets/ui/cursors/fxgl_default.png
12:50:28.589 [ForkJoinPool.commonPool-worker-9] DEBUG AssetLoader          - Loading from cache: /assets/ui/fonts/VarelaRound-Regular.ttf
12:50:28.592 [ForkJoinPool.commonPool-worker-9] DEBUG AssetLoader          - Loading from disk: /assets/ui/cursors/fxgl_default.png
12:50:28.596 [ForkJoinPool.commonPool-worker-9] DEBUG GameScene            - Game scene initialized: 1200x600
12:50:28.605 [ForkJoinPool.commonPool-worker-9] DEBUG GameWorld            - Game world initialized
12:50:28.707 [ForkJoinPool.commonPool-worker-9] DEBUG PhysicsWorld         - Physics world initialized: appHeight=600, physics.ppm=50,0
12:50:28.732 [ForkJoinPool.commonPool-worker-9] DEBUG Input                - Registered new binding: Pause - Esc
12:50:28.820 [JavaFX Application Thread] DEBUG FXGL                 - Running preInit()
12:50:28.822 [JavaFX Application Thread] DEBUG Input                - Registered new binding: Screenshot - P
12:50:28.823 [JavaFX Application Thread] DEBUG Input                - Registered new binding: Dev Options - CTRL+0
12:50:28.823 [JavaFX Application Thread] DEBUG Input                - Registered new binding: System info dump - CTRL+9
12:50:28.824 [JavaFX Application Thread] DEBUG Input                - Registered new binding: Restart - CTRL+R
12:50:28.824 [JavaFX Application Thread] DEBUG Input                - Registered new binding: Move Right - D
12:50:28.824 [JavaFX Application Thread] DEBUG Input                - Registered new binding: Move Left - A
12:50:28.825 [JavaFX Application Thread] DEBUG Input                - Registered new binding: Move Up - W
12:50:28.825 [JavaFX Application Thread] DEBUG Input                - Registered new binding: Move Down - S
12:50:28.825 [JavaFX Application Thread] DEBUG Input                - Registered new binding: Play Sound - F
12:50:28.826 [JavaFX Application Thread] INFO  FXGL                 - FXGL initialization took: 1,074 sec
12:50:28.826 [JavaFX Application Thread] DEBUG LoopRunner           - Starting loop
12:50:28.828 [JavaFX Application Thread] DEBUG StartupState         - STARTUP
12:50:28.828 [JavaFX Application Thread] DEBUG GameApplication      - Starting new game
12:50:28.828 [JavaFX Application Thread] DEBUG Input                - Clearing active input actions
12:50:28.830 [JavaFX Application Thread] DEBUG AssetLoader          - Loading from disk: /assets/ui/css/fxgl_dark.css
12:50:28.841 [JavaFX Application Thread] DEBUG AppStateMachine      - StartupState -> LoadingState
12:50:28.846 [FXGL Background Thread 1 ] DEBUG InitAppTask          - Clearing previous game
12:50:28.846 [FXGL Background Thread 1 ] DEBUG GameWorld            - Clearing game world
12:50:28.847 [FXGL Background Thread 1 ] DEBUG PhysicsWorld         - Clearing physics world
12:50:28.847 [FXGL Background Thread 1 ] DEBUG GameScene            - Clearing game scene
12:50:28.850 [FXGL Background Thread 1 ] DEBUG InitAppTask          - Initializing Game
12:50:28.895 [FXGL Background Thread 1 ] DEBUG AssetLoader          - Loading from disk: /assets/textures/slime1.png
12:50:28.902 [FXGL Background Thread 1 ] DEBUG GameScene            - Creating render group for layer: DEFAULT(100000)
12:50:28.908 [FXGL Background Thread 1 ] DEBUG InitAppTask          - Initializing Physics
12:50:28.909 [FXGL Background Thread 1 ] DEBUG InitAppTask          - Initializing UI
12:50:28.910 [FXGL Background Thread 1 ] DEBUG InitAppTask          - Initialization Complete
12:50:28.911 [FXGL Background Thread 1 ] INFO  InitAppTask          - Game initialization took: 0,064 sec
12:50:28.945 [JavaFX Application Thread] DEBUG Input                - Clearing active input actions
12:50:28.945 [JavaFX Application Thread] DEBUG AssetLoader          - Loading from disk: /assets/ui/css/fxgl_dark.css
12:50:28.955 [JavaFX Application Thread] DEBUG AppStateMachine      - LoadingState -> PlayState
12:50:35.011 [JavaFX Application Thread] DEBUG FXGL                 - Exiting FXGL
12:50:35.011 [JavaFX Application Thread] DEBUG FXGL                 - Shutting down background threads
12:50:35.011 [JavaFX Application Thread] DEBUG FXGL                 - Saving FXGL system data
12:50:35.016 [JavaFX Application Thread] DEBUG DesktopFSService     - Writing to: system\fxgl.bundle
12:50:35.020 [JavaFX Application Thread] DEBUG FXGL                 - Closing logger and exiting JavaFX
