12:36:41.590 [JavaFX Application Thread] DEBUG GameApplication      - Logger initialized
12:36:41.611 [JavaFX Application Thread] DEBUG GameApplication      - Logging settings
Title: Simple Game
Version: 0.1
Width: 600
Height: 600
Fullscreen: false
Intro: false
Menus: false
Profiling: false
Single step:false
App Mode: DEVELOPER
Menu Key: ESCAPE
Stage Style: DECORATED
Scene Factory: class com.almasb.fxgl.scene.SceneFactory
Dialog Factory: class com.almasb.fxgl.ui.FXGLDialogFactory
UI Factory: class com.almasb.fxgl.ui.FXGLUIFactory
Notification Service: class com.almasb.fxgl.gameplay.notification.XboxNotificationView
Exception Handler: class com.almasb.fxgl.app.FXGLExceptionHandler
12:36:41.611 [JavaFX Application Thread] DEBUG GameApplication      - Starting FXGL
12:36:41.626 [JavaFX Application Thread] INFO  FXGL                 - FXGL-0.5.4 on DESKTOP
12:36:41.627 [JavaFX Application Thread] INFO  FXGL                 - Source code and latest versions at: https://github.com/AlmasB/FXGL
12:36:41.627 [JavaFX Application Thread] INFO  FXGL                 -              Join the FXGL chat at: https://gitter.im/AlmasB/FXGL
12:36:41.627 [JavaFX Application Thread] DEBUG FXGL                 - FXGL started
12:36:41.627 [JavaFX Application Thread] DEBUG FXGL                 - Initializing FXGL
12:36:41.683 [JavaFX Application Thread] DEBUG AssetLoader          - Loading from disk: /assets/ui/cursors/fxgl_default.png
12:36:41.810 [JavaFX Application Thread] DEBUG AssetLoader          - Loading from disk: /assets/ui/fonts/VarelaRound-Regular.ttf
12:36:42.093 [JavaFX Application Thread] DEBUG MainWindow           - Creating a JavaFX scene
12:36:42.134 [JavaFX Application Thread] DEBUG MainWindow           - Target settings size: 600.0 x 600.0
12:36:42.135 [JavaFX Application Thread] DEBUG MainWindow           - Scaled scene size:    600.0 x 600.0
12:36:42.135 [JavaFX Application Thread] DEBUG MainWindow           - Scaled ratio: (1.0, 1.0)
12:36:42.138 [JavaFX Application Thread] DEBUG AssetLoader          - Loading from disk: /assets/ui/css/fxgl_dark.css
12:36:42.143 [JavaFX Application Thread] DEBUG AssetLoader          - Loading from disk: /assets/textures/fxgl_icon.png
12:36:42.170 [JavaFX Application Thread] DEBUG MainWindow           - Opening main window
12:36:42.351 [JavaFX Application Thread] DEBUG MainWindow           - Window border size: (14.4000244140625, 37.5999755859375)
12:36:42.351 [JavaFX Application Thread] DEBUG MainWindow           - Scaled size: 600.0 x 600.0
12:36:42.352 [JavaFX Application Thread] DEBUG MainWindow           - Scaled ratio: (1.0, 1.0)
12:36:42.352 [JavaFX Application Thread] DEBUG MainWindow           - Scene size: 600.0 x 600.0
12:36:42.352 [JavaFX Application Thread] DEBUG MainWindow           - Stage size: 614.4000244140625 x 637.5999755859375
12:36:42.452 [ForkJoinPool.commonPool-worker-9] DEBUG FS                   - Loaded DesktopFSService
12:36:42.453 [ForkJoinPool.commonPool-worker-9] DEBUG FXGL                 - Loading FXGL system data
12:36:42.462 [ForkJoinPool.commonPool-worker-9] DEBUG DesktopFSService     - Reading from: system\fxgl.bundle
12:36:42.476 [ForkJoinPool.commonPool-worker-9] DEBUG Bundle               - Logging bundle: FXGL
12:36:42.477 [ForkJoinPool.commonPool-worker-9] DEBUG Bundle               - FXGL.offline.timer.version.check=2019-01-07T14:44:13.971316
12:36:42.478 [ForkJoinPool.commonPool-worker-9] DEBUG FXGL                 - Initializing state machine and application states
12:36:42.480 [ForkJoinPool.commonPool-worker-9] DEBUG AssetLoader          - Loading from disk: /assets/ui/cursors/fxgl_default.png
12:36:42.506 [ForkJoinPool.commonPool-worker-9] DEBUG AssetLoader          - Loading from disk: /assets/ui/cursors/fxgl_default.png
12:36:42.515 [ForkJoinPool.commonPool-worker-9] DEBUG AssetLoader          - Loading from cache: /assets/ui/fonts/VarelaRound-Regular.ttf
12:36:42.519 [ForkJoinPool.commonPool-worker-9] DEBUG AssetLoader          - Loading from disk: /assets/ui/cursors/fxgl_default.png
12:36:42.523 [ForkJoinPool.commonPool-worker-9] DEBUG GameScene            - Game scene initialized: 600x600
12:36:42.534 [ForkJoinPool.commonPool-worker-9] DEBUG GameWorld            - Game world initialized
12:36:42.629 [ForkJoinPool.commonPool-worker-9] DEBUG PhysicsWorld         - Physics world initialized: appHeight=600, physics.ppm=50,0
12:36:42.653 [ForkJoinPool.commonPool-worker-9] DEBUG Input                - Registered new binding: Pause - Esc
12:36:42.736 [JavaFX Application Thread] DEBUG FXGL                 - Running preInit()
12:36:42.738 [JavaFX Application Thread] DEBUG Input                - Registered new binding: Screenshot - P
12:36:42.739 [JavaFX Application Thread] DEBUG Input                - Registered new binding: Dev Options - CTRL+0
12:36:42.740 [JavaFX Application Thread] DEBUG Input                - Registered new binding: System info dump - CTRL+9
12:36:42.741 [JavaFX Application Thread] DEBUG Input                - Registered new binding: Restart - CTRL+R
12:36:42.741 [JavaFX Application Thread] DEBUG Input                - Registered new binding: Move Right - D
12:36:42.742 [JavaFX Application Thread] DEBUG Input                - Registered new binding: Move Left - A
12:36:42.742 [JavaFX Application Thread] DEBUG Input                - Registered new binding: Move Up - W
12:36:42.742 [JavaFX Application Thread] DEBUG Input                - Registered new binding: Move Down - S
12:36:42.743 [JavaFX Application Thread] INFO  FXGL                 - FXGL initialization took: 1,115 sec
12:36:42.743 [JavaFX Application Thread] DEBUG LoopRunner           - Starting loop
12:36:42.746 [JavaFX Application Thread] DEBUG StartupState         - STARTUP
12:36:42.746 [JavaFX Application Thread] DEBUG GameApplication      - Starting new game
12:36:42.747 [JavaFX Application Thread] DEBUG Input                - Clearing active input actions
12:36:42.749 [JavaFX Application Thread] DEBUG AssetLoader          - Loading from disk: /assets/ui/css/fxgl_dark.css
12:36:42.758 [JavaFX Application Thread] DEBUG AppStateMachine      - StartupState -> LoadingState
12:36:42.766 [FXGL Background Thread 1 ] DEBUG InitAppTask          - Clearing previous game
12:36:42.766 [FXGL Background Thread 1 ] DEBUG GameWorld            - Clearing game world
12:36:42.766 [FXGL Background Thread 1 ] DEBUG PhysicsWorld         - Clearing physics world
12:36:42.766 [FXGL Background Thread 1 ] DEBUG GameScene            - Clearing game scene
12:36:42.768 [FXGL Background Thread 1 ] DEBUG InitAppTask          - Initializing Game
12:36:42.815 [FXGL Background Thread 1 ] DEBUG GameScene            - Creating render group for layer: DEFAULT(100000)
12:36:42.817 [FXGL Background Thread 1 ] DEBUG InitAppTask          - Initializing Physics
12:36:42.818 [FXGL Background Thread 1 ] DEBUG InitAppTask          - Initializing UI
12:36:42.818 [FXGL Background Thread 1 ] DEBUG InitAppTask          - Initialization Complete
12:36:42.818 [FXGL Background Thread 1 ] INFO  InitAppTask          - Game initialization took: 0,053 sec
12:36:42.861 [JavaFX Application Thread] DEBUG Input                - Clearing active input actions
12:36:42.861 [JavaFX Application Thread] DEBUG AssetLoader          - Loading from disk: /assets/ui/css/fxgl_dark.css
12:36:42.869 [JavaFX Application Thread] DEBUG AppStateMachine      - LoadingState -> PlayState
12:36:50.361 [JavaFX Application Thread] DEBUG FXGL                 - Exiting FXGL
12:36:50.361 [JavaFX Application Thread] DEBUG FXGL                 - Shutting down background threads
12:36:50.362 [JavaFX Application Thread] DEBUG FXGL                 - Saving FXGL system data
12:36:50.367 [JavaFX Application Thread] DEBUG DesktopFSService     - Writing to: system\fxgl.bundle
12:36:50.373 [JavaFX Application Thread] DEBUG FXGL                 - Closing logger and exiting JavaFX
