09:37:46.697 [JavaFX Application Thread] DEBUG GameApplication      - Logger initialized
09:37:46.719 [JavaFX Application Thread] DEBUG GameApplication      - Logging settings
Title: SlimeSoccer2000
Version: 0.1
Width: 1200
Height: 600
Fullscreen: false
Intro: false
Menus: true
Profiling: false
Single step:false
App Mode: DEVELOPER
Menu Key: M
Stage Style: DECORATED
Scene Factory: class com.almasb.fxgl.scene.SceneFactory
Dialog Factory: class com.almasb.fxgl.ui.FXGLDialogFactory
UI Factory: class com.almasb.fxgl.ui.FXGLUIFactory
Notification Service: class com.almasb.fxgl.gameplay.notification.XboxNotificationView
Exception Handler: class com.almasb.fxgl.app.FXGLExceptionHandler
09:37:46.720 [JavaFX Application Thread] DEBUG GameApplication      - Starting FXGL
09:37:46.736 [JavaFX Application Thread] INFO  FXGL                 - FXGL-0.5.4 on DESKTOP
09:37:46.736 [JavaFX Application Thread] INFO  FXGL                 - Source code and latest versions at: https://github.com/AlmasB/FXGL
09:37:46.737 [JavaFX Application Thread] INFO  FXGL                 -              Join the FXGL chat at: https://gitter.im/AlmasB/FXGL
09:37:46.737 [JavaFX Application Thread] DEBUG FXGL                 - FXGL started
09:37:46.737 [JavaFX Application Thread] DEBUG FXGL                 - Initializing FXGL
09:37:46.788 [JavaFX Application Thread] DEBUG AssetLoader          - Loading from disk: /assets/ui/cursors/fxgl_default.png
09:37:46.896 [JavaFX Application Thread] DEBUG AssetLoader          - Loading from disk: /assets/ui/fonts/VarelaRound-Regular.ttf
09:37:47.248 [JavaFX Application Thread] DEBUG MainWindow           - Creating a JavaFX scene
09:37:47.277 [JavaFX Application Thread] DEBUG MainWindow           - Target settings size: 1200.0 x 600.0
09:37:47.277 [JavaFX Application Thread] DEBUG MainWindow           - Scaled scene size:    1200.0 x 600.0
09:37:47.277 [JavaFX Application Thread] DEBUG MainWindow           - Scaled ratio: (1.0, 1.0)
09:37:47.280 [JavaFX Application Thread] DEBUG AssetLoader          - Loading from disk: /assets/ui/css/fxgl_dark.css
09:37:47.284 [JavaFX Application Thread] DEBUG AssetLoader          - Loading from disk: /assets/textures/fxgl_icon.png
09:37:47.312 [JavaFX Application Thread] DEBUG MainWindow           - Opening main window
09:37:47.470 [JavaFX Application Thread] DEBUG MainWindow           - Window border size: (14.4000244140625, 37.5999755859375)
09:37:47.471 [JavaFX Application Thread] DEBUG MainWindow           - Scaled size: 1200.0 x 600.0
09:37:47.471 [JavaFX Application Thread] DEBUG MainWindow           - Scaled ratio: (1.0, 1.0)
09:37:47.471 [JavaFX Application Thread] DEBUG MainWindow           - Scene size: 1200.0 x 600.0
09:37:47.471 [JavaFX Application Thread] DEBUG MainWindow           - Stage size: 1214.4000244140625 x 637.5999755859375
09:37:47.543 [ForkJoinPool.commonPool-worker-9] DEBUG FS                   - Loaded DesktopFSService
09:37:47.544 [ForkJoinPool.commonPool-worker-9] DEBUG FXGL                 - Loading FXGL system data
09:37:47.556 [ForkJoinPool.commonPool-worker-9] DEBUG DesktopFSService     - Reading from: system\fxgl.bundle
09:37:47.571 [ForkJoinPool.commonPool-worker-9] DEBUG Bundle               - Logging bundle: FXGL
09:37:47.572 [ForkJoinPool.commonPool-worker-9] DEBUG Bundle               - FXGL.offline.timer.version.check=2019-01-15T09:28:22.000785300
09:37:47.574 [ForkJoinPool.commonPool-worker-9] DEBUG FXGL                 - Initializing state machine and application states
09:37:47.576 [ForkJoinPool.commonPool-worker-9] DEBUG AssetLoader          - Loading from disk: /assets/ui/cursors/fxgl_default.png
09:37:47.587 [ForkJoinPool.commonPool-worker-9] DEBUG AssetLoader          - Loading from disk: /assets/ui/cursors/fxgl_default.png
09:37:47.595 [ForkJoinPool.commonPool-worker-9] DEBUG AssetLoader          - Loading from cache: /assets/ui/fonts/VarelaRound-Regular.ttf
09:37:47.601 [ForkJoinPool.commonPool-worker-9] DEBUG AssetLoader          - Loading from disk: /assets/ui/cursors/fxgl_default.png
09:37:47.616 [ForkJoinPool.commonPool-worker-9] DEBUG GameScene            - Game scene initialized: 1200x600
09:37:47.625 [ForkJoinPool.commonPool-worker-9] DEBUG GameWorld            - Game world initialized
09:37:47.733 [ForkJoinPool.commonPool-worker-9] DEBUG PhysicsWorld         - Physics world initialized: appHeight=600, physics.ppm=50,0
09:37:47.793 [ForkJoinPool.commonPool-worker-9] DEBUG AssetLoader          - Loading from disk: /assets/ui/cursors/fxgl_default.png
09:37:47.798 [ForkJoinPool.commonPool-worker-9] DEBUG AssetLoader          - Loading from disk: /assets/properties/languages/english.properties
09:37:47.801 [ForkJoinPool.commonPool-worker-9] DEBUG AssetLoader          - Loading from cache: /assets/ui/fonts/VarelaRound-Regular.ttf
09:37:47.804 [ForkJoinPool.commonPool-worker-9] DEBUG AssetLoader          - Loading from cache: /assets/ui/fonts/VarelaRound-Regular.ttf
09:37:47.805 [ForkJoinPool.commonPool-worker-9] DEBUG AssetLoader          - Loading from cache: /assets/ui/fonts/VarelaRound-Regular.ttf
09:37:47.826 [ForkJoinPool.commonPool-worker-9] DEBUG AssetLoader          - Loading from disk: /assets/textures/particles/trace_horizontal.png
09:37:47.865 [ForkJoinPool.commonPool-worker-9] DEBUG AssetLoader          - Loading from cache: /assets/ui/fonts/VarelaRound-Regular.ttf
09:37:47.866 [ForkJoinPool.commonPool-worker-9] DEBUG FXGL.Menu            - createMenuBodyMainMenu()
09:37:47.874 [ForkJoinPool.commonPool-worker-9] DEBUG AssetLoader          - Loading from cache: /assets/ui/fonts/VarelaRound-Regular.ttf
09:37:47.877 [ForkJoinPool.commonPool-worker-9] DEBUG AssetLoader          - Loading from cache: /assets/properties/languages/english.properties
09:37:47.880 [ForkJoinPool.commonPool-worker-9] DEBUG AssetLoader          - Loading from cache: /assets/ui/fonts/VarelaRound-Regular.ttf
09:37:47.881 [ForkJoinPool.commonPool-worker-9] DEBUG AssetLoader          - Loading from cache: /assets/properties/languages/english.properties
09:37:47.881 [ForkJoinPool.commonPool-worker-9] DEBUG FXGL.Menu            - createOptionsMenu()
09:37:47.882 [ForkJoinPool.commonPool-worker-9] DEBUG AssetLoader          - Loading from cache: /assets/ui/fonts/VarelaRound-Regular.ttf
09:37:47.882 [ForkJoinPool.commonPool-worker-9] DEBUG AssetLoader          - Loading from cache: /assets/properties/languages/english.properties
09:37:47.883 [ForkJoinPool.commonPool-worker-9] DEBUG AssetLoader          - Loading from cache: /assets/ui/fonts/VarelaRound-Regular.ttf
09:37:47.884 [ForkJoinPool.commonPool-worker-9] DEBUG AssetLoader          - Loading from cache: /assets/properties/languages/english.properties
09:37:47.885 [ForkJoinPool.commonPool-worker-9] DEBUG AssetLoader          - Loading from cache: /assets/ui/fonts/VarelaRound-Regular.ttf
09:37:47.886 [ForkJoinPool.commonPool-worker-9] DEBUG AssetLoader          - Loading from cache: /assets/properties/languages/english.properties
09:37:47.888 [ForkJoinPool.commonPool-worker-9] DEBUG AssetLoader          - Loading from cache: /assets/ui/fonts/VarelaRound-Regular.ttf
09:37:47.888 [ForkJoinPool.commonPool-worker-9] DEBUG AssetLoader          - Loading from cache: /assets/properties/languages/english.properties
09:37:47.889 [ForkJoinPool.commonPool-worker-9] DEBUG AssetLoader          - Loading from cache: /assets/ui/fonts/VarelaRound-Regular.ttf
09:37:47.890 [ForkJoinPool.commonPool-worker-9] DEBUG AssetLoader          - Loading from cache: /assets/properties/languages/english.properties
09:37:47.891 [ForkJoinPool.commonPool-worker-9] DEBUG AssetLoader          - Loading from cache: /assets/ui/fonts/VarelaRound-Regular.ttf
09:37:47.891 [ForkJoinPool.commonPool-worker-9] DEBUG AssetLoader          - Loading from cache: /assets/properties/languages/english.properties
09:37:47.893 [ForkJoinPool.commonPool-worker-9] DEBUG AssetLoader          - Loading from cache: /assets/ui/fonts/VarelaRound-Regular.ttf
09:37:47.893 [ForkJoinPool.commonPool-worker-9] DEBUG AssetLoader          - Loading from cache: /assets/properties/languages/english.properties
09:37:47.894 [ForkJoinPool.commonPool-worker-9] DEBUG AssetLoader          - Loading from cache: /assets/ui/fonts/VarelaRound-Regular.ttf
09:37:47.895 [ForkJoinPool.commonPool-worker-9] DEBUG AssetLoader          - Loading from cache: /assets/properties/languages/english.properties
09:37:47.896 [ForkJoinPool.commonPool-worker-9] DEBUG AssetLoader          - Loading from disk: /assets/textures/particles/smoke.png
09:37:47.960 [ForkJoinPool.commonPool-worker-9] DEBUG AssetLoader          - Loading from disk: /assets/ui/cursors/fxgl_default.png
09:37:47.961 [ForkJoinPool.commonPool-worker-9] DEBUG AssetLoader          - Loading from cache: /assets/properties/languages/english.properties
09:37:47.962 [ForkJoinPool.commonPool-worker-9] DEBUG AssetLoader          - Loading from cache: /assets/ui/fonts/VarelaRound-Regular.ttf
09:37:47.962 [ForkJoinPool.commonPool-worker-9] DEBUG AssetLoader          - Loading from cache: /assets/ui/fonts/VarelaRound-Regular.ttf
09:37:47.962 [ForkJoinPool.commonPool-worker-9] DEBUG AssetLoader          - Loading from cache: /assets/ui/fonts/VarelaRound-Regular.ttf
09:37:47.963 [ForkJoinPool.commonPool-worker-9] DEBUG AssetLoader          - Loading from cache: /assets/textures/particles/trace_horizontal.png@64.0x64.0
09:37:47.964 [ForkJoinPool.commonPool-worker-9] DEBUG AssetLoader          - Loading from cache: /assets/ui/fonts/VarelaRound-Regular.ttf
09:37:47.964 [ForkJoinPool.commonPool-worker-9] DEBUG FXGL.Menu            - createMenuBodyGameMenu()
09:37:47.964 [ForkJoinPool.commonPool-worker-9] DEBUG AssetLoader          - Loading from cache: /assets/ui/fonts/VarelaRound-Regular.ttf
09:37:47.965 [ForkJoinPool.commonPool-worker-9] DEBUG AssetLoader          - Loading from cache: /assets/properties/languages/english.properties
09:37:47.966 [ForkJoinPool.commonPool-worker-9] DEBUG AssetLoader          - Loading from cache: /assets/ui/fonts/VarelaRound-Regular.ttf
09:37:47.966 [ForkJoinPool.commonPool-worker-9] DEBUG AssetLoader          - Loading from cache: /assets/properties/languages/english.properties
09:37:47.966 [ForkJoinPool.commonPool-worker-9] DEBUG FXGL.Menu            - createOptionsMenu()
09:37:47.967 [ForkJoinPool.commonPool-worker-9] DEBUG AssetLoader          - Loading from cache: /assets/ui/fonts/VarelaRound-Regular.ttf
09:37:47.967 [ForkJoinPool.commonPool-worker-9] DEBUG AssetLoader          - Loading from cache: /assets/properties/languages/english.properties
09:37:47.968 [ForkJoinPool.commonPool-worker-9] DEBUG AssetLoader          - Loading from cache: /assets/ui/fonts/VarelaRound-Regular.ttf
09:37:47.968 [ForkJoinPool.commonPool-worker-9] DEBUG AssetLoader          - Loading from cache: /assets/properties/languages/english.properties
09:37:47.971 [ForkJoinPool.commonPool-worker-9] DEBUG AssetLoader          - Loading from cache: /assets/ui/fonts/VarelaRound-Regular.ttf
09:37:47.971 [ForkJoinPool.commonPool-worker-9] DEBUG AssetLoader          - Loading from cache: /assets/properties/languages/english.properties
09:37:47.972 [ForkJoinPool.commonPool-worker-9] DEBUG AssetLoader          - Loading from cache: /assets/ui/fonts/VarelaRound-Regular.ttf
09:37:47.972 [ForkJoinPool.commonPool-worker-9] DEBUG AssetLoader          - Loading from cache: /assets/properties/languages/english.properties
09:37:47.972 [ForkJoinPool.commonPool-worker-9] DEBUG AssetLoader          - Loading from cache: /assets/ui/fonts/VarelaRound-Regular.ttf
09:37:47.973 [ForkJoinPool.commonPool-worker-9] DEBUG AssetLoader          - Loading from cache: /assets/properties/languages/english.properties
09:37:47.975 [ForkJoinPool.commonPool-worker-9] DEBUG AssetLoader          - Loading from cache: /assets/ui/fonts/VarelaRound-Regular.ttf
09:37:47.975 [ForkJoinPool.commonPool-worker-9] DEBUG AssetLoader          - Loading from cache: /assets/properties/languages/english.properties
09:37:47.976 [ForkJoinPool.commonPool-worker-9] DEBUG AssetLoader          - Loading from cache: /assets/ui/fonts/VarelaRound-Regular.ttf
09:37:47.977 [ForkJoinPool.commonPool-worker-9] DEBUG AssetLoader          - Loading from cache: /assets/properties/languages/english.properties
09:37:47.978 [ForkJoinPool.commonPool-worker-9] DEBUG AssetLoader          - Loading from cache: /assets/textures/particles/smoke.png@128.0x128.0
09:37:48.057 [JavaFX Application Thread] DEBUG FXGL                 - Running preInit()
09:37:48.082 [JavaFX Application Thread] DEBUG Input                - Registered new binding: Screenshot - P
09:37:48.083 [JavaFX Application Thread] DEBUG Input                - Registered new binding: Dev Options - CTRL+0
09:37:48.084 [JavaFX Application Thread] DEBUG Input                - Registered new binding: System info dump - CTRL+9
09:37:48.085 [JavaFX Application Thread] DEBUG Input                - Registered new binding: Restart - CTRL+R
09:37:48.085 [JavaFX Application Thread] DEBUG Input                - Registered new binding: Move Right - D
09:37:48.086 [JavaFX Application Thread] DEBUG Input                - Registered new binding: Move Left - A
09:37:48.086 [JavaFX Application Thread] DEBUG Input                - Registered new binding: Move Up - W
09:37:48.086 [JavaFX Application Thread] DEBUG Input                - Registered new binding: Move Down - S
09:37:48.086 [JavaFX Application Thread] DEBUG Input                - Registered new binding: Siiiiiii - F
09:37:48.087 [JavaFX Application Thread] DEBUG Input                - Registered new binding: Move Right (Player2) - Right
09:37:48.087 [JavaFX Application Thread] DEBUG Input                - Registered new binding: Move Left (Player2) - Left
09:37:48.087 [JavaFX Application Thread] DEBUG Input                - Registered new binding: Move Up (Player 2) - Up
09:37:48.087 [JavaFX Application Thread] DEBUG Input                - Registered new binding: Move Down(Player 2) - Down
09:37:48.088 [JavaFX Application Thread] DEBUG MenuEventHandler     - generateDefaultProfile()
09:37:48.088 [JavaFX Application Thread] DEBUG MenuEventHandler     - Creating default profile
09:37:48.089 [JavaFX Application Thread] DEBUG EventBus             - Firing event: SaveEvent
09:37:48.091 [JavaFX Application Thread] DEBUG AudioPlayer          - Saving data to profile
09:37:48.092 [JavaFX Application Thread] DEBUG Bundle               - Logging bundle: audio
09:37:48.092 [JavaFX Application Thread] DEBUG Bundle               - audio.musicVolume=0.5
09:37:48.092 [JavaFX Application Thread] DEBUG Bundle               - audio.soundVolume=0.5
09:37:48.092 [JavaFX Application Thread] DEBUG Input                - Saving data to profile
09:37:48.092 [JavaFX Application Thread] DEBUG Bundle               - Logging bundle: input
09:37:48.092 [JavaFX Application Thread] DEBUG Bundle               - input.Move Right=D
09:37:48.092 [JavaFX Application Thread] DEBUG Bundle               - input.Move Down(Player 2)=Down
09:37:48.093 [JavaFX Application Thread] DEBUG Bundle               - input.Restart=CTRL+R
09:37:48.093 [JavaFX Application Thread] DEBUG Bundle               - input.Move Up=W
09:37:48.093 [JavaFX Application Thread] DEBUG Bundle               - input.Dev Options=CTRL+0
09:37:48.093 [JavaFX Application Thread] DEBUG Bundle               - input.Move Left=A
09:37:48.093 [JavaFX Application Thread] DEBUG Bundle               - input.Move Up (Player 2)=Up
09:37:48.093 [JavaFX Application Thread] DEBUG Bundle               - input.Move Right (Player2)=Right
09:37:48.093 [JavaFX Application Thread] DEBUG Bundle               - input.Siiiiiii=F
09:37:48.093 [JavaFX Application Thread] DEBUG Bundle               - input.Move Left (Player2)=Left
09:37:48.093 [JavaFX Application Thread] DEBUG Bundle               - input.Screenshot=P
09:37:48.094 [JavaFX Application Thread] DEBUG Bundle               - input.System info dump=CTRL+9
09:37:48.094 [JavaFX Application Thread] DEBUG Bundle               - input.Move Down=S
09:37:48.101 [JavaFX Application Thread] DEBUG Bundle               - Logging bundle: gameplayStats
09:37:48.101 [JavaFX Application Thread] DEBUG Bundle               - gameplayStats.playtime=0
09:37:48.103 [JavaFX Application Thread] DEBUG AchievementManager   - Saving data to profile
09:37:48.103 [JavaFX Application Thread] DEBUG Bundle               - Logging bundle: achievement
09:37:48.105 [JavaFX Application Thread] INFO  FXGL                 - FXGL initialization took: 1,366 sec
09:37:48.105 [JavaFX Application Thread] DEBUG LoopRunner           - Starting loop
09:37:48.108 [JavaFX Application Thread] DEBUG StartupState         - STARTUP
09:37:48.108 [JavaFX Application Thread] DEBUG Input                - Clearing active input actions
09:37:48.110 [JavaFX Application Thread] DEBUG AssetLoader          - Loading from disk: /assets/ui/css/fxgl_dark.css
09:37:48.132 [JavaFX Application Thread] DEBUG AppStateMachine      - StartupState -> MainMenuState
09:37:48.139 [JavaFX Application Thread] DEBUG AssetLoader          - Loading from cache: /assets/properties/languages/english.properties
09:37:48.139 [JavaFX Application Thread] DEBUG AssetLoader          - Loading from cache: /assets/ui/fonts/VarelaRound-Regular.ttf
09:37:48.139 [JavaFX Application Thread] DEBUG AssetLoader          - Loading from cache: /assets/properties/languages/english.properties
09:37:48.139 [JavaFX Application Thread] DEBUG AssetLoader          - Loading from cache: /assets/ui/fonts/VarelaRound-Regular.ttf
09:37:48.140 [JavaFX Application Thread] DEBUG AssetLoader          - Loading from cache: /assets/properties/languages/english.properties
09:37:48.140 [JavaFX Application Thread] DEBUG AssetLoader          - Loading from cache: /assets/ui/fonts/VarelaRound-Regular.ttf
09:37:48.144 [JavaFX Application Thread] DEBUG SaveLoadManager      - Checking profiles dir: profiles/
09:37:48.144 [JavaFX Application Thread] DEBUG SaveLoadManager      - Loading profile names
09:37:48.146 [JavaFX Application Thread] DEBUG AssetLoader          - Loading from cache: /assets/properties/languages/english.properties
09:37:48.148 [JavaFX Application Thread] DEBUG AssetLoader          - Loading from cache: /assets/ui/fonts/VarelaRound-Regular.ttf
09:37:48.150 [JavaFX Application Thread] DEBUG AssetLoader          - Loading from cache: /assets/ui/fonts/VarelaRound-Regular.ttf
09:37:48.150 [JavaFX Application Thread] DEBUG AppStateMachine      - Push state: DialogSubState
09:37:48.150 [JavaFX Application Thread] DEBUG Input                - Clearing active input actions
09:37:48.151 [JavaFX Application Thread] DEBUG AppStateMachine      - MainMenuState -> DialogSubState
09:37:48.261 [JavaFX Application Thread] DEBUG AppStateMachine      - Pop state: DialogSubState
09:37:48.262 [JavaFX Application Thread] DEBUG Input                - Clearing active input actions
09:37:48.263 [JavaFX Application Thread] DEBUG AppStateMachine      - MainMenuState <- DialogSubState
09:37:48.263 [JavaFX Application Thread] DEBUG AssetLoader          - Loading from cache: /assets/properties/languages/english.properties
09:37:48.264 [JavaFX Application Thread] DEBUG AssetLoader          - Loading from cache: /assets/ui/fonts/VarelaRound-Regular.ttf
09:37:48.265 [JavaFX Application Thread] DEBUG AssetLoader          - Loading from cache: /assets/ui/fonts/VarelaRound-Regular.ttf
09:37:48.265 [JavaFX Application Thread] DEBUG AppStateMachine      - Push state: DialogSubState
09:37:48.265 [JavaFX Application Thread] DEBUG Input                - Clearing active input actions
09:37:48.266 [JavaFX Application Thread] DEBUG AppStateMachine      - MainMenuState -> DialogSubState
09:37:49.243 [JavaFX Application Thread] DEBUG AppStateMachine      - Pop state: DialogSubState
09:37:49.244 [JavaFX Application Thread] DEBUG Input                - Clearing active input actions
09:37:49.244 [JavaFX Application Thread] DEBUG AppStateMachine      - MainMenuState <- DialogSubState
09:37:49.244 [JavaFX Application Thread] DEBUG SaveLoadManager      - Loading profile: Mads
09:37:49.245 [JavaFX Application Thread] DEBUG AssetLoader          - Loading from cache: /assets/properties/languages/english.properties
09:37:49.246 [JavaFX Application Thread] DEBUG AssetLoader          - Loading from cache: /assets/ui/fonts/VarelaRound-Regular.ttf
09:37:49.246 [JavaFX Application Thread] DEBUG AssetLoader          - Loading from cache: /assets/ui/fonts/VarelaRound-Regular.ttf
09:37:49.247 [JavaFX Application Thread] DEBUG AppStateMachine      - Push state: DialogSubState
09:37:49.247 [JavaFX Application Thread] DEBUG Input                - Clearing active input actions
09:37:49.247 [JavaFX Application Thread] DEBUG AppStateMachine      - MainMenuState -> DialogSubState
09:37:49.249 [FXGL Background Thread 1 ] DEBUG DesktopFSService     - Reading from: .\profiles\Mads\user.profile
09:37:49.267 [JavaFX Application Thread] DEBUG AppStateMachine      - Pop state: DialogSubState
09:37:49.267 [JavaFX Application Thread] DEBUG Input                - Clearing active input actions
09:37:49.267 [JavaFX Application Thread] DEBUG AppStateMachine      - MainMenuState <- DialogSubState
09:37:49.268 [JavaFX Application Thread] DEBUG EventBus             - Firing event: LoadEvent[type=LOAD_PROFILE]
09:37:49.268 [JavaFX Application Thread] DEBUG AudioPlayer          - Loading data from profile
09:37:49.268 [JavaFX Application Thread] DEBUG Bundle               - Logging bundle: audio
09:37:49.268 [JavaFX Application Thread] DEBUG Bundle               - audio.musicVolume=0.5
09:37:49.268 [JavaFX Application Thread] DEBUG Bundle               - audio.soundVolume=0.5
09:37:49.268 [JavaFX Application Thread] DEBUG Input                - Loading data from profile
09:37:49.268 [JavaFX Application Thread] DEBUG Bundle               - Logging bundle: input
09:37:49.268 [JavaFX Application Thread] DEBUG Bundle               - input.Move Right=D
09:37:49.268 [JavaFX Application Thread] DEBUG Bundle               - input.Move Down(Player 2)=Down
09:37:49.268 [JavaFX Application Thread] DEBUG Bundle               - input.Restart=CTRL+R
09:37:49.268 [JavaFX Application Thread] DEBUG Bundle               - input.Move Up=W
09:37:49.269 [JavaFX Application Thread] DEBUG Bundle               - input.Dev Options=CTRL+0
09:37:49.269 [JavaFX Application Thread] DEBUG Bundle               - input.Move Left=A
09:37:49.269 [JavaFX Application Thread] DEBUG Bundle               - input.Move Up (Player 2)=Up
09:37:49.269 [JavaFX Application Thread] DEBUG Bundle               - input.Move Right (Player2)=Right
09:37:49.269 [JavaFX Application Thread] DEBUG Bundle               - input.Siiiiiii=F
09:37:49.269 [JavaFX Application Thread] DEBUG Bundle               - input.Move Left (Player2)=Left
09:37:49.269 [JavaFX Application Thread] DEBUG Bundle               - input.Screenshot=P
09:37:49.269 [JavaFX Application Thread] DEBUG Bundle               - input.System info dump=CTRL+9
09:37:49.269 [JavaFX Application Thread] DEBUG Bundle               - input.Move Down=S
09:37:49.269 [JavaFX Application Thread] DEBUG Bundle               - Logging bundle: gameplayStats
09:37:49.269 [JavaFX Application Thread] DEBUG Bundle               - gameplayStats.playtime=1091117578461
09:37:49.270 [JavaFX Application Thread] DEBUG AchievementManager   - Loading data from profile
09:37:49.270 [JavaFX Application Thread] DEBUG Bundle               - Logging bundle: achievement
09:37:49.270 [JavaFX Application Thread] DEBUG AssetLoader          - Loading from cache: /assets/properties/languages/english.properties
09:37:49.270 [JavaFX Application Thread] DEBUG AssetLoader          - Loading from cache: /assets/ui/fonts/VarelaRound-Regular.ttf
09:37:49.270 [JavaFX Application Thread] DEBUG AssetLoader          - Loading from cache: /assets/properties/languages/english.properties
09:37:49.271 [JavaFX Application Thread] DEBUG AssetLoader          - Loading from cache: /assets/ui/fonts/VarelaRound-Regular.ttf
09:37:49.271 [JavaFX Application Thread] DEBUG SaveLoadManager      - Loading last modified save file
09:37:49.271 [JavaFX Application Thread] DEBUG SaveLoadManager      - Loading save files
09:37:49.274 [JavaFX Application Thread] DEBUG AssetLoader          - Loading from cache: /assets/properties/languages/english.properties
09:37:49.274 [JavaFX Application Thread] DEBUG AssetLoader          - Loading from cache: /assets/ui/fonts/VarelaRound-Regular.ttf
09:37:49.275 [JavaFX Application Thread] DEBUG AssetLoader          - Loading from cache: /assets/ui/fonts/VarelaRound-Regular.ttf
09:37:49.275 [JavaFX Application Thread] DEBUG AppStateMachine      - Push state: DialogSubState
09:37:49.275 [JavaFX Application Thread] DEBUG Input                - Clearing active input actions
09:37:49.275 [JavaFX Application Thread] DEBUG AppStateMachine      - MainMenuState -> DialogSubState
09:37:49.288 [JavaFX Application Thread] DEBUG AppStateMachine      - Pop state: DialogSubState
09:37:49.288 [JavaFX Application Thread] DEBUG Input                - Clearing active input actions
09:37:49.289 [JavaFX Application Thread] DEBUG AppStateMachine      - MainMenuState <- DialogSubState
09:37:49.428 [JavaFX Application Thread] DEBUG AssetLoader          - Loading from cache: /assets/sounds/menu/select.wav
09:37:49.505 [JavaFX Application Thread] DEBUG AssetLoader          - Loading from cache: /assets/sounds/menu/select.wav
09:37:49.768 [JavaFX Application Thread] DEBUG FXGL.Menu            - fireNewGame()
09:37:49.769 [JavaFX Application Thread] DEBUG GameApplication      - Starting new game
09:37:49.769 [JavaFX Application Thread] DEBUG Input                - Clearing active input actions
09:37:49.769 [JavaFX Application Thread] DEBUG AssetLoader          - Loading from disk: /assets/ui/css/fxgl_dark.css
09:37:49.781 [JavaFX Application Thread] DEBUG AppStateMachine      - MainMenuState -> LoadingState
09:37:49.784 [FXGL Background Thread 1 ] DEBUG InitAppTask          - Clearing previous game
09:37:49.784 [FXGL Background Thread 1 ] DEBUG GameWorld            - Clearing game world
09:37:49.785 [FXGL Background Thread 1 ] DEBUG PhysicsWorld         - Clearing physics world
09:37:49.785 [FXGL Background Thread 1 ] DEBUG GameScene            - Clearing game scene
09:37:49.787 [FXGL Background Thread 1 ] DEBUG InitAppTask          - Initializing Game
09:37:49.821 [FXGL Background Thread 1 ] DEBUG AssetLoader          - Loading from disk: /assets/textures/background1.png
09:37:49.846 [FXGL Background Thread 1 ] DEBUG GameScene            - Creating render group for layer: DEFAULT(100000)
09:37:49.848 [FXGL Background Thread 1 ] DEBUG AssetLoader          - Loading from disk: /assets/textures/slime1.png
09:37:49.854 [FXGL Background Thread 1 ] DEBUG AssetLoader          - Loading from disk: /assets/textures/slime2.png
09:37:49.867 [FXGL Background Thread 1 ] DEBUG AssetLoader          - Loading from disk: /assets/textures/ball.png
09:37:49.869 [FXGL Background Thread 1 ] DEBUG AssetLoader          - Loading from disk: /assets/textures/bottomline.png
09:37:49.871 [FXGL Background Thread 1 ] DEBUG InitAppTask          - Initializing Physics
09:37:49.872 [FXGL Background Thread 1 ] DEBUG InitAppTask          - Initializing UI
09:37:49.874 [FXGL Background Thread 1 ] DEBUG InitAppTask          - Initialization Complete
09:37:49.874 [FXGL Background Thread 1 ] INFO  InitAppTask          - Game initialization took: 0,089 sec
09:37:49.880 [JavaFX Application Thread] DEBUG Input                - Clearing active input actions
09:37:49.880 [JavaFX Application Thread] DEBUG AssetLoader          - Loading from disk: /assets/ui/css/fxgl_dark.css
09:37:49.890 [JavaFX Application Thread] DEBUG AppStateMachine      - LoadingState -> PlayState
09:37:59.524 [JavaFX Application Thread] DEBUG FXGL                 - Exiting FXGL
09:37:59.525 [JavaFX Application Thread] DEBUG MenuEventHandler     - Creating default profile
09:37:59.525 [JavaFX Application Thread] DEBUG EventBus             - Firing event: SaveEvent
09:37:59.525 [JavaFX Application Thread] DEBUG AudioPlayer          - Saving data to profile
09:37:59.525 [JavaFX Application Thread] DEBUG Bundle               - Logging bundle: audio
09:37:59.525 [JavaFX Application Thread] DEBUG Bundle               - audio.musicVolume=0.5
09:37:59.525 [JavaFX Application Thread] DEBUG Bundle               - audio.soundVolume=0.5
09:37:59.525 [JavaFX Application Thread] DEBUG Input                - Saving data to profile
09:37:59.525 [JavaFX Application Thread] DEBUG Bundle               - Logging bundle: input
09:37:59.526 [JavaFX Application Thread] DEBUG Bundle               - input.Move Right=D
09:37:59.526 [JavaFX Application Thread] DEBUG Bundle               - input.Move Down(Player 2)=Down
09:37:59.526 [JavaFX Application Thread] DEBUG Bundle               - input.Restart=CTRL+R
09:37:59.526 [JavaFX Application Thread] DEBUG Bundle               - input.Move Up=W
09:37:59.526 [JavaFX Application Thread] DEBUG Bundle               - input.Dev Options=CTRL+0
09:37:59.526 [JavaFX Application Thread] DEBUG Bundle               - input.Move Left=A
09:37:59.526 [JavaFX Application Thread] DEBUG Bundle               - input.Move Up (Player 2)=Up
09:37:59.526 [JavaFX Application Thread] DEBUG Bundle               - input.Move Right (Player2)=Right
09:37:59.526 [JavaFX Application Thread] DEBUG Bundle               - input.Siiiiiii=F
09:37:59.526 [JavaFX Application Thread] DEBUG Bundle               - input.Move Left (Player2)=Left
09:37:59.526 [JavaFX Application Thread] DEBUG Bundle               - input.Screenshot=P
09:37:59.527 [JavaFX Application Thread] DEBUG Bundle               - input.System info dump=CTRL+9
09:37:59.527 [JavaFX Application Thread] DEBUG Bundle               - input.Move Down=S
09:37:59.527 [JavaFX Application Thread] DEBUG Bundle               - Logging bundle: gameplayStats
09:37:59.527 [JavaFX Application Thread] DEBUG Bundle               - gameplayStats.playtime=1100989429919
09:37:59.527 [JavaFX Application Thread] DEBUG AchievementManager   - Saving data to profile
09:37:59.527 [JavaFX Application Thread] DEBUG Bundle               - Logging bundle: achievement
09:37:59.527 [JavaFX Application Thread] DEBUG SaveLoadManager      - Saving profile: Mads
09:37:59.531 [JavaFX Application Thread] DEBUG DesktopFSService     - Writing to: .\profiles\Mads\user.profile
09:37:59.535 [JavaFX Application Thread] DEBUG FXGL                 - Shutting down background threads
09:37:59.535 [JavaFX Application Thread] DEBUG FXGL                 - Saving FXGL system data
09:37:59.537 [JavaFX Application Thread] DEBUG DesktopFSService     - Writing to: system\fxgl.bundle
09:37:59.539 [JavaFX Application Thread] DEBUG FXGL                 - Closing logger and exiting JavaFX
