12:57:56.542 [JavaFX Application Thread] DEBUG GameApplication      - Logger initialized
12:57:56.564 [JavaFX Application Thread] DEBUG GameApplication      - Logging settings
Title: Simple Game
Version: 0.1
Width: 1200
Height: 600
Fullscreen: false
Intro: false
Menus: false
Profiling: false
Single step:false
App Mode: DEVELOPER
Menu Key: ESCAPE
Stage Style: DECORATED
Scene Factory: class com.almasb.fxgl.scene.SceneFactory
Dialog Factory: class com.almasb.fxgl.ui.FXGLDialogFactory
UI Factory: class com.almasb.fxgl.ui.FXGLUIFactory
Notification Service: class com.almasb.fxgl.gameplay.notification.XboxNotificationView
Exception Handler: class com.almasb.fxgl.app.FXGLExceptionHandler
12:57:56.564 [JavaFX Application Thread] DEBUG GameApplication      - Starting FXGL
12:57:56.580 [JavaFX Application Thread] INFO  FXGL                 - FXGL-0.5.4 on DESKTOP
12:57:56.580 [JavaFX Application Thread] INFO  FXGL                 - Source code and latest versions at: https://github.com/AlmasB/FXGL
12:57:56.581 [JavaFX Application Thread] INFO  FXGL                 -              Join the FXGL chat at: https://gitter.im/AlmasB/FXGL
12:57:56.581 [JavaFX Application Thread] DEBUG FXGL                 - FXGL started
12:57:56.581 [JavaFX Application Thread] DEBUG FXGL                 - Initializing FXGL
12:57:56.641 [JavaFX Application Thread] DEBUG AssetLoader          - Loading from disk: /assets/ui/cursors/fxgl_default.png
12:57:56.753 [JavaFX Application Thread] DEBUG AssetLoader          - Loading from disk: /assets/ui/fonts/VarelaRound-Regular.ttf
12:57:57.029 [JavaFX Application Thread] DEBUG MainWindow           - Creating a JavaFX scene
12:57:57.086 [JavaFX Application Thread] DEBUG MainWindow           - Target settings size: 1200.0 x 600.0
12:57:57.086 [JavaFX Application Thread] DEBUG MainWindow           - Scaled scene size:    1200.0 x 600.0
12:57:57.087 [JavaFX Application Thread] DEBUG MainWindow           - Scaled ratio: (1.0, 1.0)
12:57:57.091 [JavaFX Application Thread] DEBUG AssetLoader          - Loading from disk: /assets/ui/css/fxgl_dark.css
12:57:57.095 [JavaFX Application Thread] DEBUG AssetLoader          - Loading from disk: /assets/textures/fxgl_icon.png
12:57:57.119 [JavaFX Application Thread] DEBUG MainWindow           - Opening main window
12:57:57.313 [JavaFX Application Thread] DEBUG MainWindow           - Window border size: (14.4000244140625, 37.5999755859375)
12:57:57.314 [JavaFX Application Thread] DEBUG MainWindow           - Scaled size: 1200.0 x 600.0
12:57:57.314 [JavaFX Application Thread] DEBUG MainWindow           - Scaled ratio: (1.0, 1.0)
12:57:57.314 [JavaFX Application Thread] DEBUG MainWindow           - Scene size: 1200.0 x 600.0
12:57:57.315 [JavaFX Application Thread] DEBUG MainWindow           - Stage size: 1214.4000244140625 x 637.5999755859375
12:57:57.396 [ForkJoinPool.commonPool-worker-9] DEBUG FS                   - Loaded DesktopFSService
12:57:57.397 [ForkJoinPool.commonPool-worker-9] DEBUG FXGL                 - Loading FXGL system data
12:57:57.406 [ForkJoinPool.commonPool-worker-9] DEBUG DesktopFSService     - Reading from: system\fxgl.bundle
12:57:57.425 [ForkJoinPool.commonPool-worker-9] DEBUG Bundle               - Logging bundle: FXGL
12:57:57.427 [ForkJoinPool.commonPool-worker-9] DEBUG Bundle               - FXGL.offline.timer.version.check=2019-01-07T14:44:13.971316
12:57:57.428 [ForkJoinPool.commonPool-worker-9] DEBUG FXGL                 - Initializing state machine and application states
12:57:57.431 [ForkJoinPool.commonPool-worker-9] DEBUG AssetLoader          - Loading from disk: /assets/ui/cursors/fxgl_default.png
12:57:57.447 [ForkJoinPool.commonPool-worker-9] DEBUG AssetLoader          - Loading from disk: /assets/ui/cursors/fxgl_default.png
12:57:57.457 [ForkJoinPool.commonPool-worker-9] DEBUG AssetLoader          - Loading from cache: /assets/ui/fonts/VarelaRound-Regular.ttf
12:57:57.463 [ForkJoinPool.commonPool-worker-9] DEBUG AssetLoader          - Loading from disk: /assets/ui/cursors/fxgl_default.png
12:57:57.468 [ForkJoinPool.commonPool-worker-9] DEBUG GameScene            - Game scene initialized: 1200x600
12:57:57.478 [ForkJoinPool.commonPool-worker-9] DEBUG GameWorld            - Game world initialized
12:57:57.586 [ForkJoinPool.commonPool-worker-9] DEBUG PhysicsWorld         - Physics world initialized: appHeight=600, physics.ppm=50,0
12:57:57.628 [ForkJoinPool.commonPool-worker-9] DEBUG Input                - Registered new binding: Pause - Esc
12:57:57.731 [JavaFX Application Thread] DEBUG FXGL                 - Running preInit()
12:57:57.734 [JavaFX Application Thread] DEBUG Input                - Registered new binding: Screenshot - P
12:57:57.735 [JavaFX Application Thread] DEBUG Input                - Registered new binding: Dev Options - CTRL+0
12:57:57.736 [JavaFX Application Thread] DEBUG Input                - Registered new binding: System info dump - CTRL+9
12:57:57.737 [JavaFX Application Thread] DEBUG Input                - Registered new binding: Restart - CTRL+R
12:57:57.738 [JavaFX Application Thread] DEBUG Input                - Registered new binding: Move Right - D
12:57:57.738 [JavaFX Application Thread] DEBUG Input                - Registered new binding: Move Left - A
12:57:57.738 [JavaFX Application Thread] DEBUG Input                - Registered new binding: Move Up - W
12:57:57.739 [JavaFX Application Thread] DEBUG Input                - Registered new binding: Move Down - S
12:57:57.739 [JavaFX Application Thread] DEBUG Input                - Registered new binding: Play Sound - F
12:57:57.740 [JavaFX Application Thread] INFO  FXGL                 - FXGL initialization took: 1,158 sec
12:57:57.741 [JavaFX Application Thread] DEBUG LoopRunner           - Starting loop
12:57:57.745 [JavaFX Application Thread] DEBUG StartupState         - STARTUP
12:57:57.745 [JavaFX Application Thread] DEBUG GameApplication      - Starting new game
12:57:57.745 [JavaFX Application Thread] DEBUG Input                - Clearing active input actions
12:57:57.747 [JavaFX Application Thread] DEBUG AssetLoader          - Loading from disk: /assets/ui/css/fxgl_dark.css
12:57:57.762 [JavaFX Application Thread] DEBUG AppStateMachine      - StartupState -> LoadingState
12:57:57.773 [FXGL Background Thread 1 ] DEBUG InitAppTask          - Clearing previous game
12:57:57.774 [FXGL Background Thread 1 ] DEBUG GameWorld            - Clearing game world
12:57:57.775 [FXGL Background Thread 1 ] DEBUG PhysicsWorld         - Clearing physics world
12:57:57.775 [FXGL Background Thread 1 ] DEBUG GameScene            - Clearing game scene
12:57:57.776 [FXGL Background Thread 1 ] DEBUG InitAppTask          - Initializing Game
12:57:57.829 [FXGL Background Thread 1 ] DEBUG AssetLoader          - Loading from disk: /assets/textures/slime1.png
12:57:57.839 [FXGL Background Thread 1 ] DEBUG GameScene            - Creating render group for layer: DEFAULT(100000)
12:57:57.845 [FXGL Background Thread 1 ] DEBUG InitAppTask          - Initializing Physics
12:57:57.846 [FXGL Background Thread 1 ] DEBUG InitAppTask          - Initializing UI
12:57:57.847 [FXGL Background Thread 1 ] DEBUG InitAppTask          - Initialization Complete
12:57:57.848 [FXGL Background Thread 1 ] INFO  InitAppTask          - Game initialization took: 0,074 sec
12:57:57.875 [JavaFX Application Thread] DEBUG Input                - Clearing active input actions
12:57:57.876 [JavaFX Application Thread] DEBUG AssetLoader          - Loading from disk: /assets/ui/css/fxgl_dark.css
12:57:57.887 [JavaFX Application Thread] DEBUG AppStateMachine      - LoadingState -> PlayState
12:59:43.590 [JavaFX Application Thread] DEBUG FXGL                 - Exiting FXGL
12:59:43.591 [JavaFX Application Thread] DEBUG FXGL                 - Shutting down background threads
12:59:43.591 [JavaFX Application Thread] DEBUG FXGL                 - Saving FXGL system data
12:59:43.596 [JavaFX Application Thread] DEBUG DesktopFSService     - Writing to: system\fxgl.bundle
12:59:43.602 [JavaFX Application Thread] DEBUG FXGL                 - Closing logger and exiting JavaFX
