09:35:01.938 [JavaFX Application Thread] DEBUG GameApplication      - Logger initialized
09:35:01.958 [JavaFX Application Thread] DEBUG GameApplication      - Logging settings
Title: SlimeSoccer2000
Version: 0.1
Width: 1200
Height: 600
Fullscreen: false
Intro: false
Menus: true
Profiling: false
Single step:false
App Mode: DEVELOPER
Menu Key: M
Stage Style: DECORATED
Scene Factory: class com.almasb.fxgl.scene.SceneFactory
Dialog Factory: class com.almasb.fxgl.ui.FXGLDialogFactory
UI Factory: class com.almasb.fxgl.ui.FXGLUIFactory
Notification Service: class com.almasb.fxgl.gameplay.notification.XboxNotificationView
Exception Handler: class com.almasb.fxgl.app.FXGLExceptionHandler
09:35:01.958 [JavaFX Application Thread] DEBUG GameApplication      - Starting FXGL
09:35:01.974 [JavaFX Application Thread] INFO  FXGL                 - FXGL-0.5.4 on DESKTOP
09:35:01.974 [JavaFX Application Thread] INFO  FXGL                 - Source code and latest versions at: https://github.com/AlmasB/FXGL
09:35:01.975 [JavaFX Application Thread] INFO  FXGL                 -              Join the FXGL chat at: https://gitter.im/AlmasB/FXGL
09:35:01.975 [JavaFX Application Thread] DEBUG FXGL                 - FXGL started
09:35:01.975 [JavaFX Application Thread] DEBUG FXGL                 - Initializing FXGL
09:35:02.032 [JavaFX Application Thread] DEBUG AssetLoader          - Loading from disk: /assets/ui/cursors/fxgl_default.png
09:35:02.147 [JavaFX Application Thread] DEBUG AssetLoader          - Loading from disk: /assets/ui/fonts/VarelaRound-Regular.ttf
09:35:02.508 [JavaFX Application Thread] DEBUG MainWindow           - Creating a JavaFX scene
09:35:02.549 [JavaFX Application Thread] DEBUG MainWindow           - Target settings size: 1200.0 x 600.0
09:35:02.549 [JavaFX Application Thread] DEBUG MainWindow           - Scaled scene size:    1200.0 x 600.0
09:35:02.550 [JavaFX Application Thread] DEBUG MainWindow           - Scaled ratio: (1.0, 1.0)
09:35:02.553 [JavaFX Application Thread] DEBUG AssetLoader          - Loading from disk: /assets/ui/css/fxgl_dark.css
09:35:02.558 [JavaFX Application Thread] DEBUG AssetLoader          - Loading from disk: /assets/textures/fxgl_icon.png
09:35:02.588 [JavaFX Application Thread] DEBUG MainWindow           - Opening main window
09:35:02.731 [JavaFX Application Thread] DEBUG MainWindow           - Window border size: (14.4000244140625, 37.5999755859375)
09:35:02.731 [JavaFX Application Thread] DEBUG MainWindow           - Scaled size: 1200.0 x 600.0
09:35:02.732 [JavaFX Application Thread] DEBUG MainWindow           - Scaled ratio: (1.0, 1.0)
09:35:02.732 [JavaFX Application Thread] DEBUG MainWindow           - Scene size: 1200.0 x 600.0
09:35:02.732 [JavaFX Application Thread] DEBUG MainWindow           - Stage size: 1214.4000244140625 x 637.5999755859375
09:35:02.823 [ForkJoinPool.commonPool-worker-9] DEBUG FS                   - Loaded DesktopFSService
09:35:02.824 [ForkJoinPool.commonPool-worker-9] DEBUG FXGL                 - Loading FXGL system data
09:35:02.833 [ForkJoinPool.commonPool-worker-9] DEBUG DesktopFSService     - Reading from: system\fxgl.bundle
09:35:02.848 [ForkJoinPool.commonPool-worker-9] DEBUG Bundle               - Logging bundle: FXGL
09:35:02.849 [ForkJoinPool.commonPool-worker-9] DEBUG Bundle               - FXGL.offline.timer.version.check=2019-01-15T09:28:22.000785300
09:35:02.850 [ForkJoinPool.commonPool-worker-9] DEBUG FXGL                 - Initializing state machine and application states
09:35:02.853 [ForkJoinPool.commonPool-worker-9] DEBUG AssetLoader          - Loading from disk: /assets/ui/cursors/fxgl_default.png
09:35:02.863 [ForkJoinPool.commonPool-worker-9] DEBUG AssetLoader          - Loading from disk: /assets/ui/cursors/fxgl_default.png
09:35:02.871 [ForkJoinPool.commonPool-worker-9] DEBUG AssetLoader          - Loading from cache: /assets/ui/fonts/VarelaRound-Regular.ttf
09:35:02.877 [ForkJoinPool.commonPool-worker-9] DEBUG AssetLoader          - Loading from disk: /assets/ui/cursors/fxgl_default.png
09:35:02.881 [ForkJoinPool.commonPool-worker-9] DEBUG GameScene            - Game scene initialized: 1200x600
09:35:02.888 [ForkJoinPool.commonPool-worker-9] DEBUG GameWorld            - Game world initialized
09:35:02.993 [ForkJoinPool.commonPool-worker-9] DEBUG PhysicsWorld         - Physics world initialized: appHeight=600, physics.ppm=50,0
09:35:03.050 [ForkJoinPool.commonPool-worker-9] DEBUG AssetLoader          - Loading from disk: /assets/ui/cursors/fxgl_default.png
09:35:03.058 [ForkJoinPool.commonPool-worker-9] DEBUG AssetLoader          - Loading from disk: /assets/properties/languages/english.properties
09:35:03.060 [ForkJoinPool.commonPool-worker-9] DEBUG AssetLoader          - Loading from cache: /assets/ui/fonts/VarelaRound-Regular.ttf
09:35:03.061 [ForkJoinPool.commonPool-worker-9] DEBUG AssetLoader          - Loading from cache: /assets/ui/fonts/VarelaRound-Regular.ttf
09:35:03.062 [ForkJoinPool.commonPool-worker-9] DEBUG AssetLoader          - Loading from cache: /assets/ui/fonts/VarelaRound-Regular.ttf
09:35:03.080 [ForkJoinPool.commonPool-worker-9] DEBUG AssetLoader          - Loading from disk: /assets/textures/particles/trace_horizontal.png
09:35:03.117 [ForkJoinPool.commonPool-worker-9] DEBUG AssetLoader          - Loading from cache: /assets/ui/fonts/VarelaRound-Regular.ttf
09:35:03.118 [ForkJoinPool.commonPool-worker-9] DEBUG FXGL.Menu            - createMenuBodyMainMenu()
09:35:03.127 [ForkJoinPool.commonPool-worker-9] DEBUG AssetLoader          - Loading from cache: /assets/ui/fonts/VarelaRound-Regular.ttf
09:35:03.129 [ForkJoinPool.commonPool-worker-9] DEBUG AssetLoader          - Loading from cache: /assets/properties/languages/english.properties
09:35:03.136 [ForkJoinPool.commonPool-worker-9] DEBUG AssetLoader          - Loading from cache: /assets/ui/fonts/VarelaRound-Regular.ttf
09:35:03.136 [ForkJoinPool.commonPool-worker-9] DEBUG AssetLoader          - Loading from cache: /assets/properties/languages/english.properties
09:35:03.137 [ForkJoinPool.commonPool-worker-9] DEBUG FXGL.Menu            - createOptionsMenu()
09:35:03.137 [ForkJoinPool.commonPool-worker-9] DEBUG AssetLoader          - Loading from cache: /assets/ui/fonts/VarelaRound-Regular.ttf
09:35:03.140 [ForkJoinPool.commonPool-worker-9] DEBUG AssetLoader          - Loading from cache: /assets/properties/languages/english.properties
09:35:03.146 [ForkJoinPool.commonPool-worker-9] DEBUG AssetLoader          - Loading from cache: /assets/ui/fonts/VarelaRound-Regular.ttf
09:35:03.146 [ForkJoinPool.commonPool-worker-9] DEBUG AssetLoader          - Loading from cache: /assets/properties/languages/english.properties
09:35:03.147 [ForkJoinPool.commonPool-worker-9] DEBUG AssetLoader          - Loading from cache: /assets/ui/fonts/VarelaRound-Regular.ttf
09:35:03.147 [ForkJoinPool.commonPool-worker-9] DEBUG AssetLoader          - Loading from cache: /assets/properties/languages/english.properties
09:35:03.148 [ForkJoinPool.commonPool-worker-9] DEBUG AssetLoader          - Loading from cache: /assets/ui/fonts/VarelaRound-Regular.ttf
09:35:03.149 [ForkJoinPool.commonPool-worker-9] DEBUG AssetLoader          - Loading from cache: /assets/properties/languages/english.properties
09:35:03.150 [ForkJoinPool.commonPool-worker-9] DEBUG AssetLoader          - Loading from cache: /assets/ui/fonts/VarelaRound-Regular.ttf
09:35:03.150 [ForkJoinPool.commonPool-worker-9] DEBUG AssetLoader          - Loading from cache: /assets/properties/languages/english.properties
09:35:03.151 [ForkJoinPool.commonPool-worker-9] DEBUG AssetLoader          - Loading from cache: /assets/ui/fonts/VarelaRound-Regular.ttf
09:35:03.151 [ForkJoinPool.commonPool-worker-9] DEBUG AssetLoader          - Loading from cache: /assets/properties/languages/english.properties
09:35:03.153 [ForkJoinPool.commonPool-worker-9] DEBUG AssetLoader          - Loading from cache: /assets/ui/fonts/VarelaRound-Regular.ttf
09:35:03.153 [ForkJoinPool.commonPool-worker-9] DEBUG AssetLoader          - Loading from cache: /assets/properties/languages/english.properties
09:35:03.154 [ForkJoinPool.commonPool-worker-9] DEBUG AssetLoader          - Loading from cache: /assets/ui/fonts/VarelaRound-Regular.ttf
09:35:03.155 [ForkJoinPool.commonPool-worker-9] DEBUG AssetLoader          - Loading from cache: /assets/properties/languages/english.properties
09:35:03.156 [ForkJoinPool.commonPool-worker-9] DEBUG AssetLoader          - Loading from disk: /assets/textures/particles/smoke.png
09:35:03.235 [ForkJoinPool.commonPool-worker-9] DEBUG AssetLoader          - Loading from disk: /assets/ui/cursors/fxgl_default.png
09:35:03.238 [ForkJoinPool.commonPool-worker-9] DEBUG AssetLoader          - Loading from cache: /assets/properties/languages/english.properties
09:35:03.238 [ForkJoinPool.commonPool-worker-9] DEBUG AssetLoader          - Loading from cache: /assets/ui/fonts/VarelaRound-Regular.ttf
09:35:03.239 [ForkJoinPool.commonPool-worker-9] DEBUG AssetLoader          - Loading from cache: /assets/ui/fonts/VarelaRound-Regular.ttf
09:35:03.240 [ForkJoinPool.commonPool-worker-9] DEBUG AssetLoader          - Loading from cache: /assets/ui/fonts/VarelaRound-Regular.ttf
09:35:03.242 [ForkJoinPool.commonPool-worker-9] DEBUG AssetLoader          - Loading from cache: /assets/textures/particles/trace_horizontal.png@64.0x64.0
09:35:03.243 [ForkJoinPool.commonPool-worker-9] DEBUG AssetLoader          - Loading from cache: /assets/ui/fonts/VarelaRound-Regular.ttf
09:35:03.243 [ForkJoinPool.commonPool-worker-9] DEBUG FXGL.Menu            - createMenuBodyGameMenu()
09:35:03.244 [ForkJoinPool.commonPool-worker-9] DEBUG AssetLoader          - Loading from cache: /assets/ui/fonts/VarelaRound-Regular.ttf
09:35:03.244 [ForkJoinPool.commonPool-worker-9] DEBUG AssetLoader          - Loading from cache: /assets/properties/languages/english.properties
09:35:03.245 [ForkJoinPool.commonPool-worker-9] DEBUG AssetLoader          - Loading from cache: /assets/ui/fonts/VarelaRound-Regular.ttf
09:35:03.245 [ForkJoinPool.commonPool-worker-9] DEBUG AssetLoader          - Loading from cache: /assets/properties/languages/english.properties
09:35:03.246 [ForkJoinPool.commonPool-worker-9] DEBUG FXGL.Menu            - createOptionsMenu()
09:35:03.246 [ForkJoinPool.commonPool-worker-9] DEBUG AssetLoader          - Loading from cache: /assets/ui/fonts/VarelaRound-Regular.ttf
09:35:03.246 [ForkJoinPool.commonPool-worker-9] DEBUG AssetLoader          - Loading from cache: /assets/properties/languages/english.properties
09:35:03.247 [ForkJoinPool.commonPool-worker-9] DEBUG AssetLoader          - Loading from cache: /assets/ui/fonts/VarelaRound-Regular.ttf
09:35:03.247 [ForkJoinPool.commonPool-worker-9] DEBUG AssetLoader          - Loading from cache: /assets/properties/languages/english.properties
09:35:03.248 [ForkJoinPool.commonPool-worker-9] DEBUG AssetLoader          - Loading from cache: /assets/ui/fonts/VarelaRound-Regular.ttf
09:35:03.248 [ForkJoinPool.commonPool-worker-9] DEBUG AssetLoader          - Loading from cache: /assets/properties/languages/english.properties
09:35:03.249 [ForkJoinPool.commonPool-worker-9] DEBUG AssetLoader          - Loading from cache: /assets/ui/fonts/VarelaRound-Regular.ttf
09:35:03.249 [ForkJoinPool.commonPool-worker-9] DEBUG AssetLoader          - Loading from cache: /assets/properties/languages/english.properties
09:35:03.249 [ForkJoinPool.commonPool-worker-9] DEBUG AssetLoader          - Loading from cache: /assets/ui/fonts/VarelaRound-Regular.ttf
09:35:03.250 [ForkJoinPool.commonPool-worker-9] DEBUG AssetLoader          - Loading from cache: /assets/properties/languages/english.properties
09:35:03.250 [ForkJoinPool.commonPool-worker-9] DEBUG AssetLoader          - Loading from cache: /assets/ui/fonts/VarelaRound-Regular.ttf
09:35:03.251 [ForkJoinPool.commonPool-worker-9] DEBUG AssetLoader          - Loading from cache: /assets/properties/languages/english.properties
09:35:03.251 [ForkJoinPool.commonPool-worker-9] DEBUG AssetLoader          - Loading from cache: /assets/ui/fonts/VarelaRound-Regular.ttf
09:35:03.252 [ForkJoinPool.commonPool-worker-9] DEBUG AssetLoader          - Loading from cache: /assets/properties/languages/english.properties
09:35:03.253 [ForkJoinPool.commonPool-worker-9] DEBUG AssetLoader          - Loading from cache: /assets/textures/particles/smoke.png@128.0x128.0
09:35:03.329 [JavaFX Application Thread] DEBUG FXGL                 - Running preInit()
09:35:03.354 [JavaFX Application Thread] DEBUG Input                - Registered new binding: Screenshot - P
09:35:03.356 [JavaFX Application Thread] DEBUG Input                - Registered new binding: Dev Options - CTRL+0
09:35:03.357 [JavaFX Application Thread] DEBUG Input                - Registered new binding: System info dump - CTRL+9
09:35:03.357 [JavaFX Application Thread] DEBUG Input                - Registered new binding: Restart - CTRL+R
09:35:03.358 [JavaFX Application Thread] DEBUG Input                - Registered new binding: Move Right - D
09:35:03.358 [JavaFX Application Thread] DEBUG Input                - Registered new binding: Move Left - A
09:35:03.358 [JavaFX Application Thread] DEBUG Input                - Registered new binding: Move Up - W
09:35:03.358 [JavaFX Application Thread] DEBUG Input                - Registered new binding: Move Down - S
09:35:03.358 [JavaFX Application Thread] DEBUG Input                - Registered new binding: Siiiiiii - F
09:35:03.358 [JavaFX Application Thread] DEBUG Input                - Registered new binding: Move Right (Player2) - Right
09:35:03.359 [JavaFX Application Thread] DEBUG Input                - Registered new binding: Move Left (Player2) - Left
09:35:03.359 [JavaFX Application Thread] DEBUG Input                - Registered new binding: Move Up (Player 2) - Up
09:35:03.359 [JavaFX Application Thread] DEBUG Input                - Registered new binding: Move Down(Player 2) - Down
09:35:03.360 [JavaFX Application Thread] DEBUG MenuEventHandler     - generateDefaultProfile()
09:35:03.360 [JavaFX Application Thread] DEBUG MenuEventHandler     - Creating default profile
09:35:03.361 [JavaFX Application Thread] DEBUG EventBus             - Firing event: SaveEvent
09:35:03.363 [JavaFX Application Thread] DEBUG AudioPlayer          - Saving data to profile
09:35:03.363 [JavaFX Application Thread] DEBUG Bundle               - Logging bundle: audio
09:35:03.363 [JavaFX Application Thread] DEBUG Bundle               - audio.musicVolume=0.5
09:35:03.363 [JavaFX Application Thread] DEBUG Bundle               - audio.soundVolume=0.5
09:35:03.363 [JavaFX Application Thread] DEBUG Input                - Saving data to profile
09:35:03.363 [JavaFX Application Thread] DEBUG Bundle               - Logging bundle: input
09:35:03.364 [JavaFX Application Thread] DEBUG Bundle               - input.Move Right=D
09:35:03.364 [JavaFX Application Thread] DEBUG Bundle               - input.Move Down(Player 2)=Down
09:35:03.364 [JavaFX Application Thread] DEBUG Bundle               - input.Restart=CTRL+R
09:35:03.364 [JavaFX Application Thread] DEBUG Bundle               - input.Move Up=W
09:35:03.364 [JavaFX Application Thread] DEBUG Bundle               - input.Dev Options=CTRL+0
09:35:03.364 [JavaFX Application Thread] DEBUG Bundle               - input.Move Left=A
09:35:03.364 [JavaFX Application Thread] DEBUG Bundle               - input.Move Up (Player 2)=Up
09:35:03.364 [JavaFX Application Thread] DEBUG Bundle               - input.Move Right (Player2)=Right
09:35:03.364 [JavaFX Application Thread] DEBUG Bundle               - input.Siiiiiii=F
09:35:03.364 [JavaFX Application Thread] DEBUG Bundle               - input.Move Left (Player2)=Left
09:35:03.364 [JavaFX Application Thread] DEBUG Bundle               - input.Screenshot=P
09:35:03.365 [JavaFX Application Thread] DEBUG Bundle               - input.System info dump=CTRL+9
09:35:03.365 [JavaFX Application Thread] DEBUG Bundle               - input.Move Down=S
09:35:03.372 [JavaFX Application Thread] DEBUG Bundle               - Logging bundle: gameplayStats
09:35:03.372 [JavaFX Application Thread] DEBUG Bundle               - gameplayStats.playtime=0
09:35:03.373 [JavaFX Application Thread] DEBUG AchievementManager   - Saving data to profile
09:35:03.373 [JavaFX Application Thread] DEBUG Bundle               - Logging bundle: achievement
09:35:03.375 [JavaFX Application Thread] INFO  FXGL                 - FXGL initialization took: 1,399 sec
09:35:03.375 [JavaFX Application Thread] DEBUG LoopRunner           - Starting loop
09:35:03.377 [JavaFX Application Thread] DEBUG StartupState         - STARTUP
09:35:03.377 [JavaFX Application Thread] DEBUG Input                - Clearing active input actions
09:35:03.378 [JavaFX Application Thread] DEBUG AssetLoader          - Loading from disk: /assets/ui/css/fxgl_dark.css
09:35:03.396 [JavaFX Application Thread] DEBUG AppStateMachine      - StartupState -> MainMenuState
09:35:03.402 [JavaFX Application Thread] DEBUG AssetLoader          - Loading from cache: /assets/properties/languages/english.properties
09:35:03.402 [JavaFX Application Thread] DEBUG AssetLoader          - Loading from cache: /assets/ui/fonts/VarelaRound-Regular.ttf
09:35:03.402 [JavaFX Application Thread] DEBUG AssetLoader          - Loading from cache: /assets/properties/languages/english.properties
09:35:03.403 [JavaFX Application Thread] DEBUG AssetLoader          - Loading from cache: /assets/ui/fonts/VarelaRound-Regular.ttf
09:35:03.403 [JavaFX Application Thread] DEBUG AssetLoader          - Loading from cache: /assets/properties/languages/english.properties
09:35:03.403 [JavaFX Application Thread] DEBUG AssetLoader          - Loading from cache: /assets/ui/fonts/VarelaRound-Regular.ttf
09:35:03.407 [JavaFX Application Thread] DEBUG SaveLoadManager      - Checking profiles dir: profiles/
09:35:03.408 [JavaFX Application Thread] DEBUG SaveLoadManager      - Loading profile names
09:35:03.409 [JavaFX Application Thread] DEBUG AssetLoader          - Loading from cache: /assets/properties/languages/english.properties
09:35:03.411 [JavaFX Application Thread] DEBUG AssetLoader          - Loading from cache: /assets/ui/fonts/VarelaRound-Regular.ttf
09:35:03.412 [JavaFX Application Thread] DEBUG AssetLoader          - Loading from cache: /assets/ui/fonts/VarelaRound-Regular.ttf
09:35:03.413 [JavaFX Application Thread] DEBUG AppStateMachine      - Push state: DialogSubState
09:35:03.413 [JavaFX Application Thread] DEBUG Input                - Clearing active input actions
09:35:03.413 [JavaFX Application Thread] DEBUG AppStateMachine      - MainMenuState -> DialogSubState
09:35:03.518 [JavaFX Application Thread] DEBUG AppStateMachine      - Pop state: DialogSubState
09:35:03.519 [JavaFX Application Thread] DEBUG Input                - Clearing active input actions
09:35:03.520 [JavaFX Application Thread] DEBUG AppStateMachine      - MainMenuState <- DialogSubState
09:35:03.520 [JavaFX Application Thread] DEBUG AssetLoader          - Loading from cache: /assets/properties/languages/english.properties
09:35:03.521 [JavaFX Application Thread] DEBUG AssetLoader          - Loading from cache: /assets/ui/fonts/VarelaRound-Regular.ttf
09:35:03.521 [JavaFX Application Thread] DEBUG AssetLoader          - Loading from cache: /assets/ui/fonts/VarelaRound-Regular.ttf
09:35:03.522 [JavaFX Application Thread] DEBUG AppStateMachine      - Push state: DialogSubState
09:35:03.522 [JavaFX Application Thread] DEBUG Input                - Clearing active input actions
09:35:03.522 [JavaFX Application Thread] DEBUG AppStateMachine      - MainMenuState -> DialogSubState
09:35:05.733 [JavaFX Application Thread] DEBUG AssetLoader          - Loading from cache: /assets/sounds/menu/select.wav
09:35:06.058 [JavaFX Application Thread] DEBUG AppStateMachine      - Pop state: DialogSubState
09:35:06.059 [JavaFX Application Thread] DEBUG Input                - Clearing active input actions
09:35:06.060 [JavaFX Application Thread] DEBUG AppStateMachine      - MainMenuState <- DialogSubState
09:35:06.060 [JavaFX Application Thread] DEBUG SaveLoadManager      - Loading profile: Mads
09:35:06.061 [JavaFX Application Thread] DEBUG AssetLoader          - Loading from cache: /assets/properties/languages/english.properties
09:35:06.062 [JavaFX Application Thread] DEBUG AssetLoader          - Loading from cache: /assets/ui/fonts/VarelaRound-Regular.ttf
09:35:06.063 [JavaFX Application Thread] DEBUG AssetLoader          - Loading from cache: /assets/ui/fonts/VarelaRound-Regular.ttf
09:35:06.063 [JavaFX Application Thread] DEBUG AppStateMachine      - Push state: DialogSubState
09:35:06.063 [JavaFX Application Thread] DEBUG Input                - Clearing active input actions
09:35:06.063 [JavaFX Application Thread] DEBUG AppStateMachine      - MainMenuState -> DialogSubState
09:35:06.066 [FXGL Background Thread 1 ] DEBUG DesktopFSService     - Reading from: .\profiles\Mads\user.profile
09:35:06.083 [JavaFX Application Thread] DEBUG AppStateMachine      - Pop state: DialogSubState
09:35:06.083 [JavaFX Application Thread] DEBUG Input                - Clearing active input actions
09:35:06.084 [JavaFX Application Thread] DEBUG AppStateMachine      - MainMenuState <- DialogSubState
09:35:06.084 [JavaFX Application Thread] DEBUG EventBus             - Firing event: LoadEvent[type=LOAD_PROFILE]
09:35:06.084 [JavaFX Application Thread] DEBUG AudioPlayer          - Loading data from profile
09:35:06.084 [JavaFX Application Thread] DEBUG Bundle               - Logging bundle: audio
09:35:06.084 [JavaFX Application Thread] DEBUG Bundle               - audio.musicVolume=0.5
09:35:06.085 [JavaFX Application Thread] DEBUG Bundle               - audio.soundVolume=0.5
09:35:06.085 [JavaFX Application Thread] DEBUG Input                - Loading data from profile
09:35:06.085 [JavaFX Application Thread] DEBUG Bundle               - Logging bundle: input
09:35:06.085 [JavaFX Application Thread] DEBUG Bundle               - input.Move Right=D
09:35:06.085 [JavaFX Application Thread] DEBUG Bundle               - input.Move Down(Player 2)=Down
09:35:06.085 [JavaFX Application Thread] DEBUG Bundle               - input.Restart=CTRL+R
09:35:06.085 [JavaFX Application Thread] DEBUG Bundle               - input.Move Up=W
09:35:06.085 [JavaFX Application Thread] DEBUG Bundle               - input.Dev Options=CTRL+0
09:35:06.085 [JavaFX Application Thread] DEBUG Bundle               - input.Move Left=A
09:35:06.085 [JavaFX Application Thread] DEBUG Bundle               - input.Move Up (Player 2)=Up
09:35:06.085 [JavaFX Application Thread] DEBUG Bundle               - input.Move Right (Player2)=Right
09:35:06.085 [JavaFX Application Thread] DEBUG Bundle               - input.Siiiiiii=F
09:35:06.085 [JavaFX Application Thread] DEBUG Bundle               - input.Move Left (Player2)=Left
09:35:06.085 [JavaFX Application Thread] DEBUG Bundle               - input.Screenshot=P
09:35:06.085 [JavaFX Application Thread] DEBUG Bundle               - input.System info dump=CTRL+9
09:35:06.085 [JavaFX Application Thread] DEBUG Bundle               - input.Move Down=S
09:35:06.086 [JavaFX Application Thread] DEBUG Bundle               - Logging bundle: gameplayStats
09:35:06.086 [JavaFX Application Thread] DEBUG Bundle               - gameplayStats.playtime=1063767579555
09:35:06.086 [JavaFX Application Thread] DEBUG AchievementManager   - Loading data from profile
09:35:06.086 [JavaFX Application Thread] DEBUG Bundle               - Logging bundle: achievement
09:35:06.086 [JavaFX Application Thread] DEBUG AssetLoader          - Loading from cache: /assets/properties/languages/english.properties
09:35:06.086 [JavaFX Application Thread] DEBUG AssetLoader          - Loading from cache: /assets/ui/fonts/VarelaRound-Regular.ttf
09:35:06.087 [JavaFX Application Thread] DEBUG AssetLoader          - Loading from cache: /assets/properties/languages/english.properties
09:35:06.087 [JavaFX Application Thread] DEBUG AssetLoader          - Loading from cache: /assets/ui/fonts/VarelaRound-Regular.ttf
09:35:06.087 [JavaFX Application Thread] DEBUG SaveLoadManager      - Loading last modified save file
09:35:06.087 [JavaFX Application Thread] DEBUG SaveLoadManager      - Loading save files
09:35:06.090 [JavaFX Application Thread] DEBUG AssetLoader          - Loading from cache: /assets/properties/languages/english.properties
09:35:06.091 [JavaFX Application Thread] DEBUG AssetLoader          - Loading from cache: /assets/ui/fonts/VarelaRound-Regular.ttf
09:35:06.091 [JavaFX Application Thread] DEBUG AssetLoader          - Loading from cache: /assets/ui/fonts/VarelaRound-Regular.ttf
09:35:06.091 [JavaFX Application Thread] DEBUG AppStateMachine      - Push state: DialogSubState
09:35:06.091 [JavaFX Application Thread] DEBUG Input                - Clearing active input actions
09:35:06.091 [JavaFX Application Thread] DEBUG AppStateMachine      - MainMenuState -> DialogSubState
09:35:06.104 [JavaFX Application Thread] DEBUG AppStateMachine      - Pop state: DialogSubState
09:35:06.104 [JavaFX Application Thread] DEBUG Input                - Clearing active input actions
09:35:06.106 [JavaFX Application Thread] DEBUG AppStateMachine      - MainMenuState <- DialogSubState
09:35:06.191 [JavaFX Application Thread] DEBUG AssetLoader          - Loading from cache: /assets/sounds/menu/select.wav
09:35:06.528 [JavaFX Application Thread] DEBUG FXGL.Menu            - fireNewGame()
09:35:06.528 [JavaFX Application Thread] DEBUG GameApplication      - Starting new game
09:35:06.528 [JavaFX Application Thread] DEBUG Input                - Clearing active input actions
09:35:06.528 [JavaFX Application Thread] DEBUG AssetLoader          - Loading from disk: /assets/ui/css/fxgl_dark.css
09:35:06.537 [JavaFX Application Thread] DEBUG AppStateMachine      - MainMenuState -> LoadingState
09:35:06.539 [FXGL Background Thread 1 ] DEBUG InitAppTask          - Clearing previous game
09:35:06.539 [FXGL Background Thread 1 ] DEBUG GameWorld            - Clearing game world
09:35:06.539 [FXGL Background Thread 1 ] DEBUG PhysicsWorld         - Clearing physics world
09:35:06.539 [FXGL Background Thread 1 ] DEBUG GameScene            - Clearing game scene
09:35:06.541 [FXGL Background Thread 1 ] DEBUG InitAppTask          - Initializing Game
09:35:06.578 [FXGL Background Thread 1 ] DEBUG AssetLoader          - Loading from disk: /assets/textures/background1.png
09:35:06.601 [FXGL Background Thread 1 ] DEBUG GameScene            - Creating render group for layer: DEFAULT(100000)
09:35:06.602 [FXGL Background Thread 1 ] DEBUG AssetLoader          - Loading from disk: /assets/textures/slime1.png
09:35:06.607 [FXGL Background Thread 1 ] DEBUG AssetLoader          - Loading from disk: /assets/textures/slime2.png
09:35:06.610 [FXGL Background Thread 1 ] DEBUG AssetLoader          - Loading from disk: /assets/textures/ball.png
09:35:06.612 [FXGL Background Thread 1 ] DEBUG AssetLoader          - Loading from disk: /assets/textures/bottomline.png
09:35:06.614 [FXGL Background Thread 1 ] DEBUG InitAppTask          - Initializing Physics
09:35:06.615 [FXGL Background Thread 1 ] DEBUG InitAppTask          - Initializing UI
09:35:06.616 [FXGL Background Thread 1 ] DEBUG InitAppTask          - Initialization Complete
09:35:06.617 [FXGL Background Thread 1 ] INFO  InitAppTask          - Game initialization took: 0,078 sec
09:35:06.618 [JavaFX Application Thread] DEBUG Input                - Clearing active input actions
09:35:06.618 [JavaFX Application Thread] DEBUG AssetLoader          - Loading from disk: /assets/ui/css/fxgl_dark.css
09:35:06.626 [JavaFX Application Thread] DEBUG AppStateMachine      - LoadingState -> PlayState
09:35:32.870 [JavaFX Application Thread] DEBUG FXGL                 - Exiting FXGL
09:35:32.870 [JavaFX Application Thread] DEBUG MenuEventHandler     - Creating default profile
09:35:32.870 [JavaFX Application Thread] DEBUG EventBus             - Firing event: SaveEvent
09:35:32.870 [JavaFX Application Thread] DEBUG AudioPlayer          - Saving data to profile
09:35:32.871 [JavaFX Application Thread] DEBUG Bundle               - Logging bundle: audio
09:35:32.871 [JavaFX Application Thread] DEBUG Bundle               - audio.musicVolume=0.5
09:35:32.871 [JavaFX Application Thread] DEBUG Bundle               - audio.soundVolume=0.5
09:35:32.871 [JavaFX Application Thread] DEBUG Input                - Saving data to profile
09:35:32.871 [JavaFX Application Thread] DEBUG Bundle               - Logging bundle: input
09:35:32.871 [JavaFX Application Thread] DEBUG Bundle               - input.Move Right=D
09:35:32.871 [JavaFX Application Thread] DEBUG Bundle               - input.Move Down(Player 2)=Down
09:35:32.871 [JavaFX Application Thread] DEBUG Bundle               - input.Restart=CTRL+R
09:35:32.871 [JavaFX Application Thread] DEBUG Bundle               - input.Move Up=W
09:35:32.872 [JavaFX Application Thread] DEBUG Bundle               - input.Dev Options=CTRL+0
09:35:32.872 [JavaFX Application Thread] DEBUG Bundle               - input.Move Left=A
09:35:32.872 [JavaFX Application Thread] DEBUG Bundle               - input.Move Up (Player 2)=Up
09:35:32.872 [JavaFX Application Thread] DEBUG Bundle               - input.Move Right (Player2)=Right
09:35:32.872 [JavaFX Application Thread] DEBUG Bundle               - input.Siiiiiii=F
09:35:32.872 [JavaFX Application Thread] DEBUG Bundle               - input.Move Left (Player2)=Left
09:35:32.872 [JavaFX Application Thread] DEBUG Bundle               - input.Screenshot=P
09:35:32.872 [JavaFX Application Thread] DEBUG Bundle               - input.System info dump=CTRL+9
09:35:32.872 [JavaFX Application Thread] DEBUG Bundle               - input.Move Down=S
09:35:32.872 [JavaFX Application Thread] DEBUG Bundle               - Logging bundle: gameplayStats
09:35:32.872 [JavaFX Application Thread] DEBUG Bundle               - gameplayStats.playtime=1091117578461
09:35:32.873 [JavaFX Application Thread] DEBUG AchievementManager   - Saving data to profile
09:35:32.873 [JavaFX Application Thread] DEBUG Bundle               - Logging bundle: achievement
09:35:32.873 [JavaFX Application Thread] DEBUG SaveLoadManager      - Saving profile: Mads
09:35:32.877 [JavaFX Application Thread] DEBUG DesktopFSService     - Writing to: .\profiles\Mads\user.profile
09:35:32.882 [JavaFX Application Thread] DEBUG FXGL                 - Shutting down background threads
09:35:32.883 [JavaFX Application Thread] DEBUG FXGL                 - Saving FXGL system data
09:35:32.884 [JavaFX Application Thread] DEBUG DesktopFSService     - Writing to: system\fxgl.bundle
09:35:32.886 [JavaFX Application Thread] DEBUG FXGL                 - Closing logger and exiting JavaFX
