12:02:24.773 [JavaFX Application Thread] DEBUG GameApplication      - Logger initialized
12:02:24.796 [JavaFX Application Thread] DEBUG GameApplication      - Logging settings
Title: SimpleGame
Version: 0.0
Width: 600
Height: 600
Fullscreen: false
Intro: false
Menus: false
Profiling: false
Single step:false
App Mode: DEVELOPER
Menu Key: ESCAPE
Stage Style: DECORATED
Scene Factory: class com.almasb.fxgl.scene.SceneFactory
Dialog Factory: class com.almasb.fxgl.ui.FXGLDialogFactory
UI Factory: class com.almasb.fxgl.ui.FXGLUIFactory
Notification Service: class com.almasb.fxgl.gameplay.notification.XboxNotificationView
Exception Handler: class com.almasb.fxgl.app.FXGLExceptionHandler
12:02:24.797 [JavaFX Application Thread] DEBUG GameApplication      - Starting FXGL
12:02:24.815 [JavaFX Application Thread] INFO  FXGL                 - FXGL-0.5.4 on DESKTOP
12:02:24.815 [JavaFX Application Thread] INFO  FXGL                 - Source code and latest versions at: https://github.com/AlmasB/FXGL
12:02:24.815 [JavaFX Application Thread] INFO  FXGL                 -              Join the FXGL chat at: https://gitter.im/AlmasB/FXGL
12:02:24.816 [JavaFX Application Thread] DEBUG FXGL                 - FXGL started
12:02:24.816 [JavaFX Application Thread] DEBUG FXGL                 - Initializing FXGL
12:02:24.887 [JavaFX Application Thread] DEBUG AssetLoader          - Loading from disk: /assets/ui/cursors/fxgl_default.png
12:02:25.058 [JavaFX Application Thread] DEBUG AssetLoader          - Loading from disk: /assets/ui/fonts/VarelaRound-Regular.ttf
12:02:25.341 [JavaFX Application Thread] DEBUG MainWindow           - Creating a JavaFX scene
12:02:25.397 [JavaFX Application Thread] DEBUG MainWindow           - Target settings size: 600.0 x 600.0
12:02:25.398 [JavaFX Application Thread] DEBUG MainWindow           - Scaled scene size:    600.0 x 600.0
12:02:25.398 [JavaFX Application Thread] DEBUG MainWindow           - Scaled ratio: (1.0, 1.0)
12:02:25.402 [JavaFX Application Thread] DEBUG AssetLoader          - Loading from disk: /assets/ui/css/fxgl_dark.css
12:02:25.408 [JavaFX Application Thread] DEBUG AssetLoader          - Loading from disk: /assets/textures/fxgl_icon.png
12:02:25.432 [JavaFX Application Thread] DEBUG MainWindow           - Opening main window
12:02:25.630 [JavaFX Application Thread] DEBUG MainWindow           - Window border size: (14.4000244140625, 37.5999755859375)
12:02:25.631 [JavaFX Application Thread] DEBUG MainWindow           - Scaled size: 600.0 x 600.0
12:02:25.631 [JavaFX Application Thread] DEBUG MainWindow           - Scaled ratio: (1.0, 1.0)
12:02:25.632 [JavaFX Application Thread] DEBUG MainWindow           - Scene size: 600.0 x 600.0
12:02:25.632 [JavaFX Application Thread] DEBUG MainWindow           - Stage size: 614.4000244140625 x 637.5999755859375
12:02:25.713 [ForkJoinPool.commonPool-worker-9] DEBUG FS                   - Loaded DesktopFSService
12:02:25.714 [ForkJoinPool.commonPool-worker-9] DEBUG FXGL                 - Loading FXGL system data
12:02:25.725 [ForkJoinPool.commonPool-worker-9] DEBUG DesktopFSService     - Reading from: system\fxgl.bundle
12:02:25.744 [ForkJoinPool.commonPool-worker-9] DEBUG Bundle               - Logging bundle: FXGL
12:02:25.745 [ForkJoinPool.commonPool-worker-9] DEBUG Bundle               - FXGL.offline.timer.version.check=2019-01-07T14:44:13.971316
12:02:25.746 [ForkJoinPool.commonPool-worker-9] DEBUG FXGL                 - Initializing state machine and application states
12:02:25.749 [ForkJoinPool.commonPool-worker-9] DEBUG AssetLoader          - Loading from disk: /assets/ui/cursors/fxgl_default.png
12:02:25.760 [ForkJoinPool.commonPool-worker-9] DEBUG AssetLoader          - Loading from disk: /assets/ui/cursors/fxgl_default.png
12:02:25.771 [ForkJoinPool.commonPool-worker-9] DEBUG AssetLoader          - Loading from cache: /assets/ui/fonts/VarelaRound-Regular.ttf
12:02:25.776 [ForkJoinPool.commonPool-worker-9] DEBUG AssetLoader          - Loading from disk: /assets/ui/cursors/fxgl_default.png
12:02:25.780 [ForkJoinPool.commonPool-worker-9] DEBUG GameScene            - Game scene initialized: 600x600
12:02:25.789 [ForkJoinPool.commonPool-worker-9] DEBUG GameWorld            - Game world initialized
12:02:25.882 [ForkJoinPool.commonPool-worker-9] DEBUG PhysicsWorld         - Physics world initialized: appHeight=600, physics.ppm=50,0
12:02:25.905 [ForkJoinPool.commonPool-worker-9] DEBUG Input                - Registered new binding: Pause - Esc
12:02:25.980 [JavaFX Application Thread] DEBUG FXGL                 - Running preInit()
12:02:25.982 [JavaFX Application Thread] DEBUG Input                - Registered new binding: Screenshot - P
12:02:25.982 [JavaFX Application Thread] DEBUG Input                - Registered new binding: Dev Options - CTRL+0
12:02:25.983 [JavaFX Application Thread] DEBUG Input                - Registered new binding: System info dump - CTRL+9
12:02:25.983 [JavaFX Application Thread] DEBUG Input                - Registered new binding: Restart - CTRL+R
12:02:25.984 [JavaFX Application Thread] INFO  FXGL                 - FXGL initialization took: 1,168 sec
12:02:25.985 [JavaFX Application Thread] DEBUG LoopRunner           - Starting loop
12:02:25.987 [JavaFX Application Thread] DEBUG StartupState         - STARTUP
12:02:25.987 [JavaFX Application Thread] DEBUG GameApplication      - Starting new game
12:02:25.987 [JavaFX Application Thread] DEBUG Input                - Clearing active input actions
12:02:25.989 [JavaFX Application Thread] DEBUG AssetLoader          - Loading from disk: /assets/ui/css/fxgl_dark.css
12:02:26.002 [JavaFX Application Thread] DEBUG AppStateMachine      - StartupState -> LoadingState
12:02:26.014 [FXGL Background Thread 1 ] DEBUG InitAppTask          - Clearing previous game
12:02:26.014 [FXGL Background Thread 1 ] DEBUG GameWorld            - Clearing game world
12:02:26.014 [FXGL Background Thread 1 ] DEBUG PhysicsWorld         - Clearing physics world
12:02:26.014 [FXGL Background Thread 1 ] DEBUG GameScene            - Clearing game scene
12:02:26.017 [FXGL Background Thread 1 ] DEBUG InitAppTask          - Initializing Game
12:02:26.033 [FXGL Background Thread 1 ] DEBUG InitAppTask          - Initializing Physics
12:02:26.033 [FXGL Background Thread 1 ] DEBUG InitAppTask          - Initializing UI
12:02:26.033 [FXGL Background Thread 1 ] DEBUG InitAppTask          - Initialization Complete
12:02:26.033 [FXGL Background Thread 1 ] INFO  InitAppTask          - Game initialization took: 0,020 sec
12:02:26.047 [JavaFX Application Thread] DEBUG Input                - Clearing active input actions
12:02:26.047 [JavaFX Application Thread] DEBUG AssetLoader          - Loading from disk: /assets/ui/css/fxgl_dark.css
12:02:26.055 [JavaFX Application Thread] DEBUG AppStateMachine      - LoadingState -> PlayState
12:02:27.426 [JavaFX Application Thread] DEBUG FXGL                 - Exiting FXGL
12:02:27.426 [JavaFX Application Thread] DEBUG FXGL                 - Shutting down background threads
12:02:27.426 [JavaFX Application Thread] DEBUG FXGL                 - Saving FXGL system data
12:02:27.433 [JavaFX Application Thread] DEBUG DesktopFSService     - Writing to: system\fxgl.bundle
12:02:27.438 [JavaFX Application Thread] DEBUG FXGL                 - Closing logger and exiting JavaFX
