12:56:06.630 [JavaFX Application Thread] DEBUG GameApplication      - Logger initialized
12:56:06.676 [JavaFX Application Thread] DEBUG GameApplication      - Logging settings
Title: Simple Game
Version: 0.1
Width: 1200
Height: 600
Fullscreen: false
Intro: false
Menus: false
Profiling: false
Single step:false
App Mode: DEVELOPER
Menu Key: ESCAPE
Stage Style: DECORATED
Scene Factory: class com.almasb.fxgl.scene.SceneFactory
Dialog Factory: class com.almasb.fxgl.ui.FXGLDialogFactory
UI Factory: class com.almasb.fxgl.ui.FXGLUIFactory
Notification Service: class com.almasb.fxgl.gameplay.notification.XboxNotificationView
Exception Handler: class com.almasb.fxgl.app.FXGLExceptionHandler
12:56:06.676 [JavaFX Application Thread] DEBUG GameApplication      - Starting FXGL
12:56:06.710 [JavaFX Application Thread] INFO  FXGL                 - FXGL-0.5.4 on DESKTOP
12:56:06.711 [JavaFX Application Thread] INFO  FXGL                 - Source code and latest versions at: https://github.com/AlmasB/FXGL
12:56:06.712 [JavaFX Application Thread] INFO  FXGL                 -              Join the FXGL chat at: https://gitter.im/AlmasB/FXGL
12:56:06.713 [JavaFX Application Thread] DEBUG FXGL                 - FXGL started
12:56:06.713 [JavaFX Application Thread] DEBUG FXGL                 - Initializing FXGL
12:56:06.831 [JavaFX Application Thread] DEBUG AssetLoader          - Loading from disk: /assets/ui/cursors/fxgl_default.png
12:56:07.052 [JavaFX Application Thread] DEBUG AssetLoader          - Loading from disk: /assets/ui/fonts/VarelaRound-Regular.ttf
12:56:07.671 [JavaFX Application Thread] DEBUG MainWindow           - Creating a JavaFX scene
12:56:07.754 [JavaFX Application Thread] DEBUG MainWindow           - Target settings size: 1200.0 x 600.0
12:56:07.755 [JavaFX Application Thread] DEBUG MainWindow           - Scaled scene size:    1200.0 x 600.0
12:56:07.755 [JavaFX Application Thread] DEBUG MainWindow           - Scaled ratio: (1.0, 1.0)
12:56:07.762 [JavaFX Application Thread] DEBUG AssetLoader          - Loading from disk: /assets/ui/css/fxgl_dark.css
12:56:07.771 [JavaFX Application Thread] DEBUG AssetLoader          - Loading from disk: /assets/textures/fxgl_icon.png
12:56:07.820 [JavaFX Application Thread] DEBUG MainWindow           - Opening main window
12:56:08.238 [JavaFX Application Thread] DEBUG MainWindow           - Window border size: (14.4000244140625, 37.5999755859375)
12:56:08.239 [JavaFX Application Thread] DEBUG MainWindow           - Scaled size: 1200.0 x 600.0
12:56:08.239 [JavaFX Application Thread] DEBUG MainWindow           - Scaled ratio: (1.0, 1.0)
12:56:08.240 [JavaFX Application Thread] DEBUG MainWindow           - Scene size: 1200.0 x 600.0
12:56:08.242 [JavaFX Application Thread] DEBUG MainWindow           - Stage size: 1214.4000244140625 x 637.5999755859375
12:56:08.384 [ForkJoinPool.commonPool-worker-9] DEBUG FS                   - Loaded DesktopFSService
12:56:08.385 [ForkJoinPool.commonPool-worker-9] DEBUG FXGL                 - Loading FXGL system data
12:56:08.414 [ForkJoinPool.commonPool-worker-9] DEBUG DesktopFSService     - Reading from: system\fxgl.bundle
12:56:08.446 [ForkJoinPool.commonPool-worker-9] DEBUG Bundle               - Logging bundle: FXGL
12:56:08.448 [ForkJoinPool.commonPool-worker-9] DEBUG Bundle               - FXGL.offline.timer.version.check=2019-01-07T14:44:13.971316
12:56:08.450 [ForkJoinPool.commonPool-worker-9] DEBUG FXGL                 - Initializing state machine and application states
12:56:08.456 [ForkJoinPool.commonPool-worker-9] DEBUG AssetLoader          - Loading from disk: /assets/ui/cursors/fxgl_default.png
12:56:08.476 [ForkJoinPool.commonPool-worker-9] DEBUG AssetLoader          - Loading from disk: /assets/ui/cursors/fxgl_default.png
12:56:08.493 [ForkJoinPool.commonPool-worker-9] DEBUG AssetLoader          - Loading from cache: /assets/ui/fonts/VarelaRound-Regular.ttf
12:56:08.515 [ForkJoinPool.commonPool-worker-9] DEBUG AssetLoader          - Loading from disk: /assets/ui/cursors/fxgl_default.png
12:56:08.523 [ForkJoinPool.commonPool-worker-9] DEBUG GameScene            - Game scene initialized: 1200x600
12:56:08.538 [ForkJoinPool.commonPool-worker-9] DEBUG GameWorld            - Game world initialized
12:56:08.817 [ForkJoinPool.commonPool-worker-9] DEBUG PhysicsWorld         - Physics world initialized: appHeight=600, physics.ppm=50,0
12:56:08.903 [ForkJoinPool.commonPool-worker-9] DEBUG Input                - Registered new binding: Pause - Esc
12:56:09.031 [JavaFX Application Thread] DEBUG FXGL                 - Running preInit()
12:56:09.034 [JavaFX Application Thread] DEBUG Input                - Registered new binding: Screenshot - P
12:56:09.035 [JavaFX Application Thread] DEBUG Input                - Registered new binding: Dev Options - CTRL+0
12:56:09.036 [JavaFX Application Thread] DEBUG Input                - Registered new binding: System info dump - CTRL+9
12:56:09.037 [JavaFX Application Thread] DEBUG Input                - Registered new binding: Restart - CTRL+R
12:56:09.037 [JavaFX Application Thread] DEBUG Input                - Registered new binding: Move Right - D
12:56:09.038 [JavaFX Application Thread] DEBUG Input                - Registered new binding: Move Left - A
12:56:09.038 [JavaFX Application Thread] DEBUG Input                - Registered new binding: Move Up - W
12:56:09.039 [JavaFX Application Thread] DEBUG Input                - Registered new binding: Move Down - S
12:56:09.039 [JavaFX Application Thread] DEBUG Input                - Registered new binding: Play Sound - F
12:56:09.042 [JavaFX Application Thread] INFO  FXGL                 - FXGL initialization took: 2,328 sec
12:56:09.043 [JavaFX Application Thread] DEBUG LoopRunner           - Starting loop
12:56:09.046 [JavaFX Application Thread] DEBUG StartupState         - STARTUP
12:56:09.047 [JavaFX Application Thread] DEBUG GameApplication      - Starting new game
12:56:09.047 [JavaFX Application Thread] DEBUG Input                - Clearing active input actions
12:56:09.050 [JavaFX Application Thread] DEBUG AssetLoader          - Loading from disk: /assets/ui/css/fxgl_dark.css
12:56:09.067 [JavaFX Application Thread] DEBUG AppStateMachine      - StartupState -> LoadingState
12:56:09.078 [FXGL Background Thread 1 ] DEBUG InitAppTask          - Clearing previous game
12:56:09.079 [FXGL Background Thread 1 ] DEBUG GameWorld            - Clearing game world
12:56:09.079 [FXGL Background Thread 1 ] DEBUG PhysicsWorld         - Clearing physics world
12:56:09.079 [FXGL Background Thread 1 ] DEBUG GameScene            - Clearing game scene
12:56:09.082 [FXGL Background Thread 1 ] DEBUG InitAppTask          - Initializing Game
12:56:09.157 [FXGL Background Thread 1 ] DEBUG AssetLoader          - Loading from disk: /assets/textures/slime1.png
12:56:09.173 [FXGL Background Thread 1 ] DEBUG GameScene            - Creating render group for layer: DEFAULT(100000)
12:56:09.183 [FXGL Background Thread 1 ] DEBUG InitAppTask          - Initializing Physics
12:56:09.184 [FXGL Background Thread 1 ] DEBUG InitAppTask          - Initializing UI
12:56:09.187 [FXGL Background Thread 1 ] DEBUG InitAppTask          - Initialization Complete
12:56:09.187 [FXGL Background Thread 1 ] INFO  InitAppTask          - Game initialization took: 0,109 sec
12:56:09.242 [JavaFX Application Thread] DEBUG Input                - Clearing active input actions
12:56:09.243 [JavaFX Application Thread] DEBUG AssetLoader          - Loading from disk: /assets/ui/css/fxgl_dark.css
12:56:09.262 [JavaFX Application Thread] DEBUG AppStateMachine      - LoadingState -> PlayState
12:57:51.935 [JavaFX Application Thread] DEBUG FXGL                 - Exiting FXGL
12:57:51.936 [JavaFX Application Thread] DEBUG FXGL                 - Shutting down background threads
12:57:51.936 [JavaFX Application Thread] DEBUG FXGL                 - Saving FXGL system data
12:57:51.940 [JavaFX Application Thread] DEBUG DesktopFSService     - Writing to: system\fxgl.bundle
12:57:51.947 [JavaFX Application Thread] DEBUG FXGL                 - Closing logger and exiting JavaFX
