09:29:04.330 [JavaFX Application Thread] DEBUG GameApplication      - Logger initialized
09:29:04.349 [JavaFX Application Thread] DEBUG GameApplication      - Logging settings
Title: SlimeSoccer2000
Version: 0.1
Width: 1200
Height: 600
Fullscreen: false
Intro: false
Menus: true
Profiling: false
Single step:false
App Mode: DEVELOPER
Menu Key: M
Stage Style: DECORATED
Scene Factory: class com.almasb.fxgl.scene.SceneFactory
Dialog Factory: class com.almasb.fxgl.ui.FXGLDialogFactory
UI Factory: class com.almasb.fxgl.ui.FXGLUIFactory
Notification Service: class com.almasb.fxgl.gameplay.notification.XboxNotificationView
Exception Handler: class com.almasb.fxgl.app.FXGLExceptionHandler
09:29:04.349 [JavaFX Application Thread] DEBUG GameApplication      - Starting FXGL
09:29:04.364 [JavaFX Application Thread] INFO  FXGL                 - FXGL-0.5.4 on DESKTOP
09:29:04.365 [JavaFX Application Thread] INFO  FXGL                 - Source code and latest versions at: https://github.com/AlmasB/FXGL
09:29:04.365 [JavaFX Application Thread] INFO  FXGL                 -              Join the FXGL chat at: https://gitter.im/AlmasB/FXGL
09:29:04.366 [JavaFX Application Thread] DEBUG FXGL                 - FXGL started
09:29:04.366 [JavaFX Application Thread] DEBUG FXGL                 - Initializing FXGL
09:29:04.415 [JavaFX Application Thread] DEBUG AssetLoader          - Loading from disk: /assets/ui/cursors/fxgl_default.png
09:29:04.524 [JavaFX Application Thread] DEBUG AssetLoader          - Loading from disk: /assets/ui/fonts/VarelaRound-Regular.ttf
09:29:04.865 [JavaFX Application Thread] DEBUG MainWindow           - Creating a JavaFX scene
09:29:04.909 [JavaFX Application Thread] DEBUG MainWindow           - Target settings size: 1200.0 x 600.0
09:29:04.910 [JavaFX Application Thread] DEBUG MainWindow           - Scaled scene size:    1200.0 x 600.0
09:29:04.910 [JavaFX Application Thread] DEBUG MainWindow           - Scaled ratio: (1.0, 1.0)
09:29:04.914 [JavaFX Application Thread] DEBUG AssetLoader          - Loading from disk: /assets/ui/css/fxgl_dark.css
09:29:04.922 [JavaFX Application Thread] DEBUG AssetLoader          - Loading from disk: /assets/textures/fxgl_icon.png
09:29:04.951 [JavaFX Application Thread] DEBUG MainWindow           - Opening main window
09:29:05.113 [JavaFX Application Thread] DEBUG MainWindow           - Window border size: (14.4000244140625, 37.5999755859375)
09:29:05.114 [JavaFX Application Thread] DEBUG MainWindow           - Scaled size: 1200.0 x 600.0
09:29:05.114 [JavaFX Application Thread] DEBUG MainWindow           - Scaled ratio: (1.0, 1.0)
09:29:05.114 [JavaFX Application Thread] DEBUG MainWindow           - Scene size: 1200.0 x 600.0
09:29:05.114 [JavaFX Application Thread] DEBUG MainWindow           - Stage size: 1214.4000244140625 x 637.5999755859375
09:29:05.199 [ForkJoinPool.commonPool-worker-9] DEBUG FS                   - Loaded DesktopFSService
09:29:05.199 [ForkJoinPool.commonPool-worker-9] DEBUG FXGL                 - Loading FXGL system data
09:29:05.208 [ForkJoinPool.commonPool-worker-9] DEBUG DesktopFSService     - Reading from: system\fxgl.bundle
09:29:05.222 [ForkJoinPool.commonPool-worker-9] DEBUG Bundle               - Logging bundle: FXGL
09:29:05.223 [ForkJoinPool.commonPool-worker-9] DEBUG Bundle               - FXGL.offline.timer.version.check=2019-01-15T09:28:22.000785300
09:29:05.224 [ForkJoinPool.commonPool-worker-9] DEBUG FXGL                 - Initializing state machine and application states
09:29:05.227 [ForkJoinPool.commonPool-worker-9] DEBUG AssetLoader          - Loading from disk: /assets/ui/cursors/fxgl_default.png
09:29:05.240 [ForkJoinPool.commonPool-worker-9] DEBUG AssetLoader          - Loading from disk: /assets/ui/cursors/fxgl_default.png
09:29:05.248 [ForkJoinPool.commonPool-worker-9] DEBUG AssetLoader          - Loading from cache: /assets/ui/fonts/VarelaRound-Regular.ttf
09:29:05.256 [ForkJoinPool.commonPool-worker-9] DEBUG AssetLoader          - Loading from disk: /assets/ui/cursors/fxgl_default.png
09:29:05.260 [ForkJoinPool.commonPool-worker-9] DEBUG GameScene            - Game scene initialized: 1200x600
09:29:05.269 [ForkJoinPool.commonPool-worker-9] DEBUG GameWorld            - Game world initialized
09:29:05.382 [ForkJoinPool.commonPool-worker-9] DEBUG PhysicsWorld         - Physics world initialized: appHeight=600, physics.ppm=50,0
09:29:05.439 [ForkJoinPool.commonPool-worker-9] DEBUG AssetLoader          - Loading from disk: /assets/ui/cursors/fxgl_default.png
09:29:05.444 [ForkJoinPool.commonPool-worker-9] DEBUG AssetLoader          - Loading from disk: /assets/properties/languages/english.properties
09:29:05.446 [ForkJoinPool.commonPool-worker-9] DEBUG AssetLoader          - Loading from cache: /assets/ui/fonts/VarelaRound-Regular.ttf
09:29:05.447 [ForkJoinPool.commonPool-worker-9] DEBUG AssetLoader          - Loading from cache: /assets/ui/fonts/VarelaRound-Regular.ttf
09:29:05.447 [ForkJoinPool.commonPool-worker-9] DEBUG AssetLoader          - Loading from cache: /assets/ui/fonts/VarelaRound-Regular.ttf
09:29:05.463 [ForkJoinPool.commonPool-worker-9] DEBUG AssetLoader          - Loading from disk: /assets/textures/particles/trace_horizontal.png
09:29:05.507 [ForkJoinPool.commonPool-worker-9] DEBUG AssetLoader          - Loading from cache: /assets/ui/fonts/VarelaRound-Regular.ttf
09:29:05.508 [ForkJoinPool.commonPool-worker-9] DEBUG FXGL.Menu            - createMenuBodyMainMenu()
09:29:05.517 [ForkJoinPool.commonPool-worker-9] DEBUG AssetLoader          - Loading from cache: /assets/ui/fonts/VarelaRound-Regular.ttf
09:29:05.524 [ForkJoinPool.commonPool-worker-9] DEBUG AssetLoader          - Loading from cache: /assets/properties/languages/english.properties
09:29:05.527 [ForkJoinPool.commonPool-worker-9] DEBUG AssetLoader          - Loading from cache: /assets/ui/fonts/VarelaRound-Regular.ttf
09:29:05.528 [ForkJoinPool.commonPool-worker-9] DEBUG AssetLoader          - Loading from cache: /assets/properties/languages/english.properties
09:29:05.528 [ForkJoinPool.commonPool-worker-9] DEBUG FXGL.Menu            - createOptionsMenu()
09:29:05.529 [ForkJoinPool.commonPool-worker-9] DEBUG AssetLoader          - Loading from cache: /assets/ui/fonts/VarelaRound-Regular.ttf
09:29:05.529 [ForkJoinPool.commonPool-worker-9] DEBUG AssetLoader          - Loading from cache: /assets/properties/languages/english.properties
09:29:05.531 [ForkJoinPool.commonPool-worker-9] DEBUG AssetLoader          - Loading from cache: /assets/ui/fonts/VarelaRound-Regular.ttf
09:29:05.532 [ForkJoinPool.commonPool-worker-9] DEBUG AssetLoader          - Loading from cache: /assets/properties/languages/english.properties
09:29:05.533 [ForkJoinPool.commonPool-worker-9] DEBUG AssetLoader          - Loading from cache: /assets/ui/fonts/VarelaRound-Regular.ttf
09:29:05.533 [ForkJoinPool.commonPool-worker-9] DEBUG AssetLoader          - Loading from cache: /assets/properties/languages/english.properties
09:29:05.535 [ForkJoinPool.commonPool-worker-9] DEBUG AssetLoader          - Loading from cache: /assets/ui/fonts/VarelaRound-Regular.ttf
09:29:05.536 [ForkJoinPool.commonPool-worker-9] DEBUG AssetLoader          - Loading from cache: /assets/properties/languages/english.properties
09:29:05.538 [ForkJoinPool.commonPool-worker-9] DEBUG AssetLoader          - Loading from cache: /assets/ui/fonts/VarelaRound-Regular.ttf
09:29:05.539 [ForkJoinPool.commonPool-worker-9] DEBUG AssetLoader          - Loading from cache: /assets/properties/languages/english.properties
09:29:05.540 [ForkJoinPool.commonPool-worker-9] DEBUG AssetLoader          - Loading from cache: /assets/ui/fonts/VarelaRound-Regular.ttf
09:29:05.540 [ForkJoinPool.commonPool-worker-9] DEBUG AssetLoader          - Loading from cache: /assets/properties/languages/english.properties
09:29:05.542 [ForkJoinPool.commonPool-worker-9] DEBUG AssetLoader          - Loading from cache: /assets/ui/fonts/VarelaRound-Regular.ttf
09:29:05.543 [ForkJoinPool.commonPool-worker-9] DEBUG AssetLoader          - Loading from cache: /assets/properties/languages/english.properties
09:29:05.544 [ForkJoinPool.commonPool-worker-9] DEBUG AssetLoader          - Loading from cache: /assets/ui/fonts/VarelaRound-Regular.ttf
09:29:05.544 [ForkJoinPool.commonPool-worker-9] DEBUG AssetLoader          - Loading from cache: /assets/properties/languages/english.properties
09:29:05.545 [ForkJoinPool.commonPool-worker-9] DEBUG AssetLoader          - Loading from disk: /assets/textures/particles/smoke.png
09:29:05.614 [ForkJoinPool.commonPool-worker-9] DEBUG AssetLoader          - Loading from disk: /assets/ui/cursors/fxgl_default.png
09:29:05.616 [ForkJoinPool.commonPool-worker-9] DEBUG AssetLoader          - Loading from cache: /assets/properties/languages/english.properties
09:29:05.617 [ForkJoinPool.commonPool-worker-9] DEBUG AssetLoader          - Loading from cache: /assets/ui/fonts/VarelaRound-Regular.ttf
09:29:05.617 [ForkJoinPool.commonPool-worker-9] DEBUG AssetLoader          - Loading from cache: /assets/ui/fonts/VarelaRound-Regular.ttf
09:29:05.618 [ForkJoinPool.commonPool-worker-9] DEBUG AssetLoader          - Loading from cache: /assets/ui/fonts/VarelaRound-Regular.ttf
09:29:05.619 [ForkJoinPool.commonPool-worker-9] DEBUG AssetLoader          - Loading from cache: /assets/textures/particles/trace_horizontal.png@64.0x64.0
09:29:05.620 [ForkJoinPool.commonPool-worker-9] DEBUG AssetLoader          - Loading from cache: /assets/ui/fonts/VarelaRound-Regular.ttf
09:29:05.621 [ForkJoinPool.commonPool-worker-9] DEBUG FXGL.Menu            - createMenuBodyGameMenu()
09:29:05.622 [ForkJoinPool.commonPool-worker-9] DEBUG AssetLoader          - Loading from cache: /assets/ui/fonts/VarelaRound-Regular.ttf
09:29:05.622 [ForkJoinPool.commonPool-worker-9] DEBUG AssetLoader          - Loading from cache: /assets/properties/languages/english.properties
09:29:05.623 [ForkJoinPool.commonPool-worker-9] DEBUG AssetLoader          - Loading from cache: /assets/ui/fonts/VarelaRound-Regular.ttf
09:29:05.623 [ForkJoinPool.commonPool-worker-9] DEBUG AssetLoader          - Loading from cache: /assets/properties/languages/english.properties
09:29:05.624 [ForkJoinPool.commonPool-worker-9] DEBUG FXGL.Menu            - createOptionsMenu()
09:29:05.624 [ForkJoinPool.commonPool-worker-9] DEBUG AssetLoader          - Loading from cache: /assets/ui/fonts/VarelaRound-Regular.ttf
09:29:05.624 [ForkJoinPool.commonPool-worker-9] DEBUG AssetLoader          - Loading from cache: /assets/properties/languages/english.properties
09:29:05.625 [ForkJoinPool.commonPool-worker-9] DEBUG AssetLoader          - Loading from cache: /assets/ui/fonts/VarelaRound-Regular.ttf
09:29:05.625 [ForkJoinPool.commonPool-worker-9] DEBUG AssetLoader          - Loading from cache: /assets/properties/languages/english.properties
09:29:05.625 [ForkJoinPool.commonPool-worker-9] DEBUG AssetLoader          - Loading from cache: /assets/ui/fonts/VarelaRound-Regular.ttf
09:29:05.626 [ForkJoinPool.commonPool-worker-9] DEBUG AssetLoader          - Loading from cache: /assets/properties/languages/english.properties
09:29:05.626 [ForkJoinPool.commonPool-worker-9] DEBUG AssetLoader          - Loading from cache: /assets/ui/fonts/VarelaRound-Regular.ttf
09:29:05.626 [ForkJoinPool.commonPool-worker-9] DEBUG AssetLoader          - Loading from cache: /assets/properties/languages/english.properties
09:29:05.627 [ForkJoinPool.commonPool-worker-9] DEBUG AssetLoader          - Loading from cache: /assets/ui/fonts/VarelaRound-Regular.ttf
09:29:05.627 [ForkJoinPool.commonPool-worker-9] DEBUG AssetLoader          - Loading from cache: /assets/properties/languages/english.properties
09:29:05.627 [ForkJoinPool.commonPool-worker-9] DEBUG AssetLoader          - Loading from cache: /assets/ui/fonts/VarelaRound-Regular.ttf
09:29:05.628 [ForkJoinPool.commonPool-worker-9] DEBUG AssetLoader          - Loading from cache: /assets/properties/languages/english.properties
09:29:05.628 [ForkJoinPool.commonPool-worker-9] DEBUG AssetLoader          - Loading from cache: /assets/ui/fonts/VarelaRound-Regular.ttf
09:29:05.628 [ForkJoinPool.commonPool-worker-9] DEBUG AssetLoader          - Loading from cache: /assets/properties/languages/english.properties
09:29:05.629 [ForkJoinPool.commonPool-worker-9] DEBUG AssetLoader          - Loading from cache: /assets/textures/particles/smoke.png@128.0x128.0
09:29:05.689 [JavaFX Application Thread] DEBUG FXGL                 - Running preInit()
09:29:05.714 [JavaFX Application Thread] DEBUG Input                - Registered new binding: Screenshot - P
09:29:05.715 [JavaFX Application Thread] DEBUG Input                - Registered new binding: Dev Options - CTRL+0
09:29:05.716 [JavaFX Application Thread] DEBUG Input                - Registered new binding: System info dump - CTRL+9
09:29:05.717 [JavaFX Application Thread] DEBUG Input                - Registered new binding: Restart - CTRL+R
09:29:05.717 [JavaFX Application Thread] DEBUG Input                - Registered new binding: Move Right - D
09:29:05.718 [JavaFX Application Thread] DEBUG Input                - Registered new binding: Move Left - A
09:29:05.718 [JavaFX Application Thread] DEBUG Input                - Registered new binding: Move Up - W
09:29:05.718 [JavaFX Application Thread] DEBUG Input                - Registered new binding: Move Down - S
09:29:05.718 [JavaFX Application Thread] DEBUG Input                - Registered new binding: Siiiiiii - F
09:29:05.719 [JavaFX Application Thread] DEBUG Input                - Registered new binding: Move Right (Player2) - Right
09:29:05.719 [JavaFX Application Thread] DEBUG Input                - Registered new binding: Move Left (Player2) - Left
09:29:05.719 [JavaFX Application Thread] DEBUG Input                - Registered new binding: Move Up (Player 2) - Up
09:29:05.719 [JavaFX Application Thread] DEBUG Input                - Registered new binding: Move Down(Player 2) - Down
09:29:05.720 [JavaFX Application Thread] DEBUG MenuEventHandler     - generateDefaultProfile()
09:29:05.720 [JavaFX Application Thread] DEBUG MenuEventHandler     - Creating default profile
09:29:05.721 [JavaFX Application Thread] DEBUG EventBus             - Firing event: SaveEvent
09:29:05.723 [JavaFX Application Thread] DEBUG AudioPlayer          - Saving data to profile
09:29:05.723 [JavaFX Application Thread] DEBUG Bundle               - Logging bundle: audio
09:29:05.723 [JavaFX Application Thread] DEBUG Bundle               - audio.musicVolume=0.5
09:29:05.723 [JavaFX Application Thread] DEBUG Bundle               - audio.soundVolume=0.5
09:29:05.723 [JavaFX Application Thread] DEBUG Input                - Saving data to profile
09:29:05.723 [JavaFX Application Thread] DEBUG Bundle               - Logging bundle: input
09:29:05.724 [JavaFX Application Thread] DEBUG Bundle               - input.Move Right=D
09:29:05.724 [JavaFX Application Thread] DEBUG Bundle               - input.Move Down(Player 2)=Down
09:29:05.724 [JavaFX Application Thread] DEBUG Bundle               - input.Restart=CTRL+R
09:29:05.724 [JavaFX Application Thread] DEBUG Bundle               - input.Move Up=W
09:29:05.724 [JavaFX Application Thread] DEBUG Bundle               - input.Dev Options=CTRL+0
09:29:05.724 [JavaFX Application Thread] DEBUG Bundle               - input.Move Left=A
09:29:05.724 [JavaFX Application Thread] DEBUG Bundle               - input.Move Up (Player 2)=Up
09:29:05.724 [JavaFX Application Thread] DEBUG Bundle               - input.Move Right (Player2)=Right
09:29:05.724 [JavaFX Application Thread] DEBUG Bundle               - input.Siiiiiii=F
09:29:05.724 [JavaFX Application Thread] DEBUG Bundle               - input.Move Left (Player2)=Left
09:29:05.724 [JavaFX Application Thread] DEBUG Bundle               - input.Screenshot=P
09:29:05.725 [JavaFX Application Thread] DEBUG Bundle               - input.System info dump=CTRL+9
09:29:05.725 [JavaFX Application Thread] DEBUG Bundle               - input.Move Down=S
09:29:05.731 [JavaFX Application Thread] DEBUG Bundle               - Logging bundle: gameplayStats
09:29:05.731 [JavaFX Application Thread] DEBUG Bundle               - gameplayStats.playtime=0
09:29:05.733 [JavaFX Application Thread] DEBUG AchievementManager   - Saving data to profile
09:29:05.733 [JavaFX Application Thread] DEBUG Bundle               - Logging bundle: achievement
09:29:05.734 [JavaFX Application Thread] INFO  FXGL                 - FXGL initialization took: 1,368 sec
09:29:05.734 [JavaFX Application Thread] DEBUG LoopRunner           - Starting loop
09:29:05.736 [JavaFX Application Thread] DEBUG StartupState         - STARTUP
09:29:05.736 [JavaFX Application Thread] DEBUG Input                - Clearing active input actions
09:29:05.737 [JavaFX Application Thread] DEBUG AssetLoader          - Loading from disk: /assets/ui/css/fxgl_dark.css
09:29:05.754 [JavaFX Application Thread] DEBUG AppStateMachine      - StartupState -> MainMenuState
09:29:05.758 [JavaFX Application Thread] DEBUG AssetLoader          - Loading from cache: /assets/properties/languages/english.properties
09:29:05.759 [JavaFX Application Thread] DEBUG AssetLoader          - Loading from cache: /assets/ui/fonts/VarelaRound-Regular.ttf
09:29:05.759 [JavaFX Application Thread] DEBUG AssetLoader          - Loading from cache: /assets/properties/languages/english.properties
09:29:05.759 [JavaFX Application Thread] DEBUG AssetLoader          - Loading from cache: /assets/ui/fonts/VarelaRound-Regular.ttf
09:29:05.759 [JavaFX Application Thread] DEBUG AssetLoader          - Loading from cache: /assets/properties/languages/english.properties
09:29:05.759 [JavaFX Application Thread] DEBUG AssetLoader          - Loading from cache: /assets/ui/fonts/VarelaRound-Regular.ttf
09:29:05.761 [JavaFX Application Thread] DEBUG SaveLoadManager      - Checking profiles dir: profiles/
09:29:05.762 [JavaFX Application Thread] DEBUG SaveLoadManager      - Loading profile names
09:29:05.764 [JavaFX Application Thread] DEBUG AssetLoader          - Loading from cache: /assets/properties/languages/english.properties
09:29:05.766 [JavaFX Application Thread] DEBUG AssetLoader          - Loading from cache: /assets/ui/fonts/VarelaRound-Regular.ttf
09:29:05.767 [JavaFX Application Thread] DEBUG AssetLoader          - Loading from cache: /assets/ui/fonts/VarelaRound-Regular.ttf
09:29:05.768 [JavaFX Application Thread] DEBUG AppStateMachine      - Push state: DialogSubState
09:29:05.768 [JavaFX Application Thread] DEBUG Input                - Clearing active input actions
09:29:05.768 [JavaFX Application Thread] DEBUG AppStateMachine      - MainMenuState -> DialogSubState
09:29:05.874 [JavaFX Application Thread] DEBUG AppStateMachine      - Pop state: DialogSubState
09:29:05.875 [JavaFX Application Thread] DEBUG Input                - Clearing active input actions
09:29:05.875 [JavaFX Application Thread] DEBUG AppStateMachine      - MainMenuState <- DialogSubState
09:29:05.876 [JavaFX Application Thread] DEBUG AssetLoader          - Loading from cache: /assets/properties/languages/english.properties
09:29:05.877 [JavaFX Application Thread] DEBUG AssetLoader          - Loading from cache: /assets/ui/fonts/VarelaRound-Regular.ttf
09:29:05.878 [JavaFX Application Thread] DEBUG AssetLoader          - Loading from cache: /assets/ui/fonts/VarelaRound-Regular.ttf
09:29:05.878 [JavaFX Application Thread] DEBUG AppStateMachine      - Push state: DialogSubState
09:29:05.878 [JavaFX Application Thread] DEBUG Input                - Clearing active input actions
09:29:05.878 [JavaFX Application Thread] DEBUG AppStateMachine      - MainMenuState -> DialogSubState
09:29:06.615 [JavaFX Application Thread] DEBUG AssetLoader          - Loading from cache: /assets/sounds/menu/select.wav
09:29:07.108 [JavaFX Application Thread] DEBUG AppStateMachine      - Pop state: DialogSubState
09:29:07.108 [JavaFX Application Thread] DEBUG Input                - Clearing active input actions
09:29:07.109 [JavaFX Application Thread] DEBUG AppStateMachine      - MainMenuState <- DialogSubState
09:29:07.109 [JavaFX Application Thread] DEBUG SaveLoadManager      - Loading profile: Mads
09:29:07.120 [JavaFX Application Thread] DEBUG AssetLoader          - Loading from cache: /assets/properties/languages/english.properties
09:29:07.120 [JavaFX Application Thread] DEBUG AssetLoader          - Loading from cache: /assets/ui/fonts/VarelaRound-Regular.ttf
09:29:07.121 [JavaFX Application Thread] DEBUG AssetLoader          - Loading from cache: /assets/ui/fonts/VarelaRound-Regular.ttf
09:29:07.121 [JavaFX Application Thread] DEBUG AppStateMachine      - Push state: DialogSubState
09:29:07.122 [JavaFX Application Thread] DEBUG Input                - Clearing active input actions
09:29:07.122 [JavaFX Application Thread] DEBUG AppStateMachine      - MainMenuState -> DialogSubState
09:29:07.125 [FXGL Background Thread 1 ] DEBUG DesktopFSService     - Reading from: .\profiles\Mads\user.profile
09:29:07.139 [JavaFX Application Thread] DEBUG AppStateMachine      - Pop state: DialogSubState
09:29:07.140 [JavaFX Application Thread] DEBUG Input                - Clearing active input actions
09:29:07.140 [JavaFX Application Thread] DEBUG AppStateMachine      - MainMenuState <- DialogSubState
09:29:07.140 [JavaFX Application Thread] DEBUG EventBus             - Firing event: LoadEvent[type=LOAD_PROFILE]
09:29:07.140 [JavaFX Application Thread] DEBUG AudioPlayer          - Loading data from profile
09:29:07.141 [JavaFX Application Thread] DEBUG Bundle               - Logging bundle: audio
09:29:07.141 [JavaFX Application Thread] DEBUG Bundle               - audio.musicVolume=0.5
09:29:07.141 [JavaFX Application Thread] DEBUG Bundle               - audio.soundVolume=0.5
09:29:07.141 [JavaFX Application Thread] DEBUG Input                - Loading data from profile
09:29:07.141 [JavaFX Application Thread] DEBUG Bundle               - Logging bundle: input
09:29:07.141 [JavaFX Application Thread] DEBUG Bundle               - input.Move Right=D
09:29:07.141 [JavaFX Application Thread] DEBUG Bundle               - input.Move Down(Player 2)=Down
09:29:07.141 [JavaFX Application Thread] DEBUG Bundle               - input.Restart=CTRL+R
09:29:07.141 [JavaFX Application Thread] DEBUG Bundle               - input.Move Up=W
09:29:07.141 [JavaFX Application Thread] DEBUG Bundle               - input.Dev Options=CTRL+0
09:29:07.141 [JavaFX Application Thread] DEBUG Bundle               - input.Move Left=A
09:29:07.141 [JavaFX Application Thread] DEBUG Bundle               - input.Move Up (Player 2)=Up
09:29:07.141 [JavaFX Application Thread] DEBUG Bundle               - input.Move Right (Player2)=Right
09:29:07.141 [JavaFX Application Thread] DEBUG Bundle               - input.Siiiiiii=F
09:29:07.141 [JavaFX Application Thread] DEBUG Bundle               - input.Move Left (Player2)=Left
09:29:07.141 [JavaFX Application Thread] DEBUG Bundle               - input.Screenshot=P
09:29:07.141 [JavaFX Application Thread] DEBUG Bundle               - input.System info dump=CTRL+9
09:29:07.141 [JavaFX Application Thread] DEBUG Bundle               - input.Move Down=S
09:29:07.142 [JavaFX Application Thread] DEBUG Bundle               - Logging bundle: gameplayStats
09:29:07.142 [JavaFX Application Thread] DEBUG Bundle               - gameplayStats.playtime=1031875565575
09:29:07.142 [JavaFX Application Thread] DEBUG AchievementManager   - Loading data from profile
09:29:07.142 [JavaFX Application Thread] DEBUG Bundle               - Logging bundle: achievement
09:29:07.142 [JavaFX Application Thread] DEBUG AssetLoader          - Loading from cache: /assets/properties/languages/english.properties
09:29:07.142 [JavaFX Application Thread] DEBUG AssetLoader          - Loading from cache: /assets/ui/fonts/VarelaRound-Regular.ttf
09:29:07.143 [JavaFX Application Thread] DEBUG AssetLoader          - Loading from cache: /assets/properties/languages/english.properties
09:29:07.143 [JavaFX Application Thread] DEBUG AssetLoader          - Loading from cache: /assets/ui/fonts/VarelaRound-Regular.ttf
09:29:07.143 [JavaFX Application Thread] DEBUG SaveLoadManager      - Loading last modified save file
09:29:07.143 [JavaFX Application Thread] DEBUG SaveLoadManager      - Loading save files
09:29:07.145 [JavaFX Application Thread] DEBUG AssetLoader          - Loading from cache: /assets/properties/languages/english.properties
09:29:07.145 [JavaFX Application Thread] DEBUG AssetLoader          - Loading from cache: /assets/ui/fonts/VarelaRound-Regular.ttf
09:29:07.146 [JavaFX Application Thread] DEBUG AssetLoader          - Loading from cache: /assets/ui/fonts/VarelaRound-Regular.ttf
09:29:07.146 [JavaFX Application Thread] DEBUG AppStateMachine      - Push state: DialogSubState
09:29:07.146 [JavaFX Application Thread] DEBUG Input                - Clearing active input actions
09:29:07.146 [JavaFX Application Thread] DEBUG AppStateMachine      - MainMenuState -> DialogSubState
09:29:07.162 [JavaFX Application Thread] DEBUG AppStateMachine      - Pop state: DialogSubState
09:29:07.162 [JavaFX Application Thread] DEBUG Input                - Clearing active input actions
09:29:07.163 [JavaFX Application Thread] DEBUG AppStateMachine      - MainMenuState <- DialogSubState
09:29:07.297 [JavaFX Application Thread] DEBUG AssetLoader          - Loading from cache: /assets/sounds/menu/select.wav
09:29:07.591 [JavaFX Application Thread] DEBUG FXGL.Menu            - fireNewGame()
09:29:07.591 [JavaFX Application Thread] DEBUG GameApplication      - Starting new game
09:29:07.591 [JavaFX Application Thread] DEBUG Input                - Clearing active input actions
09:29:07.592 [JavaFX Application Thread] DEBUG AssetLoader          - Loading from disk: /assets/ui/css/fxgl_dark.css
09:29:07.599 [JavaFX Application Thread] DEBUG AppStateMachine      - MainMenuState -> LoadingState
09:29:07.602 [FXGL Background Thread 1 ] DEBUG InitAppTask          - Clearing previous game
09:29:07.602 [FXGL Background Thread 1 ] DEBUG GameWorld            - Clearing game world
09:29:07.602 [FXGL Background Thread 1 ] DEBUG PhysicsWorld         - Clearing physics world
09:29:07.602 [FXGL Background Thread 1 ] DEBUG GameScene            - Clearing game scene
09:29:07.605 [FXGL Background Thread 1 ] DEBUG InitAppTask          - Initializing Game
09:29:07.631 [FXGL Background Thread 1 ] DEBUG AssetLoader          - Loading from disk: /assets/textures/background1.png
09:29:07.654 [FXGL Background Thread 1 ] DEBUG GameScene            - Creating render group for layer: DEFAULT(100000)
09:29:07.655 [FXGL Background Thread 1 ] DEBUG AssetLoader          - Loading from disk: /assets/textures/slime1.png
09:29:07.660 [FXGL Background Thread 1 ] DEBUG AssetLoader          - Loading from disk: /assets/textures/slime2.png
09:29:07.663 [FXGL Background Thread 1 ] DEBUG AssetLoader          - Loading from disk: /assets/textures/ball.png
09:29:07.666 [FXGL Background Thread 1 ] DEBUG AssetLoader          - Loading from disk: /assets/textures/bottomline.png
09:29:07.669 [FXGL Background Thread 1 ] DEBUG InitAppTask          - Initializing Physics
09:29:07.670 [FXGL Background Thread 1 ] DEBUG InitAppTask          - Initializing UI
09:29:07.672 [FXGL Background Thread 1 ] DEBUG InitAppTask          - Initialization Complete
09:29:07.672 [FXGL Background Thread 1 ] INFO  InitAppTask          - Game initialization took: 0,071 sec
09:29:07.680 [JavaFX Application Thread] DEBUG Input                - Clearing active input actions
09:29:07.680 [JavaFX Application Thread] DEBUG AssetLoader          - Loading from disk: /assets/ui/css/fxgl_dark.css
09:29:07.694 [JavaFX Application Thread] DEBUG AppStateMachine      - LoadingState -> PlayState
09:29:15.416 [JavaFX Application Thread] DEBUG FXGL                 - Exiting FXGL
09:29:15.416 [JavaFX Application Thread] DEBUG MenuEventHandler     - Creating default profile
09:29:15.416 [JavaFX Application Thread] DEBUG EventBus             - Firing event: SaveEvent
09:29:15.416 [JavaFX Application Thread] DEBUG AudioPlayer          - Saving data to profile
09:29:15.416 [JavaFX Application Thread] DEBUG Bundle               - Logging bundle: audio
09:29:15.416 [JavaFX Application Thread] DEBUG Bundle               - audio.musicVolume=0.5
09:29:15.416 [JavaFX Application Thread] DEBUG Bundle               - audio.soundVolume=0.5
09:29:15.417 [JavaFX Application Thread] DEBUG Input                - Saving data to profile
09:29:15.417 [JavaFX Application Thread] DEBUG Bundle               - Logging bundle: input
09:29:15.417 [JavaFX Application Thread] DEBUG Bundle               - input.Move Right=D
09:29:15.417 [JavaFX Application Thread] DEBUG Bundle               - input.Move Down(Player 2)=Down
09:29:15.417 [JavaFX Application Thread] DEBUG Bundle               - input.Restart=CTRL+R
09:29:15.417 [JavaFX Application Thread] DEBUG Bundle               - input.Move Up=W
09:29:15.417 [JavaFX Application Thread] DEBUG Bundle               - input.Dev Options=CTRL+0
09:29:15.417 [JavaFX Application Thread] DEBUG Bundle               - input.Move Left=A
09:29:15.417 [JavaFX Application Thread] DEBUG Bundle               - input.Move Up (Player 2)=Up
09:29:15.418 [JavaFX Application Thread] DEBUG Bundle               - input.Move Right (Player2)=Right
09:29:15.418 [JavaFX Application Thread] DEBUG Bundle               - input.Siiiiiii=F
09:29:15.418 [JavaFX Application Thread] DEBUG Bundle               - input.Move Left (Player2)=Left
09:29:15.418 [JavaFX Application Thread] DEBUG Bundle               - input.Screenshot=P
09:29:15.418 [JavaFX Application Thread] DEBUG Bundle               - input.System info dump=CTRL+9
09:29:15.418 [JavaFX Application Thread] DEBUG Bundle               - input.Move Down=S
09:29:15.418 [JavaFX Application Thread] DEBUG Bundle               - Logging bundle: gameplayStats
09:29:15.418 [JavaFX Application Thread] DEBUG Bundle               - gameplayStats.playtime=1039810750443
09:29:15.418 [JavaFX Application Thread] DEBUG AchievementManager   - Saving data to profile
09:29:15.418 [JavaFX Application Thread] DEBUG Bundle               - Logging bundle: achievement
09:29:15.419 [JavaFX Application Thread] DEBUG SaveLoadManager      - Saving profile: Mads
09:29:15.423 [JavaFX Application Thread] DEBUG DesktopFSService     - Writing to: .\profiles\Mads\user.profile
09:29:15.430 [JavaFX Application Thread] DEBUG FXGL                 - Shutting down background threads
09:29:15.430 [JavaFX Application Thread] DEBUG FXGL                 - Saving FXGL system data
09:29:15.433 [JavaFX Application Thread] DEBUG DesktopFSService     - Writing to: system\fxgl.bundle
09:29:15.436 [JavaFX Application Thread] DEBUG FXGL                 - Closing logger and exiting JavaFX
