11:03:26.851 [JavaFX Application Thread] DEBUG GameApplication      - Logger initialized
11:03:26.874 [JavaFX Application Thread] DEBUG MainWindow           - Creating a JavaFX scene
11:03:27.017 [JavaFX Application Thread] DEBUG MainWindow           - Target settings size: 1200.0 x 600.0
11:03:27.017 [JavaFX Application Thread] DEBUG MainWindow           - Scaled scene size:    1200.0 x 600.0
11:03:27.017 [JavaFX Application Thread] DEBUG MainWindow           - Scaled ratio: (1.0, 1.0)
11:03:27.167 [JavaFX Application Thread] DEBUG GameApplication      - Starting FXGL
11:03:27.220 [FXGL Launcher Thread     ] INFO  Version              - FXGL-0.4.3
11:03:27.221 [FXGL Launcher Thread     ] INFO  Version              - Source code and latest versions at: https://github.com/AlmasB/FXGL
11:03:27.221 [FXGL Launcher Thread     ] INFO  Version              -              Join the FXGL chat at: https://gitter.im/AlmasB/FXGL
11:03:27.222 [FXGL Launcher Thread     ] DEBUG FXGL                 - Loading FXGL system data
11:03:27.230 [FXGL Launcher Thread     ] DEBUG IOTask               - Executing task: readDataTask(system/fxgl.bundle)
11:03:27.245 [FXGL Launcher Thread     ] DEBUG FS                   - Reading from: system\fxgl.bundle
11:03:27.258 [FXGL Launcher Thread     ] DEBUG IOTask               - Task succeeded: readDataTask(system/fxgl.bundle)
11:03:27.259 [FXGL Launcher Thread     ] DEBUG Bundle               - Logging bundle: FXGL
11:03:27.260 [FXGL Launcher Thread     ] DEBUG Bundle               - FXGL.offline.timer.version.check=2019-01-15T09:28:22.000785300
11:03:27.267 [FXGL Launcher Thread     ] DEBUG GameApplication      - FXGL started
11:03:27.267 [FXGL Launcher Thread     ] DEBUG GameApplication      - Logging game settings
Title: SlimeSoccer2000
Version: 0.1
Width: 1200
Height: 600
Fullscreen: false
Intro: false
Menus: true
Profiling: false
Single step:false
App Mode: DEVELOPER
Menu Key: M
Stage Style: DECORATED
Scene Factory: class com.almasb.fxgl.scene.SceneFactory
Dialog Factory: class com.almasb.fxgl.ui.FXGLDialogFactory
UI Factory: class com.almasb.fxgl.ui.FXGLUIFactory
Notification Service: class com.almasb.fxgl.gameplay.notification.XboxNotificationView
Exception Handler: class com.almasb.fxgl.app.FXGLExceptionHandler
11:03:27.268 [FXGL Launcher Thread     ] DEBUG GameApplication      - Configuring GameApplication
11:03:27.268 [FXGL Launcher Thread     ] DEBUG GameApplication      - Initializing state machine and application states
11:03:27.281 [FXGL Launcher Thread     ] DEBUG AssetLoader          - Loading from disk: /assets/ui/cursors/fxgl_default.png
11:03:27.303 [FXGL Launcher Thread     ] DEBUG AssetLoader          - Loading from disk: /assets/ui/cursors/fxgl_default.png
11:03:27.306 [FXGL Launcher Thread     ] DEBUG AssetLoader          - Loading from disk: /assets/ui/cursors/fxgl_default.png
11:03:27.317 [FXGL Launcher Thread     ] DEBUG AssetLoader          - Loading from disk: /assets/sounds/core/notification.wav
11:03:27.357 [FXGL Launcher Thread     ] DEBUG AssetLoader          - Loading from disk: /assets/sounds/menu/select.wav
11:03:27.360 [FXGL Launcher Thread     ] DEBUG AssetLoader          - Loading from disk: /assets/sounds/menu/back.wav
11:03:27.363 [FXGL Launcher Thread     ] DEBUG AssetLoader          - Loading from disk: /assets/sounds/menu/press.wav
11:03:27.367 [FXGL Launcher Thread     ] DEBUG AssetLoader          - Loading from disk: /assets/ui/fonts/VarelaRound-Regular.ttf
11:03:27.713 [FXGL Launcher Thread     ] DEBUG AssetLoader          - Loading from disk: /assets/ui/fonts/lucida_console.ttf
11:03:27.722 [FXGL Launcher Thread     ] DEBUG AssetLoader          - Loading from disk: /assets/ui/css/fxgl_dark.css
11:03:27.722 [FXGL Launcher Thread     ] DEBUG AssetLoader          - Loading from disk: /assets/ui/icons/fxgl_icon.png
11:03:27.754 [FXGL Launcher Thread     ] DEBUG AssetLoader          - Loading from disk: /assets/ui/cursors/fxgl_default.png
11:03:27.776 [FXGL Launcher Thread     ] DEBUG FXGL.GameScene       - Game scene initialized: 1200x600
11:03:27.780 [FXGL Launcher Thread     ] DEBUG FXGL.GameWorld       - Game world initialized
11:03:27.853 [FXGL Launcher Thread     ] DEBUG PhysicsWorld         - Physics world initialized: appHeight=600, physics.ppm=50,0
11:03:27.882 [FXGL Launcher Thread     ] DEBUG AssetLoader          - Loading from disk: /assets/ui/cursors/fxgl_default.png
11:03:27.888 [FXGL Launcher Thread     ] DEBUG FXGL.Menu            - createMenuBodyMainMenu()
11:03:27.897 [FXGL Launcher Thread     ] DEBUG AssetLoader          - Loading from disk: /assets/properties/languages/english.properties
11:03:27.900 [FXGL Launcher Thread     ] DEBUG AssetLoader          - Loading from cache: /assets/properties/languages/english.properties
11:03:27.900 [FXGL Launcher Thread     ] DEBUG FXGL.Menu            - createOptionsMenu()
11:03:27.900 [FXGL Launcher Thread     ] DEBUG AssetLoader          - Loading from cache: /assets/properties/languages/english.properties
11:03:27.902 [FXGL Launcher Thread     ] DEBUG AssetLoader          - Loading from cache: /assets/properties/languages/english.properties
11:03:27.902 [FXGL Launcher Thread     ] DEBUG AssetLoader          - Loading from cache: /assets/properties/languages/english.properties
11:03:27.903 [FXGL Launcher Thread     ] DEBUG AssetLoader          - Loading from cache: /assets/properties/languages/english.properties
11:03:27.904 [FXGL Launcher Thread     ] DEBUG AssetLoader          - Loading from cache: /assets/properties/languages/english.properties
11:03:27.910 [FXGL Launcher Thread     ] DEBUG AssetLoader          - Loading from cache: /assets/properties/languages/english.properties
11:03:27.914 [FXGL Launcher Thread     ] DEBUG AssetLoader          - Loading from cache: /assets/properties/languages/english.properties
11:03:27.916 [FXGL Launcher Thread     ] DEBUG AssetLoader          - Loading from cache: /assets/properties/languages/english.properties
11:03:27.919 [FXGL Launcher Thread     ] DEBUG AssetLoader          - Loading from disk: /assets/ui/cursors/fxgl_default.png
11:03:27.921 [FXGL Launcher Thread     ] DEBUG FXGL.Menu            - createMenuBodyGameMenu()
11:03:27.922 [FXGL Launcher Thread     ] DEBUG AssetLoader          - Loading from cache: /assets/properties/languages/english.properties
11:03:27.923 [FXGL Launcher Thread     ] DEBUG AssetLoader          - Loading from cache: /assets/properties/languages/english.properties
11:03:27.923 [FXGL Launcher Thread     ] DEBUG FXGL.Menu            - createOptionsMenu()
11:03:27.923 [FXGL Launcher Thread     ] DEBUG AssetLoader          - Loading from cache: /assets/properties/languages/english.properties
11:03:27.924 [FXGL Launcher Thread     ] DEBUG AssetLoader          - Loading from cache: /assets/properties/languages/english.properties
11:03:27.924 [FXGL Launcher Thread     ] DEBUG AssetLoader          - Loading from cache: /assets/properties/languages/english.properties
11:03:27.924 [FXGL Launcher Thread     ] DEBUG AssetLoader          - Loading from cache: /assets/properties/languages/english.properties
11:03:27.925 [FXGL Launcher Thread     ] DEBUG AssetLoader          - Loading from cache: /assets/properties/languages/english.properties
11:03:27.926 [FXGL Launcher Thread     ] DEBUG AssetLoader          - Loading from cache: /assets/properties/languages/english.properties
11:03:27.926 [FXGL Launcher Thread     ] DEBUG AssetLoader          - Loading from cache: /assets/properties/languages/english.properties
11:03:27.938 [FXGL Launcher Thread     ] INFO  GameApplication      - Game configuration took:  0,668 sec
11:03:27.951 [JavaFX Application Thread] DEBUG MainWindow           - Opening main window
11:03:28.002 [JavaFX Application Thread] DEBUG MainWindow           - Window border size: (14.4000244140625, 37.5999755859375)
11:03:28.002 [JavaFX Application Thread] DEBUG MainWindow           - Scaled size: 1200.0 x 600.0
11:03:28.003 [JavaFX Application Thread] DEBUG MainWindow           - Scaled ratio: (1.0, 1.0)
11:03:28.003 [JavaFX Application Thread] DEBUG MainWindow           - Scene size: 1200.0 x 600.0
11:03:28.003 [JavaFX Application Thread] DEBUG MainWindow           - Stage size: 1214.4000244140625 x 637.5999755859375
11:03:28.003 [JavaFX Application Thread] DEBUG GameApplication      - Running preInit()
11:03:28.004 [JavaFX Application Thread] DEBUG AnnotationParser     - Main app package name: 
11:03:28.004 [JavaFX Application Thread] WARN  AnnotationParser     - SoccerSlime has no package or contains uppercase letters. Disabling annotations processing
11:03:28.039 [JavaFX Application Thread] DEBUG Input                - Registered new binding: Screenshot - P
11:03:28.040 [JavaFX Application Thread] DEBUG Input                - Registered new binding: Dev Options - CTRL+0
11:03:28.041 [JavaFX Application Thread] DEBUG Input                - Registered new binding: Restart - CTRL+R
11:03:28.041 [JavaFX Application Thread] DEBUG Input                - Registered new binding: Move Right - D
11:03:28.041 [JavaFX Application Thread] DEBUG Input                - Registered new binding: Move Left - A
11:03:28.042 [JavaFX Application Thread] DEBUG Input                - Registered new binding: Move Up - W
11:03:28.042 [JavaFX Application Thread] DEBUG Input                - Registered new binding: Celebrate - F
11:03:28.042 [JavaFX Application Thread] DEBUG Input                - Registered new binding: Move Right (Player2) - Right
11:03:28.042 [JavaFX Application Thread] DEBUG Input                - Registered new binding: Move Left (Player2) - Left
11:03:28.042 [JavaFX Application Thread] DEBUG Input                - Registered new binding: Move Up (Player 2) - Up
11:03:28.043 [JavaFX Application Thread] DEBUG MenuEventHandler     - generateDefaultProfile()
11:03:28.043 [JavaFX Application Thread] DEBUG MenuEventHandler     - Creating default profile
11:03:28.044 [JavaFX Application Thread] DEBUG EventBus             - Firing event: SaveEvent
11:03:28.046 [JavaFX Application Thread] DEBUG AudioPlayer          - Saving data to profile
11:03:28.046 [JavaFX Application Thread] DEBUG Bundle               - Logging bundle: audio
11:03:28.047 [JavaFX Application Thread] DEBUG Bundle               - audio.musicVolume=0.5
11:03:28.047 [JavaFX Application Thread] DEBUG Bundle               - audio.soundVolume=0.5
11:03:28.047 [JavaFX Application Thread] DEBUG Input                - Saving data to profile
11:03:28.047 [JavaFX Application Thread] DEBUG Bundle               - Logging bundle: input
11:03:28.047 [JavaFX Application Thread] DEBUG Bundle               - input.Move Right=D
11:03:28.047 [JavaFX Application Thread] DEBUG Bundle               - input.Move Left (Player2)=Left
11:03:28.048 [JavaFX Application Thread] DEBUG Bundle               - input.Celebrate=F
11:03:28.048 [JavaFX Application Thread] DEBUG Bundle               - input.Screenshot=P
11:03:28.048 [JavaFX Application Thread] DEBUG Bundle               - input.Restart=CTRL+R
11:03:28.048 [JavaFX Application Thread] DEBUG Bundle               - input.Move Up=W
11:03:28.048 [JavaFX Application Thread] DEBUG Bundle               - input.Dev Options=CTRL+0
11:03:28.048 [JavaFX Application Thread] DEBUG Bundle               - input.Move Left=A
11:03:28.048 [JavaFX Application Thread] DEBUG Bundle               - input.Move Up (Player 2)=Up
11:03:28.048 [JavaFX Application Thread] DEBUG Bundle               - input.Move Right (Player2)=Right
11:03:28.053 [JavaFX Application Thread] DEBUG Bundle               - Logging bundle: gameplayStats
11:03:28.053 [JavaFX Application Thread] DEBUG Bundle               - gameplayStats.playtime=0
11:03:28.055 [JavaFX Application Thread] DEBUG AchievementManager   - Saving data to profile
11:03:28.055 [JavaFX Application Thread] DEBUG Bundle               - Logging bundle: achievement
11:03:28.074 [JavaFX Application Thread] DEBUG GameApplication      - Starting main loop
11:03:28.078 [JavaFX Application Thread] DEBUG StartupState         - STARTUP
11:03:28.079 [JavaFX Application Thread] DEBUG Input                - Clearing active input actions
11:03:28.128 [JavaFX Application Thread] DEBUG AppStateMachine      - StartupState -> MainMenuState
11:03:28.140 [JavaFX Application Thread] DEBUG FXGL.SaveLoadManager - Checking profiles dir: profiles/
11:03:28.140 [JavaFX Application Thread] DEBUG FXGL.SaveLoadManager - Loading profile names
11:03:28.146 [JavaFX Application Thread] DEBUG IOTask               - Showing dialog
11:03:28.154 [JavaFX Application Thread] DEBUG AppStateMachine      - Push state: DialogSubState
11:03:28.155 [JavaFX Application Thread] DEBUG Input                - Clearing active input actions
11:03:28.155 [JavaFX Application Thread] DEBUG AppStateMachine      - MainMenuState -> DialogSubState
11:03:28.162 [FXGL Background Thread 1 ] DEBUG IOTask               - Executing task: loadDirectoryNamesTask(./profiles/, false)
11:03:28.304 [JavaFX Application Thread] DEBUG IOTask               - succeed(): Dismissing dialog
11:03:28.305 [JavaFX Application Thread] DEBUG AppStateMachine      - Pop state: DialogSubState
11:03:28.305 [JavaFX Application Thread] DEBUG Input                - Clearing active input actions
11:03:28.306 [JavaFX Application Thread] DEBUG AppStateMachine      - MainMenuState <- DialogSubState
11:03:28.306 [JavaFX Application Thread] DEBUG IOTask               - Task succeeded: loadDirectoryNamesTask(./profiles/, false)
11:03:28.310 [JavaFX Application Thread] DEBUG AppStateMachine      - Push state: DialogSubState
11:03:28.311 [JavaFX Application Thread] DEBUG Input                - Clearing active input actions
11:03:28.311 [JavaFX Application Thread] DEBUG AppStateMachine      - MainMenuState -> DialogSubState
11:03:29.166 [JavaFX Application Thread] DEBUG AppStateMachine      - Pop state: DialogSubState
11:03:29.166 [JavaFX Application Thread] DEBUG Input                - Clearing active input actions
11:03:29.168 [JavaFX Application Thread] DEBUG AppStateMachine      - MainMenuState <- DialogSubState
11:03:29.168 [JavaFX Application Thread] DEBUG FXGL.SaveLoadManager - Loading profile: Mads
11:03:29.170 [JavaFX Application Thread] DEBUG IOTask               - Showing dialog
11:03:29.172 [JavaFX Application Thread] DEBUG AppStateMachine      - Push state: DialogSubState
11:03:29.172 [JavaFX Application Thread] DEBUG Input                - Clearing active input actions
11:03:29.172 [JavaFX Application Thread] DEBUG AppStateMachine      - MainMenuState -> DialogSubState
11:03:29.175 [FXGL Background Thread 1 ] DEBUG IOTask               - Executing task: readDataTask(./profiles/Mads/user.profile)
11:03:29.175 [FXGL Background Thread 1 ] DEBUG FS                   - Reading from: .\profiles\Mads\user.profile
11:03:29.193 [JavaFX Application Thread] DEBUG IOTask               - succeed(): Dismissing dialog
11:03:29.193 [JavaFX Application Thread] DEBUG AppStateMachine      - Pop state: DialogSubState
11:03:29.194 [JavaFX Application Thread] DEBUG Input                - Clearing active input actions
11:03:29.194 [JavaFX Application Thread] DEBUG AppStateMachine      - MainMenuState <- DialogSubState
11:03:29.194 [JavaFX Application Thread] DEBUG IOTask               - Task succeeded: readDataTask(./profiles/Mads/user.profile)
11:03:29.195 [JavaFX Application Thread] DEBUG EventBus             - Firing event: LoadEvent[type=LOAD_PROFILE]
11:03:29.195 [JavaFX Application Thread] DEBUG AudioPlayer          - Loading data from profile
11:03:29.195 [JavaFX Application Thread] DEBUG Bundle               - Logging bundle: audio
11:03:29.195 [JavaFX Application Thread] DEBUG Bundle               - audio.musicVolume=0.5
11:03:29.195 [JavaFX Application Thread] DEBUG Bundle               - audio.soundVolume=0.5
11:03:29.195 [JavaFX Application Thread] DEBUG Input                - Loading data from profile
11:03:29.195 [JavaFX Application Thread] DEBUG Bundle               - Logging bundle: input
11:03:29.195 [JavaFX Application Thread] DEBUG Bundle               - input.Move Right=D
11:03:29.195 [JavaFX Application Thread] DEBUG Bundle               - input.Move Left (Player2)=Left
11:03:29.195 [JavaFX Application Thread] DEBUG Bundle               - input.Celebrate=F
11:03:29.196 [JavaFX Application Thread] DEBUG Bundle               - input.Screenshot=P
11:03:29.196 [JavaFX Application Thread] DEBUG Bundle               - input.Restart=CTRL+R
11:03:29.196 [JavaFX Application Thread] DEBUG Bundle               - input.Move Up=W
11:03:29.196 [JavaFX Application Thread] DEBUG Bundle               - input.Dev Options=CTRL+0
11:03:29.196 [JavaFX Application Thread] DEBUG Bundle               - input.Move Left=A
11:03:29.196 [JavaFX Application Thread] DEBUG Bundle               - input.Move Up (Player 2)=Up
11:03:29.196 [JavaFX Application Thread] DEBUG Bundle               - input.Move Right (Player2)=Right
11:03:29.196 [JavaFX Application Thread] DEBUG Bundle               - Logging bundle: gameplayStats
11:03:29.197 [JavaFX Application Thread] DEBUG Bundle               - gameplayStats.playtime=1824476606828
11:03:29.197 [JavaFX Application Thread] DEBUG AchievementManager   - Loading data from profile
11:03:29.197 [JavaFX Application Thread] DEBUG Bundle               - Logging bundle: achievement
11:03:29.198 [JavaFX Application Thread] DEBUG FXGL.SaveLoadManager - Loading last modified save file
11:03:29.198 [JavaFX Application Thread] DEBUG FXGL.SaveLoadManager - Loading save files
11:03:29.201 [JavaFX Application Thread] DEBUG IOTask               - Showing dialog
11:03:29.202 [JavaFX Application Thread] DEBUG AppStateMachine      - Push state: DialogSubState
11:03:29.203 [JavaFX Application Thread] DEBUG Input                - Clearing active input actions
11:03:29.203 [JavaFX Application Thread] DEBUG AppStateMachine      - MainMenuState -> DialogSubState
11:03:29.205 [FXGL Background Thread 1 ] DEBUG IOTask               - Executing task: loadFileNamesTask(./profiles/Mads/saves/, true, [FileExtension(extension=.sav)])
11:03:29.205 [FXGL Background Thread 1 ] DEBUG IOTask               - Executing task: loadFileNamesTask(./profiles/Mads/saves/, true, [FileExtension(extension=.sav)])
11:03:29.205 [FXGL Background Thread 1 ] DEBUG IOTask               - Executing task: loadFileNamesTask(./profiles/Mads/saves/, true, [FileExtension(extension=.sav)])
11:03:29.209 [FXGL Background Thread 1 ] DEBUG IOTask               - Executing task: readSaveFiles
11:03:29.211 [FXGL Background Thread 1 ] DEBUG IOTask               - Executing task: findLastSave
11:03:29.225 [JavaFX Application Thread] DEBUG IOTask               - fail(): Dismissing dialog
11:03:29.225 [JavaFX Application Thread] DEBUG AppStateMachine      - Pop state: DialogSubState
11:03:29.225 [JavaFX Application Thread] DEBUG Input                - Clearing active input actions
11:03:29.226 [JavaFX Application Thread] DEBUG AppStateMachine      - MainMenuState <- DialogSubState
11:03:29.226 [JavaFX Application Thread] WARN  IOTask               - Task failed: loadFileNamesTask(./profiles/Mads/saves/, true, [FileExtension(extension=.sav)]) Error: java.io.FileNotFoundException: No save files found
11:03:29.581 [JavaFX Application Thread] DEBUG FXGL.Menu            - fireNewGame()
11:03:29.581 [JavaFX Application Thread] DEBUG GameApplication      - Starting new game
11:03:29.581 [JavaFX Application Thread] DEBUG Input                - Clearing active input actions
11:03:29.588 [JavaFX Application Thread] DEBUG AppStateMachine      - MainMenuState -> LoadingState
11:03:29.589 [JavaFX Application Thread] DEBUG AnnotationParser     - Main app package name: 
11:03:29.589 [JavaFX Application Thread] WARN  AnnotationParser     - SoccerSlime has no package or contains uppercase letters. Disabling annotations processing
11:03:29.589 [JavaFX Application Thread] DEBUG InitAppTask          - Parsing annotations
11:03:29.590 [FXGL Background Thread 1 ] DEBUG InitAppTask          - Clearing previous game
11:03:29.590 [FXGL Background Thread 1 ] DEBUG FXGL.GameWorld       - Clearing game world
11:03:29.591 [FXGL Background Thread 1 ] DEBUG PhysicsWorld         - Clearing physics world
11:03:29.591 [FXGL Background Thread 1 ] DEBUG FXGL.GameScene       - Clearing game scene
11:03:29.591 [FXGL Background Thread 1 ] DEBUG InitAppTask          - Initializing Assets
11:03:29.592 [FXGL Background Thread 1 ] DEBUG InitAppTask          - Initializing Game
11:03:29.645 [FXGL Background Thread 1 ] DEBUG AssetLoader          - Loading from disk: /assets/textures/background1.png
11:03:29.700 [FXGL Background Thread 1 ] DEBUG FXGL.GameScene       - Creating render group for layer: DEFAULT(100000)
11:03:29.705 [FXGL Background Thread 1 ] DEBUG AssetLoader          - Loading from disk: /assets/textures/slime1.png
11:03:29.711 [FXGL Background Thread 1 ] DEBUG AssetLoader          - Loading from disk: /assets/textures/slime2.png
11:03:29.752 [FXGL Background Thread 1 ] DEBUG AssetLoader          - Loading from disk: /assets/textures/ball.png
11:03:29.755 [FXGL Background Thread 1 ] DEBUG AssetLoader          - Loading from disk: /assets/textures/bottomline.png
11:03:29.758 [FXGL Background Thread 1 ] DEBUG InitAppTask          - Initializing Physics
11:03:29.758 [FXGL Background Thread 1 ] DEBUG InitAppTask          - Initializing UI
11:03:29.760 [FXGL Background Thread 1 ] DEBUG InitAppTask          - Initialization Complete
11:03:29.760 [FXGL Background Thread 1 ] INFO  InitAppTask          - Game initialization took: 0,170 sec
11:03:29.772 [JavaFX Application Thread] DEBUG Input                - Clearing active input actions
11:03:29.778 [JavaFX Application Thread] DEBUG AppStateMachine      - LoadingState -> PlayState
11:03:46.799 [JavaFX Application Thread] DEBUG GameApplication      - Exiting game application
11:03:46.800 [JavaFX Application Thread] DEBUG MenuEventHandler     - Creating default profile
11:03:46.800 [JavaFX Application Thread] DEBUG EventBus             - Firing event: SaveEvent
11:03:46.800 [JavaFX Application Thread] DEBUG AudioPlayer          - Saving data to profile
11:03:46.800 [JavaFX Application Thread] DEBUG Bundle               - Logging bundle: audio
11:03:46.800 [JavaFX Application Thread] DEBUG Bundle               - audio.musicVolume=0.5
11:03:46.801 [JavaFX Application Thread] DEBUG Bundle               - audio.soundVolume=0.5
11:03:46.801 [JavaFX Application Thread] DEBUG Input                - Saving data to profile
11:03:46.801 [JavaFX Application Thread] DEBUG Bundle               - Logging bundle: input
11:03:46.801 [JavaFX Application Thread] DEBUG Bundle               - input.Move Right=D
11:03:46.801 [JavaFX Application Thread] DEBUG Bundle               - input.Move Left (Player2)=Left
11:03:46.801 [JavaFX Application Thread] DEBUG Bundle               - input.Celebrate=F
11:03:46.801 [JavaFX Application Thread] DEBUG Bundle               - input.Screenshot=P
11:03:46.801 [JavaFX Application Thread] DEBUG Bundle               - input.Restart=CTRL+R
11:03:46.801 [JavaFX Application Thread] DEBUG Bundle               - input.Move Up=W
11:03:46.802 [JavaFX Application Thread] DEBUG Bundle               - input.Dev Options=CTRL+0
11:03:46.802 [JavaFX Application Thread] DEBUG Bundle               - input.Move Left=A
11:03:46.802 [JavaFX Application Thread] DEBUG Bundle               - input.Move Up (Player 2)=Up
11:03:46.802 [JavaFX Application Thread] DEBUG Bundle               - input.Move Right (Player2)=Right
11:03:46.802 [JavaFX Application Thread] DEBUG Bundle               - Logging bundle: gameplayStats
11:03:46.802 [JavaFX Application Thread] DEBUG Bundle               - gameplayStats.playtime=1842149291307
11:03:46.802 [JavaFX Application Thread] DEBUG AchievementManager   - Saving data to profile
11:03:46.802 [JavaFX Application Thread] DEBUG Bundle               - Logging bundle: achievement
11:03:46.802 [JavaFX Application Thread] DEBUG FXGL.SaveLoadManager - Saving profile: Mads
11:03:46.804 [JavaFX Application Thread] DEBUG IOTask               - Executing task: writeDataTask(./profiles/Mads/user.profile)
11:03:46.804 [JavaFX Application Thread] DEBUG IOTask               - Executing task: writeDataTask(./profiles/Mads/user.profile)
11:03:46.806 [JavaFX Application Thread] DEBUG FS                   - Writing to: .\profiles\Mads\user.profile
11:03:46.809 [JavaFX Application Thread] DEBUG IOTask               - Executing task: checkSavesDir(./profiles/Mads/saves/)
11:03:46.809 [JavaFX Application Thread] DEBUG IOTask               - Task succeeded: writeDataTask(./profiles/Mads/user.profile)
11:03:46.809 [JavaFX Application Thread] DEBUG GameApplication      - Shutting down background threads
11:03:46.810 [JavaFX Application Thread] DEBUG GameApplication      - Exiting FXGL
11:03:46.810 [JavaFX Application Thread] DEBUG FXGL                 - Saving FXGL system data
11:03:46.810 [JavaFX Application Thread] DEBUG IOTask               - Executing task: writeDataTask(system/fxgl.bundle)
11:03:46.811 [JavaFX Application Thread] DEBUG FS                   - Writing to: system\fxgl.bundle
11:03:46.814 [JavaFX Application Thread] DEBUG IOTask               - Task succeeded: writeDataTask(system/fxgl.bundle)
11:03:46.814 [JavaFX Application Thread] DEBUG GameApplication      - Closing logger and exiting JavaFX
