11:47:28.980 [JavaFX Application Thread] DEBUG GameApplication      - Logger initialized
11:47:29.021 [JavaFX Application Thread] DEBUG GameApplication      - Logging settings
Title: SlimeSoccer2000
Version: 0.1
Width: 1200
Height: 600
Fullscreen: false
Intro: false
Menus: true
Profiling: false
Single step:false
App Mode: DEVELOPER
Menu Key: M
Stage Style: DECORATED
Scene Factory: class com.almasb.fxgl.scene.SceneFactory
Dialog Factory: class com.almasb.fxgl.ui.FXGLDialogFactory
UI Factory: class com.almasb.fxgl.ui.FXGLUIFactory
Notification Service: class com.almasb.fxgl.gameplay.notification.XboxNotificationView
Exception Handler: class com.almasb.fxgl.app.FXGLExceptionHandler
11:47:29.022 [JavaFX Application Thread] DEBUG GameApplication      - Starting FXGL
11:47:29.049 [JavaFX Application Thread] INFO  FXGL                 - FXGL-0.5.4 on DESKTOP
11:47:29.050 [JavaFX Application Thread] INFO  FXGL                 - Source code and latest versions at: https://github.com/AlmasB/FXGL
11:47:29.050 [JavaFX Application Thread] INFO  FXGL                 -              Join the FXGL chat at: https://gitter.im/AlmasB/FXGL
11:47:29.051 [JavaFX Application Thread] DEBUG FXGL                 - FXGL started
11:47:29.051 [JavaFX Application Thread] DEBUG FXGL                 - Initializing FXGL
11:47:29.153 [JavaFX Application Thread] DEBUG AssetLoader          - Loading from disk: /assets/ui/cursors/fxgl_default.png
11:47:29.360 [JavaFX Application Thread] DEBUG AssetLoader          - Loading from disk: /assets/ui/fonts/VarelaRound-Regular.ttf
11:47:30.055 [JavaFX Application Thread] DEBUG MainWindow           - Creating a JavaFX scene
11:47:30.134 [JavaFX Application Thread] DEBUG MainWindow           - Target settings size: 1200.0 x 600.0
11:47:30.135 [JavaFX Application Thread] DEBUG MainWindow           - Scaled scene size:    1200.0 x 600.0
11:47:30.135 [JavaFX Application Thread] DEBUG MainWindow           - Scaled ratio: (1.0, 1.0)
11:47:30.142 [JavaFX Application Thread] DEBUG AssetLoader          - Loading from disk: /assets/ui/css/fxgl_dark.css
11:47:30.151 [JavaFX Application Thread] DEBUG AssetLoader          - Loading from disk: /assets/textures/fxgl_icon.png
11:47:30.214 [JavaFX Application Thread] DEBUG MainWindow           - Opening main window
11:47:30.522 [JavaFX Application Thread] DEBUG MainWindow           - Window border size: (14.4000244140625, 37.5999755859375)
11:47:30.522 [JavaFX Application Thread] DEBUG MainWindow           - Scaled size: 1200.0 x 600.0
11:47:30.523 [JavaFX Application Thread] DEBUG MainWindow           - Scaled ratio: (1.0, 1.0)
11:47:30.523 [JavaFX Application Thread] DEBUG MainWindow           - Scene size: 1200.0 x 600.0
11:47:30.524 [JavaFX Application Thread] DEBUG MainWindow           - Stage size: 1214.4000244140625 x 637.5999755859375
11:47:30.653 [ForkJoinPool.commonPool-worker-9] DEBUG FS                   - Loaded DesktopFSService
11:47:30.654 [ForkJoinPool.commonPool-worker-9] DEBUG FXGL                 - Loading FXGL system data
11:47:30.668 [ForkJoinPool.commonPool-worker-9] DEBUG DesktopFSService     - Reading from: system\fxgl.bundle
11:47:30.693 [ForkJoinPool.commonPool-worker-9] DEBUG Bundle               - Logging bundle: FXGL
11:47:30.695 [ForkJoinPool.commonPool-worker-9] DEBUG Bundle               - FXGL.offline.timer.version.check=2019-01-07T14:44:13.971316
11:47:30.699 [ForkJoinPool.commonPool-worker-9] DEBUG FXGL                 - Initializing state machine and application states
11:47:30.703 [ForkJoinPool.commonPool-worker-9] DEBUG AssetLoader          - Loading from disk: /assets/ui/cursors/fxgl_default.png
11:47:30.722 [ForkJoinPool.commonPool-worker-9] DEBUG AssetLoader          - Loading from disk: /assets/ui/cursors/fxgl_default.png
11:47:30.754 [ForkJoinPool.commonPool-worker-9] DEBUG AssetLoader          - Loading from cache: /assets/ui/fonts/VarelaRound-Regular.ttf
11:47:30.762 [ForkJoinPool.commonPool-worker-9] DEBUG AssetLoader          - Loading from disk: /assets/ui/cursors/fxgl_default.png
11:47:30.769 [ForkJoinPool.commonPool-worker-9] DEBUG GameScene            - Game scene initialized: 1200x600
11:47:30.784 [ForkJoinPool.commonPool-worker-9] DEBUG GameWorld            - Game world initialized
11:47:30.930 [ForkJoinPool.commonPool-worker-9] DEBUG PhysicsWorld         - Physics world initialized: appHeight=600, physics.ppm=50,0
11:47:31.033 [ForkJoinPool.commonPool-worker-9] DEBUG AssetLoader          - Loading from disk: /assets/ui/cursors/fxgl_default.png
11:47:31.041 [ForkJoinPool.commonPool-worker-9] DEBUG AssetLoader          - Loading from disk: /assets/properties/languages/english.properties
11:47:31.044 [ForkJoinPool.commonPool-worker-9] DEBUG AssetLoader          - Loading from cache: /assets/ui/fonts/VarelaRound-Regular.ttf
11:47:31.046 [ForkJoinPool.commonPool-worker-9] DEBUG AssetLoader          - Loading from cache: /assets/ui/fonts/VarelaRound-Regular.ttf
11:47:31.047 [ForkJoinPool.commonPool-worker-9] DEBUG AssetLoader          - Loading from cache: /assets/ui/fonts/VarelaRound-Regular.ttf
11:47:31.078 [ForkJoinPool.commonPool-worker-9] DEBUG AssetLoader          - Loading from disk: /assets/textures/particles/trace_horizontal.png
11:47:31.152 [ForkJoinPool.commonPool-worker-9] DEBUG AssetLoader          - Loading from cache: /assets/ui/fonts/VarelaRound-Regular.ttf
11:47:31.155 [ForkJoinPool.commonPool-worker-9] DEBUG FXGL.Menu            - createMenuBodyMainMenu()
11:47:31.174 [ForkJoinPool.commonPool-worker-9] DEBUG AssetLoader          - Loading from cache: /assets/ui/fonts/VarelaRound-Regular.ttf
11:47:31.178 [ForkJoinPool.commonPool-worker-9] DEBUG AssetLoader          - Loading from cache: /assets/properties/languages/english.properties
11:47:31.186 [ForkJoinPool.commonPool-worker-9] DEBUG AssetLoader          - Loading from cache: /assets/ui/fonts/VarelaRound-Regular.ttf
11:47:31.186 [ForkJoinPool.commonPool-worker-9] DEBUG AssetLoader          - Loading from cache: /assets/properties/languages/english.properties
11:47:31.187 [ForkJoinPool.commonPool-worker-9] DEBUG FXGL.Menu            - createOptionsMenu()
11:47:31.188 [ForkJoinPool.commonPool-worker-9] DEBUG AssetLoader          - Loading from cache: /assets/ui/fonts/VarelaRound-Regular.ttf
11:47:31.189 [ForkJoinPool.commonPool-worker-9] DEBUG AssetLoader          - Loading from cache: /assets/properties/languages/english.properties
11:47:31.192 [ForkJoinPool.commonPool-worker-9] DEBUG AssetLoader          - Loading from cache: /assets/ui/fonts/VarelaRound-Regular.ttf
11:47:31.193 [ForkJoinPool.commonPool-worker-9] DEBUG AssetLoader          - Loading from cache: /assets/properties/languages/english.properties
11:47:31.194 [ForkJoinPool.commonPool-worker-9] DEBUG AssetLoader          - Loading from cache: /assets/ui/fonts/VarelaRound-Regular.ttf
11:47:31.195 [ForkJoinPool.commonPool-worker-9] DEBUG AssetLoader          - Loading from cache: /assets/properties/languages/english.properties
11:47:31.198 [ForkJoinPool.commonPool-worker-9] DEBUG AssetLoader          - Loading from cache: /assets/ui/fonts/VarelaRound-Regular.ttf
11:47:31.199 [ForkJoinPool.commonPool-worker-9] DEBUG AssetLoader          - Loading from cache: /assets/properties/languages/english.properties
11:47:31.200 [ForkJoinPool.commonPool-worker-9] DEBUG AssetLoader          - Loading from cache: /assets/ui/fonts/VarelaRound-Regular.ttf
11:47:31.201 [ForkJoinPool.commonPool-worker-9] DEBUG AssetLoader          - Loading from cache: /assets/properties/languages/english.properties
11:47:31.203 [ForkJoinPool.commonPool-worker-9] DEBUG AssetLoader          - Loading from cache: /assets/ui/fonts/VarelaRound-Regular.ttf
11:47:31.203 [ForkJoinPool.commonPool-worker-9] DEBUG AssetLoader          - Loading from cache: /assets/properties/languages/english.properties
11:47:31.206 [ForkJoinPool.commonPool-worker-9] DEBUG AssetLoader          - Loading from cache: /assets/ui/fonts/VarelaRound-Regular.ttf
11:47:31.207 [ForkJoinPool.commonPool-worker-9] DEBUG AssetLoader          - Loading from cache: /assets/properties/languages/english.properties
11:47:31.209 [ForkJoinPool.commonPool-worker-9] DEBUG AssetLoader          - Loading from cache: /assets/ui/fonts/VarelaRound-Regular.ttf
11:47:31.209 [ForkJoinPool.commonPool-worker-9] DEBUG AssetLoader          - Loading from cache: /assets/properties/languages/english.properties
11:47:31.211 [ForkJoinPool.commonPool-worker-9] DEBUG AssetLoader          - Loading from disk: /assets/textures/particles/smoke.png
11:47:31.399 [ForkJoinPool.commonPool-worker-9] DEBUG AssetLoader          - Loading from disk: /assets/ui/cursors/fxgl_default.png
11:47:31.402 [ForkJoinPool.commonPool-worker-9] DEBUG AssetLoader          - Loading from cache: /assets/properties/languages/english.properties
11:47:31.402 [ForkJoinPool.commonPool-worker-9] DEBUG AssetLoader          - Loading from cache: /assets/ui/fonts/VarelaRound-Regular.ttf
11:47:31.403 [ForkJoinPool.commonPool-worker-9] DEBUG AssetLoader          - Loading from cache: /assets/ui/fonts/VarelaRound-Regular.ttf
11:47:31.404 [ForkJoinPool.commonPool-worker-9] DEBUG AssetLoader          - Loading from cache: /assets/ui/fonts/VarelaRound-Regular.ttf
11:47:31.405 [ForkJoinPool.commonPool-worker-9] DEBUG AssetLoader          - Loading from cache: /assets/textures/particles/trace_horizontal.png@64.0x64.0
11:47:31.406 [ForkJoinPool.commonPool-worker-9] DEBUG AssetLoader          - Loading from cache: /assets/ui/fonts/VarelaRound-Regular.ttf
11:47:31.406 [ForkJoinPool.commonPool-worker-9] DEBUG FXGL.Menu            - createMenuBodyGameMenu()
11:47:31.407 [ForkJoinPool.commonPool-worker-9] DEBUG AssetLoader          - Loading from cache: /assets/ui/fonts/VarelaRound-Regular.ttf
11:47:31.407 [ForkJoinPool.commonPool-worker-9] DEBUG AssetLoader          - Loading from cache: /assets/properties/languages/english.properties
11:47:31.409 [ForkJoinPool.commonPool-worker-9] DEBUG AssetLoader          - Loading from cache: /assets/ui/fonts/VarelaRound-Regular.ttf
11:47:31.410 [ForkJoinPool.commonPool-worker-9] DEBUG AssetLoader          - Loading from cache: /assets/properties/languages/english.properties
11:47:31.410 [ForkJoinPool.commonPool-worker-9] DEBUG FXGL.Menu            - createOptionsMenu()
11:47:31.411 [ForkJoinPool.commonPool-worker-9] DEBUG AssetLoader          - Loading from cache: /assets/ui/fonts/VarelaRound-Regular.ttf
11:47:31.411 [ForkJoinPool.commonPool-worker-9] DEBUG AssetLoader          - Loading from cache: /assets/properties/languages/english.properties
11:47:31.413 [ForkJoinPool.commonPool-worker-9] DEBUG AssetLoader          - Loading from cache: /assets/ui/fonts/VarelaRound-Regular.ttf
11:47:31.413 [ForkJoinPool.commonPool-worker-9] DEBUG AssetLoader          - Loading from cache: /assets/properties/languages/english.properties
11:47:31.415 [ForkJoinPool.commonPool-worker-9] DEBUG AssetLoader          - Loading from cache: /assets/ui/fonts/VarelaRound-Regular.ttf
11:47:31.415 [ForkJoinPool.commonPool-worker-9] DEBUG AssetLoader          - Loading from cache: /assets/properties/languages/english.properties
11:47:31.417 [ForkJoinPool.commonPool-worker-9] DEBUG AssetLoader          - Loading from cache: /assets/ui/fonts/VarelaRound-Regular.ttf
11:47:31.417 [ForkJoinPool.commonPool-worker-9] DEBUG AssetLoader          - Loading from cache: /assets/properties/languages/english.properties
11:47:31.418 [ForkJoinPool.commonPool-worker-9] DEBUG AssetLoader          - Loading from cache: /assets/ui/fonts/VarelaRound-Regular.ttf
11:47:31.418 [ForkJoinPool.commonPool-worker-9] DEBUG AssetLoader          - Loading from cache: /assets/properties/languages/english.properties
11:47:31.420 [ForkJoinPool.commonPool-worker-9] DEBUG AssetLoader          - Loading from cache: /assets/ui/fonts/VarelaRound-Regular.ttf
11:47:31.420 [ForkJoinPool.commonPool-worker-9] DEBUG AssetLoader          - Loading from cache: /assets/properties/languages/english.properties
11:47:31.422 [ForkJoinPool.commonPool-worker-9] DEBUG AssetLoader          - Loading from cache: /assets/ui/fonts/VarelaRound-Regular.ttf
11:47:31.422 [ForkJoinPool.commonPool-worker-9] DEBUG AssetLoader          - Loading from cache: /assets/properties/languages/english.properties
11:47:31.424 [ForkJoinPool.commonPool-worker-9] DEBUG AssetLoader          - Loading from cache: /assets/textures/particles/smoke.png@128.0x128.0
11:47:31.538 [JavaFX Application Thread] DEBUG FXGL                 - Running preInit()
11:47:31.588 [JavaFX Application Thread] DEBUG Input                - Registered new binding: Screenshot - P
11:47:31.589 [JavaFX Application Thread] DEBUG Input                - Registered new binding: Dev Options - CTRL+0
11:47:31.590 [JavaFX Application Thread] DEBUG Input                - Registered new binding: System info dump - CTRL+9
11:47:31.591 [JavaFX Application Thread] DEBUG Input                - Registered new binding: Restart - CTRL+R
11:47:31.591 [JavaFX Application Thread] DEBUG Input                - Registered new binding: Move Right - D
11:47:31.592 [JavaFX Application Thread] DEBUG Input                - Registered new binding: Move Left - A
11:47:31.592 [JavaFX Application Thread] DEBUG Input                - Registered new binding: Move Up - W
11:47:31.593 [JavaFX Application Thread] DEBUG Input                - Registered new binding: Move Down - S
11:47:31.593 [JavaFX Application Thread] DEBUG Input                - Registered new binding: Siiiiiii - F
11:47:31.594 [JavaFX Application Thread] DEBUG Input                - Registered new binding: Move Right (Player2) - Right
11:47:31.594 [JavaFX Application Thread] DEBUG Input                - Registered new binding: Move Left (Player2) - Left
11:47:31.594 [JavaFX Application Thread] DEBUG Input                - Registered new binding: Move Up (Player 2) - Up
11:47:31.595 [JavaFX Application Thread] DEBUG Input                - Registered new binding: Move Down(Player 2) - Down
11:47:31.596 [JavaFX Application Thread] DEBUG MenuEventHandler     - generateDefaultProfile()
11:47:31.596 [JavaFX Application Thread] DEBUG MenuEventHandler     - Creating default profile
11:47:31.598 [JavaFX Application Thread] DEBUG EventBus             - Firing event: SaveEvent
11:47:31.601 [JavaFX Application Thread] DEBUG AudioPlayer          - Saving data to profile
11:47:31.601 [JavaFX Application Thread] DEBUG Bundle               - Logging bundle: audio
11:47:31.602 [JavaFX Application Thread] DEBUG Bundle               - audio.musicVolume=0.5
11:47:31.602 [JavaFX Application Thread] DEBUG Bundle               - audio.soundVolume=0.5
11:47:31.602 [JavaFX Application Thread] DEBUG Input                - Saving data to profile
11:47:31.602 [JavaFX Application Thread] DEBUG Bundle               - Logging bundle: input
11:47:31.602 [JavaFX Application Thread] DEBUG Bundle               - input.Move Right=D
11:47:31.603 [JavaFX Application Thread] DEBUG Bundle               - input.Move Down(Player 2)=Down
11:47:31.603 [JavaFX Application Thread] DEBUG Bundle               - input.Restart=CTRL+R
11:47:31.603 [JavaFX Application Thread] DEBUG Bundle               - input.Move Up=W
11:47:31.603 [JavaFX Application Thread] DEBUG Bundle               - input.Dev Options=CTRL+0
11:47:31.603 [JavaFX Application Thread] DEBUG Bundle               - input.Move Left=A
11:47:31.604 [JavaFX Application Thread] DEBUG Bundle               - input.Move Up (Player 2)=Up
11:47:31.604 [JavaFX Application Thread] DEBUG Bundle               - input.Move Right (Player2)=Right
11:47:31.604 [JavaFX Application Thread] DEBUG Bundle               - input.Siiiiiii=F
11:47:31.604 [JavaFX Application Thread] DEBUG Bundle               - input.Move Left (Player2)=Left
11:47:31.605 [JavaFX Application Thread] DEBUG Bundle               - input.Screenshot=P
11:47:31.605 [JavaFX Application Thread] DEBUG Bundle               - input.System info dump=CTRL+9
11:47:31.605 [JavaFX Application Thread] DEBUG Bundle               - input.Move Down=S
11:47:31.617 [JavaFX Application Thread] DEBUG Bundle               - Logging bundle: gameplayStats
11:47:31.617 [JavaFX Application Thread] DEBUG Bundle               - gameplayStats.playtime=0
11:47:31.620 [JavaFX Application Thread] DEBUG AchievementManager   - Saving data to profile
11:47:31.620 [JavaFX Application Thread] DEBUG Bundle               - Logging bundle: achievement
11:47:31.623 [JavaFX Application Thread] INFO  FXGL                 - FXGL initialization took: 2,571 sec
11:47:31.623 [JavaFX Application Thread] DEBUG LoopRunner           - Starting loop
11:47:31.626 [JavaFX Application Thread] DEBUG StartupState         - STARTUP
11:47:31.627 [JavaFX Application Thread] DEBUG Input                - Clearing active input actions
11:47:31.629 [JavaFX Application Thread] DEBUG AssetLoader          - Loading from disk: /assets/ui/css/fxgl_dark.css
11:47:31.669 [JavaFX Application Thread] DEBUG AppStateMachine      - StartupState -> MainMenuState
11:47:31.678 [JavaFX Application Thread] DEBUG AssetLoader          - Loading from cache: /assets/properties/languages/english.properties
11:47:31.679 [JavaFX Application Thread] DEBUG AssetLoader          - Loading from cache: /assets/ui/fonts/VarelaRound-Regular.ttf
11:47:31.679 [JavaFX Application Thread] DEBUG AssetLoader          - Loading from cache: /assets/properties/languages/english.properties
11:47:31.679 [JavaFX Application Thread] DEBUG AssetLoader          - Loading from cache: /assets/ui/fonts/VarelaRound-Regular.ttf
11:47:31.680 [JavaFX Application Thread] DEBUG AssetLoader          - Loading from cache: /assets/properties/languages/english.properties
11:47:31.680 [JavaFX Application Thread] DEBUG AssetLoader          - Loading from cache: /assets/ui/fonts/VarelaRound-Regular.ttf
11:47:31.686 [JavaFX Application Thread] DEBUG SaveLoadManager      - Checking profiles dir: profiles/
11:47:31.686 [JavaFX Application Thread] DEBUG SaveLoadManager      - Loading profile names
11:47:31.689 [JavaFX Application Thread] DEBUG AssetLoader          - Loading from cache: /assets/properties/languages/english.properties
11:47:31.691 [JavaFX Application Thread] DEBUG AssetLoader          - Loading from cache: /assets/ui/fonts/VarelaRound-Regular.ttf
11:47:31.694 [JavaFX Application Thread] DEBUG AssetLoader          - Loading from cache: /assets/ui/fonts/VarelaRound-Regular.ttf
11:47:31.695 [JavaFX Application Thread] DEBUG AppStateMachine      - Push state: DialogSubState
11:47:31.695 [JavaFX Application Thread] DEBUG Input                - Clearing active input actions
11:47:31.695 [JavaFX Application Thread] DEBUG AppStateMachine      - MainMenuState -> DialogSubState
11:47:31.889 [JavaFX Application Thread] DEBUG AppStateMachine      - Pop state: DialogSubState
11:47:31.889 [JavaFX Application Thread] DEBUG Input                - Clearing active input actions
11:47:31.891 [JavaFX Application Thread] DEBUG AppStateMachine      - MainMenuState <- DialogSubState
11:47:31.892 [JavaFX Application Thread] DEBUG AssetLoader          - Loading from cache: /assets/properties/languages/english.properties
11:47:31.894 [JavaFX Application Thread] DEBUG AssetLoader          - Loading from cache: /assets/ui/fonts/VarelaRound-Regular.ttf
11:47:31.895 [JavaFX Application Thread] DEBUG AssetLoader          - Loading from cache: /assets/ui/fonts/VarelaRound-Regular.ttf
11:47:31.896 [JavaFX Application Thread] DEBUG AppStateMachine      - Push state: DialogSubState
11:47:31.896 [JavaFX Application Thread] DEBUG Input                - Clearing active input actions
11:47:31.896 [JavaFX Application Thread] DEBUG AppStateMachine      - MainMenuState -> DialogSubState
11:47:34.312 [JavaFX Application Thread] DEBUG AssetLoader          - Loading from cache: /assets/sounds/menu/select.wav
11:47:34.851 [JavaFX Application Thread] DEBUG AppStateMachine      - Pop state: DialogSubState
11:47:34.851 [JavaFX Application Thread] DEBUG Input                - Clearing active input actions
11:47:34.852 [JavaFX Application Thread] DEBUG AppStateMachine      - MainMenuState <- DialogSubState
11:47:34.852 [JavaFX Application Thread] DEBUG SaveLoadManager      - Loading profile: Mads
11:47:34.863 [JavaFX Application Thread] DEBUG AssetLoader          - Loading from cache: /assets/properties/languages/english.properties
11:47:34.863 [JavaFX Application Thread] DEBUG AssetLoader          - Loading from cache: /assets/ui/fonts/VarelaRound-Regular.ttf
11:47:34.864 [JavaFX Application Thread] DEBUG AssetLoader          - Loading from cache: /assets/ui/fonts/VarelaRound-Regular.ttf
11:47:34.864 [JavaFX Application Thread] DEBUG AppStateMachine      - Push state: DialogSubState
11:47:34.864 [JavaFX Application Thread] DEBUG Input                - Clearing active input actions
11:47:34.865 [JavaFX Application Thread] DEBUG AppStateMachine      - MainMenuState -> DialogSubState
11:47:34.868 [FXGL Background Thread 1 ] DEBUG DesktopFSService     - Reading from: .\profiles\Mads\user.profile
11:47:34.884 [JavaFX Application Thread] DEBUG AppStateMachine      - Pop state: DialogSubState
11:47:34.884 [JavaFX Application Thread] DEBUG Input                - Clearing active input actions
11:47:34.886 [JavaFX Application Thread] DEBUG AppStateMachine      - MainMenuState <- DialogSubState
11:47:34.886 [JavaFX Application Thread] DEBUG EventBus             - Firing event: LoadEvent[type=LOAD_PROFILE]
11:47:34.886 [JavaFX Application Thread] DEBUG AudioPlayer          - Loading data from profile
11:47:34.887 [JavaFX Application Thread] DEBUG Bundle               - Logging bundle: audio
11:47:34.887 [JavaFX Application Thread] DEBUG Bundle               - audio.musicVolume=0.5
11:47:34.887 [JavaFX Application Thread] DEBUG Bundle               - audio.soundVolume=0.5
11:47:34.887 [JavaFX Application Thread] DEBUG Input                - Loading data from profile
11:47:34.887 [JavaFX Application Thread] DEBUG Bundle               - Logging bundle: input
11:47:34.887 [JavaFX Application Thread] DEBUG Bundle               - input.Move Right=D
11:47:34.888 [JavaFX Application Thread] DEBUG Bundle               - input.Move Down(Player 2)=Down
11:47:34.888 [JavaFX Application Thread] DEBUG Bundle               - input.Restart=CTRL+R
11:47:34.888 [JavaFX Application Thread] DEBUG Bundle               - input.Move Up=W
11:47:34.888 [JavaFX Application Thread] DEBUG Bundle               - input.Dev Options=CTRL+0
11:47:34.888 [JavaFX Application Thread] DEBUG Bundle               - input.Move Left=A
11:47:34.888 [JavaFX Application Thread] DEBUG Bundle               - input.Move Up (Player 2)=Up
11:47:34.889 [JavaFX Application Thread] DEBUG Bundle               - input.Move Right (Player2)=Right
11:47:34.889 [JavaFX Application Thread] DEBUG Bundle               - input.Siiiiiii=F
11:47:34.889 [JavaFX Application Thread] DEBUG Bundle               - input.Move Left (Player2)=Left
11:47:34.889 [JavaFX Application Thread] DEBUG Bundle               - input.Screenshot=P
11:47:34.889 [JavaFX Application Thread] DEBUG Bundle               - input.System info dump=CTRL+9
11:47:34.889 [JavaFX Application Thread] DEBUG Bundle               - input.Move Down=S
11:47:34.890 [JavaFX Application Thread] DEBUG Bundle               - Logging bundle: gameplayStats
11:47:34.890 [JavaFX Application Thread] DEBUG Bundle               - gameplayStats.playtime=1016240316536
11:47:34.890 [JavaFX Application Thread] DEBUG AchievementManager   - Loading data from profile
11:47:34.890 [JavaFX Application Thread] DEBUG Bundle               - Logging bundle: achievement
11:47:34.891 [JavaFX Application Thread] DEBUG AssetLoader          - Loading from cache: /assets/properties/languages/english.properties
11:47:34.891 [JavaFX Application Thread] DEBUG AssetLoader          - Loading from cache: /assets/ui/fonts/VarelaRound-Regular.ttf
11:47:34.892 [JavaFX Application Thread] DEBUG AssetLoader          - Loading from cache: /assets/properties/languages/english.properties
11:47:34.892 [JavaFX Application Thread] DEBUG AssetLoader          - Loading from cache: /assets/ui/fonts/VarelaRound-Regular.ttf
11:47:34.893 [JavaFX Application Thread] DEBUG SaveLoadManager      - Loading last modified save file
11:47:34.893 [JavaFX Application Thread] DEBUG SaveLoadManager      - Loading save files
11:47:34.898 [JavaFX Application Thread] DEBUG AssetLoader          - Loading from cache: /assets/properties/languages/english.properties
11:47:34.898 [JavaFX Application Thread] DEBUG AssetLoader          - Loading from cache: /assets/ui/fonts/VarelaRound-Regular.ttf
11:47:34.899 [JavaFX Application Thread] DEBUG AssetLoader          - Loading from cache: /assets/ui/fonts/VarelaRound-Regular.ttf
11:47:34.899 [JavaFX Application Thread] DEBUG AppStateMachine      - Push state: DialogSubState
11:47:34.899 [JavaFX Application Thread] DEBUG Input                - Clearing active input actions
11:47:34.900 [JavaFX Application Thread] DEBUG AppStateMachine      - MainMenuState -> DialogSubState
11:47:34.929 [JavaFX Application Thread] DEBUG AppStateMachine      - Pop state: DialogSubState
11:47:34.929 [JavaFX Application Thread] DEBUG Input                - Clearing active input actions
11:47:34.931 [JavaFX Application Thread] DEBUG AppStateMachine      - MainMenuState <- DialogSubState
11:47:35.429 [JavaFX Application Thread] DEBUG AssetLoader          - Loading from cache: /assets/sounds/menu/select.wav
11:47:35.962 [JavaFX Application Thread] DEBUG FXGL.Menu            - fireNewGame()
11:47:35.963 [JavaFX Application Thread] DEBUG GameApplication      - Starting new game
11:47:35.963 [JavaFX Application Thread] DEBUG Input                - Clearing active input actions
11:47:35.963 [JavaFX Application Thread] DEBUG AssetLoader          - Loading from disk: /assets/ui/css/fxgl_dark.css
11:47:35.978 [JavaFX Application Thread] DEBUG AppStateMachine      - MainMenuState -> LoadingState
11:47:35.981 [FXGL Background Thread 1 ] DEBUG InitAppTask          - Clearing previous game
11:47:35.981 [FXGL Background Thread 1 ] DEBUG GameWorld            - Clearing game world
11:47:35.982 [FXGL Background Thread 1 ] DEBUG PhysicsWorld         - Clearing physics world
11:47:35.982 [FXGL Background Thread 1 ] DEBUG GameScene            - Clearing game scene
11:47:35.983 [FXGL Background Thread 1 ] DEBUG InitAppTask          - Initializing Game
11:47:36.022 [FXGL Background Thread 1 ] DEBUG AssetLoader          - Loading from disk: /assets/textures/background1.png
11:47:36.048 [FXGL Background Thread 1 ] DEBUG GameScene            - Creating render group for layer: DEFAULT(100000)
11:47:36.049 [FXGL Background Thread 1 ] DEBUG AssetLoader          - Loading from disk: /assets/textures/slime1.png
11:47:36.068 [FXGL Background Thread 1 ] DEBUG AssetLoader          - Loading from disk: /assets/textures/slime2.png
11:47:36.073 [FXGL Background Thread 1 ] DEBUG AssetLoader          - Loading from disk: /assets/textures/ball.png
11:47:36.076 [FXGL Background Thread 1 ] DEBUG InitAppTask          - Initializing Physics
11:47:36.077 [FXGL Background Thread 1 ] DEBUG InitAppTask          - Initializing UI
11:47:36.078 [FXGL Background Thread 1 ] DEBUG InitAppTask          - Initialization Complete
11:47:36.078 [FXGL Background Thread 1 ] INFO  InitAppTask          - Game initialization took: 0,097 sec
11:47:36.092 [JavaFX Application Thread] DEBUG Input                - Clearing active input actions
11:47:36.092 [JavaFX Application Thread] DEBUG AssetLoader          - Loading from disk: /assets/ui/css/fxgl_dark.css
11:47:36.101 [JavaFX Application Thread] DEBUG AppStateMachine      - LoadingState -> PlayState
11:47:41.103 [JavaFX Application Thread] DEBUG FXGL                 - Exiting FXGL
11:47:41.103 [JavaFX Application Thread] DEBUG MenuEventHandler     - Creating default profile
11:47:41.103 [JavaFX Application Thread] DEBUG EventBus             - Firing event: SaveEvent
11:47:41.104 [JavaFX Application Thread] DEBUG AudioPlayer          - Saving data to profile
11:47:41.104 [JavaFX Application Thread] DEBUG Bundle               - Logging bundle: audio
11:47:41.104 [JavaFX Application Thread] DEBUG Bundle               - audio.musicVolume=0.5
11:47:41.104 [JavaFX Application Thread] DEBUG Bundle               - audio.soundVolume=0.5
11:47:41.104 [JavaFX Application Thread] DEBUG Input                - Saving data to profile
11:47:41.104 [JavaFX Application Thread] DEBUG Bundle               - Logging bundle: input
11:47:41.104 [JavaFX Application Thread] DEBUG Bundle               - input.Move Right=D
11:47:41.104 [JavaFX Application Thread] DEBUG Bundle               - input.Move Down(Player 2)=Down
11:47:41.104 [JavaFX Application Thread] DEBUG Bundle               - input.Restart=CTRL+R
11:47:41.104 [JavaFX Application Thread] DEBUG Bundle               - input.Move Up=W
11:47:41.105 [JavaFX Application Thread] DEBUG Bundle               - input.Dev Options=CTRL+0
11:47:41.105 [JavaFX Application Thread] DEBUG Bundle               - input.Move Left=A
11:47:41.105 [JavaFX Application Thread] DEBUG Bundle               - input.Move Up (Player 2)=Up
11:47:41.105 [JavaFX Application Thread] DEBUG Bundle               - input.Move Right (Player2)=Right
11:47:41.105 [JavaFX Application Thread] DEBUG Bundle               - input.Siiiiiii=F
11:47:41.105 [JavaFX Application Thread] DEBUG Bundle               - input.Move Left (Player2)=Left
11:47:41.105 [JavaFX Application Thread] DEBUG Bundle               - input.Screenshot=P
11:47:41.105 [JavaFX Application Thread] DEBUG Bundle               - input.System info dump=CTRL+9
11:47:41.105 [JavaFX Application Thread] DEBUG Bundle               - input.Move Down=S
11:47:41.105 [JavaFX Application Thread] DEBUG Bundle               - Logging bundle: gameplayStats
11:47:41.106 [JavaFX Application Thread] DEBUG Bundle               - gameplayStats.playtime=1021461709285
11:47:41.106 [JavaFX Application Thread] DEBUG AchievementManager   - Saving data to profile
11:47:41.106 [JavaFX Application Thread] DEBUG Bundle               - Logging bundle: achievement
11:47:41.106 [JavaFX Application Thread] DEBUG SaveLoadManager      - Saving profile: Mads
11:47:41.110 [JavaFX Application Thread] DEBUG DesktopFSService     - Writing to: .\profiles\Mads\user.profile
11:47:41.117 [JavaFX Application Thread] DEBUG FXGL                 - Shutting down background threads
11:47:41.118 [JavaFX Application Thread] DEBUG FXGL                 - Saving FXGL system data
11:47:41.120 [JavaFX Application Thread] DEBUG DesktopFSService     - Writing to: system\fxgl.bundle
11:47:41.124 [JavaFX Application Thread] DEBUG FXGL                 - Closing logger and exiting JavaFX
