13:02:10.377 [JavaFX Application Thread] DEBUG GameApplication      - Logger initialized
13:02:10.402 [JavaFX Application Thread] DEBUG GameApplication      - Logging settings
Title: Simple Game
Version: 0.1
Width: 1200
Height: 600
Fullscreen: false
Intro: false
Menus: false
Profiling: false
Single step:false
App Mode: DEVELOPER
Menu Key: ESCAPE
Stage Style: DECORATED
Scene Factory: class com.almasb.fxgl.scene.SceneFactory
Dialog Factory: class com.almasb.fxgl.ui.FXGLDialogFactory
UI Factory: class com.almasb.fxgl.ui.FXGLUIFactory
Notification Service: class com.almasb.fxgl.gameplay.notification.XboxNotificationView
Exception Handler: class com.almasb.fxgl.app.FXGLExceptionHandler
13:02:10.402 [JavaFX Application Thread] DEBUG GameApplication      - Starting FXGL
13:02:10.420 [JavaFX Application Thread] INFO  FXGL                 - FXGL-0.5.4 on DESKTOP
13:02:10.421 [JavaFX Application Thread] INFO  FXGL                 - Source code and latest versions at: https://github.com/AlmasB/FXGL
13:02:10.421 [JavaFX Application Thread] INFO  FXGL                 -              Join the FXGL chat at: https://gitter.im/AlmasB/FXGL
13:02:10.421 [JavaFX Application Thread] DEBUG FXGL                 - FXGL started
13:02:10.422 [JavaFX Application Thread] DEBUG FXGL                 - Initializing FXGL
13:02:10.486 [JavaFX Application Thread] DEBUG AssetLoader          - Loading from disk: /assets/ui/cursors/fxgl_default.png
13:02:10.629 [JavaFX Application Thread] DEBUG AssetLoader          - Loading from disk: /assets/ui/fonts/VarelaRound-Regular.ttf
13:02:11.017 [JavaFX Application Thread] DEBUG MainWindow           - Creating a JavaFX scene
13:02:11.108 [JavaFX Application Thread] DEBUG MainWindow           - Target settings size: 1200.0 x 600.0
13:02:11.109 [JavaFX Application Thread] DEBUG MainWindow           - Scaled scene size:    1200.0 x 600.0
13:02:11.110 [JavaFX Application Thread] DEBUG MainWindow           - Scaled ratio: (1.0, 1.0)
13:02:11.116 [JavaFX Application Thread] DEBUG AssetLoader          - Loading from disk: /assets/ui/css/fxgl_dark.css
13:02:11.125 [JavaFX Application Thread] DEBUG AssetLoader          - Loading from disk: /assets/textures/fxgl_icon.png
13:02:11.171 [JavaFX Application Thread] DEBUG MainWindow           - Opening main window
13:02:11.488 [JavaFX Application Thread] DEBUG MainWindow           - Window border size: (14.4000244140625, 37.5999755859375)
13:02:11.489 [JavaFX Application Thread] DEBUG MainWindow           - Scaled size: 1200.0 x 600.0
13:02:11.489 [JavaFX Application Thread] DEBUG MainWindow           - Scaled ratio: (1.0, 1.0)
13:02:11.490 [JavaFX Application Thread] DEBUG MainWindow           - Scene size: 1200.0 x 600.0
13:02:11.490 [JavaFX Application Thread] DEBUG MainWindow           - Stage size: 1214.4000244140625 x 637.5999755859375
13:02:11.620 [ForkJoinPool.commonPool-worker-9] DEBUG FS                   - Loaded DesktopFSService
13:02:11.621 [ForkJoinPool.commonPool-worker-9] DEBUG FXGL                 - Loading FXGL system data
13:02:11.637 [ForkJoinPool.commonPool-worker-9] DEBUG DesktopFSService     - Reading from: system\fxgl.bundle
13:02:11.664 [ForkJoinPool.commonPool-worker-9] DEBUG Bundle               - Logging bundle: FXGL
13:02:11.665 [ForkJoinPool.commonPool-worker-9] DEBUG Bundle               - FXGL.offline.timer.version.check=2019-01-07T14:44:13.971316
13:02:11.668 [ForkJoinPool.commonPool-worker-9] DEBUG FXGL                 - Initializing state machine and application states
13:02:11.672 [ForkJoinPool.commonPool-worker-9] DEBUG AssetLoader          - Loading from disk: /assets/ui/cursors/fxgl_default.png
13:02:11.692 [ForkJoinPool.commonPool-worker-9] DEBUG AssetLoader          - Loading from disk: /assets/ui/cursors/fxgl_default.png
13:02:11.719 [ForkJoinPool.commonPool-worker-9] DEBUG AssetLoader          - Loading from cache: /assets/ui/fonts/VarelaRound-Regular.ttf
13:02:11.731 [ForkJoinPool.commonPool-worker-9] DEBUG AssetLoader          - Loading from disk: /assets/ui/cursors/fxgl_default.png
13:02:11.739 [ForkJoinPool.commonPool-worker-9] DEBUG GameScene            - Game scene initialized: 1200x600
13:02:11.754 [ForkJoinPool.commonPool-worker-9] DEBUG GameWorld            - Game world initialized
13:02:11.905 [ForkJoinPool.commonPool-worker-9] DEBUG PhysicsWorld         - Physics world initialized: appHeight=600, physics.ppm=50,0
13:02:11.955 [ForkJoinPool.commonPool-worker-9] DEBUG Input                - Registered new binding: Pause - Esc
13:02:12.084 [JavaFX Application Thread] DEBUG FXGL                 - Running preInit()
13:02:12.088 [JavaFX Application Thread] DEBUG Input                - Registered new binding: Screenshot - P
13:02:12.090 [JavaFX Application Thread] DEBUG Input                - Registered new binding: Dev Options - CTRL+0
13:02:12.091 [JavaFX Application Thread] DEBUG Input                - Registered new binding: System info dump - CTRL+9
13:02:12.092 [JavaFX Application Thread] DEBUG Input                - Registered new binding: Restart - CTRL+R
13:02:12.094 [JavaFX Application Thread] DEBUG Input                - Registered new binding: Move Right - D
13:02:12.095 [JavaFX Application Thread] DEBUG Input                - Registered new binding: Move Left - A
13:02:12.095 [JavaFX Application Thread] DEBUG Input                - Registered new binding: Move Up - W
13:02:12.096 [JavaFX Application Thread] DEBUG Input                - Registered new binding: Move Down - S
13:02:12.097 [JavaFX Application Thread] DEBUG Input                - Registered new binding: Play Sound - F
13:02:12.098 [JavaFX Application Thread] INFO  FXGL                 - FXGL initialization took: 1,676 sec
13:02:12.099 [JavaFX Application Thread] DEBUG LoopRunner           - Starting loop
13:02:12.102 [JavaFX Application Thread] DEBUG StartupState         - STARTUP
13:02:12.103 [JavaFX Application Thread] DEBUG GameApplication      - Starting new game
13:02:12.103 [JavaFX Application Thread] DEBUG Input                - Clearing active input actions
13:02:12.106 [JavaFX Application Thread] DEBUG AssetLoader          - Loading from disk: /assets/ui/css/fxgl_dark.css
13:02:12.125 [JavaFX Application Thread] DEBUG AppStateMachine      - StartupState -> LoadingState
13:02:12.135 [FXGL Background Thread 1 ] DEBUG InitAppTask          - Clearing previous game
13:02:12.135 [FXGL Background Thread 1 ] DEBUG GameWorld            - Clearing game world
13:02:12.136 [FXGL Background Thread 1 ] DEBUG PhysicsWorld         - Clearing physics world
13:02:12.136 [FXGL Background Thread 1 ] DEBUG GameScene            - Clearing game scene
13:02:12.139 [FXGL Background Thread 1 ] DEBUG InitAppTask          - Initializing Game
13:02:12.218 [FXGL Background Thread 1 ] DEBUG AssetLoader          - Loading from disk: /assets/textures/slime1.png
13:02:12.239 [FXGL Background Thread 1 ] DEBUG GameScene            - Creating render group for layer: DEFAULT(100000)
13:02:12.254 [FXGL Background Thread 1 ] DEBUG InitAppTask          - Initializing Physics
13:02:12.255 [FXGL Background Thread 1 ] DEBUG InitAppTask          - Initializing UI
13:02:12.257 [FXGL Background Thread 1 ] DEBUG InitAppTask          - Initialization Complete
13:02:12.258 [FXGL Background Thread 1 ] INFO  InitAppTask          - Game initialization took: 0,122 sec
13:02:12.315 [JavaFX Application Thread] DEBUG Input                - Clearing active input actions
13:02:12.315 [JavaFX Application Thread] DEBUG AssetLoader          - Loading from disk: /assets/ui/css/fxgl_dark.css
13:02:12.334 [JavaFX Application Thread] DEBUG AppStateMachine      - LoadingState -> PlayState
13:02:33.931 [JavaFX Application Thread] DEBUG FXGL                 - Exiting FXGL
13:02:33.931 [JavaFX Application Thread] DEBUG FXGL                 - Shutting down background threads
13:02:33.932 [JavaFX Application Thread] DEBUG FXGL                 - Saving FXGL system data
13:02:33.936 [JavaFX Application Thread] DEBUG DesktopFSService     - Writing to: system\fxgl.bundle
13:02:33.943 [JavaFX Application Thread] DEBUG FXGL                 - Closing logger and exiting JavaFX
