12:53:10.521 [JavaFX Application Thread] DEBUG GameApplication      - Logger initialized
12:53:10.539 [JavaFX Application Thread] DEBUG GameApplication      - Logging settings
Title: Simple Game
Version: 0.1
Width: 1200
Height: 600
Fullscreen: false
Intro: false
Menus: false
Profiling: false
Single step:false
App Mode: DEVELOPER
Menu Key: ESCAPE
Stage Style: DECORATED
Scene Factory: class com.almasb.fxgl.scene.SceneFactory
Dialog Factory: class com.almasb.fxgl.ui.FXGLDialogFactory
UI Factory: class com.almasb.fxgl.ui.FXGLUIFactory
Notification Service: class com.almasb.fxgl.gameplay.notification.XboxNotificationView
Exception Handler: class com.almasb.fxgl.app.FXGLExceptionHandler
12:53:10.540 [JavaFX Application Thread] DEBUG GameApplication      - Starting FXGL
12:53:10.555 [JavaFX Application Thread] INFO  FXGL                 - FXGL-0.5.4 on DESKTOP
12:53:10.555 [JavaFX Application Thread] INFO  FXGL                 - Source code and latest versions at: https://github.com/AlmasB/FXGL
12:53:10.555 [JavaFX Application Thread] INFO  FXGL                 -              Join the FXGL chat at: https://gitter.im/AlmasB/FXGL
12:53:10.555 [JavaFX Application Thread] DEBUG FXGL                 - FXGL started
12:53:10.555 [JavaFX Application Thread] DEBUG FXGL                 - Initializing FXGL
12:53:10.608 [JavaFX Application Thread] DEBUG AssetLoader          - Loading from disk: /assets/ui/cursors/fxgl_default.png
12:53:10.717 [JavaFX Application Thread] DEBUG AssetLoader          - Loading from disk: /assets/ui/fonts/VarelaRound-Regular.ttf
12:53:10.987 [JavaFX Application Thread] DEBUG MainWindow           - Creating a JavaFX scene
12:53:11.033 [JavaFX Application Thread] DEBUG MainWindow           - Target settings size: 1200.0 x 600.0
12:53:11.033 [JavaFX Application Thread] DEBUG MainWindow           - Scaled scene size:    1200.0 x 600.0
12:53:11.033 [JavaFX Application Thread] DEBUG MainWindow           - Scaled ratio: (1.0, 1.0)
12:53:11.036 [JavaFX Application Thread] DEBUG AssetLoader          - Loading from disk: /assets/ui/css/fxgl_dark.css
12:53:11.041 [JavaFX Application Thread] DEBUG AssetLoader          - Loading from disk: /assets/textures/fxgl_icon.png
12:53:11.065 [JavaFX Application Thread] DEBUG MainWindow           - Opening main window
12:53:11.230 [JavaFX Application Thread] DEBUG MainWindow           - Window border size: (14.4000244140625, 37.5999755859375)
12:53:11.230 [JavaFX Application Thread] DEBUG MainWindow           - Scaled size: 1200.0 x 600.0
12:53:11.231 [JavaFX Application Thread] DEBUG MainWindow           - Scaled ratio: (1.0, 1.0)
12:53:11.231 [JavaFX Application Thread] DEBUG MainWindow           - Scene size: 1200.0 x 600.0
12:53:11.231 [JavaFX Application Thread] DEBUG MainWindow           - Stage size: 1214.4000244140625 x 637.5999755859375
12:53:11.302 [ForkJoinPool.commonPool-worker-9] DEBUG FS                   - Loaded DesktopFSService
12:53:11.303 [ForkJoinPool.commonPool-worker-9] DEBUG FXGL                 - Loading FXGL system data
12:53:11.310 [ForkJoinPool.commonPool-worker-9] DEBUG DesktopFSService     - Reading from: system\fxgl.bundle
12:53:11.326 [ForkJoinPool.commonPool-worker-9] DEBUG Bundle               - Logging bundle: FXGL
12:53:11.327 [ForkJoinPool.commonPool-worker-9] DEBUG Bundle               - FXGL.offline.timer.version.check=2019-01-07T14:44:13.971316
12:53:11.329 [ForkJoinPool.commonPool-worker-9] DEBUG FXGL                 - Initializing state machine and application states
12:53:11.332 [ForkJoinPool.commonPool-worker-9] DEBUG AssetLoader          - Loading from disk: /assets/ui/cursors/fxgl_default.png
12:53:11.343 [ForkJoinPool.commonPool-worker-9] DEBUG AssetLoader          - Loading from disk: /assets/ui/cursors/fxgl_default.png
12:53:11.352 [ForkJoinPool.commonPool-worker-9] DEBUG AssetLoader          - Loading from cache: /assets/ui/fonts/VarelaRound-Regular.ttf
12:53:11.356 [ForkJoinPool.commonPool-worker-9] DEBUG AssetLoader          - Loading from disk: /assets/ui/cursors/fxgl_default.png
12:53:11.361 [ForkJoinPool.commonPool-worker-9] DEBUG GameScene            - Game scene initialized: 1200x600
12:53:11.370 [ForkJoinPool.commonPool-worker-9] DEBUG GameWorld            - Game world initialized
12:53:11.494 [ForkJoinPool.commonPool-worker-9] DEBUG PhysicsWorld         - Physics world initialized: appHeight=600, physics.ppm=50,0
12:53:11.523 [ForkJoinPool.commonPool-worker-9] DEBUG Input                - Registered new binding: Pause - Esc
12:53:11.601 [JavaFX Application Thread] DEBUG FXGL                 - Running preInit()
12:53:11.603 [JavaFX Application Thread] DEBUG Input                - Registered new binding: Screenshot - P
12:53:11.604 [JavaFX Application Thread] DEBUG Input                - Registered new binding: Dev Options - CTRL+0
12:53:11.605 [JavaFX Application Thread] DEBUG Input                - Registered new binding: System info dump - CTRL+9
12:53:11.605 [JavaFX Application Thread] DEBUG Input                - Registered new binding: Restart - CTRL+R
12:53:11.606 [JavaFX Application Thread] DEBUG Input                - Registered new binding: Move Right - D
12:53:11.606 [JavaFX Application Thread] DEBUG Input                - Registered new binding: Move Left - A
12:53:11.606 [JavaFX Application Thread] DEBUG Input                - Registered new binding: Move Up - W
12:53:11.606 [JavaFX Application Thread] DEBUG Input                - Registered new binding: Move Down - S
12:53:11.606 [JavaFX Application Thread] DEBUG Input                - Registered new binding: Play Sound - F
12:53:11.607 [JavaFX Application Thread] INFO  FXGL                 - FXGL initialization took: 1,051 sec
12:53:11.608 [JavaFX Application Thread] DEBUG LoopRunner           - Starting loop
12:53:11.610 [JavaFX Application Thread] DEBUG StartupState         - STARTUP
12:53:11.610 [JavaFX Application Thread] DEBUG GameApplication      - Starting new game
12:53:11.610 [JavaFX Application Thread] DEBUG Input                - Clearing active input actions
12:53:11.612 [JavaFX Application Thread] DEBUG AssetLoader          - Loading from disk: /assets/ui/css/fxgl_dark.css
12:53:11.623 [JavaFX Application Thread] DEBUG AppStateMachine      - StartupState -> LoadingState
12:53:11.630 [FXGL Background Thread 1 ] DEBUG InitAppTask          - Clearing previous game
12:53:11.630 [FXGL Background Thread 1 ] DEBUG GameWorld            - Clearing game world
12:53:11.630 [FXGL Background Thread 1 ] DEBUG PhysicsWorld         - Clearing physics world
12:53:11.630 [FXGL Background Thread 1 ] DEBUG GameScene            - Clearing game scene
12:53:11.632 [FXGL Background Thread 1 ] DEBUG InitAppTask          - Initializing Game
12:53:11.677 [FXGL Background Thread 1 ] DEBUG AssetLoader          - Loading from disk: /assets/textures/slime1.png
12:53:11.685 [FXGL Background Thread 1 ] DEBUG GameScene            - Creating render group for layer: DEFAULT(100000)
12:53:11.692 [FXGL Background Thread 1 ] DEBUG InitAppTask          - Initializing Physics
12:53:11.692 [FXGL Background Thread 1 ] DEBUG InitAppTask          - Initializing UI
12:53:11.693 [FXGL Background Thread 1 ] DEBUG InitAppTask          - Initialization Complete
12:53:11.694 [FXGL Background Thread 1 ] INFO  InitAppTask          - Game initialization took: 0,065 sec
12:53:11.728 [JavaFX Application Thread] DEBUG Input                - Clearing active input actions
12:53:11.729 [JavaFX Application Thread] DEBUG AssetLoader          - Loading from disk: /assets/ui/css/fxgl_dark.css
12:53:11.739 [JavaFX Application Thread] DEBUG AppStateMachine      - LoadingState -> PlayState
12:53:15.060 [JavaFX Application Thread] DEBUG FXGL                 - Exiting FXGL
12:53:15.060 [JavaFX Application Thread] DEBUG FXGL                 - Shutting down background threads
12:53:15.060 [JavaFX Application Thread] DEBUG FXGL                 - Saving FXGL system data
12:53:15.065 [JavaFX Application Thread] DEBUG DesktopFSService     - Writing to: system\fxgl.bundle
12:53:15.069 [JavaFX Application Thread] DEBUG FXGL                 - Closing logger and exiting JavaFX
