10:08:36.234 [JavaFX Application Thread] DEBUG GameApplication      - Logger initialized
10:08:36.254 [JavaFX Application Thread] DEBUG GameApplication      - Logging settings
Title: SlimeSoccer2000
Version: 0.1
Width: 1200
Height: 600
Fullscreen: false
Intro: false
Menus: true
Profiling: false
Single step:false
App Mode: DEVELOPER
Menu Key: M
Stage Style: DECORATED
Scene Factory: class com.almasb.fxgl.scene.SceneFactory
Dialog Factory: class com.almasb.fxgl.ui.FXGLDialogFactory
UI Factory: class com.almasb.fxgl.ui.FXGLUIFactory
Notification Service: class com.almasb.fxgl.gameplay.notification.XboxNotificationView
Exception Handler: class com.almasb.fxgl.app.FXGLExceptionHandler
10:08:36.254 [JavaFX Application Thread] DEBUG GameApplication      - Starting FXGL
10:08:36.268 [JavaFX Application Thread] INFO  FXGL                 - FXGL-0.5.4 on DESKTOP
10:08:36.268 [JavaFX Application Thread] INFO  FXGL                 - Source code and latest versions at: https://github.com/AlmasB/FXGL
10:08:36.268 [JavaFX Application Thread] INFO  FXGL                 -              Join the FXGL chat at: https://gitter.im/AlmasB/FXGL
10:08:36.269 [JavaFX Application Thread] DEBUG FXGL                 - FXGL started
10:08:36.269 [JavaFX Application Thread] DEBUG FXGL                 - Initializing FXGL
10:08:36.320 [JavaFX Application Thread] DEBUG AssetLoader          - Loading from disk: /assets/ui/cursors/fxgl_default.png
10:08:36.429 [JavaFX Application Thread] DEBUG AssetLoader          - Loading from disk: /assets/ui/fonts/VarelaRound-Regular.ttf
10:08:36.777 [JavaFX Application Thread] DEBUG MainWindow           - Creating a JavaFX scene
10:08:36.812 [JavaFX Application Thread] DEBUG MainWindow           - Target settings size: 1200.0 x 600.0
10:08:36.812 [JavaFX Application Thread] DEBUG MainWindow           - Scaled scene size:    1200.0 x 600.0
10:08:36.813 [JavaFX Application Thread] DEBUG MainWindow           - Scaled ratio: (1.0, 1.0)
10:08:36.817 [JavaFX Application Thread] DEBUG AssetLoader          - Loading from disk: /assets/ui/css/fxgl_dark.css
10:08:36.822 [JavaFX Application Thread] DEBUG AssetLoader          - Loading from disk: /assets/textures/fxgl_icon.png
10:08:36.851 [JavaFX Application Thread] DEBUG MainWindow           - Opening main window
10:08:37.014 [JavaFX Application Thread] DEBUG MainWindow           - Window border size: (14.4000244140625, 37.5999755859375)
10:08:37.014 [JavaFX Application Thread] DEBUG MainWindow           - Scaled size: 1200.0 x 600.0
10:08:37.014 [JavaFX Application Thread] DEBUG MainWindow           - Scaled ratio: (1.0, 1.0)
10:08:37.014 [JavaFX Application Thread] DEBUG MainWindow           - Scene size: 1200.0 x 600.0
10:08:37.015 [JavaFX Application Thread] DEBUG MainWindow           - Stage size: 1214.4000244140625 x 637.5999755859375
10:08:37.089 [ForkJoinPool.commonPool-worker-9] DEBUG FS                   - Loaded DesktopFSService
10:08:37.090 [ForkJoinPool.commonPool-worker-9] DEBUG FXGL                 - Loading FXGL system data
10:08:37.098 [ForkJoinPool.commonPool-worker-9] DEBUG DesktopFSService     - Reading from: system\fxgl.bundle
10:08:37.112 [ForkJoinPool.commonPool-worker-9] DEBUG Bundle               - Logging bundle: FXGL
10:08:37.113 [ForkJoinPool.commonPool-worker-9] DEBUG Bundle               - FXGL.offline.timer.version.check=2019-01-15T09:28:22.000785300
10:08:37.115 [ForkJoinPool.commonPool-worker-9] DEBUG FXGL                 - Initializing state machine and application states
10:08:37.120 [ForkJoinPool.commonPool-worker-9] DEBUG AssetLoader          - Loading from disk: /assets/ui/cursors/fxgl_default.png
10:08:37.129 [ForkJoinPool.commonPool-worker-9] DEBUG AssetLoader          - Loading from disk: /assets/ui/cursors/fxgl_default.png
10:08:37.139 [ForkJoinPool.commonPool-worker-9] DEBUG AssetLoader          - Loading from cache: /assets/ui/fonts/VarelaRound-Regular.ttf
10:08:37.144 [ForkJoinPool.commonPool-worker-9] DEBUG AssetLoader          - Loading from disk: /assets/ui/cursors/fxgl_default.png
10:08:37.148 [ForkJoinPool.commonPool-worker-9] DEBUG GameScene            - Game scene initialized: 1200x600
10:08:37.157 [ForkJoinPool.commonPool-worker-9] DEBUG GameWorld            - Game world initialized
10:08:37.243 [ForkJoinPool.commonPool-worker-9] DEBUG PhysicsWorld         - Physics world initialized: appHeight=600, physics.ppm=50,0
10:08:37.295 [ForkJoinPool.commonPool-worker-9] DEBUG AssetLoader          - Loading from disk: /assets/ui/cursors/fxgl_default.png
10:08:37.302 [ForkJoinPool.commonPool-worker-9] DEBUG AssetLoader          - Loading from disk: /assets/properties/languages/english.properties
10:08:37.304 [ForkJoinPool.commonPool-worker-9] DEBUG AssetLoader          - Loading from cache: /assets/ui/fonts/VarelaRound-Regular.ttf
10:08:37.305 [ForkJoinPool.commonPool-worker-9] DEBUG AssetLoader          - Loading from cache: /assets/ui/fonts/VarelaRound-Regular.ttf
10:08:37.306 [ForkJoinPool.commonPool-worker-9] DEBUG AssetLoader          - Loading from cache: /assets/ui/fonts/VarelaRound-Regular.ttf
10:08:37.325 [ForkJoinPool.commonPool-worker-9] DEBUG AssetLoader          - Loading from disk: /assets/textures/particles/trace_horizontal.png
10:08:37.349 [ForkJoinPool.commonPool-worker-9] DEBUG AssetLoader          - Loading from cache: /assets/ui/fonts/VarelaRound-Regular.ttf
10:08:37.351 [ForkJoinPool.commonPool-worker-9] DEBUG FXGL.Menu            - createMenuBodyMainMenu()
10:08:37.359 [ForkJoinPool.commonPool-worker-9] DEBUG AssetLoader          - Loading from cache: /assets/ui/fonts/VarelaRound-Regular.ttf
10:08:37.362 [ForkJoinPool.commonPool-worker-9] DEBUG AssetLoader          - Loading from cache: /assets/properties/languages/english.properties
10:08:37.365 [ForkJoinPool.commonPool-worker-9] DEBUG AssetLoader          - Loading from cache: /assets/ui/fonts/VarelaRound-Regular.ttf
10:08:37.366 [ForkJoinPool.commonPool-worker-9] DEBUG AssetLoader          - Loading from cache: /assets/properties/languages/english.properties
10:08:37.367 [ForkJoinPool.commonPool-worker-9] DEBUG FXGL.Menu            - createOptionsMenu()
10:08:37.367 [ForkJoinPool.commonPool-worker-9] DEBUG AssetLoader          - Loading from cache: /assets/ui/fonts/VarelaRound-Regular.ttf
10:08:37.368 [ForkJoinPool.commonPool-worker-9] DEBUG AssetLoader          - Loading from cache: /assets/properties/languages/english.properties
10:08:37.371 [ForkJoinPool.commonPool-worker-9] DEBUG AssetLoader          - Loading from cache: /assets/ui/fonts/VarelaRound-Regular.ttf
10:08:37.372 [ForkJoinPool.commonPool-worker-9] DEBUG AssetLoader          - Loading from cache: /assets/properties/languages/english.properties
10:08:37.373 [ForkJoinPool.commonPool-worker-9] DEBUG AssetLoader          - Loading from cache: /assets/ui/fonts/VarelaRound-Regular.ttf
10:08:37.373 [ForkJoinPool.commonPool-worker-9] DEBUG AssetLoader          - Loading from cache: /assets/properties/languages/english.properties
10:08:37.374 [ForkJoinPool.commonPool-worker-9] DEBUG AssetLoader          - Loading from cache: /assets/ui/fonts/VarelaRound-Regular.ttf
10:08:37.375 [ForkJoinPool.commonPool-worker-9] DEBUG AssetLoader          - Loading from cache: /assets/properties/languages/english.properties
10:08:37.376 [ForkJoinPool.commonPool-worker-9] DEBUG AssetLoader          - Loading from cache: /assets/ui/fonts/VarelaRound-Regular.ttf
10:08:37.376 [ForkJoinPool.commonPool-worker-9] DEBUG AssetLoader          - Loading from cache: /assets/properties/languages/english.properties
10:08:37.378 [ForkJoinPool.commonPool-worker-9] DEBUG AssetLoader          - Loading from cache: /assets/ui/fonts/VarelaRound-Regular.ttf
10:08:37.378 [ForkJoinPool.commonPool-worker-9] DEBUG AssetLoader          - Loading from cache: /assets/properties/languages/english.properties
10:08:37.380 [ForkJoinPool.commonPool-worker-9] DEBUG AssetLoader          - Loading from cache: /assets/ui/fonts/VarelaRound-Regular.ttf
10:08:37.380 [ForkJoinPool.commonPool-worker-9] DEBUG AssetLoader          - Loading from cache: /assets/properties/languages/english.properties
10:08:37.382 [ForkJoinPool.commonPool-worker-9] DEBUG AssetLoader          - Loading from cache: /assets/ui/fonts/VarelaRound-Regular.ttf
10:08:37.382 [ForkJoinPool.commonPool-worker-9] DEBUG AssetLoader          - Loading from cache: /assets/properties/languages/english.properties
10:08:37.384 [ForkJoinPool.commonPool-worker-9] DEBUG AssetLoader          - Loading from disk: /assets/textures/particles/smoke.png
10:08:37.459 [ForkJoinPool.commonPool-worker-9] DEBUG AssetLoader          - Loading from disk: /assets/ui/cursors/fxgl_default.png
10:08:37.461 [ForkJoinPool.commonPool-worker-9] DEBUG AssetLoader          - Loading from cache: /assets/properties/languages/english.properties
10:08:37.461 [ForkJoinPool.commonPool-worker-9] DEBUG AssetLoader          - Loading from cache: /assets/ui/fonts/VarelaRound-Regular.ttf
10:08:37.462 [ForkJoinPool.commonPool-worker-9] DEBUG AssetLoader          - Loading from cache: /assets/ui/fonts/VarelaRound-Regular.ttf
10:08:37.462 [ForkJoinPool.commonPool-worker-9] DEBUG AssetLoader          - Loading from cache: /assets/ui/fonts/VarelaRound-Regular.ttf
10:08:37.463 [ForkJoinPool.commonPool-worker-9] DEBUG AssetLoader          - Loading from cache: /assets/textures/particles/trace_horizontal.png@64.0x64.0
10:08:37.463 [ForkJoinPool.commonPool-worker-9] DEBUG AssetLoader          - Loading from cache: /assets/ui/fonts/VarelaRound-Regular.ttf
10:08:37.464 [ForkJoinPool.commonPool-worker-9] DEBUG FXGL.Menu            - createMenuBodyGameMenu()
10:08:37.465 [ForkJoinPool.commonPool-worker-9] DEBUG AssetLoader          - Loading from cache: /assets/ui/fonts/VarelaRound-Regular.ttf
10:08:37.465 [ForkJoinPool.commonPool-worker-9] DEBUG AssetLoader          - Loading from cache: /assets/properties/languages/english.properties
10:08:37.467 [ForkJoinPool.commonPool-worker-9] DEBUG AssetLoader          - Loading from cache: /assets/ui/fonts/VarelaRound-Regular.ttf
10:08:37.467 [ForkJoinPool.commonPool-worker-9] DEBUG AssetLoader          - Loading from cache: /assets/properties/languages/english.properties
10:08:37.468 [ForkJoinPool.commonPool-worker-9] DEBUG FXGL.Menu            - createOptionsMenu()
10:08:37.469 [ForkJoinPool.commonPool-worker-9] DEBUG AssetLoader          - Loading from cache: /assets/ui/fonts/VarelaRound-Regular.ttf
10:08:37.469 [ForkJoinPool.commonPool-worker-9] DEBUG AssetLoader          - Loading from cache: /assets/properties/languages/english.properties
10:08:37.470 [ForkJoinPool.commonPool-worker-9] DEBUG AssetLoader          - Loading from cache: /assets/ui/fonts/VarelaRound-Regular.ttf
10:08:37.470 [ForkJoinPool.commonPool-worker-9] DEBUG AssetLoader          - Loading from cache: /assets/properties/languages/english.properties
10:08:37.471 [ForkJoinPool.commonPool-worker-9] DEBUG AssetLoader          - Loading from cache: /assets/ui/fonts/VarelaRound-Regular.ttf
10:08:37.471 [ForkJoinPool.commonPool-worker-9] DEBUG AssetLoader          - Loading from cache: /assets/properties/languages/english.properties
10:08:37.472 [ForkJoinPool.commonPool-worker-9] DEBUG AssetLoader          - Loading from cache: /assets/ui/fonts/VarelaRound-Regular.ttf
10:08:37.472 [ForkJoinPool.commonPool-worker-9] DEBUG AssetLoader          - Loading from cache: /assets/properties/languages/english.properties
10:08:37.476 [ForkJoinPool.commonPool-worker-9] DEBUG AssetLoader          - Loading from cache: /assets/ui/fonts/VarelaRound-Regular.ttf
10:08:37.477 [ForkJoinPool.commonPool-worker-9] DEBUG AssetLoader          - Loading from cache: /assets/properties/languages/english.properties
10:08:37.482 [ForkJoinPool.commonPool-worker-9] DEBUG AssetLoader          - Loading from cache: /assets/ui/fonts/VarelaRound-Regular.ttf
10:08:37.482 [ForkJoinPool.commonPool-worker-9] DEBUG AssetLoader          - Loading from cache: /assets/properties/languages/english.properties
10:08:37.483 [ForkJoinPool.commonPool-worker-9] DEBUG AssetLoader          - Loading from cache: /assets/ui/fonts/VarelaRound-Regular.ttf
10:08:37.484 [ForkJoinPool.commonPool-worker-9] DEBUG AssetLoader          - Loading from cache: /assets/properties/languages/english.properties
10:08:37.486 [ForkJoinPool.commonPool-worker-9] DEBUG AssetLoader          - Loading from cache: /assets/textures/particles/smoke.png@128.0x128.0
10:08:37.560 [JavaFX Application Thread] DEBUG FXGL                 - Running preInit()
10:08:37.589 [JavaFX Application Thread] DEBUG Input                - Registered new binding: Screenshot - P
10:08:37.590 [JavaFX Application Thread] DEBUG Input                - Registered new binding: Dev Options - CTRL+0
10:08:37.590 [JavaFX Application Thread] DEBUG Input                - Registered new binding: System info dump - CTRL+9
10:08:37.591 [JavaFX Application Thread] DEBUG Input                - Registered new binding: Restart - CTRL+R
10:08:37.591 [JavaFX Application Thread] DEBUG Input                - Registered new binding: Move Right - D
10:08:37.591 [JavaFX Application Thread] DEBUG Input                - Registered new binding: Move Left - A
10:08:37.592 [JavaFX Application Thread] DEBUG Input                - Registered new binding: Move Up - W
10:08:37.592 [JavaFX Application Thread] DEBUG Input                - Registered new binding: Move Down - S
10:08:37.592 [JavaFX Application Thread] DEBUG Input                - Registered new binding: Celebrate - F
10:08:37.592 [JavaFX Application Thread] DEBUG Input                - Registered new binding: Move Right (Player2) - Right
10:08:37.593 [JavaFX Application Thread] DEBUG Input                - Registered new binding: Move Left (Player2) - Left
10:08:37.593 [JavaFX Application Thread] DEBUG Input                - Registered new binding: Move Up (Player 2) - Up
10:08:37.593 [JavaFX Application Thread] DEBUG Input                - Registered new binding: Move Down(Player 2) - Down
10:08:37.594 [JavaFX Application Thread] DEBUG MenuEventHandler     - generateDefaultProfile()
10:08:37.594 [JavaFX Application Thread] DEBUG MenuEventHandler     - Creating default profile
10:08:37.595 [JavaFX Application Thread] DEBUG EventBus             - Firing event: SaveEvent
10:08:37.597 [JavaFX Application Thread] DEBUG AudioPlayer          - Saving data to profile
10:08:37.597 [JavaFX Application Thread] DEBUG Bundle               - Logging bundle: audio
10:08:37.597 [JavaFX Application Thread] DEBUG Bundle               - audio.musicVolume=0.5
10:08:37.598 [JavaFX Application Thread] DEBUG Bundle               - audio.soundVolume=0.5
10:08:37.598 [JavaFX Application Thread] DEBUG Input                - Saving data to profile
10:08:37.598 [JavaFX Application Thread] DEBUG Bundle               - Logging bundle: input
10:08:37.598 [JavaFX Application Thread] DEBUG Bundle               - input.Move Right=D
10:08:37.598 [JavaFX Application Thread] DEBUG Bundle               - input.Move Down(Player 2)=Down
10:08:37.598 [JavaFX Application Thread] DEBUG Bundle               - input.Restart=CTRL+R
10:08:37.598 [JavaFX Application Thread] DEBUG Bundle               - input.Move Up=W
10:08:37.598 [JavaFX Application Thread] DEBUG Bundle               - input.Dev Options=CTRL+0
10:08:37.599 [JavaFX Application Thread] DEBUG Bundle               - input.Move Left=A
10:08:37.599 [JavaFX Application Thread] DEBUG Bundle               - input.Move Up (Player 2)=Up
10:08:37.599 [JavaFX Application Thread] DEBUG Bundle               - input.Move Right (Player2)=Right
10:08:37.599 [JavaFX Application Thread] DEBUG Bundle               - input.Move Left (Player2)=Left
10:08:37.599 [JavaFX Application Thread] DEBUG Bundle               - input.Celebrate=F
10:08:37.599 [JavaFX Application Thread] DEBUG Bundle               - input.Screenshot=P
10:08:37.599 [JavaFX Application Thread] DEBUG Bundle               - input.System info dump=CTRL+9
10:08:37.599 [JavaFX Application Thread] DEBUG Bundle               - input.Move Down=S
10:08:37.605 [JavaFX Application Thread] DEBUG Bundle               - Logging bundle: gameplayStats
10:08:37.605 [JavaFX Application Thread] DEBUG Bundle               - gameplayStats.playtime=0
10:08:37.607 [JavaFX Application Thread] DEBUG AchievementManager   - Saving data to profile
10:08:37.607 [JavaFX Application Thread] DEBUG Bundle               - Logging bundle: achievement
10:08:37.609 [JavaFX Application Thread] INFO  FXGL                 - FXGL initialization took: 1,340 sec
10:08:37.609 [JavaFX Application Thread] DEBUG LoopRunner           - Starting loop
10:08:37.612 [JavaFX Application Thread] DEBUG StartupState         - STARTUP
10:08:37.612 [JavaFX Application Thread] DEBUG Input                - Clearing active input actions
10:08:37.614 [JavaFX Application Thread] DEBUG AssetLoader          - Loading from disk: /assets/ui/css/fxgl_dark.css
10:08:37.634 [JavaFX Application Thread] DEBUG AppStateMachine      - StartupState -> MainMenuState
10:08:37.641 [JavaFX Application Thread] DEBUG AssetLoader          - Loading from cache: /assets/properties/languages/english.properties
10:08:37.641 [JavaFX Application Thread] DEBUG AssetLoader          - Loading from cache: /assets/ui/fonts/VarelaRound-Regular.ttf
10:08:37.641 [JavaFX Application Thread] DEBUG AssetLoader          - Loading from cache: /assets/properties/languages/english.properties
10:08:37.642 [JavaFX Application Thread] DEBUG AssetLoader          - Loading from cache: /assets/ui/fonts/VarelaRound-Regular.ttf
10:08:37.642 [JavaFX Application Thread] DEBUG AssetLoader          - Loading from cache: /assets/properties/languages/english.properties
10:08:37.643 [JavaFX Application Thread] DEBUG AssetLoader          - Loading from cache: /assets/ui/fonts/VarelaRound-Regular.ttf
10:08:37.647 [JavaFX Application Thread] DEBUG SaveLoadManager      - Checking profiles dir: profiles/
10:08:37.647 [JavaFX Application Thread] DEBUG SaveLoadManager      - Loading profile names
10:08:37.650 [JavaFX Application Thread] DEBUG AssetLoader          - Loading from cache: /assets/properties/languages/english.properties
10:08:37.652 [JavaFX Application Thread] DEBUG AssetLoader          - Loading from cache: /assets/ui/fonts/VarelaRound-Regular.ttf
10:08:37.653 [JavaFX Application Thread] DEBUG AssetLoader          - Loading from cache: /assets/ui/fonts/VarelaRound-Regular.ttf
10:08:37.654 [JavaFX Application Thread] DEBUG AppStateMachine      - Push state: DialogSubState
10:08:37.654 [JavaFX Application Thread] DEBUG Input                - Clearing active input actions
10:08:37.655 [JavaFX Application Thread] DEBUG AppStateMachine      - MainMenuState -> DialogSubState
10:08:37.784 [JavaFX Application Thread] DEBUG AppStateMachine      - Pop state: DialogSubState
10:08:37.785 [JavaFX Application Thread] DEBUG Input                - Clearing active input actions
10:08:37.786 [JavaFX Application Thread] DEBUG AppStateMachine      - MainMenuState <- DialogSubState
10:08:37.787 [JavaFX Application Thread] DEBUG AssetLoader          - Loading from cache: /assets/properties/languages/english.properties
10:08:37.788 [JavaFX Application Thread] DEBUG AssetLoader          - Loading from cache: /assets/ui/fonts/VarelaRound-Regular.ttf
10:08:37.789 [JavaFX Application Thread] DEBUG AssetLoader          - Loading from cache: /assets/ui/fonts/VarelaRound-Regular.ttf
10:08:37.789 [JavaFX Application Thread] DEBUG AppStateMachine      - Push state: DialogSubState
10:08:37.790 [JavaFX Application Thread] DEBUG Input                - Clearing active input actions
10:08:37.790 [JavaFX Application Thread] DEBUG AppStateMachine      - MainMenuState -> DialogSubState
10:08:38.668 [JavaFX Application Thread] DEBUG AssetLoader          - Loading from cache: /assets/sounds/menu/select.wav
10:08:38.904 [JavaFX Application Thread] DEBUG AppStateMachine      - Pop state: DialogSubState
10:08:38.905 [JavaFX Application Thread] DEBUG Input                - Clearing active input actions
10:08:38.915 [JavaFX Application Thread] DEBUG AppStateMachine      - MainMenuState <- DialogSubState
10:08:38.917 [JavaFX Application Thread] DEBUG SaveLoadManager      - Loading profile: Mads
10:08:38.924 [JavaFX Application Thread] DEBUG AssetLoader          - Loading from cache: /assets/properties/languages/english.properties
10:08:38.926 [JavaFX Application Thread] DEBUG AssetLoader          - Loading from cache: /assets/ui/fonts/VarelaRound-Regular.ttf
10:08:38.930 [JavaFX Application Thread] DEBUG AssetLoader          - Loading from cache: /assets/ui/fonts/VarelaRound-Regular.ttf
10:08:38.932 [JavaFX Application Thread] DEBUG AppStateMachine      - Push state: DialogSubState
10:08:38.934 [JavaFX Application Thread] DEBUG Input                - Clearing active input actions
10:08:38.935 [JavaFX Application Thread] DEBUG AppStateMachine      - MainMenuState -> DialogSubState
10:08:38.955 [FXGL Background Thread 1 ] DEBUG DesktopFSService     - Reading from: .\profiles\Mads\user.profile
10:08:39.064 [JavaFX Application Thread] DEBUG AppStateMachine      - Pop state: DialogSubState
10:08:39.066 [JavaFX Application Thread] DEBUG Input                - Clearing active input actions
10:08:39.074 [JavaFX Application Thread] DEBUG AppStateMachine      - MainMenuState <- DialogSubState
10:08:39.076 [JavaFX Application Thread] DEBUG EventBus             - Firing event: LoadEvent[type=LOAD_PROFILE]
10:08:39.083 [JavaFX Application Thread] DEBUG AudioPlayer          - Loading data from profile
10:08:39.084 [JavaFX Application Thread] DEBUG Bundle               - Logging bundle: audio
10:08:39.085 [JavaFX Application Thread] DEBUG Bundle               - audio.musicVolume=0.5
10:08:39.086 [JavaFX Application Thread] DEBUG Bundle               - audio.soundVolume=0.5
10:08:39.088 [JavaFX Application Thread] DEBUG Input                - Loading data from profile
10:08:39.088 [JavaFX Application Thread] DEBUG Bundle               - Logging bundle: input
10:08:39.089 [JavaFX Application Thread] DEBUG Bundle               - input.Move Right=D
10:08:39.090 [JavaFX Application Thread] DEBUG Bundle               - input.Move Down(Player 2)=Down
10:08:39.090 [JavaFX Application Thread] DEBUG Bundle               - input.Restart=CTRL+R
10:08:39.091 [JavaFX Application Thread] DEBUG Bundle               - input.Move Up=W
10:08:39.091 [JavaFX Application Thread] DEBUG Bundle               - input.Dev Options=CTRL+0
10:08:39.092 [JavaFX Application Thread] DEBUG Bundle               - input.Move Left=A
10:08:39.092 [JavaFX Application Thread] DEBUG Bundle               - input.Move Up (Player 2)=Up
10:08:39.093 [JavaFX Application Thread] DEBUG Bundle               - input.Move Right (Player2)=Right
10:08:39.094 [JavaFX Application Thread] DEBUG Bundle               - input.Move Left (Player2)=Left
10:08:39.094 [JavaFX Application Thread] DEBUG Bundle               - input.Celebrate=F
10:08:39.095 [JavaFX Application Thread] DEBUG Bundle               - input.Screenshot=P
10:08:39.095 [JavaFX Application Thread] DEBUG Bundle               - input.System info dump=CTRL+9
10:08:39.096 [JavaFX Application Thread] DEBUG Bundle               - input.Move Down=S
10:08:39.098 [JavaFX Application Thread] DEBUG Bundle               - Logging bundle: gameplayStats
10:08:39.099 [JavaFX Application Thread] DEBUG Bundle               - gameplayStats.playtime=1128633981127
10:08:39.100 [JavaFX Application Thread] DEBUG AchievementManager   - Loading data from profile
10:08:39.101 [JavaFX Application Thread] DEBUG Bundle               - Logging bundle: achievement
10:08:39.102 [JavaFX Application Thread] DEBUG AssetLoader          - Loading from cache: /assets/properties/languages/english.properties
10:08:39.103 [JavaFX Application Thread] DEBUG AssetLoader          - Loading from cache: /assets/ui/fonts/VarelaRound-Regular.ttf
10:08:39.106 [JavaFX Application Thread] DEBUG AssetLoader          - Loading from cache: /assets/properties/languages/english.properties
10:08:39.108 [JavaFX Application Thread] DEBUG AssetLoader          - Loading from cache: /assets/ui/fonts/VarelaRound-Regular.ttf
10:08:39.111 [JavaFX Application Thread] DEBUG SaveLoadManager      - Loading last modified save file
10:08:39.111 [JavaFX Application Thread] DEBUG SaveLoadManager      - Loading save files
10:08:39.131 [JavaFX Application Thread] DEBUG AssetLoader          - Loading from cache: /assets/properties/languages/english.properties
10:08:39.133 [JavaFX Application Thread] DEBUG AssetLoader          - Loading from cache: /assets/ui/fonts/VarelaRound-Regular.ttf
10:08:39.138 [JavaFX Application Thread] DEBUG AssetLoader          - Loading from cache: /assets/ui/fonts/VarelaRound-Regular.ttf
10:08:39.140 [JavaFX Application Thread] DEBUG AppStateMachine      - Push state: DialogSubState
10:08:39.141 [JavaFX Application Thread] DEBUG Input                - Clearing active input actions
10:08:39.141 [JavaFX Application Thread] DEBUG AppStateMachine      - MainMenuState -> DialogSubState
10:08:39.252 [JavaFX Application Thread] DEBUG AppStateMachine      - Pop state: DialogSubState
10:08:39.253 [JavaFX Application Thread] DEBUG Input                - Clearing active input actions
10:08:39.256 [JavaFX Application Thread] DEBUG AppStateMachine      - MainMenuState <- DialogSubState
10:08:39.553 [JavaFX Application Thread] DEBUG AssetLoader          - Loading from cache: /assets/sounds/menu/select.wav
10:08:39.916 [JavaFX Application Thread] DEBUG FXGL.Menu            - fireNewGame()
10:08:39.916 [JavaFX Application Thread] DEBUG GameApplication      - Starting new game
10:08:39.916 [JavaFX Application Thread] DEBUG Input                - Clearing active input actions
10:08:39.916 [JavaFX Application Thread] DEBUG AssetLoader          - Loading from disk: /assets/ui/css/fxgl_dark.css
10:08:39.934 [JavaFX Application Thread] DEBUG AppStateMachine      - MainMenuState -> LoadingState
10:08:39.938 [FXGL Background Thread 1 ] DEBUG InitAppTask          - Clearing previous game
10:08:39.938 [FXGL Background Thread 1 ] DEBUG GameWorld            - Clearing game world
10:08:39.939 [FXGL Background Thread 1 ] DEBUG PhysicsWorld         - Clearing physics world
10:08:39.939 [FXGL Background Thread 1 ] DEBUG GameScene            - Clearing game scene
10:08:39.941 [FXGL Background Thread 1 ] DEBUG InitAppTask          - Initializing Game
10:08:40.053 [FXGL Background Thread 1 ] DEBUG AssetLoader          - Loading from disk: /assets/textures/background1.png
10:08:40.130 [FXGL Background Thread 1 ] DEBUG GameScene            - Creating render group for layer: DEFAULT(100000)
10:08:40.133 [FXGL Background Thread 1 ] DEBUG AssetLoader          - Loading from disk: /assets/textures/slime1.png
10:08:40.152 [FXGL Background Thread 1 ] DEBUG AssetLoader          - Loading from disk: /assets/textures/slime2.png
10:08:40.160 [FXGL Background Thread 1 ] DEBUG AssetLoader          - Loading from disk: /assets/textures/ball.png
10:08:40.168 [FXGL Background Thread 1 ] DEBUG AssetLoader          - Loading from disk: /assets/textures/bottomline.png
10:08:40.185 [FXGL Background Thread 1 ] DEBUG InitAppTask          - Initializing Physics
10:08:40.187 [FXGL Background Thread 1 ] DEBUG InitAppTask          - Initializing UI
10:08:40.189 [FXGL Background Thread 1 ] DEBUG InitAppTask          - Initialization Complete
10:08:40.190 [FXGL Background Thread 1 ] INFO  InitAppTask          - Game initialization took: 0,251 sec
10:08:40.201 [JavaFX Application Thread] DEBUG Input                - Clearing active input actions
10:08:40.201 [JavaFX Application Thread] DEBUG AssetLoader          - Loading from disk: /assets/ui/css/fxgl_dark.css
10:08:40.214 [JavaFX Application Thread] DEBUG AppStateMachine      - LoadingState -> PlayState
10:08:45.991 [JavaFX Application Thread] DEBUG FXGL                 - Exiting FXGL
10:08:45.991 [JavaFX Application Thread] DEBUG MenuEventHandler     - Creating default profile
10:08:45.991 [JavaFX Application Thread] DEBUG EventBus             - Firing event: SaveEvent
10:08:45.991 [JavaFX Application Thread] DEBUG AudioPlayer          - Saving data to profile
10:08:45.991 [JavaFX Application Thread] DEBUG Bundle               - Logging bundle: audio
10:08:45.992 [JavaFX Application Thread] DEBUG Bundle               - audio.musicVolume=0.5
10:08:45.992 [JavaFX Application Thread] DEBUG Bundle               - audio.soundVolume=0.5
10:08:45.992 [JavaFX Application Thread] DEBUG Input                - Saving data to profile
10:08:45.992 [JavaFX Application Thread] DEBUG Bundle               - Logging bundle: input
10:08:45.992 [JavaFX Application Thread] DEBUG Bundle               - input.Move Right=D
10:08:45.992 [JavaFX Application Thread] DEBUG Bundle               - input.Move Down(Player 2)=Down
10:08:45.992 [JavaFX Application Thread] DEBUG Bundle               - input.Restart=CTRL+R
10:08:45.992 [JavaFX Application Thread] DEBUG Bundle               - input.Move Up=W
10:08:45.992 [JavaFX Application Thread] DEBUG Bundle               - input.Dev Options=CTRL+0
10:08:45.993 [JavaFX Application Thread] DEBUG Bundle               - input.Move Left=A
10:08:45.993 [JavaFX Application Thread] DEBUG Bundle               - input.Move Up (Player 2)=Up
10:08:45.993 [JavaFX Application Thread] DEBUG Bundle               - input.Move Right (Player2)=Right
10:08:45.993 [JavaFX Application Thread] DEBUG Bundle               - input.Move Left (Player2)=Left
10:08:45.993 [JavaFX Application Thread] DEBUG Bundle               - input.Celebrate=F
10:08:45.993 [JavaFX Application Thread] DEBUG Bundle               - input.Screenshot=P
10:08:45.993 [JavaFX Application Thread] DEBUG Bundle               - input.System info dump=CTRL+9
10:08:45.993 [JavaFX Application Thread] DEBUG Bundle               - input.Move Down=S
10:08:45.993 [JavaFX Application Thread] DEBUG Bundle               - Logging bundle: gameplayStats
10:08:45.993 [JavaFX Application Thread] DEBUG Bundle               - gameplayStats.playtime=1134975490377
10:08:45.993 [JavaFX Application Thread] DEBUG AchievementManager   - Saving data to profile
10:08:45.993 [JavaFX Application Thread] DEBUG Bundle               - Logging bundle: achievement
10:08:45.994 [JavaFX Application Thread] DEBUG SaveLoadManager      - Saving profile: Mads
10:08:45.999 [JavaFX Application Thread] DEBUG DesktopFSService     - Writing to: .\profiles\Mads\user.profile
10:08:46.009 [JavaFX Application Thread] DEBUG FXGL                 - Shutting down background threads
10:08:46.010 [JavaFX Application Thread] DEBUG FXGL                 - Saving FXGL system data
10:08:46.013 [JavaFX Application Thread] DEBUG DesktopFSService     - Writing to: system\fxgl.bundle
10:08:46.019 [JavaFX Application Thread] DEBUG FXGL                 - Closing logger and exiting JavaFX
