09:31:23.231 [JavaFX Application Thread] DEBUG GameApplication      - Logger initialized
09:31:23.249 [JavaFX Application Thread] DEBUG GameApplication      - Logging settings
Title: SlimeSoccer2000
Version: 0.1
Width: 1200
Height: 600
Fullscreen: false
Intro: false
Menus: true
Profiling: false
Single step:false
App Mode: DEVELOPER
Menu Key: M
Stage Style: DECORATED
Scene Factory: class com.almasb.fxgl.scene.SceneFactory
Dialog Factory: class com.almasb.fxgl.ui.FXGLDialogFactory
UI Factory: class com.almasb.fxgl.ui.FXGLUIFactory
Notification Service: class com.almasb.fxgl.gameplay.notification.XboxNotificationView
Exception Handler: class com.almasb.fxgl.app.FXGLExceptionHandler
09:31:23.250 [JavaFX Application Thread] DEBUG GameApplication      - Starting FXGL
09:31:23.266 [JavaFX Application Thread] INFO  FXGL                 - FXGL-0.5.4 on DESKTOP
09:31:23.266 [JavaFX Application Thread] INFO  FXGL                 - Source code and latest versions at: https://github.com/AlmasB/FXGL
09:31:23.267 [JavaFX Application Thread] INFO  FXGL                 -              Join the FXGL chat at: https://gitter.im/AlmasB/FXGL
09:31:23.267 [JavaFX Application Thread] DEBUG FXGL                 - FXGL started
09:31:23.267 [JavaFX Application Thread] DEBUG FXGL                 - Initializing FXGL
09:31:23.324 [JavaFX Application Thread] DEBUG AssetLoader          - Loading from disk: /assets/ui/cursors/fxgl_default.png
09:31:23.432 [JavaFX Application Thread] DEBUG AssetLoader          - Loading from disk: /assets/ui/fonts/VarelaRound-Regular.ttf
09:31:23.866 [JavaFX Application Thread] DEBUG MainWindow           - Creating a JavaFX scene
09:31:23.915 [JavaFX Application Thread] DEBUG MainWindow           - Target settings size: 1200.0 x 600.0
09:31:23.916 [JavaFX Application Thread] DEBUG MainWindow           - Scaled scene size:    1200.0 x 600.0
09:31:23.916 [JavaFX Application Thread] DEBUG MainWindow           - Scaled ratio: (1.0, 1.0)
09:31:23.920 [JavaFX Application Thread] DEBUG AssetLoader          - Loading from disk: /assets/ui/css/fxgl_dark.css
09:31:23.926 [JavaFX Application Thread] DEBUG AssetLoader          - Loading from disk: /assets/textures/fxgl_icon.png
09:31:23.951 [JavaFX Application Thread] DEBUG MainWindow           - Opening main window
09:31:24.149 [JavaFX Application Thread] DEBUG MainWindow           - Window border size: (14.4000244140625, 37.5999755859375)
09:31:24.151 [JavaFX Application Thread] DEBUG MainWindow           - Scaled size: 1200.0 x 600.0
09:31:24.151 [JavaFX Application Thread] DEBUG MainWindow           - Scaled ratio: (1.0, 1.0)
09:31:24.151 [JavaFX Application Thread] DEBUG MainWindow           - Scene size: 1200.0 x 600.0
09:31:24.151 [JavaFX Application Thread] DEBUG MainWindow           - Stage size: 1214.4000244140625 x 637.5999755859375
09:31:24.236 [ForkJoinPool.commonPool-worker-9] DEBUG FS                   - Loaded DesktopFSService
09:31:24.237 [ForkJoinPool.commonPool-worker-9] DEBUG FXGL                 - Loading FXGL system data
09:31:24.246 [ForkJoinPool.commonPool-worker-9] DEBUG DesktopFSService     - Reading from: system\fxgl.bundle
09:31:24.264 [ForkJoinPool.commonPool-worker-9] DEBUG Bundle               - Logging bundle: FXGL
09:31:24.265 [ForkJoinPool.commonPool-worker-9] DEBUG Bundle               - FXGL.offline.timer.version.check=2019-01-15T09:28:22.000785300
09:31:24.266 [ForkJoinPool.commonPool-worker-9] DEBUG FXGL                 - Initializing state machine and application states
09:31:24.270 [ForkJoinPool.commonPool-worker-9] DEBUG AssetLoader          - Loading from disk: /assets/ui/cursors/fxgl_default.png
09:31:24.280 [ForkJoinPool.commonPool-worker-9] DEBUG AssetLoader          - Loading from disk: /assets/ui/cursors/fxgl_default.png
09:31:24.291 [ForkJoinPool.commonPool-worker-9] DEBUG AssetLoader          - Loading from cache: /assets/ui/fonts/VarelaRound-Regular.ttf
09:31:24.296 [ForkJoinPool.commonPool-worker-9] DEBUG AssetLoader          - Loading from disk: /assets/ui/cursors/fxgl_default.png
09:31:24.301 [ForkJoinPool.commonPool-worker-9] DEBUG GameScene            - Game scene initialized: 1200x600
09:31:24.312 [ForkJoinPool.commonPool-worker-9] DEBUG GameWorld            - Game world initialized
09:31:24.414 [ForkJoinPool.commonPool-worker-9] DEBUG PhysicsWorld         - Physics world initialized: appHeight=600, physics.ppm=50,0
09:31:24.465 [ForkJoinPool.commonPool-worker-9] DEBUG AssetLoader          - Loading from disk: /assets/ui/cursors/fxgl_default.png
09:31:24.472 [ForkJoinPool.commonPool-worker-9] DEBUG AssetLoader          - Loading from disk: /assets/properties/languages/english.properties
09:31:24.475 [ForkJoinPool.commonPool-worker-9] DEBUG AssetLoader          - Loading from cache: /assets/ui/fonts/VarelaRound-Regular.ttf
09:31:24.476 [ForkJoinPool.commonPool-worker-9] DEBUG AssetLoader          - Loading from cache: /assets/ui/fonts/VarelaRound-Regular.ttf
09:31:24.477 [ForkJoinPool.commonPool-worker-9] DEBUG AssetLoader          - Loading from cache: /assets/ui/fonts/VarelaRound-Regular.ttf
09:31:24.493 [ForkJoinPool.commonPool-worker-9] DEBUG AssetLoader          - Loading from disk: /assets/textures/particles/trace_horizontal.png
09:31:24.525 [ForkJoinPool.commonPool-worker-9] DEBUG AssetLoader          - Loading from cache: /assets/ui/fonts/VarelaRound-Regular.ttf
09:31:24.526 [ForkJoinPool.commonPool-worker-9] DEBUG FXGL.Menu            - createMenuBodyMainMenu()
09:31:24.538 [ForkJoinPool.commonPool-worker-9] DEBUG AssetLoader          - Loading from cache: /assets/ui/fonts/VarelaRound-Regular.ttf
09:31:24.543 [ForkJoinPool.commonPool-worker-9] DEBUG AssetLoader          - Loading from cache: /assets/properties/languages/english.properties
09:31:24.549 [ForkJoinPool.commonPool-worker-9] DEBUG AssetLoader          - Loading from cache: /assets/ui/fonts/VarelaRound-Regular.ttf
09:31:24.550 [ForkJoinPool.commonPool-worker-9] DEBUG AssetLoader          - Loading from cache: /assets/properties/languages/english.properties
09:31:24.551 [ForkJoinPool.commonPool-worker-9] DEBUG FXGL.Menu            - createOptionsMenu()
09:31:24.551 [ForkJoinPool.commonPool-worker-9] DEBUG AssetLoader          - Loading from cache: /assets/ui/fonts/VarelaRound-Regular.ttf
09:31:24.552 [ForkJoinPool.commonPool-worker-9] DEBUG AssetLoader          - Loading from cache: /assets/properties/languages/english.properties
09:31:24.555 [ForkJoinPool.commonPool-worker-9] DEBUG AssetLoader          - Loading from cache: /assets/ui/fonts/VarelaRound-Regular.ttf
09:31:24.555 [ForkJoinPool.commonPool-worker-9] DEBUG AssetLoader          - Loading from cache: /assets/properties/languages/english.properties
09:31:24.556 [ForkJoinPool.commonPool-worker-9] DEBUG AssetLoader          - Loading from cache: /assets/ui/fonts/VarelaRound-Regular.ttf
09:31:24.557 [ForkJoinPool.commonPool-worker-9] DEBUG AssetLoader          - Loading from cache: /assets/properties/languages/english.properties
09:31:24.558 [ForkJoinPool.commonPool-worker-9] DEBUG AssetLoader          - Loading from cache: /assets/ui/fonts/VarelaRound-Regular.ttf
09:31:24.558 [ForkJoinPool.commonPool-worker-9] DEBUG AssetLoader          - Loading from cache: /assets/properties/languages/english.properties
09:31:24.559 [ForkJoinPool.commonPool-worker-9] DEBUG AssetLoader          - Loading from cache: /assets/ui/fonts/VarelaRound-Regular.ttf
09:31:24.559 [ForkJoinPool.commonPool-worker-9] DEBUG AssetLoader          - Loading from cache: /assets/properties/languages/english.properties
09:31:24.561 [ForkJoinPool.commonPool-worker-9] DEBUG AssetLoader          - Loading from cache: /assets/ui/fonts/VarelaRound-Regular.ttf
09:31:24.561 [ForkJoinPool.commonPool-worker-9] DEBUG AssetLoader          - Loading from cache: /assets/properties/languages/english.properties
09:31:24.563 [ForkJoinPool.commonPool-worker-9] DEBUG AssetLoader          - Loading from cache: /assets/ui/fonts/VarelaRound-Regular.ttf
09:31:24.563 [ForkJoinPool.commonPool-worker-9] DEBUG AssetLoader          - Loading from cache: /assets/properties/languages/english.properties
09:31:24.564 [ForkJoinPool.commonPool-worker-9] DEBUG AssetLoader          - Loading from cache: /assets/ui/fonts/VarelaRound-Regular.ttf
09:31:24.564 [ForkJoinPool.commonPool-worker-9] DEBUG AssetLoader          - Loading from cache: /assets/properties/languages/english.properties
09:31:24.566 [ForkJoinPool.commonPool-worker-9] DEBUG AssetLoader          - Loading from disk: /assets/textures/particles/smoke.png
09:31:24.652 [ForkJoinPool.commonPool-worker-9] DEBUG AssetLoader          - Loading from disk: /assets/ui/cursors/fxgl_default.png
09:31:24.654 [ForkJoinPool.commonPool-worker-9] DEBUG AssetLoader          - Loading from cache: /assets/properties/languages/english.properties
09:31:24.655 [ForkJoinPool.commonPool-worker-9] DEBUG AssetLoader          - Loading from cache: /assets/ui/fonts/VarelaRound-Regular.ttf
09:31:24.655 [ForkJoinPool.commonPool-worker-9] DEBUG AssetLoader          - Loading from cache: /assets/ui/fonts/VarelaRound-Regular.ttf
09:31:24.655 [ForkJoinPool.commonPool-worker-9] DEBUG AssetLoader          - Loading from cache: /assets/ui/fonts/VarelaRound-Regular.ttf
09:31:24.656 [ForkJoinPool.commonPool-worker-9] DEBUG AssetLoader          - Loading from cache: /assets/textures/particles/trace_horizontal.png@64.0x64.0
09:31:24.657 [ForkJoinPool.commonPool-worker-9] DEBUG AssetLoader          - Loading from cache: /assets/ui/fonts/VarelaRound-Regular.ttf
09:31:24.657 [ForkJoinPool.commonPool-worker-9] DEBUG FXGL.Menu            - createMenuBodyGameMenu()
09:31:24.657 [ForkJoinPool.commonPool-worker-9] DEBUG AssetLoader          - Loading from cache: /assets/ui/fonts/VarelaRound-Regular.ttf
09:31:24.658 [ForkJoinPool.commonPool-worker-9] DEBUG AssetLoader          - Loading from cache: /assets/properties/languages/english.properties
09:31:24.659 [ForkJoinPool.commonPool-worker-9] DEBUG AssetLoader          - Loading from cache: /assets/ui/fonts/VarelaRound-Regular.ttf
09:31:24.659 [ForkJoinPool.commonPool-worker-9] DEBUG AssetLoader          - Loading from cache: /assets/properties/languages/english.properties
09:31:24.659 [ForkJoinPool.commonPool-worker-9] DEBUG FXGL.Menu            - createOptionsMenu()
09:31:24.660 [ForkJoinPool.commonPool-worker-9] DEBUG AssetLoader          - Loading from cache: /assets/ui/fonts/VarelaRound-Regular.ttf
09:31:24.660 [ForkJoinPool.commonPool-worker-9] DEBUG AssetLoader          - Loading from cache: /assets/properties/languages/english.properties
09:31:24.661 [ForkJoinPool.commonPool-worker-9] DEBUG AssetLoader          - Loading from cache: /assets/ui/fonts/VarelaRound-Regular.ttf
09:31:24.661 [ForkJoinPool.commonPool-worker-9] DEBUG AssetLoader          - Loading from cache: /assets/properties/languages/english.properties
09:31:24.661 [ForkJoinPool.commonPool-worker-9] DEBUG AssetLoader          - Loading from cache: /assets/ui/fonts/VarelaRound-Regular.ttf
09:31:24.662 [ForkJoinPool.commonPool-worker-9] DEBUG AssetLoader          - Loading from cache: /assets/properties/languages/english.properties
09:31:24.662 [ForkJoinPool.commonPool-worker-9] DEBUG AssetLoader          - Loading from cache: /assets/ui/fonts/VarelaRound-Regular.ttf
09:31:24.662 [ForkJoinPool.commonPool-worker-9] DEBUG AssetLoader          - Loading from cache: /assets/properties/languages/english.properties
09:31:24.663 [ForkJoinPool.commonPool-worker-9] DEBUG AssetLoader          - Loading from cache: /assets/ui/fonts/VarelaRound-Regular.ttf
09:31:24.663 [ForkJoinPool.commonPool-worker-9] DEBUG AssetLoader          - Loading from cache: /assets/properties/languages/english.properties
09:31:24.664 [ForkJoinPool.commonPool-worker-9] DEBUG AssetLoader          - Loading from cache: /assets/ui/fonts/VarelaRound-Regular.ttf
09:31:24.664 [ForkJoinPool.commonPool-worker-9] DEBUG AssetLoader          - Loading from cache: /assets/properties/languages/english.properties
09:31:24.665 [ForkJoinPool.commonPool-worker-9] DEBUG AssetLoader          - Loading from cache: /assets/ui/fonts/VarelaRound-Regular.ttf
09:31:24.665 [ForkJoinPool.commonPool-worker-9] DEBUG AssetLoader          - Loading from cache: /assets/properties/languages/english.properties
09:31:24.666 [ForkJoinPool.commonPool-worker-9] DEBUG AssetLoader          - Loading from cache: /assets/textures/particles/smoke.png@128.0x128.0
09:31:24.738 [JavaFX Application Thread] DEBUG FXGL                 - Running preInit()
09:31:24.770 [JavaFX Application Thread] DEBUG Input                - Registered new binding: Screenshot - P
09:31:24.771 [JavaFX Application Thread] DEBUG Input                - Registered new binding: Dev Options - CTRL+0
09:31:24.772 [JavaFX Application Thread] DEBUG Input                - Registered new binding: System info dump - CTRL+9
09:31:24.773 [JavaFX Application Thread] DEBUG Input                - Registered new binding: Restart - CTRL+R
09:31:24.773 [JavaFX Application Thread] DEBUG Input                - Registered new binding: Move Right - D
09:31:24.773 [JavaFX Application Thread] DEBUG Input                - Registered new binding: Move Left - A
09:31:24.774 [JavaFX Application Thread] DEBUG Input                - Registered new binding: Move Up - W
09:31:24.774 [JavaFX Application Thread] DEBUG Input                - Registered new binding: Move Down - S
09:31:24.774 [JavaFX Application Thread] DEBUG Input                - Registered new binding: Celebrate - F
09:31:24.774 [JavaFX Application Thread] DEBUG Input                - Registered new binding: Move Right (Player2) - Right
09:31:24.775 [JavaFX Application Thread] DEBUG Input                - Registered new binding: Move Left (Player2) - Left
09:31:24.775 [JavaFX Application Thread] DEBUG Input                - Registered new binding: Move Up (Player 2) - Up
09:31:24.775 [JavaFX Application Thread] DEBUG Input                - Registered new binding: Move Down(Player 2) - Down
09:31:24.776 [JavaFX Application Thread] DEBUG MenuEventHandler     - generateDefaultProfile()
09:31:24.777 [JavaFX Application Thread] DEBUG MenuEventHandler     - Creating default profile
09:31:24.777 [JavaFX Application Thread] DEBUG EventBus             - Firing event: SaveEvent
09:31:24.780 [JavaFX Application Thread] DEBUG AudioPlayer          - Saving data to profile
09:31:24.781 [JavaFX Application Thread] DEBUG Bundle               - Logging bundle: audio
09:31:24.781 [JavaFX Application Thread] DEBUG Bundle               - audio.musicVolume=0.5
09:31:24.781 [JavaFX Application Thread] DEBUG Bundle               - audio.soundVolume=0.5
09:31:24.781 [JavaFX Application Thread] DEBUG Input                - Saving data to profile
09:31:24.782 [JavaFX Application Thread] DEBUG Bundle               - Logging bundle: input
09:31:24.782 [JavaFX Application Thread] DEBUG Bundle               - input.Move Right=D
09:31:24.782 [JavaFX Application Thread] DEBUG Bundle               - input.Move Down(Player 2)=Down
09:31:24.782 [JavaFX Application Thread] DEBUG Bundle               - input.Restart=CTRL+R
09:31:24.782 [JavaFX Application Thread] DEBUG Bundle               - input.Move Up=W
09:31:24.783 [JavaFX Application Thread] DEBUG Bundle               - input.Dev Options=CTRL+0
09:31:24.783 [JavaFX Application Thread] DEBUG Bundle               - input.Move Left=A
09:31:24.784 [JavaFX Application Thread] DEBUG Bundle               - input.Move Up (Player 2)=Up
09:31:24.784 [JavaFX Application Thread] DEBUG Bundle               - input.Move Right (Player2)=Right
09:31:24.784 [JavaFX Application Thread] DEBUG Bundle               - input.Move Left (Player2)=Left
09:31:24.784 [JavaFX Application Thread] DEBUG Bundle               - input.Celebrate=F
09:31:24.784 [JavaFX Application Thread] DEBUG Bundle               - input.Screenshot=P
09:31:24.785 [JavaFX Application Thread] DEBUG Bundle               - input.System info dump=CTRL+9
09:31:24.785 [JavaFX Application Thread] DEBUG Bundle               - input.Move Down=S
09:31:24.795 [JavaFX Application Thread] DEBUG Bundle               - Logging bundle: gameplayStats
09:31:24.795 [JavaFX Application Thread] DEBUG Bundle               - gameplayStats.playtime=0
09:31:24.797 [JavaFX Application Thread] DEBUG AchievementManager   - Saving data to profile
09:31:24.797 [JavaFX Application Thread] DEBUG Bundle               - Logging bundle: achievement
09:31:24.799 [JavaFX Application Thread] INFO  FXGL                 - FXGL initialization took: 1,532 sec
09:31:24.800 [JavaFX Application Thread] DEBUG LoopRunner           - Starting loop
09:31:24.806 [JavaFX Application Thread] DEBUG StartupState         - STARTUP
09:31:24.806 [JavaFX Application Thread] DEBUG Input                - Clearing active input actions
09:31:24.808 [JavaFX Application Thread] DEBUG AssetLoader          - Loading from disk: /assets/ui/css/fxgl_dark.css
09:31:24.832 [JavaFX Application Thread] DEBUG AppStateMachine      - StartupState -> MainMenuState
09:31:24.839 [JavaFX Application Thread] DEBUG AssetLoader          - Loading from cache: /assets/properties/languages/english.properties
09:31:24.840 [JavaFX Application Thread] DEBUG AssetLoader          - Loading from cache: /assets/ui/fonts/VarelaRound-Regular.ttf
09:31:24.840 [JavaFX Application Thread] DEBUG AssetLoader          - Loading from cache: /assets/properties/languages/english.properties
09:31:24.840 [JavaFX Application Thread] DEBUG AssetLoader          - Loading from cache: /assets/ui/fonts/VarelaRound-Regular.ttf
09:31:24.841 [JavaFX Application Thread] DEBUG AssetLoader          - Loading from cache: /assets/properties/languages/english.properties
09:31:24.841 [JavaFX Application Thread] DEBUG AssetLoader          - Loading from cache: /assets/ui/fonts/VarelaRound-Regular.ttf
09:31:24.845 [JavaFX Application Thread] DEBUG SaveLoadManager      - Checking profiles dir: profiles/
09:31:24.846 [JavaFX Application Thread] DEBUG SaveLoadManager      - Loading profile names
09:31:24.849 [JavaFX Application Thread] DEBUG AssetLoader          - Loading from cache: /assets/properties/languages/english.properties
09:31:24.851 [JavaFX Application Thread] DEBUG AssetLoader          - Loading from cache: /assets/ui/fonts/VarelaRound-Regular.ttf
09:31:24.852 [JavaFX Application Thread] DEBUG AssetLoader          - Loading from cache: /assets/ui/fonts/VarelaRound-Regular.ttf
09:31:24.853 [JavaFX Application Thread] DEBUG AppStateMachine      - Push state: DialogSubState
09:31:24.853 [JavaFX Application Thread] DEBUG Input                - Clearing active input actions
09:31:24.853 [JavaFX Application Thread] DEBUG AppStateMachine      - MainMenuState -> DialogSubState
09:31:24.986 [JavaFX Application Thread] DEBUG AppStateMachine      - Pop state: DialogSubState
09:31:24.986 [JavaFX Application Thread] DEBUG Input                - Clearing active input actions
09:31:24.988 [JavaFX Application Thread] DEBUG AppStateMachine      - MainMenuState <- DialogSubState
09:31:24.989 [JavaFX Application Thread] DEBUG AssetLoader          - Loading from cache: /assets/properties/languages/english.properties
09:31:24.989 [JavaFX Application Thread] DEBUG AssetLoader          - Loading from cache: /assets/ui/fonts/VarelaRound-Regular.ttf
09:31:24.990 [JavaFX Application Thread] DEBUG AssetLoader          - Loading from cache: /assets/ui/fonts/VarelaRound-Regular.ttf
09:31:24.991 [JavaFX Application Thread] DEBUG AppStateMachine      - Push state: DialogSubState
09:31:24.991 [JavaFX Application Thread] DEBUG Input                - Clearing active input actions
09:31:24.991 [JavaFX Application Thread] DEBUG AppStateMachine      - MainMenuState -> DialogSubState
09:31:25.297 [JavaFX Application Thread] DEBUG AssetLoader          - Loading from cache: /assets/sounds/menu/select.wav
09:31:25.429 [JavaFX Application Thread] DEBUG AssetLoader          - Loading from cache: /assets/sounds/menu/select.wav
09:31:25.630 [JavaFX Application Thread] DEBUG AppStateMachine      - Pop state: DialogSubState
09:31:25.631 [JavaFX Application Thread] DEBUG Input                - Clearing active input actions
09:31:25.631 [JavaFX Application Thread] DEBUG AppStateMachine      - MainMenuState <- DialogSubState
09:31:25.631 [JavaFX Application Thread] DEBUG SaveLoadManager      - Loading profile: Mads
09:31:25.637 [JavaFX Application Thread] DEBUG AssetLoader          - Loading from cache: /assets/properties/languages/english.properties
09:31:25.638 [JavaFX Application Thread] DEBUG AssetLoader          - Loading from cache: /assets/ui/fonts/VarelaRound-Regular.ttf
09:31:25.638 [JavaFX Application Thread] DEBUG AssetLoader          - Loading from cache: /assets/ui/fonts/VarelaRound-Regular.ttf
09:31:25.639 [JavaFX Application Thread] DEBUG AppStateMachine      - Push state: DialogSubState
09:31:25.639 [JavaFX Application Thread] DEBUG Input                - Clearing active input actions
09:31:25.639 [JavaFX Application Thread] DEBUG AppStateMachine      - MainMenuState -> DialogSubState
09:31:25.643 [FXGL Background Thread 1 ] DEBUG DesktopFSService     - Reading from: .\profiles\Mads\user.profile
09:31:25.654 [JavaFX Application Thread] DEBUG AppStateMachine      - Pop state: DialogSubState
09:31:25.655 [JavaFX Application Thread] DEBUG Input                - Clearing active input actions
09:31:25.655 [JavaFX Application Thread] DEBUG AppStateMachine      - MainMenuState <- DialogSubState
09:31:25.656 [JavaFX Application Thread] DEBUG EventBus             - Firing event: LoadEvent[type=LOAD_PROFILE]
09:31:25.656 [JavaFX Application Thread] DEBUG AudioPlayer          - Loading data from profile
09:31:25.656 [JavaFX Application Thread] DEBUG Bundle               - Logging bundle: audio
09:31:25.656 [JavaFX Application Thread] DEBUG Bundle               - audio.musicVolume=0.5
09:31:25.656 [JavaFX Application Thread] DEBUG Bundle               - audio.soundVolume=0.5
09:31:25.656 [JavaFX Application Thread] DEBUG Input                - Loading data from profile
09:31:25.656 [JavaFX Application Thread] DEBUG Bundle               - Logging bundle: input
09:31:25.656 [JavaFX Application Thread] DEBUG Bundle               - input.Move Right=D
09:31:25.656 [JavaFX Application Thread] DEBUG Bundle               - input.Move Down(Player 2)=Down
09:31:25.657 [JavaFX Application Thread] DEBUG Bundle               - input.Restart=CTRL+R
09:31:25.657 [JavaFX Application Thread] DEBUG Bundle               - input.Move Up=W
09:31:25.657 [JavaFX Application Thread] DEBUG Bundle               - input.Dev Options=CTRL+0
09:31:25.657 [JavaFX Application Thread] DEBUG Bundle               - input.Move Left=A
09:31:25.657 [JavaFX Application Thread] DEBUG Bundle               - input.Move Up (Player 2)=Up
09:31:25.657 [JavaFX Application Thread] DEBUG Bundle               - input.Move Right (Player2)=Right
09:31:25.657 [JavaFX Application Thread] DEBUG Bundle               - input.Move Left (Player2)=Left
09:31:25.657 [JavaFX Application Thread] DEBUG Bundle               - input.Celebrate=F
09:31:25.658 [JavaFX Application Thread] DEBUG Bundle               - input.Screenshot=P
09:31:25.658 [JavaFX Application Thread] DEBUG Bundle               - input.System info dump=CTRL+9
09:31:25.658 [JavaFX Application Thread] DEBUG Bundle               - input.Move Down=S
09:31:25.658 [JavaFX Application Thread] DEBUG Bundle               - Logging bundle: gameplayStats
09:31:25.658 [JavaFX Application Thread] DEBUG Bundle               - gameplayStats.playtime=1123845715328
09:31:25.658 [JavaFX Application Thread] DEBUG AchievementManager   - Loading data from profile
09:31:25.658 [JavaFX Application Thread] DEBUG Bundle               - Logging bundle: achievement
09:31:25.658 [JavaFX Application Thread] DEBUG AssetLoader          - Loading from cache: /assets/properties/languages/english.properties
09:31:25.659 [JavaFX Application Thread] DEBUG AssetLoader          - Loading from cache: /assets/ui/fonts/VarelaRound-Regular.ttf
09:31:25.659 [JavaFX Application Thread] DEBUG AssetLoader          - Loading from cache: /assets/properties/languages/english.properties
09:31:25.659 [JavaFX Application Thread] DEBUG AssetLoader          - Loading from cache: /assets/ui/fonts/VarelaRound-Regular.ttf
09:31:25.660 [JavaFX Application Thread] DEBUG SaveLoadManager      - Loading last modified save file
09:31:25.660 [JavaFX Application Thread] DEBUG SaveLoadManager      - Loading save files
09:31:25.663 [JavaFX Application Thread] DEBUG AssetLoader          - Loading from cache: /assets/properties/languages/english.properties
09:31:25.664 [JavaFX Application Thread] DEBUG AssetLoader          - Loading from cache: /assets/ui/fonts/VarelaRound-Regular.ttf
09:31:25.664 [JavaFX Application Thread] DEBUG AssetLoader          - Loading from cache: /assets/ui/fonts/VarelaRound-Regular.ttf
09:31:25.665 [JavaFX Application Thread] DEBUG AppStateMachine      - Push state: DialogSubState
09:31:25.665 [JavaFX Application Thread] DEBUG Input                - Clearing active input actions
09:31:25.665 [JavaFX Application Thread] DEBUG AppStateMachine      - MainMenuState -> DialogSubState
09:31:25.682 [JavaFX Application Thread] DEBUG AppStateMachine      - Pop state: DialogSubState
09:31:25.682 [JavaFX Application Thread] DEBUG Input                - Clearing active input actions
09:31:25.683 [JavaFX Application Thread] DEBUG AppStateMachine      - MainMenuState <- DialogSubState
09:31:25.855 [JavaFX Application Thread] DEBUG AssetLoader          - Loading from cache: /assets/sounds/menu/select.wav
09:31:26.124 [JavaFX Application Thread] DEBUG FXGL.Menu            - fireNewGame()
09:31:26.124 [JavaFX Application Thread] DEBUG GameApplication      - Starting new game
09:31:26.124 [JavaFX Application Thread] DEBUG Input                - Clearing active input actions
09:31:26.124 [JavaFX Application Thread] DEBUG AssetLoader          - Loading from disk: /assets/ui/css/fxgl_dark.css
09:31:26.161 [JavaFX Application Thread] DEBUG AppStateMachine      - MainMenuState -> LoadingState
09:31:26.163 [FXGL Background Thread 1 ] DEBUG InitAppTask          - Clearing previous game
09:31:26.164 [FXGL Background Thread 1 ] DEBUG GameWorld            - Clearing game world
09:31:26.164 [FXGL Background Thread 1 ] DEBUG PhysicsWorld         - Clearing physics world
09:31:26.164 [FXGL Background Thread 1 ] DEBUG GameScene            - Clearing game scene
09:31:26.168 [FXGL Background Thread 1 ] DEBUG InitAppTask          - Initializing Game
09:31:26.213 [FXGL Background Thread 1 ] DEBUG AssetLoader          - Loading from disk: /assets/textures/background1.png
09:31:26.244 [FXGL Background Thread 1 ] DEBUG GameScene            - Creating render group for layer: DEFAULT(100000)
09:31:26.246 [FXGL Background Thread 1 ] DEBUG AssetLoader          - Loading from disk: /assets/textures/slime1.png
09:31:26.254 [FXGL Background Thread 1 ] DEBUG AssetLoader          - Loading from disk: /assets/textures/slime2.png
09:31:26.260 [FXGL Background Thread 1 ] DEBUG AssetLoader          - Loading from disk: /assets/textures/ball.png
09:31:26.265 [FXGL Background Thread 1 ] DEBUG AssetLoader          - Loading from disk: /assets/textures/bottomline.png
09:31:26.269 [JavaFX Application Thread] FATAL FXGL                 - Uncaught Exception:

Fatal exception occurred: java.lang.IllegalArgumentException : Component PhysicsComponent not found!
E: com.almasb.fxgl.entity.Entity.getComponent(Entity.java:276)
E: SimpleGame.initGame(SimpleGame.java:76)
E: com.almasb.fxgl.app.GameApplication.internalInitGame(GameApplication.java:238)
E: com.almasb.fxgl.app.LoadingState$InitAppTask.initGame(AppStates.kt:168)
E: com.almasb.fxgl.app.LoadingState$InitAppTask.call(AppStates.kt:138)
E: com.almasb.fxgl.app.LoadingState$InitAppTask.call(AppStates.kt:127)
E: javafx.graphics/javafx.concurrent.Task$TaskCallable.call(Task.java:1425)
E: java.base/java.util.concurrent.FutureTask.run(FutureTask.java:264)
E: java.base/java.util.concurrent.Executors$RunnableAdapter.call(Executors.java:514)
E: java.base/java.util.concurrent.FutureTask.run(FutureTask.java:264)
E: java.base/java.util.concurrent.ThreadPoolExecutor.runWorker(ThreadPoolExecutor.java:1135)
E: java.base/java.util.concurrent.ThreadPoolExecutor$Worker.run(ThreadPoolExecutor.java:635)
E: java.base/java.lang.Thread.run(Thread.java:844)

09:31:26.269 [JavaFX Application Thread] FATAL FXGL                 - Application will now exit
09:31:26.269 [JavaFX Application Thread] DEBUG LoopRunner           - Stopping loop
09:31:33.360 [JavaFX Application Thread] DEBUG FXGL                 - Exiting FXGL
09:31:33.360 [JavaFX Application Thread] DEBUG MenuEventHandler     - Creating default profile
09:31:33.360 [JavaFX Application Thread] DEBUG EventBus             - Firing event: SaveEvent
09:31:33.360 [JavaFX Application Thread] DEBUG AudioPlayer          - Saving data to profile
09:31:33.360 [JavaFX Application Thread] DEBUG Bundle               - Logging bundle: audio
09:31:33.360 [JavaFX Application Thread] DEBUG Bundle               - audio.musicVolume=0.5
09:31:33.360 [JavaFX Application Thread] DEBUG Bundle               - audio.soundVolume=0.5
09:31:33.360 [JavaFX Application Thread] DEBUG Input                - Saving data to profile
09:31:33.360 [JavaFX Application Thread] DEBUG Bundle               - Logging bundle: input
09:31:33.360 [JavaFX Application Thread] DEBUG Bundle               - input.Move Right=D
09:31:33.360 [JavaFX Application Thread] DEBUG Bundle               - input.Move Down(Player 2)=Down
09:31:33.360 [JavaFX Application Thread] DEBUG Bundle               - input.Restart=CTRL+R
09:31:33.360 [JavaFX Application Thread] DEBUG Bundle               - input.Move Up=W
09:31:33.361 [JavaFX Application Thread] DEBUG Bundle               - input.Dev Options=CTRL+0
09:31:33.361 [JavaFX Application Thread] DEBUG Bundle               - input.Move Left=A
09:31:33.361 [JavaFX Application Thread] DEBUG Bundle               - input.Move Up (Player 2)=Up
09:31:33.361 [JavaFX Application Thread] DEBUG Bundle               - input.Move Right (Player2)=Right
09:31:33.361 [JavaFX Application Thread] DEBUG Bundle               - input.Move Left (Player2)=Left
09:31:33.361 [JavaFX Application Thread] DEBUG Bundle               - input.Celebrate=F
09:31:33.361 [JavaFX Application Thread] DEBUG Bundle               - input.Screenshot=P
09:31:33.361 [JavaFX Application Thread] DEBUG Bundle               - input.System info dump=CTRL+9
09:31:33.361 [JavaFX Application Thread] DEBUG Bundle               - input.Move Down=S
09:31:33.361 [JavaFX Application Thread] DEBUG Bundle               - Logging bundle: gameplayStats
09:31:33.361 [JavaFX Application Thread] DEBUG Bundle               - gameplayStats.playtime=1123845715328
09:31:33.361 [JavaFX Application Thread] DEBUG AchievementManager   - Saving data to profile
09:31:33.361 [JavaFX Application Thread] DEBUG Bundle               - Logging bundle: achievement
09:31:33.361 [JavaFX Application Thread] DEBUG SaveLoadManager      - Saving profile: Mads
09:31:33.366 [JavaFX Application Thread] DEBUG DesktopFSService     - Writing to: .\profiles\Mads\user.profile
09:31:33.371 [JavaFX Application Thread] DEBUG FXGL                 - Shutting down background threads
09:31:33.371 [JavaFX Application Thread] DEBUG FXGL                 - Saving FXGL system data
09:31:33.373 [JavaFX Application Thread] DEBUG DesktopFSService     - Writing to: system\fxgl.bundle
09:31:33.376 [JavaFX Application Thread] DEBUG FXGL                 - Closing logger and exiting JavaFX
