13:27:46.370 [JavaFX Application Thread] DEBUG GameApplication      - Logger initialized
13:27:46.421 [JavaFX Application Thread] DEBUG GameApplication      - Logging settings
Title: SlimeSoccer2000
Version: 0.1
Width: 1200
Height: 600
Fullscreen: false
Intro: false
Menus: true
Profiling: false
Single step:false
App Mode: DEVELOPER
Menu Key: M
Stage Style: DECORATED
Scene Factory: class com.almasb.fxgl.scene.SceneFactory
Dialog Factory: class com.almasb.fxgl.ui.FXGLDialogFactory
UI Factory: class com.almasb.fxgl.ui.FXGLUIFactory
Notification Service: class com.almasb.fxgl.gameplay.notification.XboxNotificationView
Exception Handler: class com.almasb.fxgl.app.FXGLExceptionHandler
13:27:46.422 [JavaFX Application Thread] DEBUG GameApplication      - Starting FXGL
13:27:46.458 [JavaFX Application Thread] INFO  FXGL                 - FXGL-0.5.4 on DESKTOP
13:27:46.459 [JavaFX Application Thread] INFO  FXGL                 - Source code and latest versions at: https://github.com/AlmasB/FXGL
13:27:46.460 [JavaFX Application Thread] INFO  FXGL                 -              Join the FXGL chat at: https://gitter.im/AlmasB/FXGL
13:27:46.460 [JavaFX Application Thread] DEBUG FXGL                 - FXGL started
13:27:46.461 [JavaFX Application Thread] DEBUG FXGL                 - Initializing FXGL
13:27:46.580 [JavaFX Application Thread] DEBUG AssetLoader          - Loading from disk: /assets/ui/cursors/fxgl_default.png
13:27:46.839 [JavaFX Application Thread] DEBUG AssetLoader          - Loading from disk: /assets/ui/fonts/VarelaRound-Regular.ttf
13:27:47.862 [JavaFX Application Thread] DEBUG MainWindow           - Creating a JavaFX scene
13:27:47.972 [JavaFX Application Thread] DEBUG MainWindow           - Target settings size: 1200.0 x 600.0
13:27:47.974 [JavaFX Application Thread] DEBUG MainWindow           - Scaled scene size:    1200.0 x 600.0
13:27:47.977 [JavaFX Application Thread] DEBUG MainWindow           - Scaled ratio: (1.0, 1.0)
13:27:47.985 [JavaFX Application Thread] DEBUG AssetLoader          - Loading from disk: /assets/ui/css/fxgl_dark.css
13:27:47.996 [JavaFX Application Thread] DEBUG AssetLoader          - Loading from disk: /assets/textures/fxgl_icon.png
13:27:48.083 [JavaFX Application Thread] DEBUG MainWindow           - Opening main window
13:27:48.427 [JavaFX Application Thread] DEBUG MainWindow           - Window border size: (14.4000244140625, 37.5999755859375)
13:27:48.428 [JavaFX Application Thread] DEBUG MainWindow           - Scaled size: 1200.0 x 600.0
13:27:48.429 [JavaFX Application Thread] DEBUG MainWindow           - Scaled ratio: (1.0, 1.0)
13:27:48.429 [JavaFX Application Thread] DEBUG MainWindow           - Scene size: 1200.0 x 600.0
13:27:48.430 [JavaFX Application Thread] DEBUG MainWindow           - Stage size: 1214.4000244140625 x 637.5999755859375
13:27:48.599 [ForkJoinPool.commonPool-worker-9] DEBUG FS                   - Loaded DesktopFSService
13:27:48.600 [ForkJoinPool.commonPool-worker-9] DEBUG FXGL                 - Loading FXGL system data
13:27:48.616 [ForkJoinPool.commonPool-worker-9] DEBUG DesktopFSService     - Reading from: system\fxgl.bundle
13:27:48.639 [ForkJoinPool.commonPool-worker-9] DEBUG Bundle               - Logging bundle: FXGL
13:27:48.641 [ForkJoinPool.commonPool-worker-9] DEBUG Bundle               - FXGL.offline.timer.version.check=2019-01-07T14:44:13.971316
13:27:48.644 [ForkJoinPool.commonPool-worker-9] DEBUG FXGL                 - Initializing state machine and application states
13:27:48.662 [ForkJoinPool.commonPool-worker-9] DEBUG AssetLoader          - Loading from disk: /assets/ui/cursors/fxgl_default.png
13:27:48.686 [ForkJoinPool.commonPool-worker-9] DEBUG AssetLoader          - Loading from disk: /assets/ui/cursors/fxgl_default.png
13:27:48.711 [ForkJoinPool.commonPool-worker-9] DEBUG AssetLoader          - Loading from cache: /assets/ui/fonts/VarelaRound-Regular.ttf
13:27:48.719 [ForkJoinPool.commonPool-worker-9] DEBUG AssetLoader          - Loading from disk: /assets/ui/cursors/fxgl_default.png
13:27:48.726 [ForkJoinPool.commonPool-worker-9] DEBUG GameScene            - Game scene initialized: 1200x600
13:27:48.741 [ForkJoinPool.commonPool-worker-9] DEBUG GameWorld            - Game world initialized
13:27:48.983 [ForkJoinPool.commonPool-worker-9] DEBUG PhysicsWorld         - Physics world initialized: appHeight=600, physics.ppm=50,0
13:27:49.081 [ForkJoinPool.commonPool-worker-9] DEBUG AssetLoader          - Loading from disk: /assets/ui/cursors/fxgl_default.png
13:27:49.091 [ForkJoinPool.commonPool-worker-9] DEBUG AssetLoader          - Loading from disk: /assets/properties/languages/english.properties
13:27:49.098 [ForkJoinPool.commonPool-worker-9] DEBUG AssetLoader          - Loading from cache: /assets/ui/fonts/VarelaRound-Regular.ttf
13:27:49.099 [ForkJoinPool.commonPool-worker-9] DEBUG AssetLoader          - Loading from cache: /assets/ui/fonts/VarelaRound-Regular.ttf
13:27:49.099 [ForkJoinPool.commonPool-worker-9] DEBUG AssetLoader          - Loading from cache: /assets/ui/fonts/VarelaRound-Regular.ttf
13:27:49.143 [ForkJoinPool.commonPool-worker-9] DEBUG AssetLoader          - Loading from disk: /assets/textures/particles/trace_horizontal.png
13:27:49.229 [ForkJoinPool.commonPool-worker-9] DEBUG AssetLoader          - Loading from cache: /assets/ui/fonts/VarelaRound-Regular.ttf
13:27:49.231 [ForkJoinPool.commonPool-worker-9] DEBUG FXGL.Menu            - createMenuBodyMainMenu()
13:27:49.252 [ForkJoinPool.commonPool-worker-9] DEBUG AssetLoader          - Loading from cache: /assets/ui/fonts/VarelaRound-Regular.ttf
13:27:49.257 [ForkJoinPool.commonPool-worker-9] DEBUG AssetLoader          - Loading from cache: /assets/properties/languages/english.properties
13:27:49.264 [ForkJoinPool.commonPool-worker-9] DEBUG AssetLoader          - Loading from cache: /assets/ui/fonts/VarelaRound-Regular.ttf
13:27:49.264 [ForkJoinPool.commonPool-worker-9] DEBUG AssetLoader          - Loading from cache: /assets/properties/languages/english.properties
13:27:49.265 [ForkJoinPool.commonPool-worker-9] DEBUG FXGL.Menu            - createOptionsMenu()
13:27:49.266 [ForkJoinPool.commonPool-worker-9] DEBUG AssetLoader          - Loading from cache: /assets/ui/fonts/VarelaRound-Regular.ttf
13:27:49.266 [ForkJoinPool.commonPool-worker-9] DEBUG AssetLoader          - Loading from cache: /assets/properties/languages/english.properties
13:27:49.271 [ForkJoinPool.commonPool-worker-9] DEBUG AssetLoader          - Loading from cache: /assets/ui/fonts/VarelaRound-Regular.ttf
13:27:49.274 [ForkJoinPool.commonPool-worker-9] DEBUG AssetLoader          - Loading from cache: /assets/properties/languages/english.properties
13:27:49.276 [ForkJoinPool.commonPool-worker-9] DEBUG AssetLoader          - Loading from cache: /assets/ui/fonts/VarelaRound-Regular.ttf
13:27:49.277 [ForkJoinPool.commonPool-worker-9] DEBUG AssetLoader          - Loading from cache: /assets/properties/languages/english.properties
13:27:49.279 [ForkJoinPool.commonPool-worker-9] DEBUG AssetLoader          - Loading from cache: /assets/ui/fonts/VarelaRound-Regular.ttf
13:27:49.279 [ForkJoinPool.commonPool-worker-9] DEBUG AssetLoader          - Loading from cache: /assets/properties/languages/english.properties
13:27:49.281 [ForkJoinPool.commonPool-worker-9] DEBUG AssetLoader          - Loading from cache: /assets/ui/fonts/VarelaRound-Regular.ttf
13:27:49.282 [ForkJoinPool.commonPool-worker-9] DEBUG AssetLoader          - Loading from cache: /assets/properties/languages/english.properties
13:27:49.287 [ForkJoinPool.commonPool-worker-9] DEBUG AssetLoader          - Loading from cache: /assets/ui/fonts/VarelaRound-Regular.ttf
13:27:49.288 [ForkJoinPool.commonPool-worker-9] DEBUG AssetLoader          - Loading from cache: /assets/properties/languages/english.properties
13:27:49.292 [ForkJoinPool.commonPool-worker-9] DEBUG AssetLoader          - Loading from cache: /assets/ui/fonts/VarelaRound-Regular.ttf
13:27:49.292 [ForkJoinPool.commonPool-worker-9] DEBUG AssetLoader          - Loading from cache: /assets/properties/languages/english.properties
13:27:49.295 [ForkJoinPool.commonPool-worker-9] DEBUG AssetLoader          - Loading from cache: /assets/ui/fonts/VarelaRound-Regular.ttf
13:27:49.295 [ForkJoinPool.commonPool-worker-9] DEBUG AssetLoader          - Loading from cache: /assets/properties/languages/english.properties
13:27:49.297 [ForkJoinPool.commonPool-worker-9] DEBUG AssetLoader          - Loading from disk: /assets/textures/particles/smoke.png
13:27:49.546 [ForkJoinPool.commonPool-worker-9] DEBUG AssetLoader          - Loading from disk: /assets/ui/cursors/fxgl_default.png
13:27:49.549 [ForkJoinPool.commonPool-worker-9] DEBUG AssetLoader          - Loading from cache: /assets/properties/languages/english.properties
13:27:49.550 [ForkJoinPool.commonPool-worker-9] DEBUG AssetLoader          - Loading from cache: /assets/ui/fonts/VarelaRound-Regular.ttf
13:27:49.551 [ForkJoinPool.commonPool-worker-9] DEBUG AssetLoader          - Loading from cache: /assets/ui/fonts/VarelaRound-Regular.ttf
13:27:49.552 [ForkJoinPool.commonPool-worker-9] DEBUG AssetLoader          - Loading from cache: /assets/ui/fonts/VarelaRound-Regular.ttf
13:27:49.554 [ForkJoinPool.commonPool-worker-9] DEBUG AssetLoader          - Loading from cache: /assets/textures/particles/trace_horizontal.png@64.0x64.0
13:27:49.556 [ForkJoinPool.commonPool-worker-9] DEBUG AssetLoader          - Loading from cache: /assets/ui/fonts/VarelaRound-Regular.ttf
13:27:49.557 [ForkJoinPool.commonPool-worker-9] DEBUG FXGL.Menu            - createMenuBodyGameMenu()
13:27:49.558 [ForkJoinPool.commonPool-worker-9] DEBUG AssetLoader          - Loading from cache: /assets/ui/fonts/VarelaRound-Regular.ttf
13:27:49.558 [ForkJoinPool.commonPool-worker-9] DEBUG AssetLoader          - Loading from cache: /assets/properties/languages/english.properties
13:27:49.560 [ForkJoinPool.commonPool-worker-9] DEBUG AssetLoader          - Loading from cache: /assets/ui/fonts/VarelaRound-Regular.ttf
13:27:49.561 [ForkJoinPool.commonPool-worker-9] DEBUG AssetLoader          - Loading from cache: /assets/properties/languages/english.properties
13:27:49.562 [ForkJoinPool.commonPool-worker-9] DEBUG FXGL.Menu            - createOptionsMenu()
13:27:49.563 [ForkJoinPool.commonPool-worker-9] DEBUG AssetLoader          - Loading from cache: /assets/ui/fonts/VarelaRound-Regular.ttf
13:27:49.563 [ForkJoinPool.commonPool-worker-9] DEBUG AssetLoader          - Loading from cache: /assets/properties/languages/english.properties
13:27:49.564 [ForkJoinPool.commonPool-worker-9] DEBUG AssetLoader          - Loading from cache: /assets/ui/fonts/VarelaRound-Regular.ttf
13:27:49.564 [ForkJoinPool.commonPool-worker-9] DEBUG AssetLoader          - Loading from cache: /assets/properties/languages/english.properties
13:27:49.566 [ForkJoinPool.commonPool-worker-9] DEBUG AssetLoader          - Loading from cache: /assets/ui/fonts/VarelaRound-Regular.ttf
13:27:49.566 [ForkJoinPool.commonPool-worker-9] DEBUG AssetLoader          - Loading from cache: /assets/properties/languages/english.properties
13:27:49.569 [ForkJoinPool.commonPool-worker-9] DEBUG AssetLoader          - Loading from cache: /assets/ui/fonts/VarelaRound-Regular.ttf
13:27:49.569 [ForkJoinPool.commonPool-worker-9] DEBUG AssetLoader          - Loading from cache: /assets/properties/languages/english.properties
13:27:49.570 [ForkJoinPool.commonPool-worker-9] DEBUG AssetLoader          - Loading from cache: /assets/ui/fonts/VarelaRound-Regular.ttf
13:27:49.570 [ForkJoinPool.commonPool-worker-9] DEBUG AssetLoader          - Loading from cache: /assets/properties/languages/english.properties
13:27:49.579 [ForkJoinPool.commonPool-worker-9] DEBUG AssetLoader          - Loading from cache: /assets/ui/fonts/VarelaRound-Regular.ttf
13:27:49.579 [ForkJoinPool.commonPool-worker-9] DEBUG AssetLoader          - Loading from cache: /assets/properties/languages/english.properties
13:27:49.581 [ForkJoinPool.commonPool-worker-9] DEBUG AssetLoader          - Loading from cache: /assets/ui/fonts/VarelaRound-Regular.ttf
13:27:49.581 [ForkJoinPool.commonPool-worker-9] DEBUG AssetLoader          - Loading from cache: /assets/properties/languages/english.properties
13:27:49.583 [ForkJoinPool.commonPool-worker-9] DEBUG AssetLoader          - Loading from cache: /assets/textures/particles/smoke.png@128.0x128.0
13:27:49.784 [JavaFX Application Thread] DEBUG FXGL                 - Running preInit()
13:27:49.841 [JavaFX Application Thread] DEBUG Input                - Registered new binding: Screenshot - P
13:27:49.843 [JavaFX Application Thread] DEBUG Input                - Registered new binding: Dev Options - CTRL+0
13:27:49.851 [JavaFX Application Thread] DEBUG Input                - Registered new binding: System info dump - CTRL+9
13:27:49.853 [JavaFX Application Thread] DEBUG Input                - Registered new binding: Restart - CTRL+R
13:27:49.853 [JavaFX Application Thread] DEBUG Input                - Registered new binding: Move Right - D
13:27:49.853 [JavaFX Application Thread] DEBUG Input                - Registered new binding: Move Left - A
13:27:49.855 [JavaFX Application Thread] DEBUG Input                - Registered new binding: Move Up - W
13:27:49.855 [JavaFX Application Thread] DEBUG Input                - Registered new binding: Move Down - S
13:27:49.855 [JavaFX Application Thread] DEBUG Input                - Registered new binding: Play Sound - F
13:27:49.856 [JavaFX Application Thread] DEBUG MenuEventHandler     - generateDefaultProfile()
13:27:49.856 [JavaFX Application Thread] DEBUG MenuEventHandler     - Creating default profile
13:27:49.857 [JavaFX Application Thread] DEBUG EventBus             - Firing event: SaveEvent
13:27:49.862 [JavaFX Application Thread] DEBUG AudioPlayer          - Saving data to profile
13:27:49.862 [JavaFX Application Thread] DEBUG Bundle               - Logging bundle: audio
13:27:49.863 [JavaFX Application Thread] DEBUG Bundle               - audio.musicVolume=0.5
13:27:49.863 [JavaFX Application Thread] DEBUG Bundle               - audio.soundVolume=0.5
13:27:49.863 [JavaFX Application Thread] DEBUG Input                - Saving data to profile
13:27:49.864 [JavaFX Application Thread] DEBUG Bundle               - Logging bundle: input
13:27:49.864 [JavaFX Application Thread] DEBUG Bundle               - input.Move Right=D
13:27:49.865 [JavaFX Application Thread] DEBUG Bundle               - input.Play Sound=F
13:27:49.865 [JavaFX Application Thread] DEBUG Bundle               - input.Screenshot=P
13:27:49.865 [JavaFX Application Thread] DEBUG Bundle               - input.System info dump=CTRL+9
13:27:49.865 [JavaFX Application Thread] DEBUG Bundle               - input.Restart=CTRL+R
13:27:49.866 [JavaFX Application Thread] DEBUG Bundle               - input.Move Up=W
13:27:49.866 [JavaFX Application Thread] DEBUG Bundle               - input.Dev Options=CTRL+0
13:27:49.866 [JavaFX Application Thread] DEBUG Bundle               - input.Move Left=A
13:27:49.867 [JavaFX Application Thread] DEBUG Bundle               - input.Move Down=S
13:27:49.883 [JavaFX Application Thread] DEBUG Bundle               - Logging bundle: gameplayStats
13:27:49.884 [JavaFX Application Thread] DEBUG Bundle               - gameplayStats.playtime=0
13:27:49.887 [JavaFX Application Thread] DEBUG AchievementManager   - Saving data to profile
13:27:49.887 [JavaFX Application Thread] DEBUG Bundle               - Logging bundle: achievement
13:27:49.890 [JavaFX Application Thread] INFO  FXGL                 - FXGL initialization took: 3,429 sec
13:27:49.891 [JavaFX Application Thread] DEBUG LoopRunner           - Starting loop
13:27:49.962 [JavaFX Application Thread] DEBUG StartupState         - STARTUP
13:27:49.962 [JavaFX Application Thread] DEBUG Input                - Clearing active input actions
13:27:49.965 [JavaFX Application Thread] DEBUG AssetLoader          - Loading from disk: /assets/ui/css/fxgl_dark.css
13:27:50.009 [JavaFX Application Thread] DEBUG AppStateMachine      - StartupState -> MainMenuState
13:27:50.020 [JavaFX Application Thread] DEBUG AssetLoader          - Loading from cache: /assets/properties/languages/english.properties
13:27:50.020 [JavaFX Application Thread] DEBUG AssetLoader          - Loading from cache: /assets/ui/fonts/VarelaRound-Regular.ttf
13:27:50.021 [JavaFX Application Thread] DEBUG AssetLoader          - Loading from cache: /assets/properties/languages/english.properties
13:27:50.022 [JavaFX Application Thread] DEBUG AssetLoader          - Loading from cache: /assets/ui/fonts/VarelaRound-Regular.ttf
13:27:50.023 [JavaFX Application Thread] DEBUG AssetLoader          - Loading from cache: /assets/properties/languages/english.properties
13:27:50.024 [JavaFX Application Thread] DEBUG AssetLoader          - Loading from cache: /assets/ui/fonts/VarelaRound-Regular.ttf
13:27:50.031 [JavaFX Application Thread] DEBUG SaveLoadManager      - Checking profiles dir: profiles/
13:27:50.032 [JavaFX Application Thread] DEBUG SaveLoadManager      - Loading profile names
13:27:50.037 [JavaFX Application Thread] DEBUG AssetLoader          - Loading from cache: /assets/properties/languages/english.properties
13:27:50.040 [JavaFX Application Thread] DEBUG AssetLoader          - Loading from cache: /assets/ui/fonts/VarelaRound-Regular.ttf
13:27:50.043 [JavaFX Application Thread] DEBUG AssetLoader          - Loading from cache: /assets/ui/fonts/VarelaRound-Regular.ttf
13:27:50.044 [JavaFX Application Thread] DEBUG AppStateMachine      - Push state: DialogSubState
13:27:50.044 [JavaFX Application Thread] DEBUG Input                - Clearing active input actions
13:27:50.044 [JavaFX Application Thread] DEBUG AppStateMachine      - MainMenuState -> DialogSubState
13:27:50.283 [JavaFX Application Thread] DEBUG AppStateMachine      - Pop state: DialogSubState
13:27:50.284 [JavaFX Application Thread] DEBUG Input                - Clearing active input actions
13:27:50.287 [JavaFX Application Thread] DEBUG AppStateMachine      - MainMenuState <- DialogSubState
13:27:50.289 [JavaFX Application Thread] DEBUG AssetLoader          - Loading from cache: /assets/properties/languages/english.properties
13:27:50.289 [JavaFX Application Thread] DEBUG AssetLoader          - Loading from cache: /assets/ui/fonts/VarelaRound-Regular.ttf
13:27:50.291 [JavaFX Application Thread] DEBUG AssetLoader          - Loading from cache: /assets/ui/fonts/VarelaRound-Regular.ttf
13:27:50.291 [JavaFX Application Thread] DEBUG AppStateMachine      - Push state: DialogSubState
13:27:50.291 [JavaFX Application Thread] DEBUG Input                - Clearing active input actions
13:27:50.292 [JavaFX Application Thread] DEBUG AppStateMachine      - MainMenuState -> DialogSubState
13:27:51.402 [JavaFX Application Thread] DEBUG AssetLoader          - Loading from cache: /assets/sounds/menu/select.wav
13:27:51.457 [JavaFX Application Thread] DEBUG AssetLoader          - Loading from cache: /assets/sounds/menu/select.wav
13:27:51.786 [JavaFX Application Thread] DEBUG AppStateMachine      - Pop state: DialogSubState
13:27:51.787 [JavaFX Application Thread] DEBUG Input                - Clearing active input actions
13:27:51.789 [JavaFX Application Thread] DEBUG AppStateMachine      - MainMenuState <- DialogSubState
13:27:51.789 [JavaFX Application Thread] DEBUG SaveLoadManager      - Loading profile: Mads
13:27:51.792 [JavaFX Application Thread] DEBUG AssetLoader          - Loading from cache: /assets/properties/languages/english.properties
13:27:51.793 [JavaFX Application Thread] DEBUG AssetLoader          - Loading from cache: /assets/ui/fonts/VarelaRound-Regular.ttf
13:27:51.794 [JavaFX Application Thread] DEBUG AssetLoader          - Loading from cache: /assets/ui/fonts/VarelaRound-Regular.ttf
13:27:51.794 [JavaFX Application Thread] DEBUG AppStateMachine      - Push state: DialogSubState
13:27:51.795 [JavaFX Application Thread] DEBUG Input                - Clearing active input actions
13:27:51.795 [JavaFX Application Thread] DEBUG AppStateMachine      - MainMenuState -> DialogSubState
13:27:51.800 [FXGL Background Thread 1 ] DEBUG DesktopFSService     - Reading from: .\profiles\Mads\user.profile
13:27:51.829 [JavaFX Application Thread] DEBUG AppStateMachine      - Pop state: DialogSubState
13:27:51.829 [JavaFX Application Thread] DEBUG Input                - Clearing active input actions
13:27:51.830 [JavaFX Application Thread] DEBUG AppStateMachine      - MainMenuState <- DialogSubState
13:27:51.831 [JavaFX Application Thread] DEBUG EventBus             - Firing event: LoadEvent[type=LOAD_PROFILE]
13:27:51.831 [JavaFX Application Thread] DEBUG AudioPlayer          - Loading data from profile
13:27:51.831 [JavaFX Application Thread] DEBUG Bundle               - Logging bundle: audio
13:27:51.831 [JavaFX Application Thread] DEBUG Bundle               - audio.musicVolume=0.5
13:27:51.831 [JavaFX Application Thread] DEBUG Bundle               - audio.soundVolume=0.5
13:27:51.832 [JavaFX Application Thread] DEBUG Input                - Loading data from profile
13:27:51.832 [JavaFX Application Thread] DEBUG Bundle               - Logging bundle: input
13:27:51.832 [JavaFX Application Thread] DEBUG Bundle               - input.Move Right=D
13:27:51.832 [JavaFX Application Thread] DEBUG Bundle               - input.Play Sound=F
13:27:51.832 [JavaFX Application Thread] DEBUG Bundle               - input.Screenshot=P
13:27:51.832 [JavaFX Application Thread] DEBUG Bundle               - input.System info dump=CTRL+9
13:27:51.833 [JavaFX Application Thread] DEBUG Bundle               - input.Restart=CTRL+R
13:27:51.833 [JavaFX Application Thread] DEBUG Bundle               - input.Move Up=W
13:27:51.833 [JavaFX Application Thread] DEBUG Bundle               - input.Dev Options=CTRL+0
13:27:51.833 [JavaFX Application Thread] DEBUG Bundle               - input.Move Left=A
13:27:51.833 [JavaFX Application Thread] DEBUG Bundle               - input.Move Down=S
13:27:51.834 [JavaFX Application Thread] DEBUG Bundle               - Logging bundle: gameplayStats
13:27:51.834 [JavaFX Application Thread] DEBUG Bundle               - gameplayStats.playtime=1028491485006
13:27:51.834 [JavaFX Application Thread] DEBUG AchievementManager   - Loading data from profile
13:27:51.835 [JavaFX Application Thread] DEBUG Bundle               - Logging bundle: achievement
13:27:51.835 [JavaFX Application Thread] DEBUG AssetLoader          - Loading from cache: /assets/properties/languages/english.properties
13:27:51.836 [JavaFX Application Thread] DEBUG AssetLoader          - Loading from cache: /assets/ui/fonts/VarelaRound-Regular.ttf
13:27:51.837 [JavaFX Application Thread] DEBUG AssetLoader          - Loading from cache: /assets/properties/languages/english.properties
13:27:51.837 [JavaFX Application Thread] DEBUG AssetLoader          - Loading from cache: /assets/ui/fonts/VarelaRound-Regular.ttf
13:27:51.838 [JavaFX Application Thread] DEBUG SaveLoadManager      - Loading last modified save file
13:27:51.838 [JavaFX Application Thread] DEBUG SaveLoadManager      - Loading save files
13:27:51.844 [JavaFX Application Thread] DEBUG AssetLoader          - Loading from cache: /assets/properties/languages/english.properties
13:27:51.845 [JavaFX Application Thread] DEBUG AssetLoader          - Loading from cache: /assets/ui/fonts/VarelaRound-Regular.ttf
13:27:51.846 [JavaFX Application Thread] DEBUG AssetLoader          - Loading from cache: /assets/ui/fonts/VarelaRound-Regular.ttf
13:27:51.846 [JavaFX Application Thread] DEBUG AppStateMachine      - Push state: DialogSubState
13:27:51.847 [JavaFX Application Thread] DEBUG Input                - Clearing active input actions
13:27:51.847 [JavaFX Application Thread] DEBUG AppStateMachine      - MainMenuState -> DialogSubState
13:27:51.928 [JavaFX Application Thread] DEBUG AppStateMachine      - Pop state: DialogSubState
13:27:51.928 [JavaFX Application Thread] DEBUG Input                - Clearing active input actions
13:27:51.929 [JavaFX Application Thread] DEBUG AppStateMachine      - MainMenuState <- DialogSubState
13:27:51.930 [JavaFX Application Thread] DEBUG AssetLoader          - Loading from cache: /assets/sounds/menu/select.wav
13:27:51.933 [JavaFX Application Thread] DEBUG AssetLoader          - Loading from cache: /assets/sounds/menu/select.wav
13:27:52.469 [JavaFX Application Thread] DEBUG FXGL.Menu            - fireNewGame()
13:27:52.470 [JavaFX Application Thread] DEBUG GameApplication      - Starting new game
13:27:52.470 [JavaFX Application Thread] DEBUG Input                - Clearing active input actions
13:27:52.471 [JavaFX Application Thread] DEBUG AssetLoader          - Loading from disk: /assets/ui/css/fxgl_dark.css
13:27:52.505 [JavaFX Application Thread] DEBUG AppStateMachine      - MainMenuState -> LoadingState
13:27:52.549 [FXGL Background Thread 1 ] DEBUG InitAppTask          - Clearing previous game
13:27:52.549 [FXGL Background Thread 1 ] DEBUG GameWorld            - Clearing game world
13:27:52.549 [FXGL Background Thread 1 ] DEBUG PhysicsWorld         - Clearing physics world
13:27:52.549 [FXGL Background Thread 1 ] DEBUG GameScene            - Clearing game scene
13:27:52.553 [FXGL Background Thread 1 ] DEBUG InitAppTask          - Initializing Game
13:27:52.625 [FXGL Background Thread 1 ] DEBUG AssetLoader          - Loading from disk: /assets/textures/background1.png
13:27:52.688 [FXGL Background Thread 1 ] DEBUG GameScene            - Creating render group for layer: DEFAULT(100000)
13:27:52.692 [FXGL Background Thread 1 ] DEBUG AssetLoader          - Loading from disk: /assets/textures/slime1.png
13:27:52.704 [FXGL Background Thread 1 ] DEBUG AssetLoader          - Loading from disk: /assets/textures/slime2.png
13:27:52.710 [FXGL Background Thread 1 ] DEBUG InitAppTask          - Initializing Physics
13:27:52.712 [FXGL Background Thread 1 ] DEBUG InitAppTask          - Initializing UI
13:27:52.715 [FXGL Background Thread 1 ] DEBUG InitAppTask          - Initialization Complete
13:27:52.716 [FXGL Background Thread 1 ] INFO  InitAppTask          - Game initialization took: 0,166 sec
13:27:52.725 [JavaFX Application Thread] DEBUG Input                - Clearing active input actions
13:27:52.725 [JavaFX Application Thread] DEBUG AssetLoader          - Loading from disk: /assets/ui/css/fxgl_dark.css
13:27:52.745 [JavaFX Application Thread] DEBUG AppStateMachine      - LoadingState -> PlayState
13:27:54.261 [JavaFX Application Thread] DEBUG AssetLoader          - Loading from cache: /assets/sounds/siii.wav
13:27:54.603 [JavaFX Application Thread] DEBUG AssetLoader          - Loading from cache: /assets/sounds/siii.wav
13:27:54.758 [JavaFX Application Thread] DEBUG AssetLoader          - Loading from cache: /assets/sounds/siii.wav
13:27:54.918 [JavaFX Application Thread] DEBUG AssetLoader          - Loading from cache: /assets/sounds/siii.wav
13:28:08.910 [JavaFX Application Thread] DEBUG AssetLoader          - Loading from cache: /assets/sounds/siii.wav
13:28:10.274 [JavaFX Application Thread] DEBUG AssetLoader          - Loading from cache: /assets/sounds/siii.wav
13:28:12.152 [JavaFX Application Thread] DEBUG AssetLoader          - Loading from cache: /assets/sounds/siii.wav
13:28:12.305 [JavaFX Application Thread] DEBUG AssetLoader          - Loading from cache: /assets/sounds/siii.wav
13:28:12.478 [JavaFX Application Thread] DEBUG AssetLoader          - Loading from cache: /assets/sounds/siii.wav
13:28:12.648 [JavaFX Application Thread] DEBUG AssetLoader          - Loading from cache: /assets/sounds/siii.wav
13:28:12.904 [JavaFX Application Thread] DEBUG AssetLoader          - Loading from cache: /assets/sounds/siii.wav
13:28:13.666 [JavaFX Application Thread] DEBUG AssetLoader          - Loading from cache: /assets/sounds/siii.wav
13:28:14.402 [JavaFX Application Thread] DEBUG AssetLoader          - Loading from cache: /assets/sounds/siii.wav
13:28:32.264 [JavaFX Application Thread] DEBUG AssetLoader          - Loading from cache: /assets/sounds/siii.wav
13:28:35.918 [JavaFX Application Thread] DEBUG FXGL                 - Exiting FXGL
13:28:35.918 [JavaFX Application Thread] DEBUG MenuEventHandler     - Creating default profile
13:28:35.918 [JavaFX Application Thread] DEBUG EventBus             - Firing event: SaveEvent
13:28:35.918 [JavaFX Application Thread] DEBUG AudioPlayer          - Saving data to profile
13:28:35.918 [JavaFX Application Thread] DEBUG Bundle               - Logging bundle: audio
13:28:35.918 [JavaFX Application Thread] DEBUG Bundle               - audio.musicVolume=0.5
13:28:35.918 [JavaFX Application Thread] DEBUG Bundle               - audio.soundVolume=0.5
13:28:35.919 [JavaFX Application Thread] DEBUG Input                - Saving data to profile
13:28:35.919 [JavaFX Application Thread] DEBUG Bundle               - Logging bundle: input
13:28:35.919 [JavaFX Application Thread] DEBUG Bundle               - input.Move Right=D
13:28:35.919 [JavaFX Application Thread] DEBUG Bundle               - input.Play Sound=F
13:28:35.919 [JavaFX Application Thread] DEBUG Bundle               - input.Screenshot=P
13:28:35.919 [JavaFX Application Thread] DEBUG Bundle               - input.System info dump=CTRL+9
13:28:35.919 [JavaFX Application Thread] DEBUG Bundle               - input.Restart=CTRL+R
13:28:35.919 [JavaFX Application Thread] DEBUG Bundle               - input.Move Up=W
13:28:35.919 [JavaFX Application Thread] DEBUG Bundle               - input.Dev Options=CTRL+0
13:28:35.919 [JavaFX Application Thread] DEBUG Bundle               - input.Move Left=A
13:28:35.920 [JavaFX Application Thread] DEBUG Bundle               - input.Move Down=S
13:28:35.920 [JavaFX Application Thread] DEBUG Bundle               - Logging bundle: gameplayStats
13:28:35.920 [JavaFX Application Thread] DEBUG Bundle               - gameplayStats.playtime=1073761019300
13:28:35.920 [JavaFX Application Thread] DEBUG AchievementManager   - Saving data to profile
13:28:35.920 [JavaFX Application Thread] DEBUG Bundle               - Logging bundle: achievement
13:28:35.920 [JavaFX Application Thread] DEBUG SaveLoadManager      - Saving profile: Mads
13:28:35.926 [JavaFX Application Thread] DEBUG DesktopFSService     - Writing to: .\profiles\Mads\user.profile
13:28:35.935 [JavaFX Application Thread] DEBUG FXGL                 - Shutting down background threads
13:28:35.935 [JavaFX Application Thread] DEBUG FXGL                 - Saving FXGL system data
13:28:35.938 [JavaFX Application Thread] DEBUG DesktopFSService     - Writing to: system\fxgl.bundle
13:28:35.943 [JavaFX Application Thread] DEBUG FXGL                 - Closing logger and exiting JavaFX
