12:57:43.487 [JavaFX Application Thread] DEBUG GameApplication      - Logger initialized
12:57:43.530 [JavaFX Application Thread] DEBUG GameApplication      - Logging settings
Title: SlimeSoccer2000
Version: 0.1
Width: 1200
Height: 600
Fullscreen: false
Intro: false
Menus: true
Profiling: false
Single step:false
App Mode: DEVELOPER
Menu Key: M
Stage Style: DECORATED
Scene Factory: class com.almasb.fxgl.scene.SceneFactory
Dialog Factory: class com.almasb.fxgl.ui.FXGLDialogFactory
UI Factory: class com.almasb.fxgl.ui.FXGLUIFactory
Notification Service: class com.almasb.fxgl.gameplay.notification.XboxNotificationView
Exception Handler: class com.almasb.fxgl.app.FXGLExceptionHandler
12:57:43.531 [JavaFX Application Thread] DEBUG GameApplication      - Starting FXGL
12:57:43.561 [JavaFX Application Thread] INFO  FXGL                 - FXGL-0.5.4 on DESKTOP
12:57:43.562 [JavaFX Application Thread] INFO  FXGL                 - Source code and latest versions at: https://github.com/AlmasB/FXGL
12:57:43.562 [JavaFX Application Thread] INFO  FXGL                 -              Join the FXGL chat at: https://gitter.im/AlmasB/FXGL
12:57:43.563 [JavaFX Application Thread] DEBUG FXGL                 - FXGL started
12:57:43.563 [JavaFX Application Thread] DEBUG FXGL                 - Initializing FXGL
12:57:43.667 [JavaFX Application Thread] DEBUG AssetLoader          - Loading from disk: /assets/ui/cursors/fxgl_default.png
12:57:43.896 [JavaFX Application Thread] DEBUG AssetLoader          - Loading from disk: /assets/ui/fonts/VarelaRound-Regular.ttf
12:57:44.665 [JavaFX Application Thread] DEBUG MainWindow           - Creating a JavaFX scene
12:57:44.751 [JavaFX Application Thread] DEBUG MainWindow           - Target settings size: 1200.0 x 600.0
12:57:44.752 [JavaFX Application Thread] DEBUG MainWindow           - Scaled scene size:    1200.0 x 600.0
12:57:44.752 [JavaFX Application Thread] DEBUG MainWindow           - Scaled ratio: (1.0, 1.0)
12:57:44.759 [JavaFX Application Thread] DEBUG AssetLoader          - Loading from disk: /assets/ui/css/fxgl_dark.css
12:57:44.770 [JavaFX Application Thread] DEBUG AssetLoader          - Loading from disk: /assets/textures/fxgl_icon.png
12:57:44.854 [JavaFX Application Thread] DEBUG MainWindow           - Opening main window
12:57:45.164 [JavaFX Application Thread] DEBUG MainWindow           - Window border size: (14.4000244140625, 37.5999755859375)
12:57:45.164 [JavaFX Application Thread] DEBUG MainWindow           - Scaled size: 1200.0 x 600.0
12:57:45.165 [JavaFX Application Thread] DEBUG MainWindow           - Scaled ratio: (1.0, 1.0)
12:57:45.165 [JavaFX Application Thread] DEBUG MainWindow           - Scene size: 1200.0 x 600.0
12:57:45.166 [JavaFX Application Thread] DEBUG MainWindow           - Stage size: 1214.4000244140625 x 637.5999755859375
12:57:45.328 [ForkJoinPool.commonPool-worker-9] DEBUG FS                   - Loaded DesktopFSService
12:57:45.330 [ForkJoinPool.commonPool-worker-9] DEBUG FXGL                 - Loading FXGL system data
12:57:45.347 [ForkJoinPool.commonPool-worker-9] DEBUG DesktopFSService     - Reading from: system\fxgl.bundle
12:57:45.371 [ForkJoinPool.commonPool-worker-9] DEBUG Bundle               - Logging bundle: FXGL
12:57:45.373 [ForkJoinPool.commonPool-worker-9] DEBUG Bundle               - FXGL.offline.timer.version.check=2019-01-07T14:44:13.971316
12:57:45.376 [ForkJoinPool.commonPool-worker-9] DEBUG FXGL                 - Initializing state machine and application states
12:57:45.380 [ForkJoinPool.commonPool-worker-9] DEBUG AssetLoader          - Loading from disk: /assets/ui/cursors/fxgl_default.png
12:57:45.399 [ForkJoinPool.commonPool-worker-9] DEBUG AssetLoader          - Loading from disk: /assets/ui/cursors/fxgl_default.png
12:57:45.431 [ForkJoinPool.commonPool-worker-9] DEBUG AssetLoader          - Loading from cache: /assets/ui/fonts/VarelaRound-Regular.ttf
12:57:45.438 [ForkJoinPool.commonPool-worker-9] DEBUG AssetLoader          - Loading from disk: /assets/ui/cursors/fxgl_default.png
12:57:45.447 [ForkJoinPool.commonPool-worker-9] DEBUG GameScene            - Game scene initialized: 1200x600
12:57:45.461 [ForkJoinPool.commonPool-worker-9] DEBUG GameWorld            - Game world initialized
12:57:45.623 [ForkJoinPool.commonPool-worker-9] DEBUG PhysicsWorld         - Physics world initialized: appHeight=600, physics.ppm=50,0
12:57:45.711 [ForkJoinPool.commonPool-worker-9] DEBUG AssetLoader          - Loading from disk: /assets/ui/cursors/fxgl_default.png
12:57:45.720 [ForkJoinPool.commonPool-worker-9] DEBUG AssetLoader          - Loading from disk: /assets/properties/languages/english.properties
12:57:45.725 [ForkJoinPool.commonPool-worker-9] DEBUG AssetLoader          - Loading from cache: /assets/ui/fonts/VarelaRound-Regular.ttf
12:57:45.727 [ForkJoinPool.commonPool-worker-9] DEBUG AssetLoader          - Loading from cache: /assets/ui/fonts/VarelaRound-Regular.ttf
12:57:45.728 [ForkJoinPool.commonPool-worker-9] DEBUG AssetLoader          - Loading from cache: /assets/ui/fonts/VarelaRound-Regular.ttf
12:57:45.772 [ForkJoinPool.commonPool-worker-9] DEBUG AssetLoader          - Loading from disk: /assets/textures/particles/trace_horizontal.png
12:57:45.848 [ForkJoinPool.commonPool-worker-9] DEBUG AssetLoader          - Loading from cache: /assets/ui/fonts/VarelaRound-Regular.ttf
12:57:45.854 [ForkJoinPool.commonPool-worker-9] DEBUG FXGL.Menu            - createMenuBodyMainMenu()
12:57:45.879 [ForkJoinPool.commonPool-worker-9] DEBUG AssetLoader          - Loading from cache: /assets/ui/fonts/VarelaRound-Regular.ttf
12:57:45.884 [ForkJoinPool.commonPool-worker-9] DEBUG AssetLoader          - Loading from cache: /assets/properties/languages/english.properties
12:57:45.890 [ForkJoinPool.commonPool-worker-9] DEBUG AssetLoader          - Loading from cache: /assets/ui/fonts/VarelaRound-Regular.ttf
12:57:45.891 [ForkJoinPool.commonPool-worker-9] DEBUG AssetLoader          - Loading from cache: /assets/properties/languages/english.properties
12:57:45.892 [ForkJoinPool.commonPool-worker-9] DEBUG FXGL.Menu            - createOptionsMenu()
12:57:45.893 [ForkJoinPool.commonPool-worker-9] DEBUG AssetLoader          - Loading from cache: /assets/ui/fonts/VarelaRound-Regular.ttf
12:57:45.894 [ForkJoinPool.commonPool-worker-9] DEBUG AssetLoader          - Loading from cache: /assets/properties/languages/english.properties
12:57:45.898 [ForkJoinPool.commonPool-worker-9] DEBUG AssetLoader          - Loading from cache: /assets/ui/fonts/VarelaRound-Regular.ttf
12:57:45.899 [ForkJoinPool.commonPool-worker-9] DEBUG AssetLoader          - Loading from cache: /assets/properties/languages/english.properties
12:57:45.900 [ForkJoinPool.commonPool-worker-9] DEBUG AssetLoader          - Loading from cache: /assets/ui/fonts/VarelaRound-Regular.ttf
12:57:45.901 [ForkJoinPool.commonPool-worker-9] DEBUG AssetLoader          - Loading from cache: /assets/properties/languages/english.properties
12:57:45.903 [ForkJoinPool.commonPool-worker-9] DEBUG AssetLoader          - Loading from cache: /assets/ui/fonts/VarelaRound-Regular.ttf
12:57:45.903 [ForkJoinPool.commonPool-worker-9] DEBUG AssetLoader          - Loading from cache: /assets/properties/languages/english.properties
12:57:45.905 [ForkJoinPool.commonPool-worker-9] DEBUG AssetLoader          - Loading from cache: /assets/ui/fonts/VarelaRound-Regular.ttf
12:57:45.905 [ForkJoinPool.commonPool-worker-9] DEBUG AssetLoader          - Loading from cache: /assets/properties/languages/english.properties
12:57:45.908 [ForkJoinPool.commonPool-worker-9] DEBUG AssetLoader          - Loading from cache: /assets/ui/fonts/VarelaRound-Regular.ttf
12:57:45.909 [ForkJoinPool.commonPool-worker-9] DEBUG AssetLoader          - Loading from cache: /assets/properties/languages/english.properties
12:57:45.913 [ForkJoinPool.commonPool-worker-9] DEBUG AssetLoader          - Loading from cache: /assets/ui/fonts/VarelaRound-Regular.ttf
12:57:45.913 [ForkJoinPool.commonPool-worker-9] DEBUG AssetLoader          - Loading from cache: /assets/properties/languages/english.properties
12:57:45.915 [ForkJoinPool.commonPool-worker-9] DEBUG AssetLoader          - Loading from cache: /assets/ui/fonts/VarelaRound-Regular.ttf
12:57:45.916 [ForkJoinPool.commonPool-worker-9] DEBUG AssetLoader          - Loading from cache: /assets/properties/languages/english.properties
12:57:45.918 [ForkJoinPool.commonPool-worker-9] DEBUG AssetLoader          - Loading from disk: /assets/textures/particles/smoke.png
12:57:46.120 [ForkJoinPool.commonPool-worker-9] DEBUG AssetLoader          - Loading from disk: /assets/ui/cursors/fxgl_default.png
12:57:46.125 [ForkJoinPool.commonPool-worker-9] DEBUG AssetLoader          - Loading from cache: /assets/properties/languages/english.properties
12:57:46.126 [ForkJoinPool.commonPool-worker-9] DEBUG AssetLoader          - Loading from cache: /assets/ui/fonts/VarelaRound-Regular.ttf
12:57:46.128 [ForkJoinPool.commonPool-worker-9] DEBUG AssetLoader          - Loading from cache: /assets/ui/fonts/VarelaRound-Regular.ttf
12:57:46.129 [ForkJoinPool.commonPool-worker-9] DEBUG AssetLoader          - Loading from cache: /assets/ui/fonts/VarelaRound-Regular.ttf
12:57:46.130 [ForkJoinPool.commonPool-worker-9] DEBUG AssetLoader          - Loading from cache: /assets/textures/particles/trace_horizontal.png@64.0x64.0
12:57:46.131 [ForkJoinPool.commonPool-worker-9] DEBUG AssetLoader          - Loading from cache: /assets/ui/fonts/VarelaRound-Regular.ttf
12:57:46.132 [ForkJoinPool.commonPool-worker-9] DEBUG FXGL.Menu            - createMenuBodyGameMenu()
12:57:46.133 [ForkJoinPool.commonPool-worker-9] DEBUG AssetLoader          - Loading from cache: /assets/ui/fonts/VarelaRound-Regular.ttf
12:57:46.133 [ForkJoinPool.commonPool-worker-9] DEBUG AssetLoader          - Loading from cache: /assets/properties/languages/english.properties
12:57:46.135 [ForkJoinPool.commonPool-worker-9] DEBUG AssetLoader          - Loading from cache: /assets/ui/fonts/VarelaRound-Regular.ttf
12:57:46.135 [ForkJoinPool.commonPool-worker-9] DEBUG AssetLoader          - Loading from cache: /assets/properties/languages/english.properties
12:57:46.136 [ForkJoinPool.commonPool-worker-9] DEBUG FXGL.Menu            - createOptionsMenu()
12:57:46.136 [ForkJoinPool.commonPool-worker-9] DEBUG AssetLoader          - Loading from cache: /assets/ui/fonts/VarelaRound-Regular.ttf
12:57:46.137 [ForkJoinPool.commonPool-worker-9] DEBUG AssetLoader          - Loading from cache: /assets/properties/languages/english.properties
12:57:46.138 [ForkJoinPool.commonPool-worker-9] DEBUG AssetLoader          - Loading from cache: /assets/ui/fonts/VarelaRound-Regular.ttf
12:57:46.138 [ForkJoinPool.commonPool-worker-9] DEBUG AssetLoader          - Loading from cache: /assets/properties/languages/english.properties
12:57:46.140 [ForkJoinPool.commonPool-worker-9] DEBUG AssetLoader          - Loading from cache: /assets/ui/fonts/VarelaRound-Regular.ttf
12:57:46.141 [ForkJoinPool.commonPool-worker-9] DEBUG AssetLoader          - Loading from cache: /assets/properties/languages/english.properties
12:57:46.142 [ForkJoinPool.commonPool-worker-9] DEBUG AssetLoader          - Loading from cache: /assets/ui/fonts/VarelaRound-Regular.ttf
12:57:46.143 [ForkJoinPool.commonPool-worker-9] DEBUG AssetLoader          - Loading from cache: /assets/properties/languages/english.properties
12:57:46.144 [ForkJoinPool.commonPool-worker-9] DEBUG AssetLoader          - Loading from cache: /assets/ui/fonts/VarelaRound-Regular.ttf
12:57:46.145 [ForkJoinPool.commonPool-worker-9] DEBUG AssetLoader          - Loading from cache: /assets/properties/languages/english.properties
12:57:46.146 [ForkJoinPool.commonPool-worker-9] DEBUG AssetLoader          - Loading from cache: /assets/ui/fonts/VarelaRound-Regular.ttf
12:57:46.146 [ForkJoinPool.commonPool-worker-9] DEBUG AssetLoader          - Loading from cache: /assets/properties/languages/english.properties
12:57:46.148 [ForkJoinPool.commonPool-worker-9] DEBUG AssetLoader          - Loading from cache: /assets/ui/fonts/VarelaRound-Regular.ttf
12:57:46.148 [ForkJoinPool.commonPool-worker-9] DEBUG AssetLoader          - Loading from cache: /assets/properties/languages/english.properties
12:57:46.149 [ForkJoinPool.commonPool-worker-9] DEBUG AssetLoader          - Loading from cache: /assets/textures/particles/smoke.png@128.0x128.0
12:57:46.283 [JavaFX Application Thread] DEBUG FXGL                 - Running preInit()
12:57:46.338 [JavaFX Application Thread] DEBUG Input                - Registered new binding: Screenshot - P
12:57:46.340 [JavaFX Application Thread] DEBUG Input                - Registered new binding: Dev Options - CTRL+0
12:57:46.341 [JavaFX Application Thread] DEBUG Input                - Registered new binding: System info dump - CTRL+9
12:57:46.342 [JavaFX Application Thread] DEBUG Input                - Registered new binding: Restart - CTRL+R
12:57:46.343 [JavaFX Application Thread] DEBUG Input                - Registered new binding: Move Right - D
12:57:46.343 [JavaFX Application Thread] DEBUG Input                - Registered new binding: Move Left - A
12:57:46.343 [JavaFX Application Thread] DEBUG Input                - Registered new binding: Move Up - W
12:57:46.344 [JavaFX Application Thread] DEBUG Input                - Registered new binding: Move Down - S
12:57:46.345 [JavaFX Application Thread] DEBUG Input                - Registered new binding: Play Sound - F
12:57:46.346 [JavaFX Application Thread] DEBUG MenuEventHandler     - generateDefaultProfile()
12:57:46.347 [JavaFX Application Thread] DEBUG MenuEventHandler     - Creating default profile
12:57:46.348 [JavaFX Application Thread] DEBUG EventBus             - Firing event: SaveEvent
12:57:46.352 [JavaFX Application Thread] DEBUG AudioPlayer          - Saving data to profile
12:57:46.353 [JavaFX Application Thread] DEBUG Bundle               - Logging bundle: audio
12:57:46.353 [JavaFX Application Thread] DEBUG Bundle               - audio.musicVolume=0.5
12:57:46.353 [JavaFX Application Thread] DEBUG Bundle               - audio.soundVolume=0.5
12:57:46.354 [JavaFX Application Thread] DEBUG Input                - Saving data to profile
12:57:46.354 [JavaFX Application Thread] DEBUG Bundle               - Logging bundle: input
12:57:46.354 [JavaFX Application Thread] DEBUG Bundle               - input.Move Right=D
12:57:46.355 [JavaFX Application Thread] DEBUG Bundle               - input.Play Sound=F
12:57:46.355 [JavaFX Application Thread] DEBUG Bundle               - input.Screenshot=P
12:57:46.355 [JavaFX Application Thread] DEBUG Bundle               - input.System info dump=CTRL+9
12:57:46.355 [JavaFX Application Thread] DEBUG Bundle               - input.Restart=CTRL+R
12:57:46.356 [JavaFX Application Thread] DEBUG Bundle               - input.Move Up=W
12:57:46.356 [JavaFX Application Thread] DEBUG Bundle               - input.Dev Options=CTRL+0
12:57:46.356 [JavaFX Application Thread] DEBUG Bundle               - input.Move Left=A
12:57:46.356 [JavaFX Application Thread] DEBUG Bundle               - input.Move Down=S
12:57:46.368 [JavaFX Application Thread] DEBUG Bundle               - Logging bundle: gameplayStats
12:57:46.369 [JavaFX Application Thread] DEBUG Bundle               - gameplayStats.playtime=0
12:57:46.372 [JavaFX Application Thread] DEBUG AchievementManager   - Saving data to profile
12:57:46.372 [JavaFX Application Thread] DEBUG Bundle               - Logging bundle: achievement
12:57:46.375 [JavaFX Application Thread] INFO  FXGL                 - FXGL initialization took: 2,812 sec
12:57:46.376 [JavaFX Application Thread] DEBUG LoopRunner           - Starting loop
12:57:46.381 [JavaFX Application Thread] DEBUG StartupState         - STARTUP
12:57:46.382 [JavaFX Application Thread] DEBUG Input                - Clearing active input actions
12:57:46.384 [JavaFX Application Thread] DEBUG AssetLoader          - Loading from disk: /assets/ui/css/fxgl_dark.css
12:57:46.428 [JavaFX Application Thread] DEBUG AppStateMachine      - StartupState -> MainMenuState
12:57:46.438 [JavaFX Application Thread] DEBUG AssetLoader          - Loading from cache: /assets/properties/languages/english.properties
12:57:46.438 [JavaFX Application Thread] DEBUG AssetLoader          - Loading from cache: /assets/ui/fonts/VarelaRound-Regular.ttf
12:57:46.439 [JavaFX Application Thread] DEBUG AssetLoader          - Loading from cache: /assets/properties/languages/english.properties
12:57:46.439 [JavaFX Application Thread] DEBUG AssetLoader          - Loading from cache: /assets/ui/fonts/VarelaRound-Regular.ttf
12:57:46.440 [JavaFX Application Thread] DEBUG AssetLoader          - Loading from cache: /assets/properties/languages/english.properties
12:57:46.440 [JavaFX Application Thread] DEBUG AssetLoader          - Loading from cache: /assets/ui/fonts/VarelaRound-Regular.ttf
12:57:46.445 [JavaFX Application Thread] DEBUG SaveLoadManager      - Checking profiles dir: profiles/
12:57:46.446 [JavaFX Application Thread] DEBUG SaveLoadManager      - Loading profile names
12:57:46.450 [JavaFX Application Thread] DEBUG AssetLoader          - Loading from cache: /assets/properties/languages/english.properties
12:57:46.452 [JavaFX Application Thread] DEBUG AssetLoader          - Loading from cache: /assets/ui/fonts/VarelaRound-Regular.ttf
12:57:46.454 [JavaFX Application Thread] DEBUG AssetLoader          - Loading from cache: /assets/ui/fonts/VarelaRound-Regular.ttf
12:57:46.455 [JavaFX Application Thread] DEBUG AppStateMachine      - Push state: DialogSubState
12:57:46.455 [JavaFX Application Thread] DEBUG Input                - Clearing active input actions
12:57:46.456 [JavaFX Application Thread] DEBUG AppStateMachine      - MainMenuState -> DialogSubState
12:57:46.674 [JavaFX Application Thread] DEBUG AppStateMachine      - Pop state: DialogSubState
12:57:46.674 [JavaFX Application Thread] DEBUG Input                - Clearing active input actions
12:57:46.677 [JavaFX Application Thread] DEBUG AppStateMachine      - MainMenuState <- DialogSubState
12:57:46.678 [JavaFX Application Thread] DEBUG AssetLoader          - Loading from cache: /assets/properties/languages/english.properties
12:57:46.680 [JavaFX Application Thread] DEBUG AssetLoader          - Loading from cache: /assets/ui/fonts/VarelaRound-Regular.ttf
12:57:46.681 [JavaFX Application Thread] DEBUG AssetLoader          - Loading from cache: /assets/ui/fonts/VarelaRound-Regular.ttf
12:57:46.682 [JavaFX Application Thread] DEBUG AppStateMachine      - Push state: DialogSubState
12:57:46.682 [JavaFX Application Thread] DEBUG Input                - Clearing active input actions
12:57:46.682 [JavaFX Application Thread] DEBUG AppStateMachine      - MainMenuState -> DialogSubState
12:57:47.507 [JavaFX Application Thread] DEBUG AssetLoader          - Loading from cache: /assets/sounds/menu/select.wav
12:57:47.817 [JavaFX Application Thread] DEBUG AssetLoader          - Loading from cache: /assets/sounds/menu/select.wav
12:57:48.095 [JavaFX Application Thread] DEBUG AppStateMachine      - Pop state: DialogSubState
12:57:48.095 [JavaFX Application Thread] DEBUG Input                - Clearing active input actions
12:57:48.097 [JavaFX Application Thread] DEBUG AppStateMachine      - MainMenuState <- DialogSubState
12:57:48.097 [JavaFX Application Thread] DEBUG SaveLoadManager      - Loading profile: Mads
12:57:48.110 [JavaFX Application Thread] DEBUG AssetLoader          - Loading from cache: /assets/properties/languages/english.properties
12:57:48.111 [JavaFX Application Thread] DEBUG AssetLoader          - Loading from cache: /assets/ui/fonts/VarelaRound-Regular.ttf
12:57:48.112 [JavaFX Application Thread] DEBUG AssetLoader          - Loading from cache: /assets/ui/fonts/VarelaRound-Regular.ttf
12:57:48.113 [JavaFX Application Thread] DEBUG AppStateMachine      - Push state: DialogSubState
12:57:48.113 [JavaFX Application Thread] DEBUG Input                - Clearing active input actions
12:57:48.113 [JavaFX Application Thread] DEBUG AppStateMachine      - MainMenuState -> DialogSubState
12:57:48.118 [FXGL Background Thread 1 ] DEBUG DesktopFSService     - Reading from: .\profiles\Mads\user.profile
12:57:48.144 [JavaFX Application Thread] DEBUG AppStateMachine      - Pop state: DialogSubState
12:57:48.144 [JavaFX Application Thread] DEBUG Input                - Clearing active input actions
12:57:48.146 [JavaFX Application Thread] DEBUG AppStateMachine      - MainMenuState <- DialogSubState
12:57:48.147 [JavaFX Application Thread] DEBUG EventBus             - Firing event: LoadEvent[type=LOAD_PROFILE]
12:57:48.147 [JavaFX Application Thread] DEBUG AudioPlayer          - Loading data from profile
12:57:48.147 [JavaFX Application Thread] DEBUG Bundle               - Logging bundle: audio
12:57:48.148 [JavaFX Application Thread] DEBUG Bundle               - audio.musicVolume=0.5
12:57:48.148 [JavaFX Application Thread] DEBUG Bundle               - audio.soundVolume=0.5
12:57:48.148 [JavaFX Application Thread] DEBUG Input                - Loading data from profile
12:57:48.148 [JavaFX Application Thread] DEBUG Bundle               - Logging bundle: input
12:57:48.148 [JavaFX Application Thread] DEBUG Bundle               - input.Move Right=D
12:57:48.148 [JavaFX Application Thread] DEBUG Bundle               - input.Play Sound=F
12:57:48.149 [JavaFX Application Thread] DEBUG Bundle               - input.Screenshot=P
12:57:48.149 [JavaFX Application Thread] DEBUG Bundle               - input.System info dump=CTRL+9
12:57:48.149 [JavaFX Application Thread] DEBUG Bundle               - input.Restart=CTRL+R
12:57:48.149 [JavaFX Application Thread] DEBUG Bundle               - input.Move Up=W
12:57:48.149 [JavaFX Application Thread] DEBUG Bundle               - input.Dev Options=CTRL+0
12:57:48.150 [JavaFX Application Thread] DEBUG Bundle               - input.Move Left=A
12:57:48.150 [JavaFX Application Thread] DEBUG Bundle               - input.Move Down=S
12:57:48.150 [JavaFX Application Thread] DEBUG Bundle               - Logging bundle: gameplayStats
12:57:48.151 [JavaFX Application Thread] DEBUG Bundle               - gameplayStats.playtime=915168893538
12:57:48.151 [JavaFX Application Thread] DEBUG AchievementManager   - Loading data from profile
12:57:48.151 [JavaFX Application Thread] DEBUG Bundle               - Logging bundle: achievement
12:57:48.152 [JavaFX Application Thread] DEBUG AssetLoader          - Loading from cache: /assets/properties/languages/english.properties
12:57:48.152 [JavaFX Application Thread] DEBUG AssetLoader          - Loading from cache: /assets/ui/fonts/VarelaRound-Regular.ttf
12:57:48.153 [JavaFX Application Thread] DEBUG AssetLoader          - Loading from cache: /assets/properties/languages/english.properties
12:57:48.153 [JavaFX Application Thread] DEBUG AssetLoader          - Loading from cache: /assets/ui/fonts/VarelaRound-Regular.ttf
12:57:48.154 [JavaFX Application Thread] DEBUG SaveLoadManager      - Loading last modified save file
12:57:48.154 [JavaFX Application Thread] DEBUG SaveLoadManager      - Loading save files
12:57:48.160 [JavaFX Application Thread] DEBUG AssetLoader          - Loading from cache: /assets/properties/languages/english.properties
12:57:48.161 [JavaFX Application Thread] DEBUG AssetLoader          - Loading from cache: /assets/ui/fonts/VarelaRound-Regular.ttf
12:57:48.162 [JavaFX Application Thread] DEBUG AssetLoader          - Loading from cache: /assets/ui/fonts/VarelaRound-Regular.ttf
12:57:48.162 [JavaFX Application Thread] DEBUG AppStateMachine      - Push state: DialogSubState
12:57:48.163 [JavaFX Application Thread] DEBUG Input                - Clearing active input actions
12:57:48.163 [JavaFX Application Thread] DEBUG AppStateMachine      - MainMenuState -> DialogSubState
12:57:48.194 [JavaFX Application Thread] DEBUG AppStateMachine      - Pop state: DialogSubState
12:57:48.194 [JavaFX Application Thread] DEBUG Input                - Clearing active input actions
12:57:48.195 [JavaFX Application Thread] DEBUG AppStateMachine      - MainMenuState <- DialogSubState
12:57:48.347 [JavaFX Application Thread] DEBUG AssetLoader          - Loading from cache: /assets/sounds/menu/select.wav
12:57:48.897 [JavaFX Application Thread] DEBUG FXGL.Menu            - fireNewGame()
12:57:48.898 [JavaFX Application Thread] DEBUG GameApplication      - Starting new game
12:57:48.898 [JavaFX Application Thread] DEBUG Input                - Clearing active input actions
12:57:48.898 [JavaFX Application Thread] DEBUG AssetLoader          - Loading from disk: /assets/ui/css/fxgl_dark.css
12:57:48.926 [JavaFX Application Thread] DEBUG AppStateMachine      - MainMenuState -> LoadingState
12:57:48.930 [FXGL Background Thread 1 ] DEBUG InitAppTask          - Clearing previous game
12:57:48.930 [FXGL Background Thread 1 ] DEBUG GameWorld            - Clearing game world
12:57:48.930 [FXGL Background Thread 1 ] DEBUG PhysicsWorld         - Clearing physics world
12:57:48.931 [FXGL Background Thread 1 ] DEBUG GameScene            - Clearing game scene
12:57:48.933 [FXGL Background Thread 1 ] DEBUG InitAppTask          - Initializing Game
12:57:48.987 [FXGL Background Thread 1 ] DEBUG AssetLoader          - Loading from disk: /assets/textures/background1.png
12:57:49.053 [FXGL Background Thread 1 ] DEBUG GameScene            - Creating render group for layer: DEFAULT(100000)
12:57:49.057 [FXGL Background Thread 1 ] DEBUG AssetLoader          - Loading from disk: /assets/textures/slime1.png
12:57:49.069 [FXGL Background Thread 1 ] DEBUG AssetLoader          - Loading from disk: /assets/textures/slime2.png
12:57:49.079 [FXGL Background Thread 1 ] DEBUG InitAppTask          - Initializing Physics
12:57:49.081 [FXGL Background Thread 1 ] DEBUG InitAppTask          - Initializing UI
12:57:49.083 [FXGL Background Thread 1 ] DEBUG InitAppTask          - Initialization Complete
12:57:49.084 [FXGL Background Thread 1 ] INFO  InitAppTask          - Game initialization took: 0,153 sec
12:57:49.090 [JavaFX Application Thread] DEBUG Input                - Clearing active input actions
12:57:49.091 [JavaFX Application Thread] DEBUG AssetLoader          - Loading from disk: /assets/ui/css/fxgl_dark.css
12:57:49.119 [JavaFX Application Thread] DEBUG AppStateMachine      - LoadingState -> PlayState
12:57:53.627 [JavaFX Application Thread] DEBUG FXGL                 - Exiting FXGL
12:57:53.627 [JavaFX Application Thread] DEBUG MenuEventHandler     - Creating default profile
12:57:53.627 [JavaFX Application Thread] DEBUG EventBus             - Firing event: SaveEvent
12:57:53.628 [JavaFX Application Thread] DEBUG AudioPlayer          - Saving data to profile
12:57:53.628 [JavaFX Application Thread] DEBUG Bundle               - Logging bundle: audio
12:57:53.628 [JavaFX Application Thread] DEBUG Bundle               - audio.musicVolume=0.5
12:57:53.628 [JavaFX Application Thread] DEBUG Bundle               - audio.soundVolume=0.5
12:57:53.628 [JavaFX Application Thread] DEBUG Input                - Saving data to profile
12:57:53.628 [JavaFX Application Thread] DEBUG Bundle               - Logging bundle: input
12:57:53.628 [JavaFX Application Thread] DEBUG Bundle               - input.Move Right=D
12:57:53.628 [JavaFX Application Thread] DEBUG Bundle               - input.Play Sound=F
12:57:53.628 [JavaFX Application Thread] DEBUG Bundle               - input.Screenshot=P
12:57:53.629 [JavaFX Application Thread] DEBUG Bundle               - input.System info dump=CTRL+9
12:57:53.629 [JavaFX Application Thread] DEBUG Bundle               - input.Restart=CTRL+R
12:57:53.629 [JavaFX Application Thread] DEBUG Bundle               - input.Move Up=W
12:57:53.629 [JavaFX Application Thread] DEBUG Bundle               - input.Dev Options=CTRL+0
12:57:53.629 [JavaFX Application Thread] DEBUG Bundle               - input.Move Left=A
12:57:53.629 [JavaFX Application Thread] DEBUG Bundle               - input.Move Down=S
12:57:53.629 [JavaFX Application Thread] DEBUG Bundle               - Logging bundle: gameplayStats
12:57:53.629 [JavaFX Application Thread] DEBUG Bundle               - gameplayStats.playtime=920179523869
12:57:53.629 [JavaFX Application Thread] DEBUG AchievementManager   - Saving data to profile
12:57:53.629 [JavaFX Application Thread] DEBUG Bundle               - Logging bundle: achievement
12:57:53.630 [JavaFX Application Thread] DEBUG SaveLoadManager      - Saving profile: Mads
12:57:53.635 [JavaFX Application Thread] DEBUG DesktopFSService     - Writing to: .\profiles\Mads\user.profile
12:57:53.643 [JavaFX Application Thread] DEBUG FXGL                 - Shutting down background threads
12:57:53.643 [JavaFX Application Thread] DEBUG FXGL                 - Saving FXGL system data
12:57:53.646 [JavaFX Application Thread] DEBUG DesktopFSService     - Writing to: system\fxgl.bundle
12:57:53.652 [JavaFX Application Thread] DEBUG FXGL                 - Closing logger and exiting JavaFX
