09:29:23.350 [JavaFX Application Thread] DEBUG GameApplication      - Logger initialized
09:29:23.371 [JavaFX Application Thread] DEBUG GameApplication      - Logging settings
Title: SlimeSoccer2000
Version: 0.1
Width: 1200
Height: 600
Fullscreen: false
Intro: false
Menus: true
Profiling: false
Single step:false
App Mode: DEVELOPER
Menu Key: M
Stage Style: DECORATED
Scene Factory: class com.almasb.fxgl.scene.SceneFactory
Dialog Factory: class com.almasb.fxgl.ui.FXGLDialogFactory
UI Factory: class com.almasb.fxgl.ui.FXGLUIFactory
Notification Service: class com.almasb.fxgl.gameplay.notification.XboxNotificationView
Exception Handler: class com.almasb.fxgl.app.FXGLExceptionHandler
09:29:23.371 [JavaFX Application Thread] DEBUG GameApplication      - Starting FXGL
09:29:23.391 [JavaFX Application Thread] INFO  FXGL                 - FXGL-0.5.4 on DESKTOP
09:29:23.391 [JavaFX Application Thread] INFO  FXGL                 - Source code and latest versions at: https://github.com/AlmasB/FXGL
09:29:23.392 [JavaFX Application Thread] INFO  FXGL                 -              Join the FXGL chat at: https://gitter.im/AlmasB/FXGL
09:29:23.392 [JavaFX Application Thread] DEBUG FXGL                 - FXGL started
09:29:23.393 [JavaFX Application Thread] DEBUG FXGL                 - Initializing FXGL
09:29:23.450 [JavaFX Application Thread] DEBUG AssetLoader          - Loading from disk: /assets/ui/cursors/fxgl_default.png
09:29:23.556 [JavaFX Application Thread] DEBUG AssetLoader          - Loading from disk: /assets/ui/fonts/VarelaRound-Regular.ttf
09:29:23.879 [JavaFX Application Thread] DEBUG MainWindow           - Creating a JavaFX scene
09:29:23.920 [JavaFX Application Thread] DEBUG MainWindow           - Target settings size: 1200.0 x 600.0
09:29:23.922 [JavaFX Application Thread] DEBUG MainWindow           - Scaled scene size:    1200.0 x 600.0
09:29:23.922 [JavaFX Application Thread] DEBUG MainWindow           - Scaled ratio: (1.0, 1.0)
09:29:23.926 [JavaFX Application Thread] DEBUG AssetLoader          - Loading from disk: /assets/ui/css/fxgl_dark.css
09:29:23.934 [JavaFX Application Thread] DEBUG AssetLoader          - Loading from disk: /assets/textures/fxgl_icon.png
09:29:23.964 [JavaFX Application Thread] DEBUG MainWindow           - Opening main window
09:29:24.108 [JavaFX Application Thread] DEBUG MainWindow           - Window border size: (14.4000244140625, 37.5999755859375)
09:29:24.108 [JavaFX Application Thread] DEBUG MainWindow           - Scaled size: 1200.0 x 600.0
09:29:24.108 [JavaFX Application Thread] DEBUG MainWindow           - Scaled ratio: (1.0, 1.0)
09:29:24.109 [JavaFX Application Thread] DEBUG MainWindow           - Scene size: 1200.0 x 600.0
09:29:24.109 [JavaFX Application Thread] DEBUG MainWindow           - Stage size: 1214.4000244140625 x 637.5999755859375
09:29:24.190 [ForkJoinPool.commonPool-worker-9] DEBUG FS                   - Loaded DesktopFSService
09:29:24.191 [ForkJoinPool.commonPool-worker-9] DEBUG FXGL                 - Loading FXGL system data
09:29:24.202 [ForkJoinPool.commonPool-worker-9] DEBUG DesktopFSService     - Reading from: system\fxgl.bundle
09:29:24.216 [ForkJoinPool.commonPool-worker-9] DEBUG Bundle               - Logging bundle: FXGL
09:29:24.219 [ForkJoinPool.commonPool-worker-9] DEBUG Bundle               - FXGL.offline.timer.version.check=2019-01-15T09:28:22.000785300
09:29:24.220 [ForkJoinPool.commonPool-worker-9] DEBUG FXGL                 - Initializing state machine and application states
09:29:24.222 [ForkJoinPool.commonPool-worker-9] DEBUG AssetLoader          - Loading from disk: /assets/ui/cursors/fxgl_default.png
09:29:24.236 [ForkJoinPool.commonPool-worker-9] DEBUG AssetLoader          - Loading from disk: /assets/ui/cursors/fxgl_default.png
09:29:24.243 [ForkJoinPool.commonPool-worker-9] DEBUG AssetLoader          - Loading from cache: /assets/ui/fonts/VarelaRound-Regular.ttf
09:29:24.249 [ForkJoinPool.commonPool-worker-9] DEBUG AssetLoader          - Loading from disk: /assets/ui/cursors/fxgl_default.png
09:29:24.253 [ForkJoinPool.commonPool-worker-9] DEBUG GameScene            - Game scene initialized: 1200x600
09:29:24.261 [ForkJoinPool.commonPool-worker-9] DEBUG GameWorld            - Game world initialized
09:29:24.366 [ForkJoinPool.commonPool-worker-9] DEBUG PhysicsWorld         - Physics world initialized: appHeight=600, physics.ppm=50,0
09:29:24.425 [ForkJoinPool.commonPool-worker-9] DEBUG AssetLoader          - Loading from disk: /assets/ui/cursors/fxgl_default.png
09:29:24.431 [ForkJoinPool.commonPool-worker-9] DEBUG AssetLoader          - Loading from disk: /assets/properties/languages/english.properties
09:29:24.435 [ForkJoinPool.commonPool-worker-9] DEBUG AssetLoader          - Loading from cache: /assets/ui/fonts/VarelaRound-Regular.ttf
09:29:24.436 [ForkJoinPool.commonPool-worker-9] DEBUG AssetLoader          - Loading from cache: /assets/ui/fonts/VarelaRound-Regular.ttf
09:29:24.437 [ForkJoinPool.commonPool-worker-9] DEBUG AssetLoader          - Loading from cache: /assets/ui/fonts/VarelaRound-Regular.ttf
09:29:24.459 [ForkJoinPool.commonPool-worker-9] DEBUG AssetLoader          - Loading from disk: /assets/textures/particles/trace_horizontal.png
09:29:24.487 [ForkJoinPool.commonPool-worker-9] DEBUG AssetLoader          - Loading from cache: /assets/ui/fonts/VarelaRound-Regular.ttf
09:29:24.489 [ForkJoinPool.commonPool-worker-9] DEBUG FXGL.Menu            - createMenuBodyMainMenu()
09:29:24.497 [ForkJoinPool.commonPool-worker-9] DEBUG AssetLoader          - Loading from cache: /assets/ui/fonts/VarelaRound-Regular.ttf
09:29:24.502 [ForkJoinPool.commonPool-worker-9] DEBUG AssetLoader          - Loading from cache: /assets/properties/languages/english.properties
09:29:24.506 [ForkJoinPool.commonPool-worker-9] DEBUG AssetLoader          - Loading from cache: /assets/ui/fonts/VarelaRound-Regular.ttf
09:29:24.507 [ForkJoinPool.commonPool-worker-9] DEBUG AssetLoader          - Loading from cache: /assets/properties/languages/english.properties
09:29:24.507 [ForkJoinPool.commonPool-worker-9] DEBUG FXGL.Menu            - createOptionsMenu()
09:29:24.508 [ForkJoinPool.commonPool-worker-9] DEBUG AssetLoader          - Loading from cache: /assets/ui/fonts/VarelaRound-Regular.ttf
09:29:24.508 [ForkJoinPool.commonPool-worker-9] DEBUG AssetLoader          - Loading from cache: /assets/properties/languages/english.properties
09:29:24.510 [ForkJoinPool.commonPool-worker-9] DEBUG AssetLoader          - Loading from cache: /assets/ui/fonts/VarelaRound-Regular.ttf
09:29:24.511 [ForkJoinPool.commonPool-worker-9] DEBUG AssetLoader          - Loading from cache: /assets/properties/languages/english.properties
09:29:24.512 [ForkJoinPool.commonPool-worker-9] DEBUG AssetLoader          - Loading from cache: /assets/ui/fonts/VarelaRound-Regular.ttf
09:29:24.513 [ForkJoinPool.commonPool-worker-9] DEBUG AssetLoader          - Loading from cache: /assets/properties/languages/english.properties
09:29:24.517 [ForkJoinPool.commonPool-worker-9] DEBUG AssetLoader          - Loading from cache: /assets/ui/fonts/VarelaRound-Regular.ttf
09:29:24.517 [ForkJoinPool.commonPool-worker-9] DEBUG AssetLoader          - Loading from cache: /assets/properties/languages/english.properties
09:29:24.518 [ForkJoinPool.commonPool-worker-9] DEBUG AssetLoader          - Loading from cache: /assets/ui/fonts/VarelaRound-Regular.ttf
09:29:24.519 [ForkJoinPool.commonPool-worker-9] DEBUG AssetLoader          - Loading from cache: /assets/properties/languages/english.properties
09:29:24.522 [ForkJoinPool.commonPool-worker-9] DEBUG AssetLoader          - Loading from cache: /assets/ui/fonts/VarelaRound-Regular.ttf
09:29:24.522 [ForkJoinPool.commonPool-worker-9] DEBUG AssetLoader          - Loading from cache: /assets/properties/languages/english.properties
09:29:24.524 [ForkJoinPool.commonPool-worker-9] DEBUG AssetLoader          - Loading from cache: /assets/ui/fonts/VarelaRound-Regular.ttf
09:29:24.524 [ForkJoinPool.commonPool-worker-9] DEBUG AssetLoader          - Loading from cache: /assets/properties/languages/english.properties
09:29:24.526 [ForkJoinPool.commonPool-worker-9] DEBUG AssetLoader          - Loading from cache: /assets/ui/fonts/VarelaRound-Regular.ttf
09:29:24.526 [ForkJoinPool.commonPool-worker-9] DEBUG AssetLoader          - Loading from cache: /assets/properties/languages/english.properties
09:29:24.527 [ForkJoinPool.commonPool-worker-9] DEBUG AssetLoader          - Loading from disk: /assets/textures/particles/smoke.png
09:29:24.611 [ForkJoinPool.commonPool-worker-9] DEBUG AssetLoader          - Loading from disk: /assets/ui/cursors/fxgl_default.png
09:29:24.612 [ForkJoinPool.commonPool-worker-9] DEBUG AssetLoader          - Loading from cache: /assets/properties/languages/english.properties
09:29:24.613 [ForkJoinPool.commonPool-worker-9] DEBUG AssetLoader          - Loading from cache: /assets/ui/fonts/VarelaRound-Regular.ttf
09:29:24.613 [ForkJoinPool.commonPool-worker-9] DEBUG AssetLoader          - Loading from cache: /assets/ui/fonts/VarelaRound-Regular.ttf
09:29:24.614 [ForkJoinPool.commonPool-worker-9] DEBUG AssetLoader          - Loading from cache: /assets/ui/fonts/VarelaRound-Regular.ttf
09:29:24.615 [ForkJoinPool.commonPool-worker-9] DEBUG AssetLoader          - Loading from cache: /assets/textures/particles/trace_horizontal.png@64.0x64.0
09:29:24.616 [ForkJoinPool.commonPool-worker-9] DEBUG AssetLoader          - Loading from cache: /assets/ui/fonts/VarelaRound-Regular.ttf
09:29:24.619 [ForkJoinPool.commonPool-worker-9] DEBUG FXGL.Menu            - createMenuBodyGameMenu()
09:29:24.620 [ForkJoinPool.commonPool-worker-9] DEBUG AssetLoader          - Loading from cache: /assets/ui/fonts/VarelaRound-Regular.ttf
09:29:24.621 [ForkJoinPool.commonPool-worker-9] DEBUG AssetLoader          - Loading from cache: /assets/properties/languages/english.properties
09:29:24.622 [ForkJoinPool.commonPool-worker-9] DEBUG AssetLoader          - Loading from cache: /assets/ui/fonts/VarelaRound-Regular.ttf
09:29:24.622 [ForkJoinPool.commonPool-worker-9] DEBUG AssetLoader          - Loading from cache: /assets/properties/languages/english.properties
09:29:24.623 [ForkJoinPool.commonPool-worker-9] DEBUG FXGL.Menu            - createOptionsMenu()
09:29:24.623 [ForkJoinPool.commonPool-worker-9] DEBUG AssetLoader          - Loading from cache: /assets/ui/fonts/VarelaRound-Regular.ttf
09:29:24.624 [ForkJoinPool.commonPool-worker-9] DEBUG AssetLoader          - Loading from cache: /assets/properties/languages/english.properties
09:29:24.624 [ForkJoinPool.commonPool-worker-9] DEBUG AssetLoader          - Loading from cache: /assets/ui/fonts/VarelaRound-Regular.ttf
09:29:24.624 [ForkJoinPool.commonPool-worker-9] DEBUG AssetLoader          - Loading from cache: /assets/properties/languages/english.properties
09:29:24.625 [ForkJoinPool.commonPool-worker-9] DEBUG AssetLoader          - Loading from cache: /assets/ui/fonts/VarelaRound-Regular.ttf
09:29:24.625 [ForkJoinPool.commonPool-worker-9] DEBUG AssetLoader          - Loading from cache: /assets/properties/languages/english.properties
09:29:24.626 [ForkJoinPool.commonPool-worker-9] DEBUG AssetLoader          - Loading from cache: /assets/ui/fonts/VarelaRound-Regular.ttf
09:29:24.626 [ForkJoinPool.commonPool-worker-9] DEBUG AssetLoader          - Loading from cache: /assets/properties/languages/english.properties
09:29:24.627 [ForkJoinPool.commonPool-worker-9] DEBUG AssetLoader          - Loading from cache: /assets/ui/fonts/VarelaRound-Regular.ttf
09:29:24.627 [ForkJoinPool.commonPool-worker-9] DEBUG AssetLoader          - Loading from cache: /assets/properties/languages/english.properties
09:29:24.628 [ForkJoinPool.commonPool-worker-9] DEBUG AssetLoader          - Loading from cache: /assets/ui/fonts/VarelaRound-Regular.ttf
09:29:24.628 [ForkJoinPool.commonPool-worker-9] DEBUG AssetLoader          - Loading from cache: /assets/properties/languages/english.properties
09:29:24.629 [ForkJoinPool.commonPool-worker-9] DEBUG AssetLoader          - Loading from cache: /assets/ui/fonts/VarelaRound-Regular.ttf
09:29:24.629 [ForkJoinPool.commonPool-worker-9] DEBUG AssetLoader          - Loading from cache: /assets/properties/languages/english.properties
09:29:24.630 [ForkJoinPool.commonPool-worker-9] DEBUG AssetLoader          - Loading from cache: /assets/textures/particles/smoke.png@128.0x128.0
09:29:24.691 [JavaFX Application Thread] DEBUG FXGL                 - Running preInit()
09:29:24.716 [JavaFX Application Thread] DEBUG Input                - Registered new binding: Screenshot - P
09:29:24.717 [JavaFX Application Thread] DEBUG Input                - Registered new binding: Dev Options - CTRL+0
09:29:24.717 [JavaFX Application Thread] DEBUG Input                - Registered new binding: System info dump - CTRL+9
09:29:24.718 [JavaFX Application Thread] DEBUG Input                - Registered new binding: Restart - CTRL+R
09:29:24.718 [JavaFX Application Thread] DEBUG Input                - Registered new binding: Move Right - D
09:29:24.718 [JavaFX Application Thread] DEBUG Input                - Registered new binding: Move Left - A
09:29:24.718 [JavaFX Application Thread] DEBUG Input                - Registered new binding: Move Up - W
09:29:24.719 [JavaFX Application Thread] DEBUG Input                - Registered new binding: Move Down - S
09:29:24.719 [JavaFX Application Thread] DEBUG Input                - Registered new binding: Siiiiiii - F
09:29:24.719 [JavaFX Application Thread] DEBUG Input                - Registered new binding: Move Right (Player2) - Right
09:29:24.719 [JavaFX Application Thread] DEBUG Input                - Registered new binding: Move Left (Player2) - Left
09:29:24.719 [JavaFX Application Thread] DEBUG Input                - Registered new binding: Move Up (Player 2) - Up
09:29:24.719 [JavaFX Application Thread] DEBUG Input                - Registered new binding: Move Down(Player 2) - Down
09:29:24.720 [JavaFX Application Thread] DEBUG MenuEventHandler     - generateDefaultProfile()
09:29:24.720 [JavaFX Application Thread] DEBUG MenuEventHandler     - Creating default profile
09:29:24.721 [JavaFX Application Thread] DEBUG EventBus             - Firing event: SaveEvent
09:29:24.723 [JavaFX Application Thread] DEBUG AudioPlayer          - Saving data to profile
09:29:24.723 [JavaFX Application Thread] DEBUG Bundle               - Logging bundle: audio
09:29:24.723 [JavaFX Application Thread] DEBUG Bundle               - audio.musicVolume=0.5
09:29:24.723 [JavaFX Application Thread] DEBUG Bundle               - audio.soundVolume=0.5
09:29:24.724 [JavaFX Application Thread] DEBUG Input                - Saving data to profile
09:29:24.724 [JavaFX Application Thread] DEBUG Bundle               - Logging bundle: input
09:29:24.724 [JavaFX Application Thread] DEBUG Bundle               - input.Move Right=D
09:29:24.724 [JavaFX Application Thread] DEBUG Bundle               - input.Move Down(Player 2)=Down
09:29:24.724 [JavaFX Application Thread] DEBUG Bundle               - input.Restart=CTRL+R
09:29:24.724 [JavaFX Application Thread] DEBUG Bundle               - input.Move Up=W
09:29:24.724 [JavaFX Application Thread] DEBUG Bundle               - input.Dev Options=CTRL+0
09:29:24.724 [JavaFX Application Thread] DEBUG Bundle               - input.Move Left=A
09:29:24.724 [JavaFX Application Thread] DEBUG Bundle               - input.Move Up (Player 2)=Up
09:29:24.724 [JavaFX Application Thread] DEBUG Bundle               - input.Move Right (Player2)=Right
09:29:24.725 [JavaFX Application Thread] DEBUG Bundle               - input.Siiiiiii=F
09:29:24.725 [JavaFX Application Thread] DEBUG Bundle               - input.Move Left (Player2)=Left
09:29:24.725 [JavaFX Application Thread] DEBUG Bundle               - input.Screenshot=P
09:29:24.725 [JavaFX Application Thread] DEBUG Bundle               - input.System info dump=CTRL+9
09:29:24.725 [JavaFX Application Thread] DEBUG Bundle               - input.Move Down=S
09:29:24.731 [JavaFX Application Thread] DEBUG Bundle               - Logging bundle: gameplayStats
09:29:24.731 [JavaFX Application Thread] DEBUG Bundle               - gameplayStats.playtime=0
09:29:24.733 [JavaFX Application Thread] DEBUG AchievementManager   - Saving data to profile
09:29:24.733 [JavaFX Application Thread] DEBUG Bundle               - Logging bundle: achievement
09:29:24.736 [JavaFX Application Thread] INFO  FXGL                 - FXGL initialization took: 1,343 sec
09:29:24.736 [JavaFX Application Thread] DEBUG LoopRunner           - Starting loop
09:29:24.738 [JavaFX Application Thread] DEBUG StartupState         - STARTUP
09:29:24.738 [JavaFX Application Thread] DEBUG Input                - Clearing active input actions
09:29:24.739 [JavaFX Application Thread] DEBUG AssetLoader          - Loading from disk: /assets/ui/css/fxgl_dark.css
09:29:24.758 [JavaFX Application Thread] DEBUG AppStateMachine      - StartupState -> MainMenuState
09:29:24.765 [JavaFX Application Thread] DEBUG AssetLoader          - Loading from cache: /assets/properties/languages/english.properties
09:29:24.765 [JavaFX Application Thread] DEBUG AssetLoader          - Loading from cache: /assets/ui/fonts/VarelaRound-Regular.ttf
09:29:24.765 [JavaFX Application Thread] DEBUG AssetLoader          - Loading from cache: /assets/properties/languages/english.properties
09:29:24.765 [JavaFX Application Thread] DEBUG AssetLoader          - Loading from cache: /assets/ui/fonts/VarelaRound-Regular.ttf
09:29:24.766 [JavaFX Application Thread] DEBUG AssetLoader          - Loading from cache: /assets/properties/languages/english.properties
09:29:24.766 [JavaFX Application Thread] DEBUG AssetLoader          - Loading from cache: /assets/ui/fonts/VarelaRound-Regular.ttf
09:29:24.769 [JavaFX Application Thread] DEBUG SaveLoadManager      - Checking profiles dir: profiles/
09:29:24.770 [JavaFX Application Thread] DEBUG SaveLoadManager      - Loading profile names
09:29:24.772 [JavaFX Application Thread] DEBUG AssetLoader          - Loading from cache: /assets/properties/languages/english.properties
09:29:24.773 [JavaFX Application Thread] DEBUG AssetLoader          - Loading from cache: /assets/ui/fonts/VarelaRound-Regular.ttf
09:29:24.775 [JavaFX Application Thread] DEBUG AssetLoader          - Loading from cache: /assets/ui/fonts/VarelaRound-Regular.ttf
09:29:24.775 [JavaFX Application Thread] DEBUG AppStateMachine      - Push state: DialogSubState
09:29:24.775 [JavaFX Application Thread] DEBUG Input                - Clearing active input actions
09:29:24.776 [JavaFX Application Thread] DEBUG AppStateMachine      - MainMenuState -> DialogSubState
09:29:24.892 [JavaFX Application Thread] DEBUG AppStateMachine      - Pop state: DialogSubState
09:29:24.893 [JavaFX Application Thread] DEBUG Input                - Clearing active input actions
09:29:24.893 [JavaFX Application Thread] DEBUG AppStateMachine      - MainMenuState <- DialogSubState
09:29:24.894 [JavaFX Application Thread] DEBUG AssetLoader          - Loading from cache: /assets/properties/languages/english.properties
09:29:24.895 [JavaFX Application Thread] DEBUG AssetLoader          - Loading from cache: /assets/ui/fonts/VarelaRound-Regular.ttf
09:29:24.896 [JavaFX Application Thread] DEBUG AssetLoader          - Loading from cache: /assets/ui/fonts/VarelaRound-Regular.ttf
09:29:24.896 [JavaFX Application Thread] DEBUG AppStateMachine      - Push state: DialogSubState
09:29:24.896 [JavaFX Application Thread] DEBUG Input                - Clearing active input actions
09:29:24.896 [JavaFX Application Thread] DEBUG AppStateMachine      - MainMenuState -> DialogSubState
09:29:25.839 [JavaFX Application Thread] DEBUG AppStateMachine      - Pop state: DialogSubState
09:29:25.839 [JavaFX Application Thread] DEBUG Input                - Clearing active input actions
09:29:25.840 [JavaFX Application Thread] DEBUG AppStateMachine      - MainMenuState <- DialogSubState
09:29:25.840 [JavaFX Application Thread] DEBUG SaveLoadManager      - Loading profile: Mads
09:29:25.846 [JavaFX Application Thread] DEBUG AssetLoader          - Loading from cache: /assets/properties/languages/english.properties
09:29:25.846 [JavaFX Application Thread] DEBUG AssetLoader          - Loading from cache: /assets/ui/fonts/VarelaRound-Regular.ttf
09:29:25.847 [JavaFX Application Thread] DEBUG AssetLoader          - Loading from cache: /assets/ui/fonts/VarelaRound-Regular.ttf
09:29:25.848 [JavaFX Application Thread] DEBUG AppStateMachine      - Push state: DialogSubState
09:29:25.848 [JavaFX Application Thread] DEBUG Input                - Clearing active input actions
09:29:25.848 [JavaFX Application Thread] DEBUG AppStateMachine      - MainMenuState -> DialogSubState
09:29:25.850 [FXGL Background Thread 1 ] DEBUG DesktopFSService     - Reading from: .\profiles\Mads\user.profile
09:29:25.863 [JavaFX Application Thread] DEBUG AppStateMachine      - Pop state: DialogSubState
09:29:25.863 [JavaFX Application Thread] DEBUG Input                - Clearing active input actions
09:29:25.864 [JavaFX Application Thread] DEBUG AppStateMachine      - MainMenuState <- DialogSubState
09:29:25.864 [JavaFX Application Thread] DEBUG EventBus             - Firing event: LoadEvent[type=LOAD_PROFILE]
09:29:25.864 [JavaFX Application Thread] DEBUG AudioPlayer          - Loading data from profile
09:29:25.864 [JavaFX Application Thread] DEBUG Bundle               - Logging bundle: audio
09:29:25.864 [JavaFX Application Thread] DEBUG Bundle               - audio.musicVolume=0.5
09:29:25.864 [JavaFX Application Thread] DEBUG Bundle               - audio.soundVolume=0.5
09:29:25.865 [JavaFX Application Thread] DEBUG Input                - Loading data from profile
09:29:25.865 [JavaFX Application Thread] DEBUG Bundle               - Logging bundle: input
09:29:25.865 [JavaFX Application Thread] DEBUG Bundle               - input.Move Right=D
09:29:25.865 [JavaFX Application Thread] DEBUG Bundle               - input.Move Down(Player 2)=Down
09:29:25.865 [JavaFX Application Thread] DEBUG Bundle               - input.Restart=CTRL+R
09:29:25.865 [JavaFX Application Thread] DEBUG Bundle               - input.Move Up=W
09:29:25.865 [JavaFX Application Thread] DEBUG Bundle               - input.Dev Options=CTRL+0
09:29:25.865 [JavaFX Application Thread] DEBUG Bundle               - input.Move Left=A
09:29:25.865 [JavaFX Application Thread] DEBUG Bundle               - input.Move Up (Player 2)=Up
09:29:25.865 [JavaFX Application Thread] DEBUG Bundle               - input.Move Right (Player2)=Right
09:29:25.865 [JavaFX Application Thread] DEBUG Bundle               - input.Siiiiiii=F
09:29:25.865 [JavaFX Application Thread] DEBUG Bundle               - input.Move Left (Player2)=Left
09:29:25.865 [JavaFX Application Thread] DEBUG Bundle               - input.Screenshot=P
09:29:25.865 [JavaFX Application Thread] DEBUG Bundle               - input.System info dump=CTRL+9
09:29:25.865 [JavaFX Application Thread] DEBUG Bundle               - input.Move Down=S
09:29:25.866 [JavaFX Application Thread] DEBUG Bundle               - Logging bundle: gameplayStats
09:29:25.866 [JavaFX Application Thread] DEBUG Bundle               - gameplayStats.playtime=1039810750443
09:29:25.866 [JavaFX Application Thread] DEBUG AchievementManager   - Loading data from profile
09:29:25.866 [JavaFX Application Thread] DEBUG Bundle               - Logging bundle: achievement
09:29:25.866 [JavaFX Application Thread] DEBUG AssetLoader          - Loading from cache: /assets/properties/languages/english.properties
09:29:25.866 [JavaFX Application Thread] DEBUG AssetLoader          - Loading from cache: /assets/ui/fonts/VarelaRound-Regular.ttf
09:29:25.867 [JavaFX Application Thread] DEBUG AssetLoader          - Loading from cache: /assets/properties/languages/english.properties
09:29:25.867 [JavaFX Application Thread] DEBUG AssetLoader          - Loading from cache: /assets/ui/fonts/VarelaRound-Regular.ttf
09:29:25.867 [JavaFX Application Thread] DEBUG SaveLoadManager      - Loading last modified save file
09:29:25.867 [JavaFX Application Thread] DEBUG SaveLoadManager      - Loading save files
09:29:25.870 [JavaFX Application Thread] DEBUG AssetLoader          - Loading from cache: /assets/properties/languages/english.properties
09:29:25.871 [JavaFX Application Thread] DEBUG AssetLoader          - Loading from cache: /assets/ui/fonts/VarelaRound-Regular.ttf
09:29:25.872 [JavaFX Application Thread] DEBUG AssetLoader          - Loading from cache: /assets/ui/fonts/VarelaRound-Regular.ttf
09:29:25.872 [JavaFX Application Thread] DEBUG AppStateMachine      - Push state: DialogSubState
09:29:25.872 [JavaFX Application Thread] DEBUG Input                - Clearing active input actions
09:29:25.872 [JavaFX Application Thread] DEBUG AppStateMachine      - MainMenuState -> DialogSubState
09:29:25.887 [JavaFX Application Thread] DEBUG AppStateMachine      - Pop state: DialogSubState
09:29:25.888 [JavaFX Application Thread] DEBUG Input                - Clearing active input actions
09:29:25.889 [JavaFX Application Thread] DEBUG AppStateMachine      - MainMenuState <- DialogSubState
09:29:26.014 [JavaFX Application Thread] DEBUG AssetLoader          - Loading from cache: /assets/sounds/menu/select.wav
09:29:26.049 [JavaFX Application Thread] DEBUG AssetLoader          - Loading from cache: /assets/sounds/menu/select.wav
09:29:26.252 [JavaFX Application Thread] DEBUG FXGL.Menu            - fireNewGame()
09:29:26.252 [JavaFX Application Thread] DEBUG GameApplication      - Starting new game
09:29:26.252 [JavaFX Application Thread] DEBUG Input                - Clearing active input actions
09:29:26.253 [JavaFX Application Thread] DEBUG AssetLoader          - Loading from disk: /assets/ui/css/fxgl_dark.css
09:29:26.266 [JavaFX Application Thread] DEBUG AppStateMachine      - MainMenuState -> LoadingState
09:29:26.270 [FXGL Background Thread 1 ] DEBUG InitAppTask          - Clearing previous game
09:29:26.270 [FXGL Background Thread 1 ] DEBUG GameWorld            - Clearing game world
09:29:26.270 [FXGL Background Thread 1 ] DEBUG PhysicsWorld         - Clearing physics world
09:29:26.270 [FXGL Background Thread 1 ] DEBUG GameScene            - Clearing game scene
09:29:26.272 [FXGL Background Thread 1 ] DEBUG InitAppTask          - Initializing Game
09:29:26.308 [FXGL Background Thread 1 ] DEBUG AssetLoader          - Loading from disk: /assets/textures/background1.png
09:29:26.342 [FXGL Background Thread 1 ] DEBUG GameScene            - Creating render group for layer: DEFAULT(100000)
09:29:26.344 [FXGL Background Thread 1 ] DEBUG AssetLoader          - Loading from disk: /assets/textures/slime1.png
09:29:26.351 [FXGL Background Thread 1 ] DEBUG AssetLoader          - Loading from disk: /assets/textures/slime2.png
09:29:26.355 [FXGL Background Thread 1 ] DEBUG AssetLoader          - Loading from disk: /assets/textures/ball.png
09:29:26.358 [FXGL Background Thread 1 ] DEBUG AssetLoader          - Loading from disk: /assets/textures/bottomline.png
09:29:26.361 [FXGL Background Thread 1 ] DEBUG InitAppTask          - Initializing Physics
09:29:26.362 [FXGL Background Thread 1 ] DEBUG InitAppTask          - Initializing UI
09:29:26.364 [FXGL Background Thread 1 ] DEBUG InitAppTask          - Initialization Complete
09:29:26.365 [FXGL Background Thread 1 ] INFO  InitAppTask          - Game initialization took: 0,094 sec
09:29:26.372 [JavaFX Application Thread] DEBUG Input                - Clearing active input actions
09:29:26.372 [JavaFX Application Thread] DEBUG AssetLoader          - Loading from disk: /assets/ui/css/fxgl_dark.css
09:29:26.382 [JavaFX Application Thread] DEBUG AppStateMachine      - LoadingState -> PlayState
09:29:28.725 [JavaFX Application Thread] DEBUG FXGL                 - Exiting FXGL
09:29:28.725 [JavaFX Application Thread] DEBUG MenuEventHandler     - Creating default profile
09:29:28.725 [JavaFX Application Thread] DEBUG EventBus             - Firing event: SaveEvent
09:29:28.725 [JavaFX Application Thread] DEBUG AudioPlayer          - Saving data to profile
09:29:28.726 [JavaFX Application Thread] DEBUG Bundle               - Logging bundle: audio
09:29:28.726 [JavaFX Application Thread] DEBUG Bundle               - audio.musicVolume=0.5
09:29:28.726 [JavaFX Application Thread] DEBUG Bundle               - audio.soundVolume=0.5
09:29:28.726 [JavaFX Application Thread] DEBUG Input                - Saving data to profile
09:29:28.726 [JavaFX Application Thread] DEBUG Bundle               - Logging bundle: input
09:29:28.726 [JavaFX Application Thread] DEBUG Bundle               - input.Move Right=D
09:29:28.726 [JavaFX Application Thread] DEBUG Bundle               - input.Move Down(Player 2)=Down
09:29:28.726 [JavaFX Application Thread] DEBUG Bundle               - input.Restart=CTRL+R
09:29:28.726 [JavaFX Application Thread] DEBUG Bundle               - input.Move Up=W
09:29:28.727 [JavaFX Application Thread] DEBUG Bundle               - input.Dev Options=CTRL+0
09:29:28.727 [JavaFX Application Thread] DEBUG Bundle               - input.Move Left=A
09:29:28.727 [JavaFX Application Thread] DEBUG Bundle               - input.Move Up (Player 2)=Up
09:29:28.727 [JavaFX Application Thread] DEBUG Bundle               - input.Move Right (Player2)=Right
09:29:28.727 [JavaFX Application Thread] DEBUG Bundle               - input.Siiiiiii=F
09:29:28.727 [JavaFX Application Thread] DEBUG Bundle               - input.Move Left (Player2)=Left
09:29:28.727 [JavaFX Application Thread] DEBUG Bundle               - input.Screenshot=P
09:29:28.727 [JavaFX Application Thread] DEBUG Bundle               - input.System info dump=CTRL+9
09:29:28.727 [JavaFX Application Thread] DEBUG Bundle               - input.Move Down=S
09:29:28.727 [JavaFX Application Thread] DEBUG Bundle               - Logging bundle: gameplayStats
09:29:28.727 [JavaFX Application Thread] DEBUG Bundle               - gameplayStats.playtime=1042232602199
09:29:28.728 [JavaFX Application Thread] DEBUG AchievementManager   - Saving data to profile
09:29:28.728 [JavaFX Application Thread] DEBUG Bundle               - Logging bundle: achievement
09:29:28.728 [JavaFX Application Thread] DEBUG SaveLoadManager      - Saving profile: Mads
09:29:28.732 [JavaFX Application Thread] DEBUG DesktopFSService     - Writing to: .\profiles\Mads\user.profile
09:29:28.739 [JavaFX Application Thread] DEBUG FXGL                 - Shutting down background threads
09:29:28.740 [JavaFX Application Thread] DEBUG FXGL                 - Saving FXGL system data
09:29:28.742 [JavaFX Application Thread] DEBUG DesktopFSService     - Writing to: system\fxgl.bundle
09:29:28.745 [JavaFX Application Thread] DEBUG FXGL                 - Closing logger and exiting JavaFX
