12:38:14.683 [JavaFX Application Thread] DEBUG GameApplication      - Logger initialized
12:38:14.702 [JavaFX Application Thread] DEBUG GameApplication      - Logging settings
Title: Simple Game
Version: 0.1
Width: 600
Height: 600
Fullscreen: false
Intro: false
Menus: false
Profiling: false
Single step:false
App Mode: DEVELOPER
Menu Key: ESCAPE
Stage Style: DECORATED
Scene Factory: class com.almasb.fxgl.scene.SceneFactory
Dialog Factory: class com.almasb.fxgl.ui.FXGLDialogFactory
UI Factory: class com.almasb.fxgl.ui.FXGLUIFactory
Notification Service: class com.almasb.fxgl.gameplay.notification.XboxNotificationView
Exception Handler: class com.almasb.fxgl.app.FXGLExceptionHandler
12:38:14.703 [JavaFX Application Thread] DEBUG GameApplication      - Starting FXGL
12:38:14.719 [JavaFX Application Thread] INFO  FXGL                 - FXGL-0.5.4 on DESKTOP
12:38:14.719 [JavaFX Application Thread] INFO  FXGL                 - Source code and latest versions at: https://github.com/AlmasB/FXGL
12:38:14.719 [JavaFX Application Thread] INFO  FXGL                 -              Join the FXGL chat at: https://gitter.im/AlmasB/FXGL
12:38:14.720 [JavaFX Application Thread] DEBUG FXGL                 - FXGL started
12:38:14.720 [JavaFX Application Thread] DEBUG FXGL                 - Initializing FXGL
12:38:14.780 [JavaFX Application Thread] DEBUG AssetLoader          - Loading from disk: /assets/ui/cursors/fxgl_default.png
12:38:14.912 [JavaFX Application Thread] DEBUG AssetLoader          - Loading from disk: /assets/ui/fonts/VarelaRound-Regular.ttf
12:38:15.182 [JavaFX Application Thread] DEBUG MainWindow           - Creating a JavaFX scene
12:38:15.219 [JavaFX Application Thread] DEBUG MainWindow           - Target settings size: 600.0 x 600.0
12:38:15.220 [JavaFX Application Thread] DEBUG MainWindow           - Scaled scene size:    600.0 x 600.0
12:38:15.220 [JavaFX Application Thread] DEBUG MainWindow           - Scaled ratio: (1.0, 1.0)
12:38:15.223 [JavaFX Application Thread] DEBUG AssetLoader          - Loading from disk: /assets/ui/css/fxgl_dark.css
12:38:15.228 [JavaFX Application Thread] DEBUG AssetLoader          - Loading from disk: /assets/textures/fxgl_icon.png
12:38:15.258 [JavaFX Application Thread] DEBUG MainWindow           - Opening main window
12:38:15.428 [JavaFX Application Thread] DEBUG MainWindow           - Window border size: (14.4000244140625, 37.5999755859375)
12:38:15.428 [JavaFX Application Thread] DEBUG MainWindow           - Scaled size: 600.0 x 600.0
12:38:15.428 [JavaFX Application Thread] DEBUG MainWindow           - Scaled ratio: (1.0, 1.0)
12:38:15.428 [JavaFX Application Thread] DEBUG MainWindow           - Scene size: 600.0 x 600.0
12:38:15.429 [JavaFX Application Thread] DEBUG MainWindow           - Stage size: 614.4000244140625 x 637.5999755859375
12:38:15.509 [ForkJoinPool.commonPool-worker-9] DEBUG FS                   - Loaded DesktopFSService
12:38:15.509 [ForkJoinPool.commonPool-worker-9] DEBUG FXGL                 - Loading FXGL system data
12:38:15.518 [ForkJoinPool.commonPool-worker-9] DEBUG DesktopFSService     - Reading from: system\fxgl.bundle
12:38:15.531 [ForkJoinPool.commonPool-worker-9] DEBUG Bundle               - Logging bundle: FXGL
12:38:15.532 [ForkJoinPool.commonPool-worker-9] DEBUG Bundle               - FXGL.offline.timer.version.check=2019-01-07T14:44:13.971316
12:38:15.533 [ForkJoinPool.commonPool-worker-9] DEBUG FXGL                 - Initializing state machine and application states
12:38:15.536 [ForkJoinPool.commonPool-worker-9] DEBUG AssetLoader          - Loading from disk: /assets/ui/cursors/fxgl_default.png
12:38:15.546 [ForkJoinPool.commonPool-worker-9] DEBUG AssetLoader          - Loading from disk: /assets/ui/cursors/fxgl_default.png
12:38:15.555 [ForkJoinPool.commonPool-worker-9] DEBUG AssetLoader          - Loading from cache: /assets/ui/fonts/VarelaRound-Regular.ttf
12:38:15.560 [ForkJoinPool.commonPool-worker-9] DEBUG AssetLoader          - Loading from disk: /assets/ui/cursors/fxgl_default.png
12:38:15.564 [ForkJoinPool.commonPool-worker-9] DEBUG GameScene            - Game scene initialized: 600x600
12:38:15.572 [ForkJoinPool.commonPool-worker-9] DEBUG GameWorld            - Game world initialized
12:38:15.662 [ForkJoinPool.commonPool-worker-9] DEBUG PhysicsWorld         - Physics world initialized: appHeight=600, physics.ppm=50,0
12:38:15.686 [ForkJoinPool.commonPool-worker-9] DEBUG Input                - Registered new binding: Pause - Esc
12:38:15.759 [JavaFX Application Thread] DEBUG FXGL                 - Running preInit()
12:38:15.762 [JavaFX Application Thread] DEBUG Input                - Registered new binding: Screenshot - P
12:38:15.763 [JavaFX Application Thread] DEBUG Input                - Registered new binding: Dev Options - CTRL+0
12:38:15.763 [JavaFX Application Thread] DEBUG Input                - Registered new binding: System info dump - CTRL+9
12:38:15.764 [JavaFX Application Thread] DEBUG Input                - Registered new binding: Restart - CTRL+R
12:38:15.764 [JavaFX Application Thread] DEBUG Input                - Registered new binding: Move Right - D
12:38:15.765 [JavaFX Application Thread] DEBUG Input                - Registered new binding: Move Left - A
12:38:15.765 [JavaFX Application Thread] DEBUG Input                - Registered new binding: Move Up - W
12:38:15.765 [JavaFX Application Thread] DEBUG Input                - Registered new binding: Move Down - S
12:38:15.766 [JavaFX Application Thread] INFO  FXGL                 - FXGL initialization took: 1,046 sec
12:38:15.766 [JavaFX Application Thread] DEBUG LoopRunner           - Starting loop
12:38:15.768 [JavaFX Application Thread] DEBUG StartupState         - STARTUP
12:38:15.768 [JavaFX Application Thread] DEBUG GameApplication      - Starting new game
12:38:15.769 [JavaFX Application Thread] DEBUG Input                - Clearing active input actions
12:38:15.771 [JavaFX Application Thread] DEBUG AssetLoader          - Loading from disk: /assets/ui/css/fxgl_dark.css
12:38:15.781 [JavaFX Application Thread] DEBUG AppStateMachine      - StartupState -> LoadingState
12:38:15.788 [FXGL Background Thread 1 ] DEBUG InitAppTask          - Clearing previous game
12:38:15.788 [FXGL Background Thread 1 ] DEBUG GameWorld            - Clearing game world
12:38:15.788 [FXGL Background Thread 1 ] DEBUG PhysicsWorld         - Clearing physics world
12:38:15.789 [FXGL Background Thread 1 ] DEBUG GameScene            - Clearing game scene
12:38:15.790 [FXGL Background Thread 1 ] DEBUG InitAppTask          - Initializing Game
12:38:15.838 [FXGL Background Thread 1 ] DEBUG GameScene            - Creating render group for layer: DEFAULT(100000)
12:38:15.841 [FXGL Background Thread 1 ] DEBUG InitAppTask          - Initializing Physics
12:38:15.841 [FXGL Background Thread 1 ] DEBUG InitAppTask          - Initializing UI
12:38:15.847 [FXGL Background Thread 1 ] DEBUG InitAppTask          - Initialization Complete
12:38:15.847 [FXGL Background Thread 1 ] INFO  InitAppTask          - Game initialization took: 0,059 sec
12:38:15.888 [JavaFX Application Thread] DEBUG Input                - Clearing active input actions
12:38:15.889 [JavaFX Application Thread] DEBUG AssetLoader          - Loading from disk: /assets/ui/css/fxgl_dark.css
12:38:15.897 [JavaFX Application Thread] DEBUG AppStateMachine      - LoadingState -> PlayState
12:39:40.251 [JavaFX Application Thread] DEBUG FXGL                 - Exiting FXGL
12:39:40.252 [JavaFX Application Thread] DEBUG FXGL                 - Shutting down background threads
12:39:40.252 [JavaFX Application Thread] DEBUG FXGL                 - Saving FXGL system data
12:39:40.257 [JavaFX Application Thread] DEBUG DesktopFSService     - Writing to: system\fxgl.bundle
12:39:40.261 [JavaFX Application Thread] DEBUG FXGL                 - Closing logger and exiting JavaFX
