12:57:28.620 [JavaFX Application Thread] DEBUG GameApplication      - Logger initialized
12:57:28.663 [JavaFX Application Thread] DEBUG GameApplication      - Logging settings
Title: SlimeSoccer2000
Version: 0.1
Width: 1200
Height: 600
Fullscreen: false
Intro: false
Menus: true
Profiling: false
Single step:false
App Mode: DEVELOPER
Menu Key: M
Stage Style: DECORATED
Scene Factory: class com.almasb.fxgl.scene.SceneFactory
Dialog Factory: class com.almasb.fxgl.ui.FXGLDialogFactory
UI Factory: class com.almasb.fxgl.ui.FXGLUIFactory
Notification Service: class com.almasb.fxgl.gameplay.notification.XboxNotificationView
Exception Handler: class com.almasb.fxgl.app.FXGLExceptionHandler
12:57:28.664 [JavaFX Application Thread] DEBUG GameApplication      - Starting FXGL
12:57:28.694 [JavaFX Application Thread] INFO  FXGL                 - FXGL-0.5.4 on DESKTOP
12:57:28.695 [JavaFX Application Thread] INFO  FXGL                 - Source code and latest versions at: https://github.com/AlmasB/FXGL
12:57:28.696 [JavaFX Application Thread] INFO  FXGL                 -              Join the FXGL chat at: https://gitter.im/AlmasB/FXGL
12:57:28.696 [JavaFX Application Thread] DEBUG FXGL                 - FXGL started
12:57:28.697 [JavaFX Application Thread] DEBUG FXGL                 - Initializing FXGL
12:57:28.809 [JavaFX Application Thread] DEBUG AssetLoader          - Loading from disk: /assets/ui/cursors/fxgl_default.png
12:57:29.079 [JavaFX Application Thread] DEBUG AssetLoader          - Loading from disk: /assets/ui/fonts/VarelaRound-Regular.ttf
12:57:29.799 [JavaFX Application Thread] DEBUG MainWindow           - Creating a JavaFX scene
12:57:29.887 [JavaFX Application Thread] DEBUG MainWindow           - Target settings size: 1200.0 x 600.0
12:57:29.888 [JavaFX Application Thread] DEBUG MainWindow           - Scaled scene size:    1200.0 x 600.0
12:57:29.890 [JavaFX Application Thread] DEBUG MainWindow           - Scaled ratio: (1.0, 1.0)
12:57:29.899 [JavaFX Application Thread] DEBUG AssetLoader          - Loading from disk: /assets/ui/css/fxgl_dark.css
12:57:29.910 [JavaFX Application Thread] DEBUG AssetLoader          - Loading from disk: /assets/textures/fxgl_icon.png
12:57:29.964 [JavaFX Application Thread] DEBUG MainWindow           - Opening main window
12:57:30.277 [JavaFX Application Thread] DEBUG MainWindow           - Window border size: (14.4000244140625, 37.5999755859375)
12:57:30.278 [JavaFX Application Thread] DEBUG MainWindow           - Scaled size: 1200.0 x 600.0
12:57:30.279 [JavaFX Application Thread] DEBUG MainWindow           - Scaled ratio: (1.0, 1.0)
12:57:30.279 [JavaFX Application Thread] DEBUG MainWindow           - Scene size: 1200.0 x 600.0
12:57:30.280 [JavaFX Application Thread] DEBUG MainWindow           - Stage size: 1214.4000244140625 x 637.5999755859375
12:57:30.416 [ForkJoinPool.commonPool-worker-9] DEBUG FS                   - Loaded DesktopFSService
12:57:30.418 [ForkJoinPool.commonPool-worker-9] DEBUG FXGL                 - Loading FXGL system data
12:57:30.432 [ForkJoinPool.commonPool-worker-9] DEBUG DesktopFSService     - Reading from: system\fxgl.bundle
12:57:30.462 [ForkJoinPool.commonPool-worker-9] DEBUG Bundle               - Logging bundle: FXGL
12:57:30.464 [ForkJoinPool.commonPool-worker-9] DEBUG Bundle               - FXGL.offline.timer.version.check=2019-01-07T14:44:13.971316
12:57:30.466 [ForkJoinPool.commonPool-worker-9] DEBUG FXGL                 - Initializing state machine and application states
12:57:30.470 [ForkJoinPool.commonPool-worker-9] DEBUG AssetLoader          - Loading from disk: /assets/ui/cursors/fxgl_default.png
12:57:30.491 [ForkJoinPool.commonPool-worker-9] DEBUG AssetLoader          - Loading from disk: /assets/ui/cursors/fxgl_default.png
12:57:30.514 [ForkJoinPool.commonPool-worker-9] DEBUG AssetLoader          - Loading from cache: /assets/ui/fonts/VarelaRound-Regular.ttf
12:57:30.521 [ForkJoinPool.commonPool-worker-9] DEBUG AssetLoader          - Loading from disk: /assets/ui/cursors/fxgl_default.png
12:57:30.528 [ForkJoinPool.commonPool-worker-9] DEBUG GameScene            - Game scene initialized: 1200x600
12:57:30.543 [ForkJoinPool.commonPool-worker-9] DEBUG GameWorld            - Game world initialized
12:57:30.681 [ForkJoinPool.commonPool-worker-9] DEBUG PhysicsWorld         - Physics world initialized: appHeight=600, physics.ppm=50,0
12:57:30.771 [ForkJoinPool.commonPool-worker-9] DEBUG AssetLoader          - Loading from disk: /assets/ui/cursors/fxgl_default.png
12:57:30.782 [ForkJoinPool.commonPool-worker-9] DEBUG AssetLoader          - Loading from disk: /assets/properties/languages/english.properties
12:57:30.786 [ForkJoinPool.commonPool-worker-9] DEBUG AssetLoader          - Loading from cache: /assets/ui/fonts/VarelaRound-Regular.ttf
12:57:30.788 [ForkJoinPool.commonPool-worker-9] DEBUG AssetLoader          - Loading from cache: /assets/ui/fonts/VarelaRound-Regular.ttf
12:57:30.788 [ForkJoinPool.commonPool-worker-9] DEBUG AssetLoader          - Loading from cache: /assets/ui/fonts/VarelaRound-Regular.ttf
12:57:30.818 [ForkJoinPool.commonPool-worker-9] DEBUG AssetLoader          - Loading from disk: /assets/textures/particles/trace_horizontal.png
12:57:30.866 [ForkJoinPool.commonPool-worker-9] DEBUG AssetLoader          - Loading from cache: /assets/ui/fonts/VarelaRound-Regular.ttf
12:57:30.868 [ForkJoinPool.commonPool-worker-9] DEBUG FXGL.Menu            - createMenuBodyMainMenu()
12:57:30.883 [ForkJoinPool.commonPool-worker-9] DEBUG AssetLoader          - Loading from cache: /assets/ui/fonts/VarelaRound-Regular.ttf
12:57:30.887 [ForkJoinPool.commonPool-worker-9] DEBUG AssetLoader          - Loading from cache: /assets/properties/languages/english.properties
12:57:30.894 [ForkJoinPool.commonPool-worker-9] DEBUG AssetLoader          - Loading from cache: /assets/ui/fonts/VarelaRound-Regular.ttf
12:57:30.895 [ForkJoinPool.commonPool-worker-9] DEBUG AssetLoader          - Loading from cache: /assets/properties/languages/english.properties
12:57:30.896 [ForkJoinPool.commonPool-worker-9] DEBUG FXGL.Menu            - createOptionsMenu()
12:57:30.897 [ForkJoinPool.commonPool-worker-9] DEBUG AssetLoader          - Loading from cache: /assets/ui/fonts/VarelaRound-Regular.ttf
12:57:30.897 [ForkJoinPool.commonPool-worker-9] DEBUG AssetLoader          - Loading from cache: /assets/properties/languages/english.properties
12:57:30.900 [ForkJoinPool.commonPool-worker-9] DEBUG AssetLoader          - Loading from cache: /assets/ui/fonts/VarelaRound-Regular.ttf
12:57:30.901 [ForkJoinPool.commonPool-worker-9] DEBUG AssetLoader          - Loading from cache: /assets/properties/languages/english.properties
12:57:30.906 [ForkJoinPool.commonPool-worker-9] DEBUG AssetLoader          - Loading from cache: /assets/ui/fonts/VarelaRound-Regular.ttf
12:57:30.908 [ForkJoinPool.commonPool-worker-9] DEBUG AssetLoader          - Loading from cache: /assets/properties/languages/english.properties
12:57:30.916 [ForkJoinPool.commonPool-worker-9] DEBUG AssetLoader          - Loading from cache: /assets/ui/fonts/VarelaRound-Regular.ttf
12:57:30.917 [ForkJoinPool.commonPool-worker-9] DEBUG AssetLoader          - Loading from cache: /assets/properties/languages/english.properties
12:57:30.918 [ForkJoinPool.commonPool-worker-9] DEBUG AssetLoader          - Loading from cache: /assets/ui/fonts/VarelaRound-Regular.ttf
12:57:30.919 [ForkJoinPool.commonPool-worker-9] DEBUG AssetLoader          - Loading from cache: /assets/properties/languages/english.properties
12:57:30.923 [ForkJoinPool.commonPool-worker-9] DEBUG AssetLoader          - Loading from cache: /assets/ui/fonts/VarelaRound-Regular.ttf
12:57:30.923 [ForkJoinPool.commonPool-worker-9] DEBUG AssetLoader          - Loading from cache: /assets/properties/languages/english.properties
12:57:30.927 [ForkJoinPool.commonPool-worker-9] DEBUG AssetLoader          - Loading from cache: /assets/ui/fonts/VarelaRound-Regular.ttf
12:57:30.928 [ForkJoinPool.commonPool-worker-9] DEBUG AssetLoader          - Loading from cache: /assets/properties/languages/english.properties
12:57:30.931 [ForkJoinPool.commonPool-worker-9] DEBUG AssetLoader          - Loading from cache: /assets/ui/fonts/VarelaRound-Regular.ttf
12:57:30.931 [ForkJoinPool.commonPool-worker-9] DEBUG AssetLoader          - Loading from cache: /assets/properties/languages/english.properties
12:57:30.933 [ForkJoinPool.commonPool-worker-9] DEBUG AssetLoader          - Loading from disk: /assets/textures/particles/smoke.png
12:57:31.071 [ForkJoinPool.commonPool-worker-9] DEBUG AssetLoader          - Loading from disk: /assets/ui/cursors/fxgl_default.png
12:57:31.075 [ForkJoinPool.commonPool-worker-9] DEBUG AssetLoader          - Loading from cache: /assets/properties/languages/english.properties
12:57:31.076 [ForkJoinPool.commonPool-worker-9] DEBUG AssetLoader          - Loading from cache: /assets/ui/fonts/VarelaRound-Regular.ttf
12:57:31.078 [ForkJoinPool.commonPool-worker-9] DEBUG AssetLoader          - Loading from cache: /assets/ui/fonts/VarelaRound-Regular.ttf
12:57:31.079 [ForkJoinPool.commonPool-worker-9] DEBUG AssetLoader          - Loading from cache: /assets/ui/fonts/VarelaRound-Regular.ttf
12:57:31.080 [ForkJoinPool.commonPool-worker-9] DEBUG AssetLoader          - Loading from cache: /assets/textures/particles/trace_horizontal.png@64.0x64.0
12:57:31.082 [ForkJoinPool.commonPool-worker-9] DEBUG AssetLoader          - Loading from cache: /assets/ui/fonts/VarelaRound-Regular.ttf
12:57:31.082 [ForkJoinPool.commonPool-worker-9] DEBUG FXGL.Menu            - createMenuBodyGameMenu()
12:57:31.083 [ForkJoinPool.commonPool-worker-9] DEBUG AssetLoader          - Loading from cache: /assets/ui/fonts/VarelaRound-Regular.ttf
12:57:31.083 [ForkJoinPool.commonPool-worker-9] DEBUG AssetLoader          - Loading from cache: /assets/properties/languages/english.properties
12:57:31.085 [ForkJoinPool.commonPool-worker-9] DEBUG AssetLoader          - Loading from cache: /assets/ui/fonts/VarelaRound-Regular.ttf
12:57:31.086 [ForkJoinPool.commonPool-worker-9] DEBUG AssetLoader          - Loading from cache: /assets/properties/languages/english.properties
12:57:31.087 [ForkJoinPool.commonPool-worker-9] DEBUG FXGL.Menu            - createOptionsMenu()
12:57:31.087 [ForkJoinPool.commonPool-worker-9] DEBUG AssetLoader          - Loading from cache: /assets/ui/fonts/VarelaRound-Regular.ttf
12:57:31.088 [ForkJoinPool.commonPool-worker-9] DEBUG AssetLoader          - Loading from cache: /assets/properties/languages/english.properties
12:57:31.089 [ForkJoinPool.commonPool-worker-9] DEBUG AssetLoader          - Loading from cache: /assets/ui/fonts/VarelaRound-Regular.ttf
12:57:31.089 [ForkJoinPool.commonPool-worker-9] DEBUG AssetLoader          - Loading from cache: /assets/properties/languages/english.properties
12:57:31.090 [ForkJoinPool.commonPool-worker-9] DEBUG AssetLoader          - Loading from cache: /assets/ui/fonts/VarelaRound-Regular.ttf
12:57:31.090 [ForkJoinPool.commonPool-worker-9] DEBUG AssetLoader          - Loading from cache: /assets/properties/languages/english.properties
12:57:31.092 [ForkJoinPool.commonPool-worker-9] DEBUG AssetLoader          - Loading from cache: /assets/ui/fonts/VarelaRound-Regular.ttf
12:57:31.092 [ForkJoinPool.commonPool-worker-9] DEBUG AssetLoader          - Loading from cache: /assets/properties/languages/english.properties
12:57:31.095 [ForkJoinPool.commonPool-worker-9] DEBUG AssetLoader          - Loading from cache: /assets/ui/fonts/VarelaRound-Regular.ttf
12:57:31.096 [ForkJoinPool.commonPool-worker-9] DEBUG AssetLoader          - Loading from cache: /assets/properties/languages/english.properties
12:57:31.098 [ForkJoinPool.commonPool-worker-9] DEBUG AssetLoader          - Loading from cache: /assets/ui/fonts/VarelaRound-Regular.ttf
12:57:31.098 [ForkJoinPool.commonPool-worker-9] DEBUG AssetLoader          - Loading from cache: /assets/properties/languages/english.properties
12:57:31.099 [ForkJoinPool.commonPool-worker-9] DEBUG AssetLoader          - Loading from cache: /assets/ui/fonts/VarelaRound-Regular.ttf
12:57:31.100 [ForkJoinPool.commonPool-worker-9] DEBUG AssetLoader          - Loading from cache: /assets/properties/languages/english.properties
12:57:31.101 [ForkJoinPool.commonPool-worker-9] DEBUG AssetLoader          - Loading from cache: /assets/textures/particles/smoke.png@128.0x128.0
12:57:31.223 [JavaFX Application Thread] DEBUG FXGL                 - Running preInit()
12:57:31.278 [JavaFX Application Thread] DEBUG Input                - Registered new binding: Screenshot - P
12:57:31.279 [JavaFX Application Thread] DEBUG Input                - Registered new binding: Dev Options - CTRL+0
12:57:31.281 [JavaFX Application Thread] DEBUG Input                - Registered new binding: System info dump - CTRL+9
12:57:31.282 [JavaFX Application Thread] DEBUG Input                - Registered new binding: Restart - CTRL+R
12:57:31.283 [JavaFX Application Thread] DEBUG Input                - Registered new binding: Move Right - D
12:57:31.283 [JavaFX Application Thread] DEBUG Input                - Registered new binding: Move Left - A
12:57:31.283 [JavaFX Application Thread] DEBUG Input                - Registered new binding: Move Up - W
12:57:31.284 [JavaFX Application Thread] DEBUG Input                - Registered new binding: Move Down - S
12:57:31.284 [JavaFX Application Thread] DEBUG Input                - Registered new binding: Play Sound - F
12:57:31.286 [JavaFX Application Thread] DEBUG MenuEventHandler     - generateDefaultProfile()
12:57:31.286 [JavaFX Application Thread] DEBUG MenuEventHandler     - Creating default profile
12:57:31.288 [JavaFX Application Thread] DEBUG EventBus             - Firing event: SaveEvent
12:57:31.292 [JavaFX Application Thread] DEBUG AudioPlayer          - Saving data to profile
12:57:31.292 [JavaFX Application Thread] DEBUG Bundle               - Logging bundle: audio
12:57:31.293 [JavaFX Application Thread] DEBUG Bundle               - audio.musicVolume=0.5
12:57:31.293 [JavaFX Application Thread] DEBUG Bundle               - audio.soundVolume=0.5
12:57:31.293 [JavaFX Application Thread] DEBUG Input                - Saving data to profile
12:57:31.294 [JavaFX Application Thread] DEBUG Bundle               - Logging bundle: input
12:57:31.294 [JavaFX Application Thread] DEBUG Bundle               - input.Move Right=D
12:57:31.294 [JavaFX Application Thread] DEBUG Bundle               - input.Play Sound=F
12:57:31.294 [JavaFX Application Thread] DEBUG Bundle               - input.Screenshot=P
12:57:31.294 [JavaFX Application Thread] DEBUG Bundle               - input.System info dump=CTRL+9
12:57:31.294 [JavaFX Application Thread] DEBUG Bundle               - input.Restart=CTRL+R
12:57:31.295 [JavaFX Application Thread] DEBUG Bundle               - input.Move Up=W
12:57:31.295 [JavaFX Application Thread] DEBUG Bundle               - input.Dev Options=CTRL+0
12:57:31.295 [JavaFX Application Thread] DEBUG Bundle               - input.Move Left=A
12:57:31.295 [JavaFX Application Thread] DEBUG Bundle               - input.Move Down=S
12:57:31.308 [JavaFX Application Thread] DEBUG Bundle               - Logging bundle: gameplayStats
12:57:31.308 [JavaFX Application Thread] DEBUG Bundle               - gameplayStats.playtime=0
12:57:31.311 [JavaFX Application Thread] DEBUG AchievementManager   - Saving data to profile
12:57:31.311 [JavaFX Application Thread] DEBUG Bundle               - Logging bundle: achievement
12:57:31.314 [JavaFX Application Thread] INFO  FXGL                 - FXGL initialization took: 2,616 sec
12:57:31.315 [JavaFX Application Thread] DEBUG LoopRunner           - Starting loop
12:57:31.321 [JavaFX Application Thread] DEBUG StartupState         - STARTUP
12:57:31.321 [JavaFX Application Thread] DEBUG Input                - Clearing active input actions
12:57:31.324 [JavaFX Application Thread] DEBUG AssetLoader          - Loading from disk: /assets/ui/css/fxgl_dark.css
12:57:31.374 [JavaFX Application Thread] DEBUG AppStateMachine      - StartupState -> MainMenuState
12:57:31.384 [JavaFX Application Thread] DEBUG AssetLoader          - Loading from cache: /assets/properties/languages/english.properties
12:57:31.384 [JavaFX Application Thread] DEBUG AssetLoader          - Loading from cache: /assets/ui/fonts/VarelaRound-Regular.ttf
12:57:31.385 [JavaFX Application Thread] DEBUG AssetLoader          - Loading from cache: /assets/properties/languages/english.properties
12:57:31.385 [JavaFX Application Thread] DEBUG AssetLoader          - Loading from cache: /assets/ui/fonts/VarelaRound-Regular.ttf
12:57:31.385 [JavaFX Application Thread] DEBUG AssetLoader          - Loading from cache: /assets/properties/languages/english.properties
12:57:31.386 [JavaFX Application Thread] DEBUG AssetLoader          - Loading from cache: /assets/ui/fonts/VarelaRound-Regular.ttf
12:57:31.391 [JavaFX Application Thread] DEBUG SaveLoadManager      - Checking profiles dir: profiles/
12:57:31.391 [JavaFX Application Thread] DEBUG SaveLoadManager      - Loading profile names
12:57:31.394 [JavaFX Application Thread] DEBUG AssetLoader          - Loading from cache: /assets/properties/languages/english.properties
12:57:31.396 [JavaFX Application Thread] DEBUG AssetLoader          - Loading from cache: /assets/ui/fonts/VarelaRound-Regular.ttf
12:57:31.398 [JavaFX Application Thread] DEBUG AssetLoader          - Loading from cache: /assets/ui/fonts/VarelaRound-Regular.ttf
12:57:31.399 [JavaFX Application Thread] DEBUG AppStateMachine      - Push state: DialogSubState
12:57:31.399 [JavaFX Application Thread] DEBUG Input                - Clearing active input actions
12:57:31.399 [JavaFX Application Thread] DEBUG AppStateMachine      - MainMenuState -> DialogSubState
12:57:31.618 [JavaFX Application Thread] DEBUG AppStateMachine      - Pop state: DialogSubState
12:57:31.619 [JavaFX Application Thread] DEBUG Input                - Clearing active input actions
12:57:31.621 [JavaFX Application Thread] DEBUG AppStateMachine      - MainMenuState <- DialogSubState
12:57:31.623 [JavaFX Application Thread] DEBUG AssetLoader          - Loading from cache: /assets/properties/languages/english.properties
12:57:31.624 [JavaFX Application Thread] DEBUG AssetLoader          - Loading from cache: /assets/ui/fonts/VarelaRound-Regular.ttf
12:57:31.626 [JavaFX Application Thread] DEBUG AssetLoader          - Loading from cache: /assets/ui/fonts/VarelaRound-Regular.ttf
12:57:31.626 [JavaFX Application Thread] DEBUG AppStateMachine      - Push state: DialogSubState
12:57:31.627 [JavaFX Application Thread] DEBUG Input                - Clearing active input actions
12:57:31.627 [JavaFX Application Thread] DEBUG AppStateMachine      - MainMenuState -> DialogSubState
12:57:32.569 [JavaFX Application Thread] DEBUG AppStateMachine      - Pop state: DialogSubState
12:57:32.570 [JavaFX Application Thread] DEBUG Input                - Clearing active input actions
12:57:32.572 [JavaFX Application Thread] DEBUG AppStateMachine      - MainMenuState <- DialogSubState
12:57:32.572 [JavaFX Application Thread] DEBUG SaveLoadManager      - Loading profile: Mads
12:57:32.585 [JavaFX Application Thread] DEBUG AssetLoader          - Loading from cache: /assets/properties/languages/english.properties
12:57:32.585 [JavaFX Application Thread] DEBUG AssetLoader          - Loading from cache: /assets/ui/fonts/VarelaRound-Regular.ttf
12:57:32.586 [JavaFX Application Thread] DEBUG AssetLoader          - Loading from cache: /assets/ui/fonts/VarelaRound-Regular.ttf
12:57:32.587 [JavaFX Application Thread] DEBUG AppStateMachine      - Push state: DialogSubState
12:57:32.587 [JavaFX Application Thread] DEBUG Input                - Clearing active input actions
12:57:32.587 [JavaFX Application Thread] DEBUG AppStateMachine      - MainMenuState -> DialogSubState
12:57:32.593 [FXGL Background Thread 1 ] DEBUG DesktopFSService     - Reading from: .\profiles\Mads\user.profile
12:57:32.620 [JavaFX Application Thread] DEBUG AppStateMachine      - Pop state: DialogSubState
12:57:32.620 [JavaFX Application Thread] DEBUG Input                - Clearing active input actions
12:57:32.621 [JavaFX Application Thread] DEBUG AppStateMachine      - MainMenuState <- DialogSubState
12:57:32.622 [JavaFX Application Thread] DEBUG EventBus             - Firing event: LoadEvent[type=LOAD_PROFILE]
12:57:32.622 [JavaFX Application Thread] DEBUG AudioPlayer          - Loading data from profile
12:57:32.622 [JavaFX Application Thread] DEBUG Bundle               - Logging bundle: audio
12:57:32.622 [JavaFX Application Thread] DEBUG Bundle               - audio.musicVolume=0.5
12:57:32.623 [JavaFX Application Thread] DEBUG Bundle               - audio.soundVolume=0.5
12:57:32.623 [JavaFX Application Thread] DEBUG Input                - Loading data from profile
12:57:32.623 [JavaFX Application Thread] DEBUG Bundle               - Logging bundle: input
12:57:32.623 [JavaFX Application Thread] DEBUG Bundle               - input.Move Right=D
12:57:32.623 [JavaFX Application Thread] DEBUG Bundle               - input.Play Sound=F
12:57:32.623 [JavaFX Application Thread] DEBUG Bundle               - input.Screenshot=P
12:57:32.624 [JavaFX Application Thread] DEBUG Bundle               - input.System info dump=CTRL+9
12:57:32.624 [JavaFX Application Thread] DEBUG Bundle               - input.Restart=CTRL+R
12:57:32.624 [JavaFX Application Thread] DEBUG Bundle               - input.Move Up=W
12:57:32.624 [JavaFX Application Thread] DEBUG Bundle               - input.Dev Options=CTRL+0
12:57:32.624 [JavaFX Application Thread] DEBUG Bundle               - input.Move Left=A
12:57:32.624 [JavaFX Application Thread] DEBUG Bundle               - input.Move Down=S
12:57:32.625 [JavaFX Application Thread] DEBUG Bundle               - Logging bundle: gameplayStats
12:57:32.625 [JavaFX Application Thread] DEBUG Bundle               - gameplayStats.playtime=912727884814
12:57:32.625 [JavaFX Application Thread] DEBUG AchievementManager   - Loading data from profile
12:57:32.626 [JavaFX Application Thread] DEBUG Bundle               - Logging bundle: achievement
12:57:32.626 [JavaFX Application Thread] DEBUG AssetLoader          - Loading from cache: /assets/properties/languages/english.properties
12:57:32.626 [JavaFX Application Thread] DEBUG AssetLoader          - Loading from cache: /assets/ui/fonts/VarelaRound-Regular.ttf
12:57:32.627 [JavaFX Application Thread] DEBUG AssetLoader          - Loading from cache: /assets/properties/languages/english.properties
12:57:32.627 [JavaFX Application Thread] DEBUG AssetLoader          - Loading from cache: /assets/ui/fonts/VarelaRound-Regular.ttf
12:57:32.628 [JavaFX Application Thread] DEBUG SaveLoadManager      - Loading last modified save file
12:57:32.628 [JavaFX Application Thread] DEBUG SaveLoadManager      - Loading save files
12:57:32.634 [JavaFX Application Thread] DEBUG AssetLoader          - Loading from cache: /assets/properties/languages/english.properties
12:57:32.635 [JavaFX Application Thread] DEBUG AssetLoader          - Loading from cache: /assets/ui/fonts/VarelaRound-Regular.ttf
12:57:32.636 [JavaFX Application Thread] DEBUG AssetLoader          - Loading from cache: /assets/ui/fonts/VarelaRound-Regular.ttf
12:57:32.636 [JavaFX Application Thread] DEBUG AppStateMachine      - Push state: DialogSubState
12:57:32.637 [JavaFX Application Thread] DEBUG Input                - Clearing active input actions
12:57:32.637 [JavaFX Application Thread] DEBUG AppStateMachine      - MainMenuState -> DialogSubState
12:57:32.671 [JavaFX Application Thread] DEBUG AppStateMachine      - Pop state: DialogSubState
12:57:32.671 [JavaFX Application Thread] DEBUG Input                - Clearing active input actions
12:57:32.673 [JavaFX Application Thread] DEBUG AppStateMachine      - MainMenuState <- DialogSubState
12:57:32.738 [JavaFX Application Thread] DEBUG AssetLoader          - Loading from cache: /assets/sounds/menu/select.wav
12:57:32.760 [JavaFX Application Thread] DEBUG AssetLoader          - Loading from cache: /assets/sounds/menu/select.wav
12:57:33.080 [JavaFX Application Thread] DEBUG FXGL.Menu            - fireNewGame()
12:57:33.080 [JavaFX Application Thread] DEBUG GameApplication      - Starting new game
12:57:33.081 [JavaFX Application Thread] DEBUG Input                - Clearing active input actions
12:57:33.081 [JavaFX Application Thread] DEBUG AssetLoader          - Loading from disk: /assets/ui/css/fxgl_dark.css
12:57:33.110 [JavaFX Application Thread] DEBUG AppStateMachine      - MainMenuState -> LoadingState
12:57:33.114 [FXGL Background Thread 1 ] DEBUG InitAppTask          - Clearing previous game
12:57:33.114 [FXGL Background Thread 1 ] DEBUG GameWorld            - Clearing game world
12:57:33.114 [FXGL Background Thread 1 ] DEBUG PhysicsWorld         - Clearing physics world
12:57:33.115 [FXGL Background Thread 1 ] DEBUG GameScene            - Clearing game scene
12:57:33.117 [FXGL Background Thread 1 ] DEBUG InitAppTask          - Initializing Game
12:57:33.184 [FXGL Background Thread 1 ] DEBUG AssetLoader          - Loading from disk: /assets/textures/background1.png
12:57:33.239 [FXGL Background Thread 1 ] DEBUG GameScene            - Creating render group for layer: DEFAULT(100000)
12:57:33.242 [FXGL Background Thread 1 ] DEBUG AssetLoader          - Loading from disk: /assets/textures/slime1.png
12:57:33.253 [FXGL Background Thread 1 ] DEBUG AssetLoader          - Loading from disk: /assets/textures/slime2.png
12:57:33.261 [FXGL Background Thread 1 ] DEBUG InitAppTask          - Initializing Physics
12:57:33.262 [FXGL Background Thread 1 ] DEBUG InitAppTask          - Initializing UI
12:57:33.265 [FXGL Background Thread 1 ] DEBUG InitAppTask          - Initialization Complete
12:57:33.265 [FXGL Background Thread 1 ] INFO  InitAppTask          - Game initialization took: 0,152 sec
12:57:33.273 [JavaFX Application Thread] DEBUG Input                - Clearing active input actions
12:57:33.273 [JavaFX Application Thread] DEBUG AssetLoader          - Loading from disk: /assets/ui/css/fxgl_dark.css
12:57:33.296 [JavaFX Application Thread] DEBUG AppStateMachine      - LoadingState -> PlayState
12:57:35.523 [JavaFX Application Thread] DEBUG FXGL                 - Exiting FXGL
12:57:35.524 [JavaFX Application Thread] DEBUG MenuEventHandler     - Creating default profile
12:57:35.524 [JavaFX Application Thread] DEBUG EventBus             - Firing event: SaveEvent
12:57:35.524 [JavaFX Application Thread] DEBUG AudioPlayer          - Saving data to profile
12:57:35.524 [JavaFX Application Thread] DEBUG Bundle               - Logging bundle: audio
12:57:35.524 [JavaFX Application Thread] DEBUG Bundle               - audio.musicVolume=0.5
12:57:35.525 [JavaFX Application Thread] DEBUG Bundle               - audio.soundVolume=0.5
12:57:35.525 [JavaFX Application Thread] DEBUG Input                - Saving data to profile
12:57:35.525 [JavaFX Application Thread] DEBUG Bundle               - Logging bundle: input
12:57:35.525 [JavaFX Application Thread] DEBUG Bundle               - input.Move Right=D
12:57:35.525 [JavaFX Application Thread] DEBUG Bundle               - input.Play Sound=F
12:57:35.525 [JavaFX Application Thread] DEBUG Bundle               - input.Screenshot=P
12:57:35.525 [JavaFX Application Thread] DEBUG Bundle               - input.System info dump=CTRL+9
12:57:35.525 [JavaFX Application Thread] DEBUG Bundle               - input.Restart=CTRL+R
12:57:35.525 [JavaFX Application Thread] DEBUG Bundle               - input.Move Up=W
12:57:35.526 [JavaFX Application Thread] DEBUG Bundle               - input.Dev Options=CTRL+0
12:57:35.526 [JavaFX Application Thread] DEBUG Bundle               - input.Move Left=A
12:57:35.526 [JavaFX Application Thread] DEBUG Bundle               - input.Move Down=S
12:57:35.526 [JavaFX Application Thread] DEBUG Bundle               - Logging bundle: gameplayStats
12:57:35.526 [JavaFX Application Thread] DEBUG Bundle               - gameplayStats.playtime=915168893538
12:57:35.526 [JavaFX Application Thread] DEBUG AchievementManager   - Saving data to profile
12:57:35.526 [JavaFX Application Thread] DEBUG Bundle               - Logging bundle: achievement
12:57:35.526 [JavaFX Application Thread] DEBUG SaveLoadManager      - Saving profile: Mads
12:57:35.533 [JavaFX Application Thread] DEBUG DesktopFSService     - Writing to: .\profiles\Mads\user.profile
12:57:35.540 [JavaFX Application Thread] DEBUG FXGL                 - Shutting down background threads
12:57:35.541 [JavaFX Application Thread] DEBUG FXGL                 - Saving FXGL system data
12:57:35.543 [JavaFX Application Thread] DEBUG DesktopFSService     - Writing to: system\fxgl.bundle
12:57:35.548 [JavaFX Application Thread] DEBUG FXGL                 - Closing logger and exiting JavaFX
