10:03:16.785 [JavaFX Application Thread] DEBUG GameApplication      - Logger initialized
10:03:16.807 [JavaFX Application Thread] DEBUG GameApplication      - Logging settings
Title: SlimeSoccer2000
Version: 0.1
Width: 1200
Height: 600
Fullscreen: false
Intro: false
Menus: true
Profiling: false
Single step:false
App Mode: DEVELOPER
Menu Key: M
Stage Style: DECORATED
Scene Factory: class com.almasb.fxgl.scene.SceneFactory
Dialog Factory: class com.almasb.fxgl.ui.FXGLDialogFactory
UI Factory: class com.almasb.fxgl.ui.FXGLUIFactory
Notification Service: class com.almasb.fxgl.gameplay.notification.XboxNotificationView
Exception Handler: class com.almasb.fxgl.app.FXGLExceptionHandler
10:03:16.808 [JavaFX Application Thread] DEBUG GameApplication      - Starting FXGL
10:03:16.827 [JavaFX Application Thread] INFO  FXGL                 - FXGL-0.5.4 on DESKTOP
10:03:16.827 [JavaFX Application Thread] INFO  FXGL                 - Source code and latest versions at: https://github.com/AlmasB/FXGL
10:03:16.828 [JavaFX Application Thread] INFO  FXGL                 -              Join the FXGL chat at: https://gitter.im/AlmasB/FXGL
10:03:16.828 [JavaFX Application Thread] DEBUG FXGL                 - FXGL started
10:03:16.828 [JavaFX Application Thread] DEBUG FXGL                 - Initializing FXGL
10:03:16.891 [JavaFX Application Thread] DEBUG AssetLoader          - Loading from disk: /assets/ui/cursors/fxgl_default.png
10:03:17.025 [JavaFX Application Thread] DEBUG AssetLoader          - Loading from disk: /assets/ui/fonts/VarelaRound-Regular.ttf
10:03:17.383 [JavaFX Application Thread] DEBUG MainWindow           - Creating a JavaFX scene
10:03:17.420 [JavaFX Application Thread] DEBUG MainWindow           - Target settings size: 1200.0 x 600.0
10:03:17.420 [JavaFX Application Thread] DEBUG MainWindow           - Scaled scene size:    1200.0 x 600.0
10:03:17.421 [JavaFX Application Thread] DEBUG MainWindow           - Scaled ratio: (1.0, 1.0)
10:03:17.424 [JavaFX Application Thread] DEBUG AssetLoader          - Loading from disk: /assets/ui/css/fxgl_dark.css
10:03:17.428 [JavaFX Application Thread] DEBUG AssetLoader          - Loading from disk: /assets/textures/fxgl_icon.png
10:03:17.459 [JavaFX Application Thread] DEBUG MainWindow           - Opening main window
10:03:17.614 [JavaFX Application Thread] DEBUG MainWindow           - Window border size: (14.4000244140625, 37.5999755859375)
10:03:17.614 [JavaFX Application Thread] DEBUG MainWindow           - Scaled size: 1200.0 x 600.0
10:03:17.614 [JavaFX Application Thread] DEBUG MainWindow           - Scaled ratio: (1.0, 1.0)
10:03:17.614 [JavaFX Application Thread] DEBUG MainWindow           - Scene size: 1200.0 x 600.0
10:03:17.615 [JavaFX Application Thread] DEBUG MainWindow           - Stage size: 1214.4000244140625 x 637.5999755859375
10:03:17.710 [ForkJoinPool.commonPool-worker-9] DEBUG FS                   - Loaded DesktopFSService
10:03:17.710 [ForkJoinPool.commonPool-worker-9] DEBUG FXGL                 - Loading FXGL system data
10:03:17.717 [ForkJoinPool.commonPool-worker-9] DEBUG DesktopFSService     - Reading from: system\fxgl.bundle
10:03:17.731 [ForkJoinPool.commonPool-worker-9] DEBUG Bundle               - Logging bundle: FXGL
10:03:17.732 [ForkJoinPool.commonPool-worker-9] DEBUG Bundle               - FXGL.offline.timer.version.check=2019-01-15T09:28:22.000785300
10:03:17.733 [ForkJoinPool.commonPool-worker-9] DEBUG FXGL                 - Initializing state machine and application states
10:03:17.736 [ForkJoinPool.commonPool-worker-9] DEBUG AssetLoader          - Loading from disk: /assets/ui/cursors/fxgl_default.png
10:03:17.745 [ForkJoinPool.commonPool-worker-9] DEBUG AssetLoader          - Loading from disk: /assets/ui/cursors/fxgl_default.png
10:03:17.753 [ForkJoinPool.commonPool-worker-9] DEBUG AssetLoader          - Loading from cache: /assets/ui/fonts/VarelaRound-Regular.ttf
10:03:17.757 [ForkJoinPool.commonPool-worker-9] DEBUG AssetLoader          - Loading from disk: /assets/ui/cursors/fxgl_default.png
10:03:17.763 [ForkJoinPool.commonPool-worker-9] DEBUG GameScene            - Game scene initialized: 1200x600
10:03:17.773 [ForkJoinPool.commonPool-worker-9] DEBUG GameWorld            - Game world initialized
10:03:17.856 [ForkJoinPool.commonPool-worker-9] DEBUG PhysicsWorld         - Physics world initialized: appHeight=600, physics.ppm=50,0
10:03:17.912 [ForkJoinPool.commonPool-worker-9] DEBUG AssetLoader          - Loading from disk: /assets/ui/cursors/fxgl_default.png
10:03:17.917 [ForkJoinPool.commonPool-worker-9] DEBUG AssetLoader          - Loading from disk: /assets/properties/languages/english.properties
10:03:17.919 [ForkJoinPool.commonPool-worker-9] DEBUG AssetLoader          - Loading from cache: /assets/ui/fonts/VarelaRound-Regular.ttf
10:03:17.920 [ForkJoinPool.commonPool-worker-9] DEBUG AssetLoader          - Loading from cache: /assets/ui/fonts/VarelaRound-Regular.ttf
10:03:17.921 [ForkJoinPool.commonPool-worker-9] DEBUG AssetLoader          - Loading from cache: /assets/ui/fonts/VarelaRound-Regular.ttf
10:03:17.938 [ForkJoinPool.commonPool-worker-9] DEBUG AssetLoader          - Loading from disk: /assets/textures/particles/trace_horizontal.png
10:03:17.969 [ForkJoinPool.commonPool-worker-9] DEBUG AssetLoader          - Loading from cache: /assets/ui/fonts/VarelaRound-Regular.ttf
10:03:17.970 [ForkJoinPool.commonPool-worker-9] DEBUG FXGL.Menu            - createMenuBodyMainMenu()
10:03:17.980 [ForkJoinPool.commonPool-worker-9] DEBUG AssetLoader          - Loading from cache: /assets/ui/fonts/VarelaRound-Regular.ttf
10:03:17.983 [ForkJoinPool.commonPool-worker-9] DEBUG AssetLoader          - Loading from cache: /assets/properties/languages/english.properties
10:03:17.986 [ForkJoinPool.commonPool-worker-9] DEBUG AssetLoader          - Loading from cache: /assets/ui/fonts/VarelaRound-Regular.ttf
10:03:17.986 [ForkJoinPool.commonPool-worker-9] DEBUG AssetLoader          - Loading from cache: /assets/properties/languages/english.properties
10:03:17.986 [ForkJoinPool.commonPool-worker-9] DEBUG FXGL.Menu            - createOptionsMenu()
10:03:17.987 [ForkJoinPool.commonPool-worker-9] DEBUG AssetLoader          - Loading from cache: /assets/ui/fonts/VarelaRound-Regular.ttf
10:03:17.987 [ForkJoinPool.commonPool-worker-9] DEBUG AssetLoader          - Loading from cache: /assets/properties/languages/english.properties
10:03:17.989 [ForkJoinPool.commonPool-worker-9] DEBUG AssetLoader          - Loading from cache: /assets/ui/fonts/VarelaRound-Regular.ttf
10:03:17.989 [ForkJoinPool.commonPool-worker-9] DEBUG AssetLoader          - Loading from cache: /assets/properties/languages/english.properties
10:03:17.991 [ForkJoinPool.commonPool-worker-9] DEBUG AssetLoader          - Loading from cache: /assets/ui/fonts/VarelaRound-Regular.ttf
10:03:17.991 [ForkJoinPool.commonPool-worker-9] DEBUG AssetLoader          - Loading from cache: /assets/properties/languages/english.properties
10:03:17.994 [ForkJoinPool.commonPool-worker-9] DEBUG AssetLoader          - Loading from cache: /assets/ui/fonts/VarelaRound-Regular.ttf
10:03:17.994 [ForkJoinPool.commonPool-worker-9] DEBUG AssetLoader          - Loading from cache: /assets/properties/languages/english.properties
10:03:17.995 [ForkJoinPool.commonPool-worker-9] DEBUG AssetLoader          - Loading from cache: /assets/ui/fonts/VarelaRound-Regular.ttf
10:03:17.995 [ForkJoinPool.commonPool-worker-9] DEBUG AssetLoader          - Loading from cache: /assets/properties/languages/english.properties
10:03:17.997 [ForkJoinPool.commonPool-worker-9] DEBUG AssetLoader          - Loading from cache: /assets/ui/fonts/VarelaRound-Regular.ttf
10:03:17.997 [ForkJoinPool.commonPool-worker-9] DEBUG AssetLoader          - Loading from cache: /assets/properties/languages/english.properties
10:03:17.999 [ForkJoinPool.commonPool-worker-9] DEBUG AssetLoader          - Loading from cache: /assets/ui/fonts/VarelaRound-Regular.ttf
10:03:17.999 [ForkJoinPool.commonPool-worker-9] DEBUG AssetLoader          - Loading from cache: /assets/properties/languages/english.properties
10:03:18.000 [ForkJoinPool.commonPool-worker-9] DEBUG AssetLoader          - Loading from cache: /assets/ui/fonts/VarelaRound-Regular.ttf
10:03:18.000 [ForkJoinPool.commonPool-worker-9] DEBUG AssetLoader          - Loading from cache: /assets/properties/languages/english.properties
10:03:18.001 [ForkJoinPool.commonPool-worker-9] DEBUG AssetLoader          - Loading from disk: /assets/textures/particles/smoke.png
10:03:18.064 [ForkJoinPool.commonPool-worker-9] DEBUG AssetLoader          - Loading from disk: /assets/ui/cursors/fxgl_default.png
10:03:18.066 [ForkJoinPool.commonPool-worker-9] DEBUG AssetLoader          - Loading from cache: /assets/properties/languages/english.properties
10:03:18.066 [ForkJoinPool.commonPool-worker-9] DEBUG AssetLoader          - Loading from cache: /assets/ui/fonts/VarelaRound-Regular.ttf
10:03:18.066 [ForkJoinPool.commonPool-worker-9] DEBUG AssetLoader          - Loading from cache: /assets/ui/fonts/VarelaRound-Regular.ttf
10:03:18.067 [ForkJoinPool.commonPool-worker-9] DEBUG AssetLoader          - Loading from cache: /assets/ui/fonts/VarelaRound-Regular.ttf
10:03:18.067 [ForkJoinPool.commonPool-worker-9] DEBUG AssetLoader          - Loading from cache: /assets/textures/particles/trace_horizontal.png@64.0x64.0
10:03:18.068 [ForkJoinPool.commonPool-worker-9] DEBUG AssetLoader          - Loading from cache: /assets/ui/fonts/VarelaRound-Regular.ttf
10:03:18.068 [ForkJoinPool.commonPool-worker-9] DEBUG FXGL.Menu            - createMenuBodyGameMenu()
10:03:18.069 [ForkJoinPool.commonPool-worker-9] DEBUG AssetLoader          - Loading from cache: /assets/ui/fonts/VarelaRound-Regular.ttf
10:03:18.069 [ForkJoinPool.commonPool-worker-9] DEBUG AssetLoader          - Loading from cache: /assets/properties/languages/english.properties
10:03:18.070 [ForkJoinPool.commonPool-worker-9] DEBUG AssetLoader          - Loading from cache: /assets/ui/fonts/VarelaRound-Regular.ttf
10:03:18.070 [ForkJoinPool.commonPool-worker-9] DEBUG AssetLoader          - Loading from cache: /assets/properties/languages/english.properties
10:03:18.071 [ForkJoinPool.commonPool-worker-9] DEBUG FXGL.Menu            - createOptionsMenu()
10:03:18.071 [ForkJoinPool.commonPool-worker-9] DEBUG AssetLoader          - Loading from cache: /assets/ui/fonts/VarelaRound-Regular.ttf
10:03:18.071 [ForkJoinPool.commonPool-worker-9] DEBUG AssetLoader          - Loading from cache: /assets/properties/languages/english.properties
10:03:18.072 [ForkJoinPool.commonPool-worker-9] DEBUG AssetLoader          - Loading from cache: /assets/ui/fonts/VarelaRound-Regular.ttf
10:03:18.072 [ForkJoinPool.commonPool-worker-9] DEBUG AssetLoader          - Loading from cache: /assets/properties/languages/english.properties
10:03:18.072 [ForkJoinPool.commonPool-worker-9] DEBUG AssetLoader          - Loading from cache: /assets/ui/fonts/VarelaRound-Regular.ttf
10:03:18.073 [ForkJoinPool.commonPool-worker-9] DEBUG AssetLoader          - Loading from cache: /assets/properties/languages/english.properties
10:03:18.074 [ForkJoinPool.commonPool-worker-9] DEBUG AssetLoader          - Loading from cache: /assets/ui/fonts/VarelaRound-Regular.ttf
10:03:18.074 [ForkJoinPool.commonPool-worker-9] DEBUG AssetLoader          - Loading from cache: /assets/properties/languages/english.properties
10:03:18.075 [ForkJoinPool.commonPool-worker-9] DEBUG AssetLoader          - Loading from cache: /assets/ui/fonts/VarelaRound-Regular.ttf
10:03:18.076 [ForkJoinPool.commonPool-worker-9] DEBUG AssetLoader          - Loading from cache: /assets/properties/languages/english.properties
10:03:18.077 [ForkJoinPool.commonPool-worker-9] DEBUG AssetLoader          - Loading from cache: /assets/ui/fonts/VarelaRound-Regular.ttf
10:03:18.077 [ForkJoinPool.commonPool-worker-9] DEBUG AssetLoader          - Loading from cache: /assets/properties/languages/english.properties
10:03:18.078 [ForkJoinPool.commonPool-worker-9] DEBUG AssetLoader          - Loading from cache: /assets/ui/fonts/VarelaRound-Regular.ttf
10:03:18.078 [ForkJoinPool.commonPool-worker-9] DEBUG AssetLoader          - Loading from cache: /assets/properties/languages/english.properties
10:03:18.079 [ForkJoinPool.commonPool-worker-9] DEBUG AssetLoader          - Loading from cache: /assets/textures/particles/smoke.png@128.0x128.0
10:03:18.162 [JavaFX Application Thread] DEBUG FXGL                 - Running preInit()
10:03:18.187 [JavaFX Application Thread] DEBUG Input                - Registered new binding: Screenshot - P
10:03:18.188 [JavaFX Application Thread] DEBUG Input                - Registered new binding: Dev Options - CTRL+0
10:03:18.189 [JavaFX Application Thread] DEBUG Input                - Registered new binding: System info dump - CTRL+9
10:03:18.189 [JavaFX Application Thread] DEBUG Input                - Registered new binding: Restart - CTRL+R
10:03:18.190 [JavaFX Application Thread] DEBUG Input                - Registered new binding: Move Right - D
10:03:18.190 [JavaFX Application Thread] DEBUG Input                - Registered new binding: Move Left - A
10:03:18.190 [JavaFX Application Thread] DEBUG Input                - Registered new binding: Move Up - W
10:03:18.191 [JavaFX Application Thread] DEBUG Input                - Registered new binding: Move Down - S
10:03:18.191 [JavaFX Application Thread] DEBUG Input                - Registered new binding: Celebrate - F
10:03:18.191 [JavaFX Application Thread] DEBUG Input                - Registered new binding: Move Right (Player2) - Right
10:03:18.192 [JavaFX Application Thread] DEBUG Input                - Registered new binding: Move Left (Player2) - Left
10:03:18.192 [JavaFX Application Thread] DEBUG Input                - Registered new binding: Move Up (Player 2) - Up
10:03:18.192 [JavaFX Application Thread] DEBUG Input                - Registered new binding: Move Down(Player 2) - Down
10:03:18.193 [JavaFX Application Thread] DEBUG MenuEventHandler     - generateDefaultProfile()
10:03:18.193 [JavaFX Application Thread] DEBUG MenuEventHandler     - Creating default profile
10:03:18.194 [JavaFX Application Thread] DEBUG EventBus             - Firing event: SaveEvent
10:03:18.196 [JavaFX Application Thread] DEBUG AudioPlayer          - Saving data to profile
10:03:18.196 [JavaFX Application Thread] DEBUG Bundle               - Logging bundle: audio
10:03:18.197 [JavaFX Application Thread] DEBUG Bundle               - audio.musicVolume=0.5
10:03:18.197 [JavaFX Application Thread] DEBUG Bundle               - audio.soundVolume=0.5
10:03:18.197 [JavaFX Application Thread] DEBUG Input                - Saving data to profile
10:03:18.197 [JavaFX Application Thread] DEBUG Bundle               - Logging bundle: input
10:03:18.197 [JavaFX Application Thread] DEBUG Bundle               - input.Move Right=D
10:03:18.197 [JavaFX Application Thread] DEBUG Bundle               - input.Move Down(Player 2)=Down
10:03:18.197 [JavaFX Application Thread] DEBUG Bundle               - input.Restart=CTRL+R
10:03:18.198 [JavaFX Application Thread] DEBUG Bundle               - input.Move Up=W
10:03:18.198 [JavaFX Application Thread] DEBUG Bundle               - input.Dev Options=CTRL+0
10:03:18.198 [JavaFX Application Thread] DEBUG Bundle               - input.Move Left=A
10:03:18.198 [JavaFX Application Thread] DEBUG Bundle               - input.Move Up (Player 2)=Up
10:03:18.198 [JavaFX Application Thread] DEBUG Bundle               - input.Move Right (Player2)=Right
10:03:18.198 [JavaFX Application Thread] DEBUG Bundle               - input.Move Left (Player2)=Left
10:03:18.198 [JavaFX Application Thread] DEBUG Bundle               - input.Celebrate=F
10:03:18.198 [JavaFX Application Thread] DEBUG Bundle               - input.Screenshot=P
10:03:18.198 [JavaFX Application Thread] DEBUG Bundle               - input.System info dump=CTRL+9
10:03:18.199 [JavaFX Application Thread] DEBUG Bundle               - input.Move Down=S
10:03:18.205 [JavaFX Application Thread] DEBUG Bundle               - Logging bundle: gameplayStats
10:03:18.205 [JavaFX Application Thread] DEBUG Bundle               - gameplayStats.playtime=0
10:03:18.207 [JavaFX Application Thread] DEBUG AchievementManager   - Saving data to profile
10:03:18.207 [JavaFX Application Thread] DEBUG Bundle               - Logging bundle: achievement
10:03:18.208 [JavaFX Application Thread] INFO  FXGL                 - FXGL initialization took: 1,380 sec
10:03:18.209 [JavaFX Application Thread] DEBUG LoopRunner           - Starting loop
10:03:18.211 [JavaFX Application Thread] DEBUG StartupState         - STARTUP
10:03:18.212 [JavaFX Application Thread] DEBUG Input                - Clearing active input actions
10:03:18.212 [JavaFX Application Thread] DEBUG AssetLoader          - Loading from disk: /assets/ui/css/fxgl_dark.css
10:03:18.234 [JavaFX Application Thread] DEBUG AppStateMachine      - StartupState -> MainMenuState
10:03:18.240 [JavaFX Application Thread] DEBUG AssetLoader          - Loading from cache: /assets/properties/languages/english.properties
10:03:18.241 [JavaFX Application Thread] DEBUG AssetLoader          - Loading from cache: /assets/ui/fonts/VarelaRound-Regular.ttf
10:03:18.241 [JavaFX Application Thread] DEBUG AssetLoader          - Loading from cache: /assets/properties/languages/english.properties
10:03:18.241 [JavaFX Application Thread] DEBUG AssetLoader          - Loading from cache: /assets/ui/fonts/VarelaRound-Regular.ttf
10:03:18.242 [JavaFX Application Thread] DEBUG AssetLoader          - Loading from cache: /assets/properties/languages/english.properties
10:03:18.242 [JavaFX Application Thread] DEBUG AssetLoader          - Loading from cache: /assets/ui/fonts/VarelaRound-Regular.ttf
10:03:18.246 [JavaFX Application Thread] DEBUG SaveLoadManager      - Checking profiles dir: profiles/
10:03:18.246 [JavaFX Application Thread] DEBUG SaveLoadManager      - Loading profile names
10:03:18.249 [JavaFX Application Thread] DEBUG AssetLoader          - Loading from cache: /assets/properties/languages/english.properties
10:03:18.250 [JavaFX Application Thread] DEBUG AssetLoader          - Loading from cache: /assets/ui/fonts/VarelaRound-Regular.ttf
10:03:18.252 [JavaFX Application Thread] DEBUG AssetLoader          - Loading from cache: /assets/ui/fonts/VarelaRound-Regular.ttf
10:03:18.253 [JavaFX Application Thread] DEBUG AppStateMachine      - Push state: DialogSubState
10:03:18.253 [JavaFX Application Thread] DEBUG Input                - Clearing active input actions
10:03:18.253 [JavaFX Application Thread] DEBUG AppStateMachine      - MainMenuState -> DialogSubState
10:03:18.364 [JavaFX Application Thread] DEBUG AppStateMachine      - Pop state: DialogSubState
10:03:18.365 [JavaFX Application Thread] DEBUG Input                - Clearing active input actions
10:03:18.366 [JavaFX Application Thread] DEBUG AppStateMachine      - MainMenuState <- DialogSubState
10:03:18.367 [JavaFX Application Thread] DEBUG AssetLoader          - Loading from cache: /assets/properties/languages/english.properties
10:03:18.368 [JavaFX Application Thread] DEBUG AssetLoader          - Loading from cache: /assets/ui/fonts/VarelaRound-Regular.ttf
10:03:18.368 [JavaFX Application Thread] DEBUG AssetLoader          - Loading from cache: /assets/ui/fonts/VarelaRound-Regular.ttf
10:03:18.369 [JavaFX Application Thread] DEBUG AppStateMachine      - Push state: DialogSubState
10:03:18.369 [JavaFX Application Thread] DEBUG Input                - Clearing active input actions
10:03:18.369 [JavaFX Application Thread] DEBUG AppStateMachine      - MainMenuState -> DialogSubState
10:03:19.007 [JavaFX Application Thread] DEBUG AppStateMachine      - Pop state: DialogSubState
10:03:19.008 [JavaFX Application Thread] DEBUG Input                - Clearing active input actions
10:03:19.008 [JavaFX Application Thread] DEBUG AppStateMachine      - MainMenuState <- DialogSubState
10:03:19.008 [JavaFX Application Thread] DEBUG SaveLoadManager      - Loading profile: Mads
10:03:19.014 [JavaFX Application Thread] DEBUG AssetLoader          - Loading from cache: /assets/properties/languages/english.properties
10:03:19.014 [JavaFX Application Thread] DEBUG AssetLoader          - Loading from cache: /assets/ui/fonts/VarelaRound-Regular.ttf
10:03:19.015 [JavaFX Application Thread] DEBUG AssetLoader          - Loading from cache: /assets/ui/fonts/VarelaRound-Regular.ttf
10:03:19.015 [JavaFX Application Thread] DEBUG AppStateMachine      - Push state: DialogSubState
10:03:19.015 [JavaFX Application Thread] DEBUG Input                - Clearing active input actions
10:03:19.015 [JavaFX Application Thread] DEBUG AppStateMachine      - MainMenuState -> DialogSubState
10:03:19.018 [FXGL Background Thread 1 ] DEBUG DesktopFSService     - Reading from: .\profiles\Mads\user.profile
10:03:19.030 [JavaFX Application Thread] DEBUG AppStateMachine      - Pop state: DialogSubState
10:03:19.030 [JavaFX Application Thread] DEBUG Input                - Clearing active input actions
10:03:19.031 [JavaFX Application Thread] DEBUG AppStateMachine      - MainMenuState <- DialogSubState
10:03:19.031 [JavaFX Application Thread] DEBUG EventBus             - Firing event: LoadEvent[type=LOAD_PROFILE]
10:03:19.031 [JavaFX Application Thread] DEBUG AudioPlayer          - Loading data from profile
10:03:19.031 [JavaFX Application Thread] DEBUG Bundle               - Logging bundle: audio
10:03:19.031 [JavaFX Application Thread] DEBUG Bundle               - audio.musicVolume=0.5
10:03:19.031 [JavaFX Application Thread] DEBUG Bundle               - audio.soundVolume=0.5
10:03:19.031 [JavaFX Application Thread] DEBUG Input                - Loading data from profile
10:03:19.031 [JavaFX Application Thread] DEBUG Bundle               - Logging bundle: input
10:03:19.032 [JavaFX Application Thread] DEBUG Bundle               - input.Move Right=D
10:03:19.032 [JavaFX Application Thread] DEBUG Bundle               - input.Move Down(Player 2)=Down
10:03:19.032 [JavaFX Application Thread] DEBUG Bundle               - input.Restart=CTRL+R
10:03:19.032 [JavaFX Application Thread] DEBUG Bundle               - input.Move Up=W
10:03:19.032 [JavaFX Application Thread] DEBUG Bundle               - input.Dev Options=CTRL+0
10:03:19.032 [JavaFX Application Thread] DEBUG Bundle               - input.Move Left=A
10:03:19.032 [JavaFX Application Thread] DEBUG Bundle               - input.Move Up (Player 2)=Up
10:03:19.032 [JavaFX Application Thread] DEBUG Bundle               - input.Move Right (Player2)=Right
10:03:19.032 [JavaFX Application Thread] DEBUG Bundle               - input.Move Left (Player2)=Left
10:03:19.032 [JavaFX Application Thread] DEBUG Bundle               - input.Celebrate=F
10:03:19.032 [JavaFX Application Thread] DEBUG Bundle               - input.Screenshot=P
10:03:19.032 [JavaFX Application Thread] DEBUG Bundle               - input.System info dump=CTRL+9
10:03:19.032 [JavaFX Application Thread] DEBUG Bundle               - input.Move Down=S
10:03:19.033 [JavaFX Application Thread] DEBUG Bundle               - Logging bundle: gameplayStats
10:03:19.033 [JavaFX Application Thread] DEBUG Bundle               - gameplayStats.playtime=1123845715328
10:03:19.033 [JavaFX Application Thread] DEBUG AchievementManager   - Loading data from profile
10:03:19.033 [JavaFX Application Thread] DEBUG Bundle               - Logging bundle: achievement
10:03:19.033 [JavaFX Application Thread] DEBUG AssetLoader          - Loading from cache: /assets/properties/languages/english.properties
10:03:19.033 [JavaFX Application Thread] DEBUG AssetLoader          - Loading from cache: /assets/ui/fonts/VarelaRound-Regular.ttf
10:03:19.034 [JavaFX Application Thread] DEBUG AssetLoader          - Loading from cache: /assets/properties/languages/english.properties
10:03:19.034 [JavaFX Application Thread] DEBUG AssetLoader          - Loading from cache: /assets/ui/fonts/VarelaRound-Regular.ttf
10:03:19.034 [JavaFX Application Thread] DEBUG SaveLoadManager      - Loading last modified save file
10:03:19.034 [JavaFX Application Thread] DEBUG SaveLoadManager      - Loading save files
10:03:19.038 [JavaFX Application Thread] DEBUG AssetLoader          - Loading from cache: /assets/properties/languages/english.properties
10:03:19.038 [JavaFX Application Thread] DEBUG AssetLoader          - Loading from cache: /assets/ui/fonts/VarelaRound-Regular.ttf
10:03:19.039 [JavaFX Application Thread] DEBUG AssetLoader          - Loading from cache: /assets/ui/fonts/VarelaRound-Regular.ttf
10:03:19.039 [JavaFX Application Thread] DEBUG AppStateMachine      - Push state: DialogSubState
10:03:19.039 [JavaFX Application Thread] DEBUG Input                - Clearing active input actions
10:03:19.040 [JavaFX Application Thread] DEBUG AppStateMachine      - MainMenuState -> DialogSubState
10:03:19.056 [JavaFX Application Thread] DEBUG AppStateMachine      - Pop state: DialogSubState
10:03:19.056 [JavaFX Application Thread] DEBUG Input                - Clearing active input actions
10:03:19.057 [JavaFX Application Thread] DEBUG AppStateMachine      - MainMenuState <- DialogSubState
10:03:19.202 [JavaFX Application Thread] DEBUG AssetLoader          - Loading from cache: /assets/sounds/menu/select.wav
10:03:19.267 [JavaFX Application Thread] DEBUG AssetLoader          - Loading from cache: /assets/sounds/menu/select.wav
10:03:19.435 [JavaFX Application Thread] DEBUG FXGL.Menu            - fireNewGame()
10:03:19.435 [JavaFX Application Thread] DEBUG GameApplication      - Starting new game
10:03:19.435 [JavaFX Application Thread] DEBUG Input                - Clearing active input actions
10:03:19.436 [JavaFX Application Thread] DEBUG AssetLoader          - Loading from disk: /assets/ui/css/fxgl_dark.css
10:03:19.449 [JavaFX Application Thread] DEBUG AppStateMachine      - MainMenuState -> LoadingState
10:03:19.451 [FXGL Background Thread 1 ] DEBUG InitAppTask          - Clearing previous game
10:03:19.452 [FXGL Background Thread 1 ] DEBUG GameWorld            - Clearing game world
10:03:19.452 [FXGL Background Thread 1 ] DEBUG PhysicsWorld         - Clearing physics world
10:03:19.452 [FXGL Background Thread 1 ] DEBUG GameScene            - Clearing game scene
10:03:19.453 [FXGL Background Thread 1 ] DEBUG InitAppTask          - Initializing Game
10:03:19.486 [FXGL Background Thread 1 ] DEBUG AssetLoader          - Loading from disk: /assets/textures/background1.png
10:03:19.513 [FXGL Background Thread 1 ] DEBUG GameScene            - Creating render group for layer: DEFAULT(100000)
10:03:19.515 [FXGL Background Thread 1 ] DEBUG AssetLoader          - Loading from disk: /assets/textures/slime1.png
10:03:19.522 [FXGL Background Thread 1 ] DEBUG AssetLoader          - Loading from disk: /assets/textures/slime2.png
10:03:19.526 [FXGL Background Thread 1 ] DEBUG AssetLoader          - Loading from disk: /assets/textures/ball.png
10:03:19.529 [FXGL Background Thread 1 ] DEBUG AssetLoader          - Loading from disk: /assets/textures/bottomline.png
10:03:19.531 [FXGL Background Thread 1 ] DEBUG InitAppTask          - Initializing Physics
10:03:19.532 [FXGL Background Thread 1 ] DEBUG InitAppTask          - Initializing UI
10:03:19.536 [FXGL Background Thread 1 ] DEBUG InitAppTask          - Initialization Complete
10:03:19.537 [FXGL Background Thread 1 ] INFO  InitAppTask          - Game initialization took: 0,085 sec
10:03:19.541 [JavaFX Application Thread] DEBUG Input                - Clearing active input actions
10:03:19.541 [JavaFX Application Thread] DEBUG AssetLoader          - Loading from disk: /assets/ui/css/fxgl_dark.css
10:03:19.563 [JavaFX Application Thread] DEBUG AppStateMachine      - LoadingState -> PlayState
10:03:24.323 [JavaFX Application Thread] DEBUG FXGL                 - Exiting FXGL
10:03:24.323 [JavaFX Application Thread] DEBUG MenuEventHandler     - Creating default profile
10:03:24.324 [JavaFX Application Thread] DEBUG EventBus             - Firing event: SaveEvent
10:03:24.324 [JavaFX Application Thread] DEBUG AudioPlayer          - Saving data to profile
10:03:24.324 [JavaFX Application Thread] DEBUG Bundle               - Logging bundle: audio
10:03:24.324 [JavaFX Application Thread] DEBUG Bundle               - audio.musicVolume=0.5
10:03:24.324 [JavaFX Application Thread] DEBUG Bundle               - audio.soundVolume=0.5
10:03:24.324 [JavaFX Application Thread] DEBUG Input                - Saving data to profile
10:03:24.324 [JavaFX Application Thread] DEBUG Bundle               - Logging bundle: input
10:03:24.324 [JavaFX Application Thread] DEBUG Bundle               - input.Move Right=D
10:03:24.324 [JavaFX Application Thread] DEBUG Bundle               - input.Move Down(Player 2)=Down
10:03:24.325 [JavaFX Application Thread] DEBUG Bundle               - input.Restart=CTRL+R
10:03:24.325 [JavaFX Application Thread] DEBUG Bundle               - input.Move Up=W
10:03:24.325 [JavaFX Application Thread] DEBUG Bundle               - input.Dev Options=CTRL+0
10:03:24.325 [JavaFX Application Thread] DEBUG Bundle               - input.Move Left=A
10:03:24.325 [JavaFX Application Thread] DEBUG Bundle               - input.Move Up (Player 2)=Up
10:03:24.325 [JavaFX Application Thread] DEBUG Bundle               - input.Move Right (Player2)=Right
10:03:24.325 [JavaFX Application Thread] DEBUG Bundle               - input.Move Left (Player2)=Left
10:03:24.325 [JavaFX Application Thread] DEBUG Bundle               - input.Celebrate=F
10:03:24.325 [JavaFX Application Thread] DEBUG Bundle               - input.Screenshot=P
10:03:24.325 [JavaFX Application Thread] DEBUG Bundle               - input.System info dump=CTRL+9
10:03:24.325 [JavaFX Application Thread] DEBUG Bundle               - input.Move Down=S
10:03:24.325 [JavaFX Application Thread] DEBUG Bundle               - Logging bundle: gameplayStats
10:03:24.326 [JavaFX Application Thread] DEBUG Bundle               - gameplayStats.playtime=1128633981127
10:03:24.326 [JavaFX Application Thread] DEBUG AchievementManager   - Saving data to profile
10:03:24.326 [JavaFX Application Thread] DEBUG Bundle               - Logging bundle: achievement
10:03:24.326 [JavaFX Application Thread] DEBUG SaveLoadManager      - Saving profile: Mads
10:03:24.331 [JavaFX Application Thread] DEBUG DesktopFSService     - Writing to: .\profiles\Mads\user.profile
10:03:24.337 [JavaFX Application Thread] DEBUG FXGL                 - Shutting down background threads
10:03:24.338 [JavaFX Application Thread] DEBUG FXGL                 - Saving FXGL system data
10:03:24.340 [JavaFX Application Thread] DEBUG DesktopFSService     - Writing to: system\fxgl.bundle
10:03:24.343 [JavaFX Application Thread] DEBUG FXGL                 - Closing logger and exiting JavaFX
