10:02:58.053 [JavaFX Application Thread] DEBUG GameApplication      - Logger initialized
10:02:58.074 [JavaFX Application Thread] DEBUG GameApplication      - Logging settings
Title: SlimeSoccer2000
Version: 0.1
Width: 1200
Height: 600
Fullscreen: false
Intro: false
Menus: true
Profiling: false
Single step:false
App Mode: DEVELOPER
Menu Key: M
Stage Style: DECORATED
Scene Factory: class com.almasb.fxgl.scene.SceneFactory
Dialog Factory: class com.almasb.fxgl.ui.FXGLDialogFactory
UI Factory: class com.almasb.fxgl.ui.FXGLUIFactory
Notification Service: class com.almasb.fxgl.gameplay.notification.XboxNotificationView
Exception Handler: class com.almasb.fxgl.app.FXGLExceptionHandler
10:02:58.075 [JavaFX Application Thread] DEBUG GameApplication      - Starting FXGL
10:02:58.094 [JavaFX Application Thread] INFO  FXGL                 - FXGL-0.5.4 on DESKTOP
10:02:58.095 [JavaFX Application Thread] INFO  FXGL                 - Source code and latest versions at: https://github.com/AlmasB/FXGL
10:02:58.095 [JavaFX Application Thread] INFO  FXGL                 -              Join the FXGL chat at: https://gitter.im/AlmasB/FXGL
10:02:58.096 [JavaFX Application Thread] DEBUG FXGL                 - FXGL started
10:02:58.096 [JavaFX Application Thread] DEBUG FXGL                 - Initializing FXGL
10:02:58.149 [JavaFX Application Thread] DEBUG AssetLoader          - Loading from disk: /assets/ui/cursors/fxgl_default.png
10:02:58.264 [JavaFX Application Thread] DEBUG AssetLoader          - Loading from disk: /assets/ui/fonts/VarelaRound-Regular.ttf
10:02:58.621 [JavaFX Application Thread] DEBUG MainWindow           - Creating a JavaFX scene
10:02:58.657 [JavaFX Application Thread] DEBUG MainWindow           - Target settings size: 1200.0 x 600.0
10:02:58.657 [JavaFX Application Thread] DEBUG MainWindow           - Scaled scene size:    1200.0 x 600.0
10:02:58.657 [JavaFX Application Thread] DEBUG MainWindow           - Scaled ratio: (1.0, 1.0)
10:02:58.661 [JavaFX Application Thread] DEBUG AssetLoader          - Loading from disk: /assets/ui/css/fxgl_dark.css
10:02:58.665 [JavaFX Application Thread] DEBUG AssetLoader          - Loading from disk: /assets/textures/fxgl_icon.png
10:02:58.699 [JavaFX Application Thread] DEBUG MainWindow           - Opening main window
10:02:58.865 [JavaFX Application Thread] DEBUG MainWindow           - Window border size: (14.4000244140625, 37.5999755859375)
10:02:58.865 [JavaFX Application Thread] DEBUG MainWindow           - Scaled size: 1200.0 x 600.0
10:02:58.866 [JavaFX Application Thread] DEBUG MainWindow           - Scaled ratio: (1.0, 1.0)
10:02:58.866 [JavaFX Application Thread] DEBUG MainWindow           - Scene size: 1200.0 x 600.0
10:02:58.867 [JavaFX Application Thread] DEBUG MainWindow           - Stage size: 1214.4000244140625 x 637.5999755859375
10:02:58.964 [ForkJoinPool.commonPool-worker-9] DEBUG FS                   - Loaded DesktopFSService
10:02:58.965 [ForkJoinPool.commonPool-worker-9] DEBUG FXGL                 - Loading FXGL system data
10:02:58.973 [ForkJoinPool.commonPool-worker-9] DEBUG DesktopFSService     - Reading from: system\fxgl.bundle
10:02:58.987 [ForkJoinPool.commonPool-worker-9] DEBUG Bundle               - Logging bundle: FXGL
10:02:58.989 [ForkJoinPool.commonPool-worker-9] DEBUG Bundle               - FXGL.offline.timer.version.check=2019-01-15T09:28:22.000785300
10:02:58.990 [ForkJoinPool.commonPool-worker-9] DEBUG FXGL                 - Initializing state machine and application states
10:02:58.996 [ForkJoinPool.commonPool-worker-9] DEBUG AssetLoader          - Loading from disk: /assets/ui/cursors/fxgl_default.png
10:02:59.009 [ForkJoinPool.commonPool-worker-9] DEBUG AssetLoader          - Loading from disk: /assets/ui/cursors/fxgl_default.png
10:02:59.017 [ForkJoinPool.commonPool-worker-9] DEBUG AssetLoader          - Loading from cache: /assets/ui/fonts/VarelaRound-Regular.ttf
10:02:59.022 [ForkJoinPool.commonPool-worker-9] DEBUG AssetLoader          - Loading from disk: /assets/ui/cursors/fxgl_default.png
10:02:59.027 [ForkJoinPool.commonPool-worker-9] DEBUG GameScene            - Game scene initialized: 1200x600
10:02:59.035 [ForkJoinPool.commonPool-worker-9] DEBUG GameWorld            - Game world initialized
10:02:59.148 [ForkJoinPool.commonPool-worker-9] DEBUG PhysicsWorld         - Physics world initialized: appHeight=600, physics.ppm=50,0
10:02:59.203 [ForkJoinPool.commonPool-worker-9] DEBUG AssetLoader          - Loading from disk: /assets/ui/cursors/fxgl_default.png
10:02:59.207 [ForkJoinPool.commonPool-worker-9] DEBUG AssetLoader          - Loading from disk: /assets/properties/languages/english.properties
10:02:59.210 [ForkJoinPool.commonPool-worker-9] DEBUG AssetLoader          - Loading from cache: /assets/ui/fonts/VarelaRound-Regular.ttf
10:02:59.212 [ForkJoinPool.commonPool-worker-9] DEBUG AssetLoader          - Loading from cache: /assets/ui/fonts/VarelaRound-Regular.ttf
10:02:59.213 [ForkJoinPool.commonPool-worker-9] DEBUG AssetLoader          - Loading from cache: /assets/ui/fonts/VarelaRound-Regular.ttf
10:02:59.230 [ForkJoinPool.commonPool-worker-9] DEBUG AssetLoader          - Loading from disk: /assets/textures/particles/trace_horizontal.png
10:02:59.269 [ForkJoinPool.commonPool-worker-9] DEBUG AssetLoader          - Loading from cache: /assets/ui/fonts/VarelaRound-Regular.ttf
10:02:59.270 [ForkJoinPool.commonPool-worker-9] DEBUG FXGL.Menu            - createMenuBodyMainMenu()
10:02:59.279 [ForkJoinPool.commonPool-worker-9] DEBUG AssetLoader          - Loading from cache: /assets/ui/fonts/VarelaRound-Regular.ttf
10:02:59.282 [ForkJoinPool.commonPool-worker-9] DEBUG AssetLoader          - Loading from cache: /assets/properties/languages/english.properties
10:02:59.287 [ForkJoinPool.commonPool-worker-9] DEBUG AssetLoader          - Loading from cache: /assets/ui/fonts/VarelaRound-Regular.ttf
10:02:59.288 [ForkJoinPool.commonPool-worker-9] DEBUG AssetLoader          - Loading from cache: /assets/properties/languages/english.properties
10:02:59.288 [ForkJoinPool.commonPool-worker-9] DEBUG FXGL.Menu            - createOptionsMenu()
10:02:59.288 [ForkJoinPool.commonPool-worker-9] DEBUG AssetLoader          - Loading from cache: /assets/ui/fonts/VarelaRound-Regular.ttf
10:02:59.289 [ForkJoinPool.commonPool-worker-9] DEBUG AssetLoader          - Loading from cache: /assets/properties/languages/english.properties
10:02:59.290 [ForkJoinPool.commonPool-worker-9] DEBUG AssetLoader          - Loading from cache: /assets/ui/fonts/VarelaRound-Regular.ttf
10:02:59.291 [ForkJoinPool.commonPool-worker-9] DEBUG AssetLoader          - Loading from cache: /assets/properties/languages/english.properties
10:02:59.292 [ForkJoinPool.commonPool-worker-9] DEBUG AssetLoader          - Loading from cache: /assets/ui/fonts/VarelaRound-Regular.ttf
10:02:59.293 [ForkJoinPool.commonPool-worker-9] DEBUG AssetLoader          - Loading from cache: /assets/properties/languages/english.properties
10:02:59.295 [ForkJoinPool.commonPool-worker-9] DEBUG AssetLoader          - Loading from cache: /assets/ui/fonts/VarelaRound-Regular.ttf
10:02:59.295 [ForkJoinPool.commonPool-worker-9] DEBUG AssetLoader          - Loading from cache: /assets/properties/languages/english.properties
10:02:59.297 [ForkJoinPool.commonPool-worker-9] DEBUG AssetLoader          - Loading from cache: /assets/ui/fonts/VarelaRound-Regular.ttf
10:02:59.297 [ForkJoinPool.commonPool-worker-9] DEBUG AssetLoader          - Loading from cache: /assets/properties/languages/english.properties
10:02:59.298 [ForkJoinPool.commonPool-worker-9] DEBUG AssetLoader          - Loading from cache: /assets/ui/fonts/VarelaRound-Regular.ttf
10:02:59.298 [ForkJoinPool.commonPool-worker-9] DEBUG AssetLoader          - Loading from cache: /assets/properties/languages/english.properties
10:02:59.300 [ForkJoinPool.commonPool-worker-9] DEBUG AssetLoader          - Loading from cache: /assets/ui/fonts/VarelaRound-Regular.ttf
10:02:59.300 [ForkJoinPool.commonPool-worker-9] DEBUG AssetLoader          - Loading from cache: /assets/properties/languages/english.properties
10:02:59.301 [ForkJoinPool.commonPool-worker-9] DEBUG AssetLoader          - Loading from cache: /assets/ui/fonts/VarelaRound-Regular.ttf
10:02:59.302 [ForkJoinPool.commonPool-worker-9] DEBUG AssetLoader          - Loading from cache: /assets/properties/languages/english.properties
10:02:59.303 [ForkJoinPool.commonPool-worker-9] DEBUG AssetLoader          - Loading from disk: /assets/textures/particles/smoke.png
10:02:59.376 [ForkJoinPool.commonPool-worker-9] DEBUG AssetLoader          - Loading from disk: /assets/ui/cursors/fxgl_default.png
10:02:59.379 [ForkJoinPool.commonPool-worker-9] DEBUG AssetLoader          - Loading from cache: /assets/properties/languages/english.properties
10:02:59.380 [ForkJoinPool.commonPool-worker-9] DEBUG AssetLoader          - Loading from cache: /assets/ui/fonts/VarelaRound-Regular.ttf
10:02:59.380 [ForkJoinPool.commonPool-worker-9] DEBUG AssetLoader          - Loading from cache: /assets/ui/fonts/VarelaRound-Regular.ttf
10:02:59.380 [ForkJoinPool.commonPool-worker-9] DEBUG AssetLoader          - Loading from cache: /assets/ui/fonts/VarelaRound-Regular.ttf
10:02:59.381 [ForkJoinPool.commonPool-worker-9] DEBUG AssetLoader          - Loading from cache: /assets/textures/particles/trace_horizontal.png@64.0x64.0
10:02:59.382 [ForkJoinPool.commonPool-worker-9] DEBUG AssetLoader          - Loading from cache: /assets/ui/fonts/VarelaRound-Regular.ttf
10:02:59.382 [ForkJoinPool.commonPool-worker-9] DEBUG FXGL.Menu            - createMenuBodyGameMenu()
10:02:59.383 [ForkJoinPool.commonPool-worker-9] DEBUG AssetLoader          - Loading from cache: /assets/ui/fonts/VarelaRound-Regular.ttf
10:02:59.383 [ForkJoinPool.commonPool-worker-9] DEBUG AssetLoader          - Loading from cache: /assets/properties/languages/english.properties
10:02:59.384 [ForkJoinPool.commonPool-worker-9] DEBUG AssetLoader          - Loading from cache: /assets/ui/fonts/VarelaRound-Regular.ttf
10:02:59.386 [ForkJoinPool.commonPool-worker-9] DEBUG AssetLoader          - Loading from cache: /assets/properties/languages/english.properties
10:02:59.386 [ForkJoinPool.commonPool-worker-9] DEBUG FXGL.Menu            - createOptionsMenu()
10:02:59.387 [ForkJoinPool.commonPool-worker-9] DEBUG AssetLoader          - Loading from cache: /assets/ui/fonts/VarelaRound-Regular.ttf
10:02:59.387 [ForkJoinPool.commonPool-worker-9] DEBUG AssetLoader          - Loading from cache: /assets/properties/languages/english.properties
10:02:59.388 [ForkJoinPool.commonPool-worker-9] DEBUG AssetLoader          - Loading from cache: /assets/ui/fonts/VarelaRound-Regular.ttf
10:02:59.388 [ForkJoinPool.commonPool-worker-9] DEBUG AssetLoader          - Loading from cache: /assets/properties/languages/english.properties
10:02:59.389 [ForkJoinPool.commonPool-worker-9] DEBUG AssetLoader          - Loading from cache: /assets/ui/fonts/VarelaRound-Regular.ttf
10:02:59.389 [ForkJoinPool.commonPool-worker-9] DEBUG AssetLoader          - Loading from cache: /assets/properties/languages/english.properties
10:02:59.391 [ForkJoinPool.commonPool-worker-9] DEBUG AssetLoader          - Loading from cache: /assets/ui/fonts/VarelaRound-Regular.ttf
10:02:59.391 [ForkJoinPool.commonPool-worker-9] DEBUG AssetLoader          - Loading from cache: /assets/properties/languages/english.properties
10:02:59.391 [ForkJoinPool.commonPool-worker-9] DEBUG AssetLoader          - Loading from cache: /assets/ui/fonts/VarelaRound-Regular.ttf
10:02:59.392 [ForkJoinPool.commonPool-worker-9] DEBUG AssetLoader          - Loading from cache: /assets/properties/languages/english.properties
10:02:59.395 [ForkJoinPool.commonPool-worker-9] DEBUG AssetLoader          - Loading from cache: /assets/ui/fonts/VarelaRound-Regular.ttf
10:02:59.396 [ForkJoinPool.commonPool-worker-9] DEBUG AssetLoader          - Loading from cache: /assets/properties/languages/english.properties
10:02:59.397 [ForkJoinPool.commonPool-worker-9] DEBUG AssetLoader          - Loading from cache: /assets/ui/fonts/VarelaRound-Regular.ttf
10:02:59.398 [ForkJoinPool.commonPool-worker-9] DEBUG AssetLoader          - Loading from cache: /assets/properties/languages/english.properties
10:02:59.399 [ForkJoinPool.commonPool-worker-9] DEBUG AssetLoader          - Loading from cache: /assets/textures/particles/smoke.png@128.0x128.0
10:02:59.465 [JavaFX Application Thread] DEBUG FXGL                 - Running preInit()
10:02:59.489 [JavaFX Application Thread] DEBUG Input                - Registered new binding: Screenshot - P
10:02:59.490 [JavaFX Application Thread] DEBUG Input                - Registered new binding: Dev Options - CTRL+0
10:02:59.490 [JavaFX Application Thread] DEBUG Input                - Registered new binding: System info dump - CTRL+9
10:02:59.491 [JavaFX Application Thread] DEBUG Input                - Registered new binding: Restart - CTRL+R
10:02:59.491 [JavaFX Application Thread] DEBUG Input                - Registered new binding: Move Right - D
10:02:59.492 [JavaFX Application Thread] DEBUG Input                - Registered new binding: Move Left - A
10:02:59.492 [JavaFX Application Thread] DEBUG Input                - Registered new binding: Move Up - W
10:02:59.492 [JavaFX Application Thread] DEBUG Input                - Registered new binding: Move Down - S
10:02:59.492 [JavaFX Application Thread] DEBUG Input                - Registered new binding: Celebrate - F
10:02:59.493 [JavaFX Application Thread] DEBUG Input                - Registered new binding: Move Right (Player2) - Right
10:02:59.493 [JavaFX Application Thread] DEBUG Input                - Registered new binding: Move Left (Player2) - Left
10:02:59.493 [JavaFX Application Thread] DEBUG Input                - Registered new binding: Move Up (Player 2) - Up
10:02:59.493 [JavaFX Application Thread] DEBUG Input                - Registered new binding: Move Down(Player 2) - Down
10:02:59.494 [JavaFX Application Thread] DEBUG MenuEventHandler     - generateDefaultProfile()
10:02:59.494 [JavaFX Application Thread] DEBUG MenuEventHandler     - Creating default profile
10:02:59.495 [JavaFX Application Thread] DEBUG EventBus             - Firing event: SaveEvent
10:02:59.496 [JavaFX Application Thread] DEBUG AudioPlayer          - Saving data to profile
10:02:59.496 [JavaFX Application Thread] DEBUG Bundle               - Logging bundle: audio
10:02:59.496 [JavaFX Application Thread] DEBUG Bundle               - audio.musicVolume=0.5
10:02:59.497 [JavaFX Application Thread] DEBUG Bundle               - audio.soundVolume=0.5
10:02:59.497 [JavaFX Application Thread] DEBUG Input                - Saving data to profile
10:02:59.497 [JavaFX Application Thread] DEBUG Bundle               - Logging bundle: input
10:02:59.497 [JavaFX Application Thread] DEBUG Bundle               - input.Move Right=D
10:02:59.497 [JavaFX Application Thread] DEBUG Bundle               - input.Move Down(Player 2)=Down
10:02:59.497 [JavaFX Application Thread] DEBUG Bundle               - input.Restart=CTRL+R
10:02:59.497 [JavaFX Application Thread] DEBUG Bundle               - input.Move Up=W
10:02:59.498 [JavaFX Application Thread] DEBUG Bundle               - input.Dev Options=CTRL+0
10:02:59.498 [JavaFX Application Thread] DEBUG Bundle               - input.Move Left=A
10:02:59.498 [JavaFX Application Thread] DEBUG Bundle               - input.Move Up (Player 2)=Up
10:02:59.498 [JavaFX Application Thread] DEBUG Bundle               - input.Move Right (Player2)=Right
10:02:59.498 [JavaFX Application Thread] DEBUG Bundle               - input.Move Left (Player2)=Left
10:02:59.498 [JavaFX Application Thread] DEBUG Bundle               - input.Celebrate=F
10:02:59.498 [JavaFX Application Thread] DEBUG Bundle               - input.Screenshot=P
10:02:59.498 [JavaFX Application Thread] DEBUG Bundle               - input.System info dump=CTRL+9
10:02:59.499 [JavaFX Application Thread] DEBUG Bundle               - input.Move Down=S
10:02:59.505 [JavaFX Application Thread] DEBUG Bundle               - Logging bundle: gameplayStats
10:02:59.505 [JavaFX Application Thread] DEBUG Bundle               - gameplayStats.playtime=0
10:02:59.507 [JavaFX Application Thread] DEBUG AchievementManager   - Saving data to profile
10:02:59.507 [JavaFX Application Thread] DEBUG Bundle               - Logging bundle: achievement
10:02:59.508 [JavaFX Application Thread] INFO  FXGL                 - FXGL initialization took: 1,411 sec
10:02:59.508 [JavaFX Application Thread] DEBUG LoopRunner           - Starting loop
10:02:59.512 [JavaFX Application Thread] DEBUG StartupState         - STARTUP
10:02:59.512 [JavaFX Application Thread] DEBUG Input                - Clearing active input actions
10:02:59.513 [JavaFX Application Thread] DEBUG AssetLoader          - Loading from disk: /assets/ui/css/fxgl_dark.css
10:02:59.533 [JavaFX Application Thread] DEBUG AppStateMachine      - StartupState -> MainMenuState
10:02:59.539 [JavaFX Application Thread] DEBUG AssetLoader          - Loading from cache: /assets/properties/languages/english.properties
10:02:59.539 [JavaFX Application Thread] DEBUG AssetLoader          - Loading from cache: /assets/ui/fonts/VarelaRound-Regular.ttf
10:02:59.540 [JavaFX Application Thread] DEBUG AssetLoader          - Loading from cache: /assets/properties/languages/english.properties
10:02:59.540 [JavaFX Application Thread] DEBUG AssetLoader          - Loading from cache: /assets/ui/fonts/VarelaRound-Regular.ttf
10:02:59.541 [JavaFX Application Thread] DEBUG AssetLoader          - Loading from cache: /assets/properties/languages/english.properties
10:02:59.541 [JavaFX Application Thread] DEBUG AssetLoader          - Loading from cache: /assets/ui/fonts/VarelaRound-Regular.ttf
10:02:59.544 [JavaFX Application Thread] DEBUG SaveLoadManager      - Checking profiles dir: profiles/
10:02:59.545 [JavaFX Application Thread] DEBUG SaveLoadManager      - Loading profile names
10:02:59.547 [JavaFX Application Thread] DEBUG AssetLoader          - Loading from cache: /assets/properties/languages/english.properties
10:02:59.548 [JavaFX Application Thread] DEBUG AssetLoader          - Loading from cache: /assets/ui/fonts/VarelaRound-Regular.ttf
10:02:59.550 [JavaFX Application Thread] DEBUG AssetLoader          - Loading from cache: /assets/ui/fonts/VarelaRound-Regular.ttf
10:02:59.550 [JavaFX Application Thread] DEBUG AppStateMachine      - Push state: DialogSubState
10:02:59.550 [JavaFX Application Thread] DEBUG Input                - Clearing active input actions
10:02:59.551 [JavaFX Application Thread] DEBUG AppStateMachine      - MainMenuState -> DialogSubState
10:02:59.664 [JavaFX Application Thread] DEBUG AppStateMachine      - Pop state: DialogSubState
10:02:59.665 [JavaFX Application Thread] DEBUG Input                - Clearing active input actions
10:02:59.666 [JavaFX Application Thread] DEBUG AppStateMachine      - MainMenuState <- DialogSubState
10:02:59.667 [JavaFX Application Thread] DEBUG AssetLoader          - Loading from cache: /assets/properties/languages/english.properties
10:02:59.668 [JavaFX Application Thread] DEBUG AssetLoader          - Loading from cache: /assets/ui/fonts/VarelaRound-Regular.ttf
10:02:59.669 [JavaFX Application Thread] DEBUG AssetLoader          - Loading from cache: /assets/ui/fonts/VarelaRound-Regular.ttf
10:02:59.669 [JavaFX Application Thread] DEBUG AppStateMachine      - Push state: DialogSubState
10:02:59.669 [JavaFX Application Thread] DEBUG Input                - Clearing active input actions
10:02:59.670 [JavaFX Application Thread] DEBUG AppStateMachine      - MainMenuState -> DialogSubState
10:02:59.975 [JavaFX Application Thread] DEBUG AssetLoader          - Loading from cache: /assets/sounds/menu/select.wav
10:03:00.096 [JavaFX Application Thread] DEBUG AssetLoader          - Loading from cache: /assets/sounds/menu/select.wav
10:03:00.452 [JavaFX Application Thread] DEBUG AppStateMachine      - Pop state: DialogSubState
10:03:00.452 [JavaFX Application Thread] DEBUG Input                - Clearing active input actions
10:03:00.453 [JavaFX Application Thread] DEBUG AppStateMachine      - MainMenuState <- DialogSubState
10:03:00.453 [JavaFX Application Thread] DEBUG SaveLoadManager      - Loading profile: Mads
10:03:00.454 [JavaFX Application Thread] DEBUG AssetLoader          - Loading from cache: /assets/properties/languages/english.properties
10:03:00.454 [JavaFX Application Thread] DEBUG AssetLoader          - Loading from cache: /assets/ui/fonts/VarelaRound-Regular.ttf
10:03:00.455 [JavaFX Application Thread] DEBUG AssetLoader          - Loading from cache: /assets/ui/fonts/VarelaRound-Regular.ttf
10:03:00.455 [JavaFX Application Thread] DEBUG AppStateMachine      - Push state: DialogSubState
10:03:00.455 [JavaFX Application Thread] DEBUG Input                - Clearing active input actions
10:03:00.455 [JavaFX Application Thread] DEBUG AppStateMachine      - MainMenuState -> DialogSubState
10:03:00.458 [FXGL Background Thread 1 ] DEBUG DesktopFSService     - Reading from: .\profiles\Mads\user.profile
10:03:00.476 [JavaFX Application Thread] DEBUG AppStateMachine      - Pop state: DialogSubState
10:03:00.476 [JavaFX Application Thread] DEBUG Input                - Clearing active input actions
10:03:00.477 [JavaFX Application Thread] DEBUG AppStateMachine      - MainMenuState <- DialogSubState
10:03:00.477 [JavaFX Application Thread] DEBUG EventBus             - Firing event: LoadEvent[type=LOAD_PROFILE]
10:03:00.477 [JavaFX Application Thread] DEBUG AudioPlayer          - Loading data from profile
10:03:00.477 [JavaFX Application Thread] DEBUG Bundle               - Logging bundle: audio
10:03:00.477 [JavaFX Application Thread] DEBUG Bundle               - audio.musicVolume=0.5
10:03:00.477 [JavaFX Application Thread] DEBUG Bundle               - audio.soundVolume=0.5
10:03:00.477 [JavaFX Application Thread] DEBUG Input                - Loading data from profile
10:03:00.477 [JavaFX Application Thread] DEBUG Bundle               - Logging bundle: input
10:03:00.477 [JavaFX Application Thread] DEBUG Bundle               - input.Move Right=D
10:03:00.477 [JavaFX Application Thread] DEBUG Bundle               - input.Move Down(Player 2)=Down
10:03:00.477 [JavaFX Application Thread] DEBUG Bundle               - input.Restart=CTRL+R
10:03:00.478 [JavaFX Application Thread] DEBUG Bundle               - input.Move Up=W
10:03:00.478 [JavaFX Application Thread] DEBUG Bundle               - input.Dev Options=CTRL+0
10:03:00.478 [JavaFX Application Thread] DEBUG Bundle               - input.Move Left=A
10:03:00.478 [JavaFX Application Thread] DEBUG Bundle               - input.Move Up (Player 2)=Up
10:03:00.478 [JavaFX Application Thread] DEBUG Bundle               - input.Move Right (Player2)=Right
10:03:00.478 [JavaFX Application Thread] DEBUG Bundle               - input.Move Left (Player2)=Left
10:03:00.478 [JavaFX Application Thread] DEBUG Bundle               - input.Celebrate=F
10:03:00.478 [JavaFX Application Thread] DEBUG Bundle               - input.Screenshot=P
10:03:00.478 [JavaFX Application Thread] DEBUG Bundle               - input.System info dump=CTRL+9
10:03:00.478 [JavaFX Application Thread] DEBUG Bundle               - input.Move Down=S
10:03:00.479 [JavaFX Application Thread] DEBUG Bundle               - Logging bundle: gameplayStats
10:03:00.479 [JavaFX Application Thread] DEBUG Bundle               - gameplayStats.playtime=1123845715328
10:03:00.479 [JavaFX Application Thread] DEBUG AchievementManager   - Loading data from profile
10:03:00.479 [JavaFX Application Thread] DEBUG Bundle               - Logging bundle: achievement
10:03:00.479 [JavaFX Application Thread] DEBUG AssetLoader          - Loading from cache: /assets/properties/languages/english.properties
10:03:00.479 [JavaFX Application Thread] DEBUG AssetLoader          - Loading from cache: /assets/ui/fonts/VarelaRound-Regular.ttf
10:03:00.480 [JavaFX Application Thread] DEBUG AssetLoader          - Loading from cache: /assets/properties/languages/english.properties
10:03:00.480 [JavaFX Application Thread] DEBUG AssetLoader          - Loading from cache: /assets/ui/fonts/VarelaRound-Regular.ttf
10:03:00.480 [JavaFX Application Thread] DEBUG SaveLoadManager      - Loading last modified save file
10:03:00.480 [JavaFX Application Thread] DEBUG SaveLoadManager      - Loading save files
10:03:00.483 [JavaFX Application Thread] DEBUG AssetLoader          - Loading from cache: /assets/properties/languages/english.properties
10:03:00.484 [JavaFX Application Thread] DEBUG AssetLoader          - Loading from cache: /assets/ui/fonts/VarelaRound-Regular.ttf
10:03:00.484 [JavaFX Application Thread] DEBUG AssetLoader          - Loading from cache: /assets/ui/fonts/VarelaRound-Regular.ttf
10:03:00.485 [JavaFX Application Thread] DEBUG AppStateMachine      - Push state: DialogSubState
10:03:00.485 [JavaFX Application Thread] DEBUG Input                - Clearing active input actions
10:03:00.485 [JavaFX Application Thread] DEBUG AppStateMachine      - MainMenuState -> DialogSubState
10:03:00.501 [JavaFX Application Thread] DEBUG AppStateMachine      - Pop state: DialogSubState
10:03:00.502 [JavaFX Application Thread] DEBUG Input                - Clearing active input actions
10:03:00.502 [JavaFX Application Thread] DEBUG AppStateMachine      - MainMenuState <- DialogSubState
10:03:00.640 [JavaFX Application Thread] DEBUG AssetLoader          - Loading from cache: /assets/sounds/menu/select.wav
10:03:00.913 [JavaFX Application Thread] DEBUG FXGL.Menu            - fireNewGame()
10:03:00.913 [JavaFX Application Thread] DEBUG GameApplication      - Starting new game
10:03:00.914 [JavaFX Application Thread] DEBUG Input                - Clearing active input actions
10:03:00.914 [JavaFX Application Thread] DEBUG AssetLoader          - Loading from disk: /assets/ui/css/fxgl_dark.css
10:03:00.927 [JavaFX Application Thread] DEBUG AppStateMachine      - MainMenuState -> LoadingState
10:03:00.931 [FXGL Background Thread 1 ] DEBUG InitAppTask          - Clearing previous game
10:03:00.931 [FXGL Background Thread 1 ] DEBUG GameWorld            - Clearing game world
10:03:00.931 [FXGL Background Thread 1 ] DEBUG PhysicsWorld         - Clearing physics world
10:03:00.931 [FXGL Background Thread 1 ] DEBUG GameScene            - Clearing game scene
10:03:00.932 [FXGL Background Thread 1 ] DEBUG InitAppTask          - Initializing Game
10:03:00.974 [FXGL Background Thread 1 ] DEBUG AssetLoader          - Loading from disk: /assets/textures/background1.png
10:03:01.002 [FXGL Background Thread 1 ] DEBUG GameScene            - Creating render group for layer: DEFAULT(100000)
10:03:01.004 [FXGL Background Thread 1 ] DEBUG AssetLoader          - Loading from disk: /assets/textures/slime1.png
10:03:01.011 [FXGL Background Thread 1 ] DEBUG AssetLoader          - Loading from disk: /assets/textures/slime2.png
10:03:01.014 [FXGL Background Thread 1 ] DEBUG AssetLoader          - Loading from disk: /assets/textures/ball.png
10:03:01.017 [FXGL Background Thread 1 ] DEBUG AssetLoader          - Loading from disk: /assets/textures/bottomline.png
10:03:01.021 [JavaFX Application Thread] FATAL FXGL                 - Uncaught Exception:

Fatal exception occurred: java.lang.IllegalArgumentException : Component PhysicsComponent not found!
E: com.almasb.fxgl.entity.Entity.getComponent(Entity.java:276)
E: SimpleGame.initGame(SimpleGame.java:79)
E: com.almasb.fxgl.app.GameApplication.internalInitGame(GameApplication.java:238)
E: com.almasb.fxgl.app.LoadingState$InitAppTask.initGame(AppStates.kt:168)
E: com.almasb.fxgl.app.LoadingState$InitAppTask.call(AppStates.kt:138)
E: com.almasb.fxgl.app.LoadingState$InitAppTask.call(AppStates.kt:127)
E: javafx.graphics/javafx.concurrent.Task$TaskCallable.call(Task.java:1425)
E: java.base/java.util.concurrent.FutureTask.run(FutureTask.java:264)
E: java.base/java.util.concurrent.Executors$RunnableAdapter.call(Executors.java:514)
E: java.base/java.util.concurrent.FutureTask.run(FutureTask.java:264)
E: java.base/java.util.concurrent.ThreadPoolExecutor.runWorker(ThreadPoolExecutor.java:1135)
E: java.base/java.util.concurrent.ThreadPoolExecutor$Worker.run(ThreadPoolExecutor.java:635)
E: java.base/java.lang.Thread.run(Thread.java:844)

10:03:01.021 [JavaFX Application Thread] FATAL FXGL                 - Application will now exit
10:03:01.021 [JavaFX Application Thread] DEBUG LoopRunner           - Stopping loop
10:03:02.938 [JavaFX Application Thread] DEBUG FXGL                 - Exiting FXGL
10:03:02.938 [JavaFX Application Thread] DEBUG MenuEventHandler     - Creating default profile
10:03:02.938 [JavaFX Application Thread] DEBUG EventBus             - Firing event: SaveEvent
10:03:02.938 [JavaFX Application Thread] DEBUG AudioPlayer          - Saving data to profile
10:03:02.938 [JavaFX Application Thread] DEBUG Bundle               - Logging bundle: audio
10:03:02.938 [JavaFX Application Thread] DEBUG Bundle               - audio.musicVolume=0.5
10:03:02.938 [JavaFX Application Thread] DEBUG Bundle               - audio.soundVolume=0.5
10:03:02.938 [JavaFX Application Thread] DEBUG Input                - Saving data to profile
10:03:02.938 [JavaFX Application Thread] DEBUG Bundle               - Logging bundle: input
10:03:02.938 [JavaFX Application Thread] DEBUG Bundle               - input.Move Right=D
10:03:02.938 [JavaFX Application Thread] DEBUG Bundle               - input.Move Down(Player 2)=Down
10:03:02.939 [JavaFX Application Thread] DEBUG Bundle               - input.Restart=CTRL+R
10:03:02.939 [JavaFX Application Thread] DEBUG Bundle               - input.Move Up=W
10:03:02.939 [JavaFX Application Thread] DEBUG Bundle               - input.Dev Options=CTRL+0
10:03:02.939 [JavaFX Application Thread] DEBUG Bundle               - input.Move Left=A
10:03:02.939 [JavaFX Application Thread] DEBUG Bundle               - input.Move Up (Player 2)=Up
10:03:02.939 [JavaFX Application Thread] DEBUG Bundle               - input.Move Right (Player2)=Right
10:03:02.939 [JavaFX Application Thread] DEBUG Bundle               - input.Move Left (Player2)=Left
10:03:02.939 [JavaFX Application Thread] DEBUG Bundle               - input.Celebrate=F
10:03:02.939 [JavaFX Application Thread] DEBUG Bundle               - input.Screenshot=P
10:03:02.939 [JavaFX Application Thread] DEBUG Bundle               - input.System info dump=CTRL+9
10:03:02.939 [JavaFX Application Thread] DEBUG Bundle               - input.Move Down=S
10:03:02.939 [JavaFX Application Thread] DEBUG Bundle               - Logging bundle: gameplayStats
10:03:02.939 [JavaFX Application Thread] DEBUG Bundle               - gameplayStats.playtime=1123845715328
10:03:02.939 [JavaFX Application Thread] DEBUG AchievementManager   - Saving data to profile
10:03:02.939 [JavaFX Application Thread] DEBUG Bundle               - Logging bundle: achievement
10:03:02.939 [JavaFX Application Thread] DEBUG SaveLoadManager      - Saving profile: Mads
10:03:02.942 [JavaFX Application Thread] DEBUG DesktopFSService     - Writing to: .\profiles\Mads\user.profile
10:03:02.946 [JavaFX Application Thread] DEBUG FXGL                 - Shutting down background threads
10:03:02.946 [JavaFX Application Thread] DEBUG FXGL                 - Saving FXGL system data
10:03:02.947 [JavaFX Application Thread] DEBUG DesktopFSService     - Writing to: system\fxgl.bundle
10:03:02.949 [JavaFX Application Thread] DEBUG FXGL                 - Closing logger and exiting JavaFX
