12:28:39.239 [JavaFX Application Thread] DEBUG GameApplication      - Logger initialized
12:28:39.260 [JavaFX Application Thread] DEBUG GameApplication      - Logging settings
Title: Simple Game
Version: 0.1
Width: 1200
Height: 600
Fullscreen: false
Intro: false
Menus: false
Profiling: false
Single step:false
App Mode: DEVELOPER
Menu Key: ESCAPE
Stage Style: DECORATED
Scene Factory: class com.almasb.fxgl.scene.SceneFactory
Dialog Factory: class com.almasb.fxgl.ui.FXGLDialogFactory
UI Factory: class com.almasb.fxgl.ui.FXGLUIFactory
Notification Service: class com.almasb.fxgl.gameplay.notification.XboxNotificationView
Exception Handler: class com.almasb.fxgl.app.FXGLExceptionHandler
12:28:39.260 [JavaFX Application Thread] DEBUG GameApplication      - Starting FXGL
12:28:39.275 [JavaFX Application Thread] INFO  FXGL                 - FXGL-0.5.4 on DESKTOP
12:28:39.276 [JavaFX Application Thread] INFO  FXGL                 - Source code and latest versions at: https://github.com/AlmasB/FXGL
12:28:39.276 [JavaFX Application Thread] INFO  FXGL                 -              Join the FXGL chat at: https://gitter.im/AlmasB/FXGL
12:28:39.276 [JavaFX Application Thread] DEBUG FXGL                 - FXGL started
12:28:39.277 [JavaFX Application Thread] DEBUG FXGL                 - Initializing FXGL
12:28:39.332 [JavaFX Application Thread] DEBUG AssetLoader          - Loading from disk: /assets/ui/cursors/fxgl_default.png
12:28:39.442 [JavaFX Application Thread] DEBUG AssetLoader          - Loading from disk: /assets/ui/fonts/VarelaRound-Regular.ttf
12:28:39.722 [JavaFX Application Thread] DEBUG MainWindow           - Creating a JavaFX scene
12:28:39.761 [JavaFX Application Thread] DEBUG MainWindow           - Target settings size: 1200.0 x 600.0
12:28:39.762 [JavaFX Application Thread] DEBUG MainWindow           - Scaled scene size:    1200.0 x 600.0
12:28:39.762 [JavaFX Application Thread] DEBUG MainWindow           - Scaled ratio: (1.0, 1.0)
12:28:39.766 [JavaFX Application Thread] DEBUG AssetLoader          - Loading from disk: /assets/ui/css/fxgl_dark.css
12:28:39.770 [JavaFX Application Thread] DEBUG AssetLoader          - Loading from disk: /assets/textures/fxgl_icon.png
12:28:39.793 [JavaFX Application Thread] DEBUG MainWindow           - Opening main window
12:28:39.982 [JavaFX Application Thread] DEBUG MainWindow           - Window border size: (14.4000244140625, 37.5999755859375)
12:28:39.983 [JavaFX Application Thread] DEBUG MainWindow           - Scaled size: 1200.0 x 600.0
12:28:39.983 [JavaFX Application Thread] DEBUG MainWindow           - Scaled ratio: (1.0, 1.0)
12:28:39.983 [JavaFX Application Thread] DEBUG MainWindow           - Scene size: 1200.0 x 600.0
12:28:39.983 [JavaFX Application Thread] DEBUG MainWindow           - Stage size: 1214.4000244140625 x 637.5999755859375
12:28:40.063 [ForkJoinPool.commonPool-worker-9] DEBUG FS                   - Loaded DesktopFSService
12:28:40.064 [ForkJoinPool.commonPool-worker-9] DEBUG FXGL                 - Loading FXGL system data
12:28:40.074 [ForkJoinPool.commonPool-worker-9] DEBUG DesktopFSService     - Reading from: system\fxgl.bundle
12:28:40.095 [ForkJoinPool.commonPool-worker-9] DEBUG Bundle               - Logging bundle: FXGL
12:28:40.096 [ForkJoinPool.commonPool-worker-9] DEBUG Bundle               - FXGL.offline.timer.version.check=2019-01-07T14:44:13.971316
12:28:40.098 [ForkJoinPool.commonPool-worker-9] DEBUG FXGL                 - Initializing state machine and application states
12:28:40.101 [ForkJoinPool.commonPool-worker-9] DEBUG AssetLoader          - Loading from disk: /assets/ui/cursors/fxgl_default.png
12:28:40.113 [ForkJoinPool.commonPool-worker-9] DEBUG AssetLoader          - Loading from disk: /assets/ui/cursors/fxgl_default.png
12:28:40.124 [ForkJoinPool.commonPool-worker-9] DEBUG AssetLoader          - Loading from cache: /assets/ui/fonts/VarelaRound-Regular.ttf
12:28:40.129 [ForkJoinPool.commonPool-worker-9] DEBUG AssetLoader          - Loading from disk: /assets/ui/cursors/fxgl_default.png
12:28:40.133 [ForkJoinPool.commonPool-worker-9] DEBUG GameScene            - Game scene initialized: 1200x600
12:28:40.144 [ForkJoinPool.commonPool-worker-9] DEBUG GameWorld            - Game world initialized
12:28:40.245 [ForkJoinPool.commonPool-worker-9] DEBUG PhysicsWorld         - Physics world initialized: appHeight=600, physics.ppm=50,0
12:28:40.280 [ForkJoinPool.commonPool-worker-9] DEBUG Input                - Registered new binding: Pause - Esc
12:28:40.378 [JavaFX Application Thread] DEBUG FXGL                 - Running preInit()
12:28:40.381 [JavaFX Application Thread] DEBUG Input                - Registered new binding: Screenshot - P
12:28:40.382 [JavaFX Application Thread] DEBUG Input                - Registered new binding: Dev Options - CTRL+0
12:28:40.383 [JavaFX Application Thread] DEBUG Input                - Registered new binding: System info dump - CTRL+9
12:28:40.383 [JavaFX Application Thread] DEBUG Input                - Registered new binding: Restart - CTRL+R
12:28:40.384 [JavaFX Application Thread] DEBUG Input                - Registered new binding: Move Right - D
12:28:40.384 [JavaFX Application Thread] DEBUG Input                - Registered new binding: Move Left - A
12:28:40.385 [JavaFX Application Thread] DEBUG Input                - Registered new binding: Move Up - W
12:28:40.385 [JavaFX Application Thread] DEBUG Input                - Registered new binding: Move Down - S
12:28:40.385 [JavaFX Application Thread] DEBUG Input                - Registered new binding: Play Sound - F
12:28:40.388 [JavaFX Application Thread] INFO  FXGL                 - FXGL initialization took: 1,111 sec
12:28:40.388 [JavaFX Application Thread] DEBUG LoopRunner           - Starting loop
12:28:40.391 [JavaFX Application Thread] DEBUG StartupState         - STARTUP
12:28:40.391 [JavaFX Application Thread] DEBUG GameApplication      - Starting new game
12:28:40.392 [JavaFX Application Thread] DEBUG Input                - Clearing active input actions
12:28:40.393 [JavaFX Application Thread] DEBUG AssetLoader          - Loading from disk: /assets/ui/css/fxgl_dark.css
12:28:40.406 [JavaFX Application Thread] DEBUG AppStateMachine      - StartupState -> LoadingState
12:28:40.413 [FXGL Background Thread 1 ] DEBUG InitAppTask          - Clearing previous game
12:28:40.414 [FXGL Background Thread 1 ] DEBUG GameWorld            - Clearing game world
12:28:40.414 [FXGL Background Thread 1 ] DEBUG PhysicsWorld         - Clearing physics world
12:28:40.414 [FXGL Background Thread 1 ] DEBUG GameScene            - Clearing game scene
12:28:40.415 [FXGL Background Thread 1 ] DEBUG InitAppTask          - Initializing Game
12:28:40.469 [FXGL Background Thread 1 ] DEBUG AssetLoader          - Loading from disk: /assets/textures/slime1.png
12:28:40.491 [FXGL Background Thread 1 ] DEBUG GameScene            - Creating render group for layer: DEFAULT(100000)
12:28:40.496 [FXGL Background Thread 1 ] DEBUG InitAppTask          - Initializing Physics
12:28:40.496 [FXGL Background Thread 1 ] DEBUG InitAppTask          - Initializing UI
12:28:40.498 [FXGL Background Thread 1 ] DEBUG InitAppTask          - Initialization Complete
12:28:40.499 [FXGL Background Thread 1 ] INFO  InitAppTask          - Game initialization took: 0,086 sec
12:28:40.561 [JavaFX Application Thread] DEBUG Input                - Clearing active input actions
12:28:40.561 [JavaFX Application Thread] DEBUG AssetLoader          - Loading from disk: /assets/ui/css/fxgl_dark.css
12:28:40.576 [JavaFX Application Thread] DEBUG AppStateMachine      - LoadingState -> PlayState
12:46:56.917 [JavaFX Application Thread] DEBUG FXGL                 - Exiting FXGL
12:46:56.917 [JavaFX Application Thread] DEBUG FXGL                 - Shutting down background threads
12:46:56.918 [JavaFX Application Thread] DEBUG FXGL                 - Saving FXGL system data
12:46:56.921 [JavaFX Application Thread] DEBUG DesktopFSService     - Writing to: system\fxgl.bundle
12:46:56.926 [JavaFX Application Thread] DEBUG FXGL                 - Closing logger and exiting JavaFX
