12:12:23.223 [JavaFX Application Thread] DEBUG GameApplication      - Logger initialized
12:12:23.249 [JavaFX Application Thread] DEBUG GameApplication      - Logging settings
Title: Simple Game
Version: 0.1
Width: 600
Height: 600
Fullscreen: false
Intro: false
Menus: false
Profiling: false
Single step:false
App Mode: DEVELOPER
Menu Key: ESCAPE
Stage Style: DECORATED
Scene Factory: class com.almasb.fxgl.scene.SceneFactory
Dialog Factory: class com.almasb.fxgl.ui.FXGLDialogFactory
UI Factory: class com.almasb.fxgl.ui.FXGLUIFactory
Notification Service: class com.almasb.fxgl.gameplay.notification.XboxNotificationView
Exception Handler: class com.almasb.fxgl.app.FXGLExceptionHandler
12:12:23.249 [JavaFX Application Thread] DEBUG GameApplication      - Starting FXGL
12:12:23.266 [JavaFX Application Thread] INFO  FXGL                 - FXGL-0.5.4 on DESKTOP
12:12:23.267 [JavaFX Application Thread] INFO  FXGL                 - Source code and latest versions at: https://github.com/AlmasB/FXGL
12:12:23.267 [JavaFX Application Thread] INFO  FXGL                 -              Join the FXGL chat at: https://gitter.im/AlmasB/FXGL
12:12:23.267 [JavaFX Application Thread] DEBUG FXGL                 - FXGL started
12:12:23.267 [JavaFX Application Thread] DEBUG FXGL                 - Initializing FXGL
12:12:23.320 [JavaFX Application Thread] DEBUG AssetLoader          - Loading from disk: /assets/ui/cursors/fxgl_default.png
12:12:23.442 [JavaFX Application Thread] DEBUG AssetLoader          - Loading from disk: /assets/ui/fonts/VarelaRound-Regular.ttf
12:12:23.705 [JavaFX Application Thread] DEBUG MainWindow           - Creating a JavaFX scene
12:12:23.745 [JavaFX Application Thread] DEBUG MainWindow           - Target settings size: 600.0 x 600.0
12:12:23.745 [JavaFX Application Thread] DEBUG MainWindow           - Scaled scene size:    600.0 x 600.0
12:12:23.745 [JavaFX Application Thread] DEBUG MainWindow           - Scaled ratio: (1.0, 1.0)
12:12:23.749 [JavaFX Application Thread] DEBUG AssetLoader          - Loading from disk: /assets/ui/css/fxgl_dark.css
12:12:23.753 [JavaFX Application Thread] DEBUG AssetLoader          - Loading from disk: /assets/textures/fxgl_icon.png
12:12:23.780 [JavaFX Application Thread] DEBUG MainWindow           - Opening main window
12:12:23.957 [JavaFX Application Thread] DEBUG MainWindow           - Window border size: (14.4000244140625, 37.5999755859375)
12:12:23.958 [JavaFX Application Thread] DEBUG MainWindow           - Scaled size: 600.0 x 600.0
12:12:23.959 [JavaFX Application Thread] DEBUG MainWindow           - Scaled ratio: (1.0, 1.0)
12:12:23.959 [JavaFX Application Thread] DEBUG MainWindow           - Scene size: 600.0 x 600.0
12:12:23.959 [JavaFX Application Thread] DEBUG MainWindow           - Stage size: 614.4000244140625 x 637.5999755859375
12:12:24.034 [ForkJoinPool.commonPool-worker-9] DEBUG FS                   - Loaded DesktopFSService
12:12:24.035 [ForkJoinPool.commonPool-worker-9] DEBUG FXGL                 - Loading FXGL system data
12:12:24.044 [ForkJoinPool.commonPool-worker-9] DEBUG DesktopFSService     - Reading from: system\fxgl.bundle
12:12:24.061 [ForkJoinPool.commonPool-worker-9] DEBUG Bundle               - Logging bundle: FXGL
12:12:24.062 [ForkJoinPool.commonPool-worker-9] DEBUG Bundle               - FXGL.offline.timer.version.check=2019-01-07T14:44:13.971316
12:12:24.064 [ForkJoinPool.commonPool-worker-9] DEBUG FXGL                 - Initializing state machine and application states
12:12:24.071 [ForkJoinPool.commonPool-worker-9] DEBUG AssetLoader          - Loading from disk: /assets/ui/cursors/fxgl_default.png
12:12:24.081 [ForkJoinPool.commonPool-worker-9] DEBUG AssetLoader          - Loading from disk: /assets/ui/cursors/fxgl_default.png
12:12:24.090 [ForkJoinPool.commonPool-worker-9] DEBUG AssetLoader          - Loading from cache: /assets/ui/fonts/VarelaRound-Regular.ttf
12:12:24.094 [ForkJoinPool.commonPool-worker-9] DEBUG AssetLoader          - Loading from disk: /assets/ui/cursors/fxgl_default.png
12:12:24.098 [ForkJoinPool.commonPool-worker-9] DEBUG GameScene            - Game scene initialized: 600x600
12:12:24.107 [ForkJoinPool.commonPool-worker-9] DEBUG GameWorld            - Game world initialized
12:12:24.205 [ForkJoinPool.commonPool-worker-9] DEBUG PhysicsWorld         - Physics world initialized: appHeight=600, physics.ppm=50,0
12:12:24.229 [ForkJoinPool.commonPool-worker-9] DEBUG Input                - Registered new binding: Pause - Esc
12:12:24.298 [JavaFX Application Thread] DEBUG FXGL                 - Running preInit()
12:12:24.301 [JavaFX Application Thread] DEBUG Input                - Registered new binding: Screenshot - P
12:12:24.302 [JavaFX Application Thread] DEBUG Input                - Registered new binding: Dev Options - CTRL+0
12:12:24.303 [JavaFX Application Thread] DEBUG Input                - Registered new binding: System info dump - CTRL+9
12:12:24.304 [JavaFX Application Thread] DEBUG Input                - Registered new binding: Restart - CTRL+R
12:12:24.304 [JavaFX Application Thread] DEBUG Input                - Registered new binding: Move Right - D
12:12:24.306 [JavaFX Application Thread] INFO  FXGL                 - FXGL initialization took: 1,038 sec
12:12:24.306 [JavaFX Application Thread] DEBUG LoopRunner           - Starting loop
12:12:24.308 [JavaFX Application Thread] DEBUG StartupState         - STARTUP
12:12:24.308 [JavaFX Application Thread] DEBUG GameApplication      - Starting new game
12:12:24.308 [JavaFX Application Thread] DEBUG Input                - Clearing active input actions
12:12:24.310 [JavaFX Application Thread] DEBUG AssetLoader          - Loading from disk: /assets/ui/css/fxgl_dark.css
12:12:24.320 [JavaFX Application Thread] DEBUG AppStateMachine      - StartupState -> LoadingState
12:12:24.328 [FXGL Background Thread 1 ] DEBUG InitAppTask          - Clearing previous game
12:12:24.329 [FXGL Background Thread 1 ] DEBUG GameWorld            - Clearing game world
12:12:24.329 [FXGL Background Thread 1 ] DEBUG PhysicsWorld         - Clearing physics world
12:12:24.329 [FXGL Background Thread 1 ] DEBUG GameScene            - Clearing game scene
12:12:24.331 [FXGL Background Thread 1 ] DEBUG InitAppTask          - Initializing Game
12:12:24.380 [FXGL Background Thread 1 ] DEBUG GameScene            - Creating render group for layer: DEFAULT(100000)
12:12:24.382 [FXGL Background Thread 1 ] DEBUG InitAppTask          - Initializing Physics
12:12:24.382 [FXGL Background Thread 1 ] DEBUG InitAppTask          - Initializing UI
12:12:24.383 [FXGL Background Thread 1 ] DEBUG InitAppTask          - Initialization Complete
12:12:24.383 [FXGL Background Thread 1 ] INFO  InitAppTask          - Game initialization took: 0,055 sec
12:12:24.425 [JavaFX Application Thread] DEBUG Input                - Clearing active input actions
12:12:24.425 [JavaFX Application Thread] DEBUG AssetLoader          - Loading from disk: /assets/ui/css/fxgl_dark.css
12:12:24.433 [JavaFX Application Thread] DEBUG AppStateMachine      - LoadingState -> PlayState
12:12:31.799 [JavaFX Application Thread] DEBUG FXGL                 - Exiting FXGL
12:12:31.799 [JavaFX Application Thread] DEBUG FXGL                 - Shutting down background threads
12:12:31.800 [JavaFX Application Thread] DEBUG FXGL                 - Saving FXGL system data
12:12:31.802 [JavaFX Application Thread] DEBUG DesktopFSService     - Writing to: system\fxgl.bundle
12:12:31.806 [JavaFX Application Thread] DEBUG FXGL                 - Closing logger and exiting JavaFX
