13:29:43.132 [JavaFX Application Thread] DEBUG GameApplication      - Logger initialized
13:29:43.335 [JavaFX Application Thread] DEBUG GameApplication      - Logging settings
Title: SlimeSoccer2000
Version: 0.1
Width: 1200
Height: 600
Fullscreen: false
Intro: false
Menus: true
Profiling: false
Single step:false
App Mode: DEVELOPER
Menu Key: M
Stage Style: DECORATED
Scene Factory: class com.almasb.fxgl.scene.SceneFactory
Dialog Factory: class com.almasb.fxgl.ui.FXGLDialogFactory
UI Factory: class com.almasb.fxgl.ui.FXGLUIFactory
Notification Service: class com.almasb.fxgl.gameplay.notification.XboxNotificationView
Exception Handler: class com.almasb.fxgl.app.FXGLExceptionHandler
13:29:43.336 [JavaFX Application Thread] DEBUG GameApplication      - Starting FXGL
13:29:43.399 [JavaFX Application Thread] INFO  FXGL                 - FXGL-0.5.4 on DESKTOP
13:29:43.400 [JavaFX Application Thread] INFO  FXGL                 - Source code and latest versions at: https://github.com/AlmasB/FXGL
13:29:43.400 [JavaFX Application Thread] INFO  FXGL                 -              Join the FXGL chat at: https://gitter.im/AlmasB/FXGL
13:29:43.401 [JavaFX Application Thread] DEBUG FXGL                 - FXGL started
13:29:43.401 [JavaFX Application Thread] DEBUG FXGL                 - Initializing FXGL
13:29:43.583 [JavaFX Application Thread] DEBUG AssetLoader          - Loading from disk: /assets/ui/cursors/fxgl_default.png
13:29:43.980 [JavaFX Application Thread] DEBUG AssetLoader          - Loading from disk: /assets/ui/fonts/VarelaRound-Regular.ttf
13:29:44.888 [JavaFX Application Thread] DEBUG MainWindow           - Creating a JavaFX scene
13:29:44.971 [JavaFX Application Thread] DEBUG MainWindow           - Target settings size: 1200.0 x 600.0
13:29:44.972 [JavaFX Application Thread] DEBUG MainWindow           - Scaled scene size:    1200.0 x 600.0
13:29:44.973 [JavaFX Application Thread] DEBUG MainWindow           - Scaled ratio: (1.0, 1.0)
13:29:44.981 [JavaFX Application Thread] DEBUG AssetLoader          - Loading from disk: /assets/ui/css/fxgl_dark.css
13:29:44.992 [JavaFX Application Thread] DEBUG AssetLoader          - Loading from disk: /assets/textures/fxgl_icon.png
13:29:45.070 [JavaFX Application Thread] DEBUG MainWindow           - Opening main window
13:29:45.425 [JavaFX Application Thread] DEBUG MainWindow           - Window border size: (14.4000244140625, 37.5999755859375)
13:29:45.425 [JavaFX Application Thread] DEBUG MainWindow           - Scaled size: 1200.0 x 600.0
13:29:45.426 [JavaFX Application Thread] DEBUG MainWindow           - Scaled ratio: (1.0, 1.0)
13:29:45.426 [JavaFX Application Thread] DEBUG MainWindow           - Scene size: 1200.0 x 600.0
13:29:45.427 [JavaFX Application Thread] DEBUG MainWindow           - Stage size: 1214.4000244140625 x 637.5999755859375
13:29:45.610 [ForkJoinPool.commonPool-worker-9] DEBUG FS                   - Loaded DesktopFSService
13:29:45.611 [ForkJoinPool.commonPool-worker-9] DEBUG FXGL                 - Loading FXGL system data
13:29:45.624 [ForkJoinPool.commonPool-worker-9] DEBUG DesktopFSService     - Reading from: system\fxgl.bundle
13:29:45.648 [ForkJoinPool.commonPool-worker-9] DEBUG Bundle               - Logging bundle: FXGL
13:29:45.650 [ForkJoinPool.commonPool-worker-9] DEBUG Bundle               - FXGL.offline.timer.version.check=2019-01-07T14:44:13.971316
13:29:45.652 [ForkJoinPool.commonPool-worker-9] DEBUG FXGL                 - Initializing state machine and application states
13:29:45.656 [ForkJoinPool.commonPool-worker-9] DEBUG AssetLoader          - Loading from disk: /assets/ui/cursors/fxgl_default.png
13:29:45.684 [ForkJoinPool.commonPool-worker-9] DEBUG AssetLoader          - Loading from disk: /assets/ui/cursors/fxgl_default.png
13:29:45.718 [ForkJoinPool.commonPool-worker-9] DEBUG AssetLoader          - Loading from cache: /assets/ui/fonts/VarelaRound-Regular.ttf
13:29:45.726 [ForkJoinPool.commonPool-worker-9] DEBUG AssetLoader          - Loading from disk: /assets/ui/cursors/fxgl_default.png
13:29:45.733 [ForkJoinPool.commonPool-worker-9] DEBUG GameScene            - Game scene initialized: 1200x600
13:29:45.747 [ForkJoinPool.commonPool-worker-9] DEBUG GameWorld            - Game world initialized
13:29:45.899 [ForkJoinPool.commonPool-worker-9] DEBUG PhysicsWorld         - Physics world initialized: appHeight=600, physics.ppm=50,0
13:29:45.991 [ForkJoinPool.commonPool-worker-9] DEBUG AssetLoader          - Loading from disk: /assets/ui/cursors/fxgl_default.png
13:29:45.999 [ForkJoinPool.commonPool-worker-9] DEBUG AssetLoader          - Loading from disk: /assets/properties/languages/english.properties
13:29:46.004 [ForkJoinPool.commonPool-worker-9] DEBUG AssetLoader          - Loading from cache: /assets/ui/fonts/VarelaRound-Regular.ttf
13:29:46.006 [ForkJoinPool.commonPool-worker-9] DEBUG AssetLoader          - Loading from cache: /assets/ui/fonts/VarelaRound-Regular.ttf
13:29:46.007 [ForkJoinPool.commonPool-worker-9] DEBUG AssetLoader          - Loading from cache: /assets/ui/fonts/VarelaRound-Regular.ttf
13:29:46.056 [ForkJoinPool.commonPool-worker-9] DEBUG AssetLoader          - Loading from disk: /assets/textures/particles/trace_horizontal.png
13:29:46.128 [ForkJoinPool.commonPool-worker-9] DEBUG AssetLoader          - Loading from cache: /assets/ui/fonts/VarelaRound-Regular.ttf
13:29:46.129 [ForkJoinPool.commonPool-worker-9] DEBUG FXGL.Menu            - createMenuBodyMainMenu()
13:29:46.143 [ForkJoinPool.commonPool-worker-9] DEBUG AssetLoader          - Loading from cache: /assets/ui/fonts/VarelaRound-Regular.ttf
13:29:46.147 [ForkJoinPool.commonPool-worker-9] DEBUG AssetLoader          - Loading from cache: /assets/properties/languages/english.properties
13:29:46.161 [ForkJoinPool.commonPool-worker-9] DEBUG AssetLoader          - Loading from cache: /assets/ui/fonts/VarelaRound-Regular.ttf
13:29:46.161 [ForkJoinPool.commonPool-worker-9] DEBUG AssetLoader          - Loading from cache: /assets/properties/languages/english.properties
13:29:46.162 [ForkJoinPool.commonPool-worker-9] DEBUG FXGL.Menu            - createOptionsMenu()
13:29:46.162 [ForkJoinPool.commonPool-worker-9] DEBUG AssetLoader          - Loading from cache: /assets/ui/fonts/VarelaRound-Regular.ttf
13:29:46.163 [ForkJoinPool.commonPool-worker-9] DEBUG AssetLoader          - Loading from cache: /assets/properties/languages/english.properties
13:29:46.166 [ForkJoinPool.commonPool-worker-9] DEBUG AssetLoader          - Loading from cache: /assets/ui/fonts/VarelaRound-Regular.ttf
13:29:46.166 [ForkJoinPool.commonPool-worker-9] DEBUG AssetLoader          - Loading from cache: /assets/properties/languages/english.properties
13:29:46.168 [ForkJoinPool.commonPool-worker-9] DEBUG AssetLoader          - Loading from cache: /assets/ui/fonts/VarelaRound-Regular.ttf
13:29:46.169 [ForkJoinPool.commonPool-worker-9] DEBUG AssetLoader          - Loading from cache: /assets/properties/languages/english.properties
13:29:46.171 [ForkJoinPool.commonPool-worker-9] DEBUG AssetLoader          - Loading from cache: /assets/ui/fonts/VarelaRound-Regular.ttf
13:29:46.172 [ForkJoinPool.commonPool-worker-9] DEBUG AssetLoader          - Loading from cache: /assets/properties/languages/english.properties
13:29:46.174 [ForkJoinPool.commonPool-worker-9] DEBUG AssetLoader          - Loading from cache: /assets/ui/fonts/VarelaRound-Regular.ttf
13:29:46.175 [ForkJoinPool.commonPool-worker-9] DEBUG AssetLoader          - Loading from cache: /assets/properties/languages/english.properties
13:29:46.177 [ForkJoinPool.commonPool-worker-9] DEBUG AssetLoader          - Loading from cache: /assets/ui/fonts/VarelaRound-Regular.ttf
13:29:46.178 [ForkJoinPool.commonPool-worker-9] DEBUG AssetLoader          - Loading from cache: /assets/properties/languages/english.properties
13:29:46.180 [ForkJoinPool.commonPool-worker-9] DEBUG AssetLoader          - Loading from cache: /assets/ui/fonts/VarelaRound-Regular.ttf
13:29:46.181 [ForkJoinPool.commonPool-worker-9] DEBUG AssetLoader          - Loading from cache: /assets/properties/languages/english.properties
13:29:46.183 [ForkJoinPool.commonPool-worker-9] DEBUG AssetLoader          - Loading from cache: /assets/ui/fonts/VarelaRound-Regular.ttf
13:29:46.184 [ForkJoinPool.commonPool-worker-9] DEBUG AssetLoader          - Loading from cache: /assets/properties/languages/english.properties
13:29:46.185 [ForkJoinPool.commonPool-worker-9] DEBUG AssetLoader          - Loading from disk: /assets/textures/particles/smoke.png
13:29:46.402 [ForkJoinPool.commonPool-worker-9] DEBUG AssetLoader          - Loading from disk: /assets/ui/cursors/fxgl_default.png
13:29:46.406 [ForkJoinPool.commonPool-worker-9] DEBUG AssetLoader          - Loading from cache: /assets/properties/languages/english.properties
13:29:46.407 [ForkJoinPool.commonPool-worker-9] DEBUG AssetLoader          - Loading from cache: /assets/ui/fonts/VarelaRound-Regular.ttf
13:29:46.408 [ForkJoinPool.commonPool-worker-9] DEBUG AssetLoader          - Loading from cache: /assets/ui/fonts/VarelaRound-Regular.ttf
13:29:46.409 [ForkJoinPool.commonPool-worker-9] DEBUG AssetLoader          - Loading from cache: /assets/ui/fonts/VarelaRound-Regular.ttf
13:29:46.410 [ForkJoinPool.commonPool-worker-9] DEBUG AssetLoader          - Loading from cache: /assets/textures/particles/trace_horizontal.png@64.0x64.0
13:29:46.411 [ForkJoinPool.commonPool-worker-9] DEBUG AssetLoader          - Loading from cache: /assets/ui/fonts/VarelaRound-Regular.ttf
13:29:46.412 [ForkJoinPool.commonPool-worker-9] DEBUG FXGL.Menu            - createMenuBodyGameMenu()
13:29:46.412 [ForkJoinPool.commonPool-worker-9] DEBUG AssetLoader          - Loading from cache: /assets/ui/fonts/VarelaRound-Regular.ttf
13:29:46.413 [ForkJoinPool.commonPool-worker-9] DEBUG AssetLoader          - Loading from cache: /assets/properties/languages/english.properties
13:29:46.414 [ForkJoinPool.commonPool-worker-9] DEBUG AssetLoader          - Loading from cache: /assets/ui/fonts/VarelaRound-Regular.ttf
13:29:46.415 [ForkJoinPool.commonPool-worker-9] DEBUG AssetLoader          - Loading from cache: /assets/properties/languages/english.properties
13:29:46.415 [ForkJoinPool.commonPool-worker-9] DEBUG FXGL.Menu            - createOptionsMenu()
13:29:46.416 [ForkJoinPool.commonPool-worker-9] DEBUG AssetLoader          - Loading from cache: /assets/ui/fonts/VarelaRound-Regular.ttf
13:29:46.416 [ForkJoinPool.commonPool-worker-9] DEBUG AssetLoader          - Loading from cache: /assets/properties/languages/english.properties
13:29:46.417 [ForkJoinPool.commonPool-worker-9] DEBUG AssetLoader          - Loading from cache: /assets/ui/fonts/VarelaRound-Regular.ttf
13:29:46.418 [ForkJoinPool.commonPool-worker-9] DEBUG AssetLoader          - Loading from cache: /assets/properties/languages/english.properties
13:29:46.419 [ForkJoinPool.commonPool-worker-9] DEBUG AssetLoader          - Loading from cache: /assets/ui/fonts/VarelaRound-Regular.ttf
13:29:46.419 [ForkJoinPool.commonPool-worker-9] DEBUG AssetLoader          - Loading from cache: /assets/properties/languages/english.properties
13:29:46.426 [ForkJoinPool.commonPool-worker-9] DEBUG AssetLoader          - Loading from cache: /assets/ui/fonts/VarelaRound-Regular.ttf
13:29:46.427 [ForkJoinPool.commonPool-worker-9] DEBUG AssetLoader          - Loading from cache: /assets/properties/languages/english.properties
13:29:46.428 [ForkJoinPool.commonPool-worker-9] DEBUG AssetLoader          - Loading from cache: /assets/ui/fonts/VarelaRound-Regular.ttf
13:29:46.429 [ForkJoinPool.commonPool-worker-9] DEBUG AssetLoader          - Loading from cache: /assets/properties/languages/english.properties
13:29:46.431 [ForkJoinPool.commonPool-worker-9] DEBUG AssetLoader          - Loading from cache: /assets/ui/fonts/VarelaRound-Regular.ttf
13:29:46.431 [ForkJoinPool.commonPool-worker-9] DEBUG AssetLoader          - Loading from cache: /assets/properties/languages/english.properties
13:29:46.432 [ForkJoinPool.commonPool-worker-9] DEBUG AssetLoader          - Loading from cache: /assets/ui/fonts/VarelaRound-Regular.ttf
13:29:46.433 [ForkJoinPool.commonPool-worker-9] DEBUG AssetLoader          - Loading from cache: /assets/properties/languages/english.properties
13:29:46.435 [ForkJoinPool.commonPool-worker-9] DEBUG AssetLoader          - Loading from cache: /assets/textures/particles/smoke.png@128.0x128.0
13:29:46.577 [JavaFX Application Thread] DEBUG FXGL                 - Running preInit()
13:29:46.629 [JavaFX Application Thread] DEBUG Input                - Registered new binding: Screenshot - P
13:29:46.632 [JavaFX Application Thread] DEBUG Input                - Registered new binding: Dev Options - CTRL+0
13:29:46.633 [JavaFX Application Thread] DEBUG Input                - Registered new binding: System info dump - CTRL+9
13:29:46.635 [JavaFX Application Thread] DEBUG Input                - Registered new binding: Restart - CTRL+R
13:29:46.635 [JavaFX Application Thread] DEBUG Input                - Registered new binding: Move Right - D
13:29:46.635 [JavaFX Application Thread] DEBUG Input                - Registered new binding: Move Left - A
13:29:46.636 [JavaFX Application Thread] DEBUG Input                - Registered new binding: Move Up - W
13:29:46.636 [JavaFX Application Thread] DEBUG Input                - Registered new binding: Move Down - S
13:29:46.637 [JavaFX Application Thread] DEBUG Input                - Registered new binding: Play Sound - F
13:29:46.638 [JavaFX Application Thread] DEBUG MenuEventHandler     - generateDefaultProfile()
13:29:46.639 [JavaFX Application Thread] DEBUG MenuEventHandler     - Creating default profile
13:29:46.640 [JavaFX Application Thread] DEBUG EventBus             - Firing event: SaveEvent
13:29:46.643 [JavaFX Application Thread] DEBUG AudioPlayer          - Saving data to profile
13:29:46.644 [JavaFX Application Thread] DEBUG Bundle               - Logging bundle: audio
13:29:46.644 [JavaFX Application Thread] DEBUG Bundle               - audio.musicVolume=0.5
13:29:46.644 [JavaFX Application Thread] DEBUG Bundle               - audio.soundVolume=0.5
13:29:46.645 [JavaFX Application Thread] DEBUG Input                - Saving data to profile
13:29:46.645 [JavaFX Application Thread] DEBUG Bundle               - Logging bundle: input
13:29:46.645 [JavaFX Application Thread] DEBUG Bundle               - input.Move Right=D
13:29:46.645 [JavaFX Application Thread] DEBUG Bundle               - input.Play Sound=F
13:29:46.646 [JavaFX Application Thread] DEBUG Bundle               - input.Screenshot=P
13:29:46.646 [JavaFX Application Thread] DEBUG Bundle               - input.System info dump=CTRL+9
13:29:46.646 [JavaFX Application Thread] DEBUG Bundle               - input.Restart=CTRL+R
13:29:46.647 [JavaFX Application Thread] DEBUG Bundle               - input.Move Up=W
13:29:46.647 [JavaFX Application Thread] DEBUG Bundle               - input.Dev Options=CTRL+0
13:29:46.647 [JavaFX Application Thread] DEBUG Bundle               - input.Move Left=A
13:29:46.647 [JavaFX Application Thread] DEBUG Bundle               - input.Move Down=S
13:29:46.660 [JavaFX Application Thread] DEBUG Bundle               - Logging bundle: gameplayStats
13:29:46.661 [JavaFX Application Thread] DEBUG Bundle               - gameplayStats.playtime=0
13:29:46.663 [JavaFX Application Thread] DEBUG AchievementManager   - Saving data to profile
13:29:46.663 [JavaFX Application Thread] DEBUG Bundle               - Logging bundle: achievement
13:29:46.666 [JavaFX Application Thread] INFO  FXGL                 - FXGL initialization took: 3,265 sec
13:29:46.667 [JavaFX Application Thread] DEBUG LoopRunner           - Starting loop
13:29:46.671 [JavaFX Application Thread] DEBUG StartupState         - STARTUP
13:29:46.671 [JavaFX Application Thread] DEBUG Input                - Clearing active input actions
13:29:46.673 [JavaFX Application Thread] DEBUG AssetLoader          - Loading from disk: /assets/ui/css/fxgl_dark.css
13:29:46.725 [JavaFX Application Thread] DEBUG AppStateMachine      - StartupState -> MainMenuState
13:29:46.736 [JavaFX Application Thread] DEBUG AssetLoader          - Loading from cache: /assets/properties/languages/english.properties
13:29:46.737 [JavaFX Application Thread] DEBUG AssetLoader          - Loading from cache: /assets/ui/fonts/VarelaRound-Regular.ttf
13:29:46.737 [JavaFX Application Thread] DEBUG AssetLoader          - Loading from cache: /assets/properties/languages/english.properties
13:29:46.738 [JavaFX Application Thread] DEBUG AssetLoader          - Loading from cache: /assets/ui/fonts/VarelaRound-Regular.ttf
13:29:46.739 [JavaFX Application Thread] DEBUG AssetLoader          - Loading from cache: /assets/properties/languages/english.properties
13:29:46.739 [JavaFX Application Thread] DEBUG AssetLoader          - Loading from cache: /assets/ui/fonts/VarelaRound-Regular.ttf
13:29:46.745 [JavaFX Application Thread] DEBUG SaveLoadManager      - Checking profiles dir: profiles/
13:29:46.746 [JavaFX Application Thread] DEBUG SaveLoadManager      - Loading profile names
13:29:46.749 [JavaFX Application Thread] DEBUG AssetLoader          - Loading from cache: /assets/properties/languages/english.properties
13:29:46.752 [JavaFX Application Thread] DEBUG AssetLoader          - Loading from cache: /assets/ui/fonts/VarelaRound-Regular.ttf
13:29:46.753 [JavaFX Application Thread] DEBUG AssetLoader          - Loading from cache: /assets/ui/fonts/VarelaRound-Regular.ttf
13:29:46.755 [JavaFX Application Thread] DEBUG AppStateMachine      - Push state: DialogSubState
13:29:46.755 [JavaFX Application Thread] DEBUG Input                - Clearing active input actions
13:29:46.755 [JavaFX Application Thread] DEBUG AppStateMachine      - MainMenuState -> DialogSubState
13:29:46.953 [JavaFX Application Thread] DEBUG AppStateMachine      - Pop state: DialogSubState
13:29:46.953 [JavaFX Application Thread] DEBUG Input                - Clearing active input actions
13:29:46.956 [JavaFX Application Thread] DEBUG AppStateMachine      - MainMenuState <- DialogSubState
13:29:46.957 [JavaFX Application Thread] DEBUG AssetLoader          - Loading from cache: /assets/properties/languages/english.properties
13:29:46.959 [JavaFX Application Thread] DEBUG AssetLoader          - Loading from cache: /assets/ui/fonts/VarelaRound-Regular.ttf
13:29:46.960 [JavaFX Application Thread] DEBUG AssetLoader          - Loading from cache: /assets/ui/fonts/VarelaRound-Regular.ttf
13:29:46.960 [JavaFX Application Thread] DEBUG AppStateMachine      - Push state: DialogSubState
13:29:46.961 [JavaFX Application Thread] DEBUG Input                - Clearing active input actions
13:29:46.961 [JavaFX Application Thread] DEBUG AppStateMachine      - MainMenuState -> DialogSubState
13:29:47.917 [JavaFX Application Thread] DEBUG AssetLoader          - Loading from cache: /assets/sounds/menu/select.wav
13:29:48.133 [JavaFX Application Thread] DEBUG AppStateMachine      - Pop state: DialogSubState
13:29:48.134 [JavaFX Application Thread] DEBUG Input                - Clearing active input actions
13:29:48.136 [JavaFX Application Thread] DEBUG AppStateMachine      - MainMenuState <- DialogSubState
13:29:48.136 [JavaFX Application Thread] DEBUG SaveLoadManager      - Loading profile: Mads
13:29:48.138 [JavaFX Application Thread] DEBUG AssetLoader          - Loading from cache: /assets/properties/languages/english.properties
13:29:48.139 [JavaFX Application Thread] DEBUG AssetLoader          - Loading from cache: /assets/ui/fonts/VarelaRound-Regular.ttf
13:29:48.140 [JavaFX Application Thread] DEBUG AssetLoader          - Loading from cache: /assets/ui/fonts/VarelaRound-Regular.ttf
13:29:48.141 [JavaFX Application Thread] DEBUG AppStateMachine      - Push state: DialogSubState
13:29:48.141 [JavaFX Application Thread] DEBUG Input                - Clearing active input actions
13:29:48.141 [JavaFX Application Thread] DEBUG AppStateMachine      - MainMenuState -> DialogSubState
13:29:48.146 [FXGL Background Thread 1 ] DEBUG DesktopFSService     - Reading from: .\profiles\Mads\user.profile
13:29:48.174 [JavaFX Application Thread] DEBUG AppStateMachine      - Pop state: DialogSubState
13:29:48.174 [JavaFX Application Thread] DEBUG Input                - Clearing active input actions
13:29:48.175 [JavaFX Application Thread] DEBUG AppStateMachine      - MainMenuState <- DialogSubState
13:29:48.176 [JavaFX Application Thread] DEBUG EventBus             - Firing event: LoadEvent[type=LOAD_PROFILE]
13:29:48.176 [JavaFX Application Thread] DEBUG AudioPlayer          - Loading data from profile
13:29:48.176 [JavaFX Application Thread] DEBUG Bundle               - Logging bundle: audio
13:29:48.177 [JavaFX Application Thread] DEBUG Bundle               - audio.musicVolume=0.5
13:29:48.177 [JavaFX Application Thread] DEBUG Bundle               - audio.soundVolume=0.5
13:29:48.177 [JavaFX Application Thread] DEBUG Input                - Loading data from profile
13:29:48.177 [JavaFX Application Thread] DEBUG Bundle               - Logging bundle: input
13:29:48.177 [JavaFX Application Thread] DEBUG Bundle               - input.Move Right=D
13:29:48.177 [JavaFX Application Thread] DEBUG Bundle               - input.Play Sound=F
13:29:48.178 [JavaFX Application Thread] DEBUG Bundle               - input.Screenshot=P
13:29:48.178 [JavaFX Application Thread] DEBUG Bundle               - input.System info dump=CTRL+9
13:29:48.178 [JavaFX Application Thread] DEBUG Bundle               - input.Restart=CTRL+R
13:29:48.178 [JavaFX Application Thread] DEBUG Bundle               - input.Move Up=W
13:29:48.179 [JavaFX Application Thread] DEBUG Bundle               - input.Dev Options=CTRL+0
13:29:48.179 [JavaFX Application Thread] DEBUG Bundle               - input.Move Left=A
13:29:48.179 [JavaFX Application Thread] DEBUG Bundle               - input.Move Down=S
13:29:48.179 [JavaFX Application Thread] DEBUG Bundle               - Logging bundle: gameplayStats
13:29:48.179 [JavaFX Application Thread] DEBUG Bundle               - gameplayStats.playtime=1073761019300
13:29:48.179 [JavaFX Application Thread] DEBUG AchievementManager   - Loading data from profile
13:29:48.180 [JavaFX Application Thread] DEBUG Bundle               - Logging bundle: achievement
13:29:48.180 [JavaFX Application Thread] DEBUG AssetLoader          - Loading from cache: /assets/properties/languages/english.properties
13:29:48.181 [JavaFX Application Thread] DEBUG AssetLoader          - Loading from cache: /assets/ui/fonts/VarelaRound-Regular.ttf
13:29:48.181 [JavaFX Application Thread] DEBUG AssetLoader          - Loading from cache: /assets/properties/languages/english.properties
13:29:48.181 [JavaFX Application Thread] DEBUG AssetLoader          - Loading from cache: /assets/ui/fonts/VarelaRound-Regular.ttf
13:29:48.182 [JavaFX Application Thread] DEBUG SaveLoadManager      - Loading last modified save file
13:29:48.183 [JavaFX Application Thread] DEBUG SaveLoadManager      - Loading save files
13:29:48.187 [JavaFX Application Thread] DEBUG AssetLoader          - Loading from cache: /assets/properties/languages/english.properties
13:29:48.188 [JavaFX Application Thread] DEBUG AssetLoader          - Loading from cache: /assets/ui/fonts/VarelaRound-Regular.ttf
13:29:48.189 [JavaFX Application Thread] DEBUG AssetLoader          - Loading from cache: /assets/ui/fonts/VarelaRound-Regular.ttf
13:29:48.190 [JavaFX Application Thread] DEBUG AppStateMachine      - Push state: DialogSubState
13:29:48.190 [JavaFX Application Thread] DEBUG Input                - Clearing active input actions
13:29:48.190 [JavaFX Application Thread] DEBUG AppStateMachine      - MainMenuState -> DialogSubState
13:29:48.219 [JavaFX Application Thread] DEBUG AppStateMachine      - Pop state: DialogSubState
13:29:48.219 [JavaFX Application Thread] DEBUG Input                - Clearing active input actions
13:29:48.221 [JavaFX Application Thread] DEBUG AppStateMachine      - MainMenuState <- DialogSubState
13:29:48.476 [JavaFX Application Thread] DEBUG AssetLoader          - Loading from cache: /assets/sounds/menu/select.wav
13:29:48.785 [JavaFX Application Thread] DEBUG AssetLoader          - Loading from cache: /assets/sounds/menu/select.wav
13:29:49.044 [JavaFX Application Thread] DEBUG FXGL.Menu            - fireNewGame()
13:29:49.044 [JavaFX Application Thread] DEBUG GameApplication      - Starting new game
13:29:49.044 [JavaFX Application Thread] DEBUG Input                - Clearing active input actions
13:29:49.045 [JavaFX Application Thread] DEBUG AssetLoader          - Loading from disk: /assets/ui/css/fxgl_dark.css
13:29:49.073 [JavaFX Application Thread] DEBUG AppStateMachine      - MainMenuState -> LoadingState
13:29:49.076 [FXGL Background Thread 1 ] DEBUG InitAppTask          - Clearing previous game
13:29:49.077 [FXGL Background Thread 1 ] DEBUG GameWorld            - Clearing game world
13:29:49.077 [FXGL Background Thread 1 ] DEBUG PhysicsWorld         - Clearing physics world
13:29:49.077 [FXGL Background Thread 1 ] DEBUG GameScene            - Clearing game scene
13:29:49.080 [FXGL Background Thread 1 ] DEBUG InitAppTask          - Initializing Game
13:29:49.137 [FXGL Background Thread 1 ] DEBUG AssetLoader          - Loading from disk: /assets/textures/background1.png
13:29:49.209 [FXGL Background Thread 1 ] DEBUG GameScene            - Creating render group for layer: DEFAULT(100000)
13:29:49.213 [FXGL Background Thread 1 ] DEBUG AssetLoader          - Loading from disk: /assets/textures/slime1.png
13:29:49.224 [FXGL Background Thread 1 ] DEBUG AssetLoader          - Loading from disk: /assets/textures/slime2.png
13:29:49.232 [FXGL Background Thread 1 ] DEBUG InitAppTask          - Initializing Physics
13:29:49.233 [FXGL Background Thread 1 ] DEBUG InitAppTask          - Initializing UI
13:29:49.235 [FXGL Background Thread 1 ] DEBUG InitAppTask          - Initialization Complete
13:29:49.236 [FXGL Background Thread 1 ] INFO  InitAppTask          - Game initialization took: 0,160 sec
13:29:49.244 [JavaFX Application Thread] DEBUG Input                - Clearing active input actions
13:29:49.244 [JavaFX Application Thread] DEBUG AssetLoader          - Loading from disk: /assets/ui/css/fxgl_dark.css
13:29:49.270 [JavaFX Application Thread] DEBUG AppStateMachine      - LoadingState -> PlayState
13:29:50.484 [JavaFX Application Thread] DEBUG AssetLoader          - Loading from cache: /assets/sounds/siii.wav
13:29:50.731 [JavaFX Application Thread] DEBUG AssetLoader          - Loading from cache: /assets/sounds/siii.wav
13:29:50.917 [JavaFX Application Thread] DEBUG AssetLoader          - Loading from cache: /assets/sounds/siii.wav
13:29:51.102 [JavaFX Application Thread] DEBUG AssetLoader          - Loading from cache: /assets/sounds/siii.wav
13:29:51.284 [JavaFX Application Thread] DEBUG AssetLoader          - Loading from cache: /assets/sounds/siii.wav
13:29:51.494 [JavaFX Application Thread] DEBUG AssetLoader          - Loading from cache: /assets/sounds/siii.wav
13:29:51.641 [JavaFX Application Thread] DEBUG AssetLoader          - Loading from cache: /assets/sounds/siii.wav
13:29:52.946 [JavaFX Application Thread] DEBUG AssetLoader          - Loading from cache: /assets/sounds/siii.wav
13:29:54.112 [JavaFX Application Thread] DEBUG AssetLoader          - Loading from cache: /assets/sounds/siii.wav
13:29:55.394 [JavaFX Application Thread] DEBUG AssetLoader          - Loading from cache: /assets/sounds/siii.wav
13:29:56.728 [JavaFX Application Thread] DEBUG FXGL                 - Exiting FXGL
13:29:56.728 [JavaFX Application Thread] DEBUG MenuEventHandler     - Creating default profile
13:29:56.728 [JavaFX Application Thread] DEBUG EventBus             - Firing event: SaveEvent
13:29:56.728 [JavaFX Application Thread] DEBUG AudioPlayer          - Saving data to profile
13:29:56.728 [JavaFX Application Thread] DEBUG Bundle               - Logging bundle: audio
13:29:56.728 [JavaFX Application Thread] DEBUG Bundle               - audio.musicVolume=0.5
13:29:56.729 [JavaFX Application Thread] DEBUG Bundle               - audio.soundVolume=0.5
13:29:56.729 [JavaFX Application Thread] DEBUG Input                - Saving data to profile
13:29:56.729 [JavaFX Application Thread] DEBUG Bundle               - Logging bundle: input
13:29:56.729 [JavaFX Application Thread] DEBUG Bundle               - input.Move Right=D
13:29:56.729 [JavaFX Application Thread] DEBUG Bundle               - input.Play Sound=F
13:29:56.729 [JavaFX Application Thread] DEBUG Bundle               - input.Screenshot=P
13:29:56.729 [JavaFX Application Thread] DEBUG Bundle               - input.System info dump=CTRL+9
13:29:56.729 [JavaFX Application Thread] DEBUG Bundle               - input.Restart=CTRL+R
13:29:56.730 [JavaFX Application Thread] DEBUG Bundle               - input.Move Up=W
13:29:56.730 [JavaFX Application Thread] DEBUG Bundle               - input.Dev Options=CTRL+0
13:29:56.730 [JavaFX Application Thread] DEBUG Bundle               - input.Move Left=A
13:29:56.730 [JavaFX Application Thread] DEBUG Bundle               - input.Move Down=S
13:29:56.730 [JavaFX Application Thread] DEBUG Bundle               - Logging bundle: gameplayStats
13:29:56.730 [JavaFX Application Thread] DEBUG Bundle               - gameplayStats.playtime=1081773001222
13:29:56.730 [JavaFX Application Thread] DEBUG AchievementManager   - Saving data to profile
13:29:56.730 [JavaFX Application Thread] DEBUG Bundle               - Logging bundle: achievement
13:29:56.730 [JavaFX Application Thread] DEBUG SaveLoadManager      - Saving profile: Mads
13:29:56.736 [JavaFX Application Thread] DEBUG DesktopFSService     - Writing to: .\profiles\Mads\user.profile
13:29:56.742 [JavaFX Application Thread] DEBUG FXGL                 - Shutting down background threads
13:29:56.743 [JavaFX Application Thread] DEBUG FXGL                 - Saving FXGL system data
13:29:56.745 [JavaFX Application Thread] DEBUG DesktopFSService     - Writing to: system\fxgl.bundle
13:29:56.749 [JavaFX Application Thread] DEBUG FXGL                 - Closing logger and exiting JavaFX
