09:28:39.356 [JavaFX Application Thread] DEBUG GameApplication      - Logger initialized
09:28:39.374 [JavaFX Application Thread] DEBUG GameApplication      - Logging settings
Title: SlimeSoccer2000
Version: 0.1
Width: 1200
Height: 600
Fullscreen: false
Intro: false
Menus: true
Profiling: false
Single step:false
App Mode: DEVELOPER
Menu Key: M
Stage Style: DECORATED
Scene Factory: class com.almasb.fxgl.scene.SceneFactory
Dialog Factory: class com.almasb.fxgl.ui.FXGLDialogFactory
UI Factory: class com.almasb.fxgl.ui.FXGLUIFactory
Notification Service: class com.almasb.fxgl.gameplay.notification.XboxNotificationView
Exception Handler: class com.almasb.fxgl.app.FXGLExceptionHandler
09:28:39.374 [JavaFX Application Thread] DEBUG GameApplication      - Starting FXGL
09:28:39.388 [JavaFX Application Thread] INFO  FXGL                 - FXGL-0.5.4 on DESKTOP
09:28:39.389 [JavaFX Application Thread] INFO  FXGL                 - Source code and latest versions at: https://github.com/AlmasB/FXGL
09:28:39.389 [JavaFX Application Thread] INFO  FXGL                 -              Join the FXGL chat at: https://gitter.im/AlmasB/FXGL
09:28:39.389 [JavaFX Application Thread] DEBUG FXGL                 - FXGL started
09:28:39.389 [JavaFX Application Thread] DEBUG FXGL                 - Initializing FXGL
09:28:39.441 [JavaFX Application Thread] DEBUG AssetLoader          - Loading from disk: /assets/ui/cursors/fxgl_default.png
09:28:39.550 [JavaFX Application Thread] DEBUG AssetLoader          - Loading from disk: /assets/ui/fonts/VarelaRound-Regular.ttf
09:28:39.879 [JavaFX Application Thread] DEBUG MainWindow           - Creating a JavaFX scene
09:28:39.919 [JavaFX Application Thread] DEBUG MainWindow           - Target settings size: 1200.0 x 600.0
09:28:39.920 [JavaFX Application Thread] DEBUG MainWindow           - Scaled scene size:    1200.0 x 600.0
09:28:39.920 [JavaFX Application Thread] DEBUG MainWindow           - Scaled ratio: (1.0, 1.0)
09:28:39.923 [JavaFX Application Thread] DEBUG AssetLoader          - Loading from disk: /assets/ui/css/fxgl_dark.css
09:28:39.928 [JavaFX Application Thread] DEBUG AssetLoader          - Loading from disk: /assets/textures/fxgl_icon.png
09:28:39.959 [JavaFX Application Thread] DEBUG MainWindow           - Opening main window
09:28:40.109 [JavaFX Application Thread] DEBUG MainWindow           - Window border size: (14.4000244140625, 37.5999755859375)
09:28:40.109 [JavaFX Application Thread] DEBUG MainWindow           - Scaled size: 1200.0 x 600.0
09:28:40.110 [JavaFX Application Thread] DEBUG MainWindow           - Scaled ratio: (1.0, 1.0)
09:28:40.110 [JavaFX Application Thread] DEBUG MainWindow           - Scene size: 1200.0 x 600.0
09:28:40.110 [JavaFX Application Thread] DEBUG MainWindow           - Stage size: 1214.4000244140625 x 637.5999755859375
09:28:40.182 [ForkJoinPool.commonPool-worker-9] DEBUG FS                   - Loaded DesktopFSService
09:28:40.183 [ForkJoinPool.commonPool-worker-9] DEBUG FXGL                 - Loading FXGL system data
09:28:40.192 [ForkJoinPool.commonPool-worker-9] DEBUG DesktopFSService     - Reading from: system\fxgl.bundle
09:28:40.207 [ForkJoinPool.commonPool-worker-9] DEBUG Bundle               - Logging bundle: FXGL
09:28:40.208 [ForkJoinPool.commonPool-worker-9] DEBUG Bundle               - FXGL.offline.timer.version.check=2019-01-15T09:28:22.000785300
09:28:40.209 [ForkJoinPool.commonPool-worker-9] DEBUG FXGL                 - Initializing state machine and application states
09:28:40.212 [ForkJoinPool.commonPool-worker-9] DEBUG AssetLoader          - Loading from disk: /assets/ui/cursors/fxgl_default.png
09:28:40.223 [ForkJoinPool.commonPool-worker-9] DEBUG AssetLoader          - Loading from disk: /assets/ui/cursors/fxgl_default.png
09:28:40.231 [ForkJoinPool.commonPool-worker-9] DEBUG AssetLoader          - Loading from cache: /assets/ui/fonts/VarelaRound-Regular.ttf
09:28:40.236 [ForkJoinPool.commonPool-worker-9] DEBUG AssetLoader          - Loading from disk: /assets/ui/cursors/fxgl_default.png
09:28:40.241 [ForkJoinPool.commonPool-worker-9] DEBUG GameScene            - Game scene initialized: 1200x600
09:28:40.251 [ForkJoinPool.commonPool-worker-9] DEBUG GameWorld            - Game world initialized
09:28:40.370 [ForkJoinPool.commonPool-worker-9] DEBUG PhysicsWorld         - Physics world initialized: appHeight=600, physics.ppm=50,0
09:28:40.451 [ForkJoinPool.commonPool-worker-9] DEBUG AssetLoader          - Loading from disk: /assets/ui/cursors/fxgl_default.png
09:28:40.458 [ForkJoinPool.commonPool-worker-9] DEBUG AssetLoader          - Loading from disk: /assets/properties/languages/english.properties
09:28:40.460 [ForkJoinPool.commonPool-worker-9] DEBUG AssetLoader          - Loading from cache: /assets/ui/fonts/VarelaRound-Regular.ttf
09:28:40.461 [ForkJoinPool.commonPool-worker-9] DEBUG AssetLoader          - Loading from cache: /assets/ui/fonts/VarelaRound-Regular.ttf
09:28:40.462 [ForkJoinPool.commonPool-worker-9] DEBUG AssetLoader          - Loading from cache: /assets/ui/fonts/VarelaRound-Regular.ttf
09:28:40.479 [ForkJoinPool.commonPool-worker-9] DEBUG AssetLoader          - Loading from disk: /assets/textures/particles/trace_horizontal.png
09:28:40.528 [ForkJoinPool.commonPool-worker-9] DEBUG AssetLoader          - Loading from cache: /assets/ui/fonts/VarelaRound-Regular.ttf
09:28:40.529 [ForkJoinPool.commonPool-worker-9] DEBUG FXGL.Menu            - createMenuBodyMainMenu()
09:28:40.541 [ForkJoinPool.commonPool-worker-9] DEBUG AssetLoader          - Loading from cache: /assets/ui/fonts/VarelaRound-Regular.ttf
09:28:40.546 [ForkJoinPool.commonPool-worker-9] DEBUG AssetLoader          - Loading from cache: /assets/properties/languages/english.properties
09:28:40.549 [ForkJoinPool.commonPool-worker-9] DEBUG AssetLoader          - Loading from cache: /assets/ui/fonts/VarelaRound-Regular.ttf
09:28:40.550 [ForkJoinPool.commonPool-worker-9] DEBUG AssetLoader          - Loading from cache: /assets/properties/languages/english.properties
09:28:40.550 [ForkJoinPool.commonPool-worker-9] DEBUG FXGL.Menu            - createOptionsMenu()
09:28:40.551 [ForkJoinPool.commonPool-worker-9] DEBUG AssetLoader          - Loading from cache: /assets/ui/fonts/VarelaRound-Regular.ttf
09:28:40.551 [ForkJoinPool.commonPool-worker-9] DEBUG AssetLoader          - Loading from cache: /assets/properties/languages/english.properties
09:28:40.553 [ForkJoinPool.commonPool-worker-9] DEBUG AssetLoader          - Loading from cache: /assets/ui/fonts/VarelaRound-Regular.ttf
09:28:40.554 [ForkJoinPool.commonPool-worker-9] DEBUG AssetLoader          - Loading from cache: /assets/properties/languages/english.properties
09:28:40.556 [ForkJoinPool.commonPool-worker-9] DEBUG AssetLoader          - Loading from cache: /assets/ui/fonts/VarelaRound-Regular.ttf
09:28:40.557 [ForkJoinPool.commonPool-worker-9] DEBUG AssetLoader          - Loading from cache: /assets/properties/languages/english.properties
09:28:40.559 [ForkJoinPool.commonPool-worker-9] DEBUG AssetLoader          - Loading from cache: /assets/ui/fonts/VarelaRound-Regular.ttf
09:28:40.559 [ForkJoinPool.commonPool-worker-9] DEBUG AssetLoader          - Loading from cache: /assets/properties/languages/english.properties
09:28:40.560 [ForkJoinPool.commonPool-worker-9] DEBUG AssetLoader          - Loading from cache: /assets/ui/fonts/VarelaRound-Regular.ttf
09:28:40.561 [ForkJoinPool.commonPool-worker-9] DEBUG AssetLoader          - Loading from cache: /assets/properties/languages/english.properties
09:28:40.562 [ForkJoinPool.commonPool-worker-9] DEBUG AssetLoader          - Loading from cache: /assets/ui/fonts/VarelaRound-Regular.ttf
09:28:40.562 [ForkJoinPool.commonPool-worker-9] DEBUG AssetLoader          - Loading from cache: /assets/properties/languages/english.properties
09:28:40.564 [ForkJoinPool.commonPool-worker-9] DEBUG AssetLoader          - Loading from cache: /assets/ui/fonts/VarelaRound-Regular.ttf
09:28:40.564 [ForkJoinPool.commonPool-worker-9] DEBUG AssetLoader          - Loading from cache: /assets/properties/languages/english.properties
09:28:40.565 [ForkJoinPool.commonPool-worker-9] DEBUG AssetLoader          - Loading from cache: /assets/ui/fonts/VarelaRound-Regular.ttf
09:28:40.566 [ForkJoinPool.commonPool-worker-9] DEBUG AssetLoader          - Loading from cache: /assets/properties/languages/english.properties
09:28:40.566 [ForkJoinPool.commonPool-worker-9] DEBUG AssetLoader          - Loading from disk: /assets/textures/particles/smoke.png
09:28:40.631 [ForkJoinPool.commonPool-worker-9] DEBUG AssetLoader          - Loading from disk: /assets/ui/cursors/fxgl_default.png
09:28:40.633 [ForkJoinPool.commonPool-worker-9] DEBUG AssetLoader          - Loading from cache: /assets/properties/languages/english.properties
09:28:40.633 [ForkJoinPool.commonPool-worker-9] DEBUG AssetLoader          - Loading from cache: /assets/ui/fonts/VarelaRound-Regular.ttf
09:28:40.634 [ForkJoinPool.commonPool-worker-9] DEBUG AssetLoader          - Loading from cache: /assets/ui/fonts/VarelaRound-Regular.ttf
09:28:40.634 [ForkJoinPool.commonPool-worker-9] DEBUG AssetLoader          - Loading from cache: /assets/ui/fonts/VarelaRound-Regular.ttf
09:28:40.635 [ForkJoinPool.commonPool-worker-9] DEBUG AssetLoader          - Loading from cache: /assets/textures/particles/trace_horizontal.png@64.0x64.0
09:28:40.636 [ForkJoinPool.commonPool-worker-9] DEBUG AssetLoader          - Loading from cache: /assets/ui/fonts/VarelaRound-Regular.ttf
09:28:40.636 [ForkJoinPool.commonPool-worker-9] DEBUG FXGL.Menu            - createMenuBodyGameMenu()
09:28:40.637 [ForkJoinPool.commonPool-worker-9] DEBUG AssetLoader          - Loading from cache: /assets/ui/fonts/VarelaRound-Regular.ttf
09:28:40.637 [ForkJoinPool.commonPool-worker-9] DEBUG AssetLoader          - Loading from cache: /assets/properties/languages/english.properties
09:28:40.640 [ForkJoinPool.commonPool-worker-9] DEBUG AssetLoader          - Loading from cache: /assets/ui/fonts/VarelaRound-Regular.ttf
09:28:40.640 [ForkJoinPool.commonPool-worker-9] DEBUG AssetLoader          - Loading from cache: /assets/properties/languages/english.properties
09:28:40.641 [ForkJoinPool.commonPool-worker-9] DEBUG FXGL.Menu            - createOptionsMenu()
09:28:40.641 [ForkJoinPool.commonPool-worker-9] DEBUG AssetLoader          - Loading from cache: /assets/ui/fonts/VarelaRound-Regular.ttf
09:28:40.641 [ForkJoinPool.commonPool-worker-9] DEBUG AssetLoader          - Loading from cache: /assets/properties/languages/english.properties
09:28:40.642 [ForkJoinPool.commonPool-worker-9] DEBUG AssetLoader          - Loading from cache: /assets/ui/fonts/VarelaRound-Regular.ttf
09:28:40.642 [ForkJoinPool.commonPool-worker-9] DEBUG AssetLoader          - Loading from cache: /assets/properties/languages/english.properties
09:28:40.642 [ForkJoinPool.commonPool-worker-9] DEBUG AssetLoader          - Loading from cache: /assets/ui/fonts/VarelaRound-Regular.ttf
09:28:40.642 [ForkJoinPool.commonPool-worker-9] DEBUG AssetLoader          - Loading from cache: /assets/properties/languages/english.properties
09:28:40.643 [ForkJoinPool.commonPool-worker-9] DEBUG AssetLoader          - Loading from cache: /assets/ui/fonts/VarelaRound-Regular.ttf
09:28:40.643 [ForkJoinPool.commonPool-worker-9] DEBUG AssetLoader          - Loading from cache: /assets/properties/languages/english.properties
09:28:40.644 [ForkJoinPool.commonPool-worker-9] DEBUG AssetLoader          - Loading from cache: /assets/ui/fonts/VarelaRound-Regular.ttf
09:28:40.644 [ForkJoinPool.commonPool-worker-9] DEBUG AssetLoader          - Loading from cache: /assets/properties/languages/english.properties
09:28:40.645 [ForkJoinPool.commonPool-worker-9] DEBUG AssetLoader          - Loading from cache: /assets/ui/fonts/VarelaRound-Regular.ttf
09:28:40.645 [ForkJoinPool.commonPool-worker-9] DEBUG AssetLoader          - Loading from cache: /assets/properties/languages/english.properties
09:28:40.645 [ForkJoinPool.commonPool-worker-9] DEBUG AssetLoader          - Loading from cache: /assets/ui/fonts/VarelaRound-Regular.ttf
09:28:40.646 [ForkJoinPool.commonPool-worker-9] DEBUG AssetLoader          - Loading from cache: /assets/properties/languages/english.properties
09:28:40.647 [ForkJoinPool.commonPool-worker-9] DEBUG AssetLoader          - Loading from cache: /assets/textures/particles/smoke.png@128.0x128.0
09:28:40.710 [JavaFX Application Thread] DEBUG FXGL                 - Running preInit()
09:28:40.735 [JavaFX Application Thread] DEBUG Input                - Registered new binding: Screenshot - P
09:28:40.736 [JavaFX Application Thread] DEBUG Input                - Registered new binding: Dev Options - CTRL+0
09:28:40.737 [JavaFX Application Thread] DEBUG Input                - Registered new binding: System info dump - CTRL+9
09:28:40.738 [JavaFX Application Thread] DEBUG Input                - Registered new binding: Restart - CTRL+R
09:28:40.739 [JavaFX Application Thread] DEBUG Input                - Registered new binding: Move Right - D
09:28:40.739 [JavaFX Application Thread] DEBUG Input                - Registered new binding: Move Left - A
09:28:40.739 [JavaFX Application Thread] DEBUG Input                - Registered new binding: Move Up - W
09:28:40.739 [JavaFX Application Thread] DEBUG Input                - Registered new binding: Move Down - S
09:28:40.740 [JavaFX Application Thread] DEBUG Input                - Registered new binding: Siiiiiii - F
09:28:40.740 [JavaFX Application Thread] DEBUG Input                - Registered new binding: Move Right (Player2) - Right
09:28:40.740 [JavaFX Application Thread] DEBUG Input                - Registered new binding: Move Left (Player2) - Left
09:28:40.740 [JavaFX Application Thread] DEBUG Input                - Registered new binding: Move Up (Player 2) - Up
09:28:40.740 [JavaFX Application Thread] DEBUG Input                - Registered new binding: Move Down(Player 2) - Down
09:28:40.741 [JavaFX Application Thread] DEBUG MenuEventHandler     - generateDefaultProfile()
09:28:40.742 [JavaFX Application Thread] DEBUG MenuEventHandler     - Creating default profile
09:28:40.742 [JavaFX Application Thread] DEBUG EventBus             - Firing event: SaveEvent
09:28:40.745 [JavaFX Application Thread] DEBUG AudioPlayer          - Saving data to profile
09:28:40.745 [JavaFX Application Thread] DEBUG Bundle               - Logging bundle: audio
09:28:40.746 [JavaFX Application Thread] DEBUG Bundle               - audio.musicVolume=0.5
09:28:40.746 [JavaFX Application Thread] DEBUG Bundle               - audio.soundVolume=0.5
09:28:40.746 [JavaFX Application Thread] DEBUG Input                - Saving data to profile
09:28:40.746 [JavaFX Application Thread] DEBUG Bundle               - Logging bundle: input
09:28:40.746 [JavaFX Application Thread] DEBUG Bundle               - input.Move Right=D
09:28:40.746 [JavaFX Application Thread] DEBUG Bundle               - input.Move Down(Player 2)=Down
09:28:40.746 [JavaFX Application Thread] DEBUG Bundle               - input.Restart=CTRL+R
09:28:40.746 [JavaFX Application Thread] DEBUG Bundle               - input.Move Up=W
09:28:40.746 [JavaFX Application Thread] DEBUG Bundle               - input.Dev Options=CTRL+0
09:28:40.746 [JavaFX Application Thread] DEBUG Bundle               - input.Move Left=A
09:28:40.746 [JavaFX Application Thread] DEBUG Bundle               - input.Move Up (Player 2)=Up
09:28:40.746 [JavaFX Application Thread] DEBUG Bundle               - input.Move Right (Player2)=Right
09:28:40.746 [JavaFX Application Thread] DEBUG Bundle               - input.Siiiiiii=F
09:28:40.747 [JavaFX Application Thread] DEBUG Bundle               - input.Move Left (Player2)=Left
09:28:40.747 [JavaFX Application Thread] DEBUG Bundle               - input.Screenshot=P
09:28:40.747 [JavaFX Application Thread] DEBUG Bundle               - input.System info dump=CTRL+9
09:28:40.747 [JavaFX Application Thread] DEBUG Bundle               - input.Move Down=S
09:28:40.754 [JavaFX Application Thread] DEBUG Bundle               - Logging bundle: gameplayStats
09:28:40.754 [JavaFX Application Thread] DEBUG Bundle               - gameplayStats.playtime=0
09:28:40.755 [JavaFX Application Thread] DEBUG AchievementManager   - Saving data to profile
09:28:40.755 [JavaFX Application Thread] DEBUG Bundle               - Logging bundle: achievement
09:28:40.757 [JavaFX Application Thread] INFO  FXGL                 - FXGL initialization took: 1,368 sec
09:28:40.757 [JavaFX Application Thread] DEBUG LoopRunner           - Starting loop
09:28:40.760 [JavaFX Application Thread] DEBUG StartupState         - STARTUP
09:28:40.760 [JavaFX Application Thread] DEBUG Input                - Clearing active input actions
09:28:40.761 [JavaFX Application Thread] DEBUG AssetLoader          - Loading from disk: /assets/ui/css/fxgl_dark.css
09:28:40.781 [JavaFX Application Thread] DEBUG AppStateMachine      - StartupState -> MainMenuState
09:28:40.788 [JavaFX Application Thread] DEBUG AssetLoader          - Loading from cache: /assets/properties/languages/english.properties
09:28:40.788 [JavaFX Application Thread] DEBUG AssetLoader          - Loading from cache: /assets/ui/fonts/VarelaRound-Regular.ttf
09:28:40.789 [JavaFX Application Thread] DEBUG AssetLoader          - Loading from cache: /assets/properties/languages/english.properties
09:28:40.789 [JavaFX Application Thread] DEBUG AssetLoader          - Loading from cache: /assets/ui/fonts/VarelaRound-Regular.ttf
09:28:40.789 [JavaFX Application Thread] DEBUG AssetLoader          - Loading from cache: /assets/properties/languages/english.properties
09:28:40.789 [JavaFX Application Thread] DEBUG AssetLoader          - Loading from cache: /assets/ui/fonts/VarelaRound-Regular.ttf
09:28:40.793 [JavaFX Application Thread] DEBUG SaveLoadManager      - Checking profiles dir: profiles/
09:28:40.794 [JavaFX Application Thread] DEBUG SaveLoadManager      - Loading profile names
09:28:40.796 [JavaFX Application Thread] DEBUG AssetLoader          - Loading from cache: /assets/properties/languages/english.properties
09:28:40.798 [JavaFX Application Thread] DEBUG AssetLoader          - Loading from cache: /assets/ui/fonts/VarelaRound-Regular.ttf
09:28:40.799 [JavaFX Application Thread] DEBUG AssetLoader          - Loading from cache: /assets/ui/fonts/VarelaRound-Regular.ttf
09:28:40.800 [JavaFX Application Thread] DEBUG AppStateMachine      - Push state: DialogSubState
09:28:40.800 [JavaFX Application Thread] DEBUG Input                - Clearing active input actions
09:28:40.801 [JavaFX Application Thread] DEBUG AppStateMachine      - MainMenuState -> DialogSubState
09:28:40.900 [JavaFX Application Thread] DEBUG AppStateMachine      - Pop state: DialogSubState
09:28:40.901 [JavaFX Application Thread] DEBUG Input                - Clearing active input actions
09:28:40.902 [JavaFX Application Thread] DEBUG AppStateMachine      - MainMenuState <- DialogSubState
09:28:40.903 [JavaFX Application Thread] DEBUG AssetLoader          - Loading from cache: /assets/properties/languages/english.properties
09:28:40.904 [JavaFX Application Thread] DEBUG AssetLoader          - Loading from cache: /assets/ui/fonts/VarelaRound-Regular.ttf
09:28:40.904 [JavaFX Application Thread] DEBUG AssetLoader          - Loading from cache: /assets/ui/fonts/VarelaRound-Regular.ttf
09:28:40.905 [JavaFX Application Thread] DEBUG AppStateMachine      - Push state: DialogSubState
09:28:40.905 [JavaFX Application Thread] DEBUG Input                - Clearing active input actions
09:28:40.905 [JavaFX Application Thread] DEBUG AppStateMachine      - MainMenuState -> DialogSubState
09:28:41.640 [JavaFX Application Thread] DEBUG AssetLoader          - Loading from cache: /assets/sounds/menu/select.wav
09:28:41.973 [JavaFX Application Thread] DEBUG AppStateMachine      - Pop state: DialogSubState
09:28:41.973 [JavaFX Application Thread] DEBUG Input                - Clearing active input actions
09:28:41.974 [JavaFX Application Thread] DEBUG AppStateMachine      - MainMenuState <- DialogSubState
09:28:41.974 [JavaFX Application Thread] DEBUG SaveLoadManager      - Loading profile: Mads
09:28:41.979 [JavaFX Application Thread] DEBUG AssetLoader          - Loading from cache: /assets/properties/languages/english.properties
09:28:41.980 [JavaFX Application Thread] DEBUG AssetLoader          - Loading from cache: /assets/ui/fonts/VarelaRound-Regular.ttf
09:28:41.980 [JavaFX Application Thread] DEBUG AssetLoader          - Loading from cache: /assets/ui/fonts/VarelaRound-Regular.ttf
09:28:41.981 [JavaFX Application Thread] DEBUG AppStateMachine      - Push state: DialogSubState
09:28:41.981 [JavaFX Application Thread] DEBUG Input                - Clearing active input actions
09:28:41.981 [JavaFX Application Thread] DEBUG AppStateMachine      - MainMenuState -> DialogSubState
09:28:41.983 [FXGL Background Thread 1 ] DEBUG DesktopFSService     - Reading from: .\profiles\Mads\user.profile
09:28:41.995 [JavaFX Application Thread] DEBUG AppStateMachine      - Pop state: DialogSubState
09:28:41.995 [JavaFX Application Thread] DEBUG Input                - Clearing active input actions
09:28:41.996 [JavaFX Application Thread] DEBUG AppStateMachine      - MainMenuState <- DialogSubState
09:28:41.996 [JavaFX Application Thread] DEBUG EventBus             - Firing event: LoadEvent[type=LOAD_PROFILE]
09:28:41.997 [JavaFX Application Thread] DEBUG AudioPlayer          - Loading data from profile
09:28:41.997 [JavaFX Application Thread] DEBUG Bundle               - Logging bundle: audio
09:28:41.997 [JavaFX Application Thread] DEBUG Bundle               - audio.musicVolume=0.5
09:28:41.997 [JavaFX Application Thread] DEBUG Bundle               - audio.soundVolume=0.5
09:28:41.997 [JavaFX Application Thread] DEBUG Input                - Loading data from profile
09:28:41.997 [JavaFX Application Thread] DEBUG Bundle               - Logging bundle: input
09:28:41.997 [JavaFX Application Thread] DEBUG Bundle               - input.Move Right=D
09:28:41.997 [JavaFX Application Thread] DEBUG Bundle               - input.Move Down(Player 2)=Down
09:28:41.997 [JavaFX Application Thread] DEBUG Bundle               - input.Restart=CTRL+R
09:28:41.997 [JavaFX Application Thread] DEBUG Bundle               - input.Move Up=W
09:28:41.997 [JavaFX Application Thread] DEBUG Bundle               - input.Dev Options=CTRL+0
09:28:41.997 [JavaFX Application Thread] DEBUG Bundle               - input.Move Left=A
09:28:41.997 [JavaFX Application Thread] DEBUG Bundle               - input.Move Up (Player 2)=Up
09:28:41.998 [JavaFX Application Thread] DEBUG Bundle               - input.Move Right (Player2)=Right
09:28:41.998 [JavaFX Application Thread] DEBUG Bundle               - input.Siiiiiii=F
09:28:41.998 [JavaFX Application Thread] DEBUG Bundle               - input.Move Left (Player2)=Left
09:28:41.998 [JavaFX Application Thread] DEBUG Bundle               - input.Screenshot=P
09:28:41.998 [JavaFX Application Thread] DEBUG Bundle               - input.System info dump=CTRL+9
09:28:41.998 [JavaFX Application Thread] DEBUG Bundle               - input.Move Down=S
09:28:41.998 [JavaFX Application Thread] DEBUG Bundle               - Logging bundle: gameplayStats
09:28:41.998 [JavaFX Application Thread] DEBUG Bundle               - gameplayStats.playtime=1024819260257
09:28:41.998 [JavaFX Application Thread] DEBUG AchievementManager   - Loading data from profile
09:28:41.999 [JavaFX Application Thread] DEBUG Bundle               - Logging bundle: achievement
09:28:41.999 [JavaFX Application Thread] DEBUG AssetLoader          - Loading from cache: /assets/properties/languages/english.properties
09:28:41.999 [JavaFX Application Thread] DEBUG AssetLoader          - Loading from cache: /assets/ui/fonts/VarelaRound-Regular.ttf
09:28:41.999 [JavaFX Application Thread] DEBUG AssetLoader          - Loading from cache: /assets/properties/languages/english.properties
09:28:41.999 [JavaFX Application Thread] DEBUG AssetLoader          - Loading from cache: /assets/ui/fonts/VarelaRound-Regular.ttf
09:28:42.000 [JavaFX Application Thread] DEBUG SaveLoadManager      - Loading last modified save file
09:28:42.000 [JavaFX Application Thread] DEBUG SaveLoadManager      - Loading save files
09:28:42.003 [JavaFX Application Thread] DEBUG AssetLoader          - Loading from cache: /assets/properties/languages/english.properties
09:28:42.003 [JavaFX Application Thread] DEBUG AssetLoader          - Loading from cache: /assets/ui/fonts/VarelaRound-Regular.ttf
09:28:42.004 [JavaFX Application Thread] DEBUG AssetLoader          - Loading from cache: /assets/ui/fonts/VarelaRound-Regular.ttf
09:28:42.004 [JavaFX Application Thread] DEBUG AppStateMachine      - Push state: DialogSubState
09:28:42.004 [JavaFX Application Thread] DEBUG Input                - Clearing active input actions
09:28:42.004 [JavaFX Application Thread] DEBUG AppStateMachine      - MainMenuState -> DialogSubState
09:28:42.020 [JavaFX Application Thread] DEBUG AppStateMachine      - Pop state: DialogSubState
09:28:42.020 [JavaFX Application Thread] DEBUG Input                - Clearing active input actions
09:28:42.021 [JavaFX Application Thread] DEBUG AppStateMachine      - MainMenuState <- DialogSubState
09:28:42.186 [JavaFX Application Thread] DEBUG AssetLoader          - Loading from cache: /assets/sounds/menu/select.wav
09:28:42.609 [JavaFX Application Thread] DEBUG FXGL.Menu            - fireNewGame()
09:28:42.610 [JavaFX Application Thread] DEBUG GameApplication      - Starting new game
09:28:42.610 [JavaFX Application Thread] DEBUG Input                - Clearing active input actions
09:28:42.610 [JavaFX Application Thread] DEBUG AssetLoader          - Loading from disk: /assets/ui/css/fxgl_dark.css
09:28:42.624 [JavaFX Application Thread] DEBUG AppStateMachine      - MainMenuState -> LoadingState
09:28:42.626 [FXGL Background Thread 1 ] DEBUG InitAppTask          - Clearing previous game
09:28:42.627 [FXGL Background Thread 1 ] DEBUG GameWorld            - Clearing game world
09:28:42.627 [FXGL Background Thread 1 ] DEBUG PhysicsWorld         - Clearing physics world
09:28:42.627 [FXGL Background Thread 1 ] DEBUG GameScene            - Clearing game scene
09:28:42.628 [FXGL Background Thread 1 ] DEBUG InitAppTask          - Initializing Game
09:28:42.670 [FXGL Background Thread 1 ] DEBUG AssetLoader          - Loading from disk: /assets/textures/background1.png
09:28:42.698 [FXGL Background Thread 1 ] DEBUG GameScene            - Creating render group for layer: DEFAULT(100000)
09:28:42.700 [FXGL Background Thread 1 ] DEBUG AssetLoader          - Loading from disk: /assets/textures/slime1.png
09:28:42.706 [FXGL Background Thread 1 ] DEBUG AssetLoader          - Loading from disk: /assets/textures/slime2.png
09:28:42.709 [FXGL Background Thread 1 ] DEBUG AssetLoader          - Loading from disk: /assets/textures/ball.png
09:28:42.712 [FXGL Background Thread 1 ] DEBUG AssetLoader          - Loading from disk: /assets/textures/bottomline.png
09:28:42.715 [FXGL Background Thread 1 ] DEBUG InitAppTask          - Initializing Physics
09:28:42.716 [FXGL Background Thread 1 ] DEBUG InitAppTask          - Initializing UI
09:28:42.717 [FXGL Background Thread 1 ] DEBUG InitAppTask          - Initialization Complete
09:28:42.717 [FXGL Background Thread 1 ] INFO  InitAppTask          - Game initialization took: 0,090 sec
09:28:42.728 [JavaFX Application Thread] DEBUG Input                - Clearing active input actions
09:28:42.728 [JavaFX Application Thread] DEBUG AssetLoader          - Loading from disk: /assets/ui/css/fxgl_dark.css
09:28:42.737 [JavaFX Application Thread] DEBUG AppStateMachine      - LoadingState -> PlayState
09:28:49.588 [JavaFX Application Thread] DEBUG FXGL                 - Exiting FXGL
09:28:49.588 [JavaFX Application Thread] DEBUG MenuEventHandler     - Creating default profile
09:28:49.588 [JavaFX Application Thread] DEBUG EventBus             - Firing event: SaveEvent
09:28:49.588 [JavaFX Application Thread] DEBUG AudioPlayer          - Saving data to profile
09:28:49.588 [JavaFX Application Thread] DEBUG Bundle               - Logging bundle: audio
09:28:49.588 [JavaFX Application Thread] DEBUG Bundle               - audio.musicVolume=0.5
09:28:49.588 [JavaFX Application Thread] DEBUG Bundle               - audio.soundVolume=0.5
09:28:49.589 [JavaFX Application Thread] DEBUG Input                - Saving data to profile
09:28:49.589 [JavaFX Application Thread] DEBUG Bundle               - Logging bundle: input
09:28:49.589 [JavaFX Application Thread] DEBUG Bundle               - input.Move Right=D
09:28:49.589 [JavaFX Application Thread] DEBUG Bundle               - input.Move Down(Player 2)=Down
09:28:49.589 [JavaFX Application Thread] DEBUG Bundle               - input.Restart=CTRL+R
09:28:49.589 [JavaFX Application Thread] DEBUG Bundle               - input.Move Up=W
09:28:49.589 [JavaFX Application Thread] DEBUG Bundle               - input.Dev Options=CTRL+0
09:28:49.590 [JavaFX Application Thread] DEBUG Bundle               - input.Move Left=A
09:28:49.590 [JavaFX Application Thread] DEBUG Bundle               - input.Move Up (Player 2)=Up
09:28:49.590 [JavaFX Application Thread] DEBUG Bundle               - input.Move Right (Player2)=Right
09:28:49.590 [JavaFX Application Thread] DEBUG Bundle               - input.Siiiiiii=F
09:28:49.590 [JavaFX Application Thread] DEBUG Bundle               - input.Move Left (Player2)=Left
09:28:49.590 [JavaFX Application Thread] DEBUG Bundle               - input.Screenshot=P
09:28:49.590 [JavaFX Application Thread] DEBUG Bundle               - input.System info dump=CTRL+9
09:28:49.590 [JavaFX Application Thread] DEBUG Bundle               - input.Move Down=S
09:28:49.590 [JavaFX Application Thread] DEBUG Bundle               - Logging bundle: gameplayStats
09:28:49.590 [JavaFX Application Thread] DEBUG Bundle               - gameplayStats.playtime=1031875565575
09:28:49.591 [JavaFX Application Thread] DEBUG AchievementManager   - Saving data to profile
09:28:49.591 [JavaFX Application Thread] DEBUG Bundle               - Logging bundle: achievement
09:28:49.591 [JavaFX Application Thread] DEBUG SaveLoadManager      - Saving profile: Mads
09:28:49.595 [JavaFX Application Thread] DEBUG DesktopFSService     - Writing to: .\profiles\Mads\user.profile
09:28:49.600 [JavaFX Application Thread] DEBUG FXGL                 - Shutting down background threads
09:28:49.600 [JavaFX Application Thread] DEBUG FXGL                 - Saving FXGL system data
09:28:49.602 [JavaFX Application Thread] DEBUG DesktopFSService     - Writing to: system\fxgl.bundle
09:28:49.604 [JavaFX Application Thread] DEBUG FXGL                 - Closing logger and exiting JavaFX
