14:56:29.462 [JavaFX Application Thread] DEBUG GameApplication      - Logger initialized
14:56:29.492 [JavaFX Application Thread] DEBUG GameApplication      - Logging settings
Title: SimpleGame
Version: 0.0
Width: 800
Height: 800
Fullscreen: false
Intro: false
Menus: false
Profiling: false
Single step:false
App Mode: DEVELOPER
Menu Key: ESCAPE
Stage Style: DECORATED
Scene Factory: class com.almasb.fxgl.scene.SceneFactory
Dialog Factory: class com.almasb.fxgl.ui.FXGLDialogFactory
UI Factory: class com.almasb.fxgl.ui.FXGLUIFactory
Notification Service: class com.almasb.fxgl.gameplay.notification.XboxNotificationView
Exception Handler: class com.almasb.fxgl.app.FXGLExceptionHandler
14:56:29.493 [JavaFX Application Thread] DEBUG GameApplication      - Starting FXGL
14:56:29.517 [JavaFX Application Thread] INFO  FXGL                 - FXGL-0.5.4 on DESKTOP
14:56:29.518 [JavaFX Application Thread] INFO  FXGL                 - Source code and latest versions at: https://github.com/AlmasB/FXGL
14:56:29.519 [JavaFX Application Thread] INFO  FXGL                 -              Join the FXGL chat at: https://gitter.im/AlmasB/FXGL
14:56:29.520 [JavaFX Application Thread] DEBUG FXGL                 - FXGL started
14:56:29.522 [JavaFX Application Thread] DEBUG FXGL                 - Initializing FXGL
14:56:29.591 [JavaFX Application Thread] DEBUG AssetLoader          - Loading from disk: /assets/ui/cursors/fxgl_default.png
14:56:29.744 [JavaFX Application Thread] DEBUG AssetLoader          - Loading from disk: /assets/ui/fonts/VarelaRound-Regular.ttf
14:56:30.363 [JavaFX Application Thread] DEBUG MainWindow           - Creating a JavaFX scene
14:56:30.488 [JavaFX Application Thread] DEBUG MainWindow           - Target settings size: 800.0 x 800.0
14:56:30.489 [JavaFX Application Thread] DEBUG MainWindow           - Scaled scene size:    800.0 x 800.0
14:56:30.490 [JavaFX Application Thread] DEBUG MainWindow           - Scaled ratio: (1.0, 1.0)
14:56:30.496 [JavaFX Application Thread] DEBUG AssetLoader          - Loading from disk: /assets/ui/css/fxgl_dark.css
14:56:30.504 [JavaFX Application Thread] DEBUG AssetLoader          - Loading from disk: /assets/textures/fxgl_icon.png
14:56:30.571 [JavaFX Application Thread] DEBUG MainWindow           - Opening main window
14:56:30.958 [JavaFX Application Thread] DEBUG MainWindow           - Window border size: (14.4000244140625, 37.5999755859375)
14:56:30.959 [JavaFX Application Thread] DEBUG MainWindow           - Scaled size: 800.0 x 800.0
14:56:30.961 [JavaFX Application Thread] DEBUG MainWindow           - Scaled ratio: (1.0, 1.0)
14:56:30.961 [JavaFX Application Thread] DEBUG MainWindow           - Scene size: 800.0 x 800.0
14:56:30.962 [JavaFX Application Thread] DEBUG MainWindow           - Stage size: 814.4000244140625 x 837.5999755859375
14:56:31.119 [ForkJoinPool.commonPool-worker-9] DEBUG FS                   - Loaded DesktopFSService
14:56:31.120 [ForkJoinPool.commonPool-worker-9] DEBUG FXGL                 - Loading FXGL system data
14:56:31.136 [ForkJoinPool.commonPool-worker-9] DEBUG DesktopFSService     - Reading from: system\fxgl.bundle
14:56:31.168 [ForkJoinPool.commonPool-worker-9] DEBUG Bundle               - Logging bundle: FXGL
14:56:31.170 [ForkJoinPool.commonPool-worker-9] DEBUG Bundle               - FXGL.offline.timer.version.check=2019-01-07T14:44:13.971316
14:56:31.175 [ForkJoinPool.commonPool-worker-9] DEBUG FXGL                 - Initializing state machine and application states
14:56:31.179 [ForkJoinPool.commonPool-worker-9] DEBUG AssetLoader          - Loading from disk: /assets/ui/cursors/fxgl_default.png
14:56:31.191 [ForkJoinPool.commonPool-worker-9] DEBUG AssetLoader          - Loading from disk: /assets/ui/cursors/fxgl_default.png
14:56:31.211 [ForkJoinPool.commonPool-worker-9] DEBUG AssetLoader          - Loading from cache: /assets/ui/fonts/VarelaRound-Regular.ttf
14:56:31.217 [ForkJoinPool.commonPool-worker-9] DEBUG AssetLoader          - Loading from disk: /assets/ui/cursors/fxgl_default.png
14:56:31.224 [ForkJoinPool.commonPool-worker-9] DEBUG GameScene            - Game scene initialized: 800x800
14:56:31.235 [ForkJoinPool.commonPool-worker-9] DEBUG GameWorld            - Game world initialized
14:56:31.399 [ForkJoinPool.commonPool-worker-9] DEBUG PhysicsWorld         - Physics world initialized: appHeight=800, physics.ppm=50,0
14:56:31.454 [ForkJoinPool.commonPool-worker-9] DEBUG Input                - Registered new binding: Pause - Esc
14:56:31.582 [JavaFX Application Thread] DEBUG FXGL                 - Running preInit()
14:56:31.586 [JavaFX Application Thread] DEBUG Input                - Registered new binding: Screenshot - P
14:56:31.588 [JavaFX Application Thread] DEBUG Input                - Registered new binding: Dev Options - CTRL+0
14:56:31.590 [JavaFX Application Thread] DEBUG Input                - Registered new binding: System info dump - CTRL+9
14:56:31.592 [JavaFX Application Thread] DEBUG Input                - Registered new binding: Restart - CTRL+R
14:56:31.594 [JavaFX Application Thread] INFO  FXGL                 - FXGL initialization took: 2,071 sec
14:56:31.595 [JavaFX Application Thread] DEBUG LoopRunner           - Starting loop
14:56:31.598 [JavaFX Application Thread] DEBUG StartupState         - STARTUP
14:56:31.598 [JavaFX Application Thread] DEBUG GameApplication      - Starting new game
14:56:31.598 [JavaFX Application Thread] DEBUG Input                - Clearing active input actions
14:56:31.601 [JavaFX Application Thread] DEBUG AssetLoader          - Loading from disk: /assets/ui/css/fxgl_dark.css
14:56:31.622 [JavaFX Application Thread] DEBUG AppStateMachine      - StartupState -> LoadingState
14:56:31.656 [FXGL Background Thread 1 ] DEBUG InitAppTask          - Clearing previous game
14:56:31.657 [FXGL Background Thread 1 ] DEBUG GameWorld            - Clearing game world
14:56:31.657 [FXGL Background Thread 1 ] DEBUG PhysicsWorld         - Clearing physics world
14:56:31.657 [FXGL Background Thread 1 ] DEBUG GameScene            - Clearing game scene
14:56:31.661 [FXGL Background Thread 1 ] DEBUG InitAppTask          - Initializing Game
14:56:31.678 [FXGL Background Thread 1 ] DEBUG InitAppTask          - Initializing Physics
14:56:31.679 [FXGL Background Thread 1 ] DEBUG InitAppTask          - Initializing UI
14:56:31.679 [FXGL Background Thread 1 ] DEBUG InitAppTask          - Initialization Complete
14:56:31.680 [FXGL Background Thread 1 ] INFO  InitAppTask          - Game initialization took: 0,024 sec
14:56:31.763 [JavaFX Application Thread] DEBUG Input                - Clearing active input actions
14:56:31.764 [JavaFX Application Thread] DEBUG AssetLoader          - Loading from disk: /assets/ui/css/fxgl_dark.css
14:56:31.799 [JavaFX Application Thread] DEBUG AppStateMachine      - LoadingState -> PlayState
14:56:36.050 [JavaFX Application Thread] DEBUG FXGL                 - Exiting FXGL
14:56:36.050 [JavaFX Application Thread] DEBUG FXGL                 - Shutting down background threads
14:56:36.051 [JavaFX Application Thread] DEBUG FXGL                 - Saving FXGL system data
14:56:36.058 [JavaFX Application Thread] DEBUG DesktopFSService     - Writing to: system\fxgl.bundle
14:56:36.067 [JavaFX Application Thread] DEBUG FXGL                 - Closing logger and exiting JavaFX
