09:28:20.107 [JavaFX Application Thread] DEBUG GameApplication      - Logger initialized
09:28:20.132 [JavaFX Application Thread] DEBUG GameApplication      - Logging settings
Title: SlimeSoccer2000
Version: 0.1
Width: 1200
Height: 600
Fullscreen: false
Intro: false
Menus: true
Profiling: false
Single step:false
App Mode: DEVELOPER
Menu Key: M
Stage Style: DECORATED
Scene Factory: class com.almasb.fxgl.scene.SceneFactory
Dialog Factory: class com.almasb.fxgl.ui.FXGLDialogFactory
UI Factory: class com.almasb.fxgl.ui.FXGLUIFactory
Notification Service: class com.almasb.fxgl.gameplay.notification.XboxNotificationView
Exception Handler: class com.almasb.fxgl.app.FXGLExceptionHandler
09:28:20.133 [JavaFX Application Thread] DEBUG GameApplication      - Starting FXGL
09:28:20.153 [JavaFX Application Thread] INFO  FXGL                 - FXGL-0.5.4 on DESKTOP
09:28:20.154 [JavaFX Application Thread] INFO  FXGL                 - Source code and latest versions at: https://github.com/AlmasB/FXGL
09:28:20.154 [JavaFX Application Thread] INFO  FXGL                 -              Join the FXGL chat at: https://gitter.im/AlmasB/FXGL
09:28:20.154 [JavaFX Application Thread] DEBUG FXGL                 - FXGL started
09:28:20.155 [JavaFX Application Thread] DEBUG FXGL                 - Initializing FXGL
09:28:20.217 [JavaFX Application Thread] DEBUG AssetLoader          - Loading from disk: /assets/ui/cursors/fxgl_default.png
09:28:20.363 [JavaFX Application Thread] DEBUG AssetLoader          - Loading from disk: /assets/ui/fonts/VarelaRound-Regular.ttf
09:28:20.726 [JavaFX Application Thread] DEBUG MainWindow           - Creating a JavaFX scene
09:28:20.775 [JavaFX Application Thread] DEBUG MainWindow           - Target settings size: 1200.0 x 600.0
09:28:20.775 [JavaFX Application Thread] DEBUG MainWindow           - Scaled scene size:    1200.0 x 600.0
09:28:20.776 [JavaFX Application Thread] DEBUG MainWindow           - Scaled ratio: (1.0, 1.0)
09:28:20.778 [JavaFX Application Thread] DEBUG AssetLoader          - Loading from disk: /assets/ui/css/fxgl_dark.css
09:28:20.784 [JavaFX Application Thread] DEBUG AssetLoader          - Loading from disk: /assets/textures/fxgl_icon.png
09:28:20.807 [JavaFX Application Thread] DEBUG MainWindow           - Opening main window
09:28:20.998 [JavaFX Application Thread] DEBUG MainWindow           - Window border size: (14.4000244140625, 37.5999755859375)
09:28:20.998 [JavaFX Application Thread] DEBUG MainWindow           - Scaled size: 1200.0 x 600.0
09:28:20.998 [JavaFX Application Thread] DEBUG MainWindow           - Scaled ratio: (1.0, 1.0)
09:28:20.999 [JavaFX Application Thread] DEBUG MainWindow           - Scene size: 1200.0 x 600.0
09:28:20.999 [JavaFX Application Thread] DEBUG MainWindow           - Stage size: 1214.4000244140625 x 637.5999755859375
09:28:21.083 [ForkJoinPool.commonPool-worker-9] DEBUG FS                   - Loaded DesktopFSService
09:28:21.084 [ForkJoinPool.commonPool-worker-9] DEBUG FXGL                 - Loading FXGL system data
09:28:21.094 [ForkJoinPool.commonPool-worker-9] DEBUG DesktopFSService     - Reading from: system\fxgl.bundle
09:28:21.112 [ForkJoinPool.commonPool-worker-9] DEBUG Bundle               - Logging bundle: FXGL
09:28:21.113 [ForkJoinPool.commonPool-worker-9] DEBUG Bundle               - FXGL.offline.timer.version.check=2019-01-07T14:44:13.971316
09:28:21.114 [ForkJoinPool.commonPool-worker-9] DEBUG FXGL                 - Initializing state machine and application states
09:28:21.117 [ForkJoinPool.commonPool-worker-9] DEBUG AssetLoader          - Loading from disk: /assets/ui/cursors/fxgl_default.png
09:28:21.118 [ForkJoinPool.commonPool-worker-2] DEBUG UpdaterTask          - Checking for updates
09:28:21.127 [ForkJoinPool.commonPool-worker-9] DEBUG AssetLoader          - Loading from disk: /assets/ui/cursors/fxgl_default.png
09:28:21.139 [ForkJoinPool.commonPool-worker-9] DEBUG AssetLoader          - Loading from cache: /assets/ui/fonts/VarelaRound-Regular.ttf
09:28:21.146 [ForkJoinPool.commonPool-worker-9] DEBUG AssetLoader          - Loading from disk: /assets/ui/cursors/fxgl_default.png
09:28:21.150 [ForkJoinPool.commonPool-worker-9] DEBUG GameScene            - Game scene initialized: 1200x600
09:28:21.161 [ForkJoinPool.commonPool-worker-9] DEBUG GameWorld            - Game world initialized
09:28:21.297 [ForkJoinPool.commonPool-worker-9] DEBUG PhysicsWorld         - Physics world initialized: appHeight=600, physics.ppm=50,0
09:28:21.370 [ForkJoinPool.commonPool-worker-9] DEBUG AssetLoader          - Loading from disk: /assets/ui/cursors/fxgl_default.png
09:28:21.377 [ForkJoinPool.commonPool-worker-9] DEBUG AssetLoader          - Loading from disk: /assets/properties/languages/english.properties
09:28:21.379 [ForkJoinPool.commonPool-worker-9] DEBUG AssetLoader          - Loading from cache: /assets/ui/fonts/VarelaRound-Regular.ttf
09:28:21.380 [ForkJoinPool.commonPool-worker-9] DEBUG AssetLoader          - Loading from cache: /assets/ui/fonts/VarelaRound-Regular.ttf
09:28:21.381 [ForkJoinPool.commonPool-worker-9] DEBUG AssetLoader          - Loading from cache: /assets/ui/fonts/VarelaRound-Regular.ttf
09:28:21.401 [ForkJoinPool.commonPool-worker-9] DEBUG AssetLoader          - Loading from disk: /assets/textures/particles/trace_horizontal.png
09:28:21.431 [ForkJoinPool.commonPool-worker-9] DEBUG AssetLoader          - Loading from cache: /assets/ui/fonts/VarelaRound-Regular.ttf
09:28:21.432 [ForkJoinPool.commonPool-worker-9] DEBUG FXGL.Menu            - createMenuBodyMainMenu()
09:28:21.441 [ForkJoinPool.commonPool-worker-9] DEBUG AssetLoader          - Loading from cache: /assets/ui/fonts/VarelaRound-Regular.ttf
09:28:21.446 [ForkJoinPool.commonPool-worker-9] DEBUG AssetLoader          - Loading from cache: /assets/properties/languages/english.properties
09:28:21.462 [ForkJoinPool.commonPool-worker-9] DEBUG AssetLoader          - Loading from cache: /assets/ui/fonts/VarelaRound-Regular.ttf
09:28:21.462 [ForkJoinPool.commonPool-worker-9] DEBUG AssetLoader          - Loading from cache: /assets/properties/languages/english.properties
09:28:21.463 [ForkJoinPool.commonPool-worker-9] DEBUG FXGL.Menu            - createOptionsMenu()
09:28:21.463 [ForkJoinPool.commonPool-worker-9] DEBUG AssetLoader          - Loading from cache: /assets/ui/fonts/VarelaRound-Regular.ttf
09:28:21.463 [ForkJoinPool.commonPool-worker-9] DEBUG AssetLoader          - Loading from cache: /assets/properties/languages/english.properties
09:28:21.465 [ForkJoinPool.commonPool-worker-9] DEBUG AssetLoader          - Loading from cache: /assets/ui/fonts/VarelaRound-Regular.ttf
09:28:21.466 [ForkJoinPool.commonPool-worker-9] DEBUG AssetLoader          - Loading from cache: /assets/properties/languages/english.properties
09:28:21.467 [ForkJoinPool.commonPool-worker-9] DEBUG AssetLoader          - Loading from cache: /assets/ui/fonts/VarelaRound-Regular.ttf
09:28:21.467 [ForkJoinPool.commonPool-worker-9] DEBUG AssetLoader          - Loading from cache: /assets/properties/languages/english.properties
09:28:21.468 [ForkJoinPool.commonPool-worker-9] DEBUG AssetLoader          - Loading from cache: /assets/ui/fonts/VarelaRound-Regular.ttf
09:28:21.469 [ForkJoinPool.commonPool-worker-9] DEBUG AssetLoader          - Loading from cache: /assets/properties/languages/english.properties
09:28:21.470 [ForkJoinPool.commonPool-worker-9] DEBUG AssetLoader          - Loading from cache: /assets/ui/fonts/VarelaRound-Regular.ttf
09:28:21.470 [ForkJoinPool.commonPool-worker-9] DEBUG AssetLoader          - Loading from cache: /assets/properties/languages/english.properties
09:28:21.471 [ForkJoinPool.commonPool-worker-9] DEBUG AssetLoader          - Loading from cache: /assets/ui/fonts/VarelaRound-Regular.ttf
09:28:21.472 [ForkJoinPool.commonPool-worker-9] DEBUG AssetLoader          - Loading from cache: /assets/properties/languages/english.properties
09:28:21.475 [ForkJoinPool.commonPool-worker-9] DEBUG AssetLoader          - Loading from cache: /assets/ui/fonts/VarelaRound-Regular.ttf
09:28:21.475 [ForkJoinPool.commonPool-worker-9] DEBUG AssetLoader          - Loading from cache: /assets/properties/languages/english.properties
09:28:21.477 [ForkJoinPool.commonPool-worker-9] DEBUG AssetLoader          - Loading from cache: /assets/ui/fonts/VarelaRound-Regular.ttf
09:28:21.477 [ForkJoinPool.commonPool-worker-9] DEBUG AssetLoader          - Loading from cache: /assets/properties/languages/english.properties
09:28:21.478 [ForkJoinPool.commonPool-worker-9] DEBUG AssetLoader          - Loading from disk: /assets/textures/particles/smoke.png
09:28:21.546 [ForkJoinPool.commonPool-worker-9] DEBUG AssetLoader          - Loading from disk: /assets/ui/cursors/fxgl_default.png
09:28:21.548 [ForkJoinPool.commonPool-worker-9] DEBUG AssetLoader          - Loading from cache: /assets/properties/languages/english.properties
09:28:21.549 [ForkJoinPool.commonPool-worker-9] DEBUG AssetLoader          - Loading from cache: /assets/ui/fonts/VarelaRound-Regular.ttf
09:28:21.549 [ForkJoinPool.commonPool-worker-9] DEBUG AssetLoader          - Loading from cache: /assets/ui/fonts/VarelaRound-Regular.ttf
09:28:21.549 [ForkJoinPool.commonPool-worker-9] DEBUG AssetLoader          - Loading from cache: /assets/ui/fonts/VarelaRound-Regular.ttf
09:28:21.550 [ForkJoinPool.commonPool-worker-9] DEBUG AssetLoader          - Loading from cache: /assets/textures/particles/trace_horizontal.png@64.0x64.0
09:28:21.551 [ForkJoinPool.commonPool-worker-9] DEBUG AssetLoader          - Loading from cache: /assets/ui/fonts/VarelaRound-Regular.ttf
09:28:21.551 [ForkJoinPool.commonPool-worker-9] DEBUG FXGL.Menu            - createMenuBodyGameMenu()
09:28:21.551 [ForkJoinPool.commonPool-worker-9] DEBUG AssetLoader          - Loading from cache: /assets/ui/fonts/VarelaRound-Regular.ttf
09:28:21.552 [ForkJoinPool.commonPool-worker-9] DEBUG AssetLoader          - Loading from cache: /assets/properties/languages/english.properties
09:28:21.553 [ForkJoinPool.commonPool-worker-9] DEBUG AssetLoader          - Loading from cache: /assets/ui/fonts/VarelaRound-Regular.ttf
09:28:21.553 [ForkJoinPool.commonPool-worker-9] DEBUG AssetLoader          - Loading from cache: /assets/properties/languages/english.properties
09:28:21.553 [ForkJoinPool.commonPool-worker-9] DEBUG FXGL.Menu            - createOptionsMenu()
09:28:21.554 [ForkJoinPool.commonPool-worker-9] DEBUG AssetLoader          - Loading from cache: /assets/ui/fonts/VarelaRound-Regular.ttf
09:28:21.554 [ForkJoinPool.commonPool-worker-9] DEBUG AssetLoader          - Loading from cache: /assets/properties/languages/english.properties
09:28:21.554 [ForkJoinPool.commonPool-worker-9] DEBUG AssetLoader          - Loading from cache: /assets/ui/fonts/VarelaRound-Regular.ttf
09:28:21.555 [ForkJoinPool.commonPool-worker-9] DEBUG AssetLoader          - Loading from cache: /assets/properties/languages/english.properties
09:28:21.555 [ForkJoinPool.commonPool-worker-9] DEBUG AssetLoader          - Loading from cache: /assets/ui/fonts/VarelaRound-Regular.ttf
09:28:21.556 [ForkJoinPool.commonPool-worker-9] DEBUG AssetLoader          - Loading from cache: /assets/properties/languages/english.properties
09:28:21.560 [ForkJoinPool.commonPool-worker-9] DEBUG AssetLoader          - Loading from cache: /assets/ui/fonts/VarelaRound-Regular.ttf
09:28:21.560 [ForkJoinPool.commonPool-worker-9] DEBUG AssetLoader          - Loading from cache: /assets/properties/languages/english.properties
09:28:21.561 [ForkJoinPool.commonPool-worker-9] DEBUG AssetLoader          - Loading from cache: /assets/ui/fonts/VarelaRound-Regular.ttf
09:28:21.561 [ForkJoinPool.commonPool-worker-9] DEBUG AssetLoader          - Loading from cache: /assets/properties/languages/english.properties
09:28:21.562 [ForkJoinPool.commonPool-worker-9] DEBUG AssetLoader          - Loading from cache: /assets/ui/fonts/VarelaRound-Regular.ttf
09:28:21.562 [ForkJoinPool.commonPool-worker-9] DEBUG AssetLoader          - Loading from cache: /assets/properties/languages/english.properties
09:28:21.563 [ForkJoinPool.commonPool-worker-9] DEBUG AssetLoader          - Loading from cache: /assets/ui/fonts/VarelaRound-Regular.ttf
09:28:21.563 [ForkJoinPool.commonPool-worker-9] DEBUG AssetLoader          - Loading from cache: /assets/properties/languages/english.properties
09:28:21.564 [ForkJoinPool.commonPool-worker-9] DEBUG AssetLoader          - Loading from cache: /assets/textures/particles/smoke.png@128.0x128.0
09:28:21.628 [JavaFX Application Thread] DEBUG FXGL                 - Running preInit()
09:28:21.660 [JavaFX Application Thread] DEBUG Input                - Registered new binding: Screenshot - P
09:28:21.661 [JavaFX Application Thread] DEBUG Input                - Registered new binding: Dev Options - CTRL+0
09:28:21.662 [JavaFX Application Thread] DEBUG Input                - Registered new binding: System info dump - CTRL+9
09:28:21.663 [JavaFX Application Thread] DEBUG Input                - Registered new binding: Restart - CTRL+R
09:28:21.663 [JavaFX Application Thread] DEBUG Input                - Registered new binding: Move Right - D
09:28:21.663 [JavaFX Application Thread] DEBUG Input                - Registered new binding: Move Left - A
09:28:21.663 [JavaFX Application Thread] DEBUG Input                - Registered new binding: Move Up - W
09:28:21.664 [JavaFX Application Thread] DEBUG Input                - Registered new binding: Move Down - S
09:28:21.664 [JavaFX Application Thread] DEBUG Input                - Registered new binding: Siiiiiii - F
09:28:21.664 [JavaFX Application Thread] DEBUG Input                - Registered new binding: Move Right (Player2) - Right
09:28:21.664 [JavaFX Application Thread] DEBUG Input                - Registered new binding: Move Left (Player2) - Left
09:28:21.665 [JavaFX Application Thread] DEBUG Input                - Registered new binding: Move Up (Player 2) - Up
09:28:21.665 [JavaFX Application Thread] DEBUG Input                - Registered new binding: Move Down(Player 2) - Down
09:28:21.666 [JavaFX Application Thread] DEBUG MenuEventHandler     - generateDefaultProfile()
09:28:21.666 [JavaFX Application Thread] DEBUG MenuEventHandler     - Creating default profile
09:28:21.667 [JavaFX Application Thread] DEBUG EventBus             - Firing event: SaveEvent
09:28:21.669 [JavaFX Application Thread] DEBUG AudioPlayer          - Saving data to profile
09:28:21.669 [JavaFX Application Thread] DEBUG Bundle               - Logging bundle: audio
09:28:21.670 [JavaFX Application Thread] DEBUG Bundle               - audio.musicVolume=0.5
09:28:21.670 [JavaFX Application Thread] DEBUG Bundle               - audio.soundVolume=0.5
09:28:21.670 [JavaFX Application Thread] DEBUG Input                - Saving data to profile
09:28:21.670 [JavaFX Application Thread] DEBUG Bundle               - Logging bundle: input
09:28:21.670 [JavaFX Application Thread] DEBUG Bundle               - input.Move Right=D
09:28:21.670 [JavaFX Application Thread] DEBUG Bundle               - input.Move Down(Player 2)=Down
09:28:21.671 [JavaFX Application Thread] DEBUG Bundle               - input.Restart=CTRL+R
09:28:21.671 [JavaFX Application Thread] DEBUG Bundle               - input.Move Up=W
09:28:21.671 [JavaFX Application Thread] DEBUG Bundle               - input.Dev Options=CTRL+0
09:28:21.671 [JavaFX Application Thread] DEBUG Bundle               - input.Move Left=A
09:28:21.671 [JavaFX Application Thread] DEBUG Bundle               - input.Move Up (Player 2)=Up
09:28:21.671 [JavaFX Application Thread] DEBUG Bundle               - input.Move Right (Player2)=Right
09:28:21.671 [JavaFX Application Thread] DEBUG Bundle               - input.Siiiiiii=F
09:28:21.671 [JavaFX Application Thread] DEBUG Bundle               - input.Move Left (Player2)=Left
09:28:21.671 [JavaFX Application Thread] DEBUG Bundle               - input.Screenshot=P
09:28:21.672 [JavaFX Application Thread] DEBUG Bundle               - input.System info dump=CTRL+9
09:28:21.672 [JavaFX Application Thread] DEBUG Bundle               - input.Move Down=S
09:28:21.681 [JavaFX Application Thread] DEBUG Bundle               - Logging bundle: gameplayStats
09:28:21.682 [JavaFX Application Thread] DEBUG Bundle               - gameplayStats.playtime=0
09:28:21.683 [JavaFX Application Thread] DEBUG AchievementManager   - Saving data to profile
09:28:21.683 [JavaFX Application Thread] DEBUG Bundle               - Logging bundle: achievement
09:28:21.685 [JavaFX Application Thread] INFO  FXGL                 - FXGL initialization took: 1,530 sec
09:28:21.686 [JavaFX Application Thread] DEBUG LoopRunner           - Starting loop
09:28:21.688 [JavaFX Application Thread] DEBUG StartupState         - STARTUP
09:28:21.688 [JavaFX Application Thread] DEBUG Input                - Clearing active input actions
09:28:21.689 [JavaFX Application Thread] DEBUG AssetLoader          - Loading from disk: /assets/ui/css/fxgl_dark.css
09:28:21.711 [JavaFX Application Thread] DEBUG AppStateMachine      - StartupState -> MainMenuState
09:28:21.726 [JavaFX Application Thread] DEBUG AssetLoader          - Loading from cache: /assets/properties/languages/english.properties
09:28:21.726 [JavaFX Application Thread] DEBUG AssetLoader          - Loading from cache: /assets/ui/fonts/VarelaRound-Regular.ttf
09:28:21.726 [JavaFX Application Thread] DEBUG AssetLoader          - Loading from cache: /assets/properties/languages/english.properties
09:28:21.726 [JavaFX Application Thread] DEBUG AssetLoader          - Loading from cache: /assets/ui/fonts/VarelaRound-Regular.ttf
09:28:21.727 [JavaFX Application Thread] DEBUG AssetLoader          - Loading from cache: /assets/properties/languages/english.properties
09:28:21.727 [JavaFX Application Thread] DEBUG AssetLoader          - Loading from cache: /assets/ui/fonts/VarelaRound-Regular.ttf
09:28:21.731 [JavaFX Application Thread] DEBUG SaveLoadManager      - Checking profiles dir: profiles/
09:28:21.732 [JavaFX Application Thread] DEBUG SaveLoadManager      - Loading profile names
09:28:21.734 [JavaFX Application Thread] DEBUG AssetLoader          - Loading from cache: /assets/properties/languages/english.properties
09:28:21.736 [JavaFX Application Thread] DEBUG AssetLoader          - Loading from cache: /assets/ui/fonts/VarelaRound-Regular.ttf
09:28:21.737 [JavaFX Application Thread] DEBUG AssetLoader          - Loading from cache: /assets/ui/fonts/VarelaRound-Regular.ttf
09:28:21.737 [JavaFX Application Thread] DEBUG AppStateMachine      - Push state: DialogSubState
09:28:21.737 [JavaFX Application Thread] DEBUG Input                - Clearing active input actions
09:28:21.738 [JavaFX Application Thread] DEBUG AppStateMachine      - MainMenuState -> DialogSubState
09:28:21.852 [JavaFX Application Thread] DEBUG AppStateMachine      - Pop state: DialogSubState
09:28:21.853 [JavaFX Application Thread] DEBUG Input                - Clearing active input actions
09:28:21.853 [JavaFX Application Thread] DEBUG AppStateMachine      - MainMenuState <- DialogSubState
09:28:21.854 [JavaFX Application Thread] DEBUG AssetLoader          - Loading from cache: /assets/properties/languages/english.properties
09:28:21.855 [JavaFX Application Thread] DEBUG AssetLoader          - Loading from cache: /assets/ui/fonts/VarelaRound-Regular.ttf
09:28:21.856 [JavaFX Application Thread] DEBUG AssetLoader          - Loading from cache: /assets/ui/fonts/VarelaRound-Regular.ttf
09:28:21.856 [JavaFX Application Thread] DEBUG AppStateMachine      - Push state: DialogSubState
09:28:21.856 [JavaFX Application Thread] DEBUG Input                - Clearing active input actions
09:28:21.856 [JavaFX Application Thread] DEBUG AppStateMachine      - MainMenuState -> DialogSubState
09:28:22.598 [JavaFX Application Thread] DEBUG AssetLoader          - Loading from cache: /assets/sounds/menu/select.wav
09:28:22.812 [JavaFX Application Thread] DEBUG AppStateMachine      - Pop state: DialogSubState
09:28:22.812 [JavaFX Application Thread] DEBUG Input                - Clearing active input actions
09:28:22.813 [JavaFX Application Thread] DEBUG AppStateMachine      - MainMenuState <- DialogSubState
09:28:22.813 [JavaFX Application Thread] DEBUG SaveLoadManager      - Loading profile: Mads
09:28:22.815 [JavaFX Application Thread] DEBUG AssetLoader          - Loading from cache: /assets/properties/languages/english.properties
09:28:22.815 [JavaFX Application Thread] DEBUG AssetLoader          - Loading from cache: /assets/ui/fonts/VarelaRound-Regular.ttf
09:28:22.816 [JavaFX Application Thread] DEBUG AssetLoader          - Loading from cache: /assets/ui/fonts/VarelaRound-Regular.ttf
09:28:22.816 [JavaFX Application Thread] DEBUG AppStateMachine      - Push state: DialogSubState
09:28:22.816 [JavaFX Application Thread] DEBUG Input                - Clearing active input actions
09:28:22.816 [JavaFX Application Thread] DEBUG AppStateMachine      - MainMenuState -> DialogSubState
09:28:22.819 [FXGL Background Thread 1 ] DEBUG DesktopFSService     - Reading from: .\profiles\Mads\user.profile
09:28:22.839 [JavaFX Application Thread] DEBUG AppStateMachine      - Pop state: DialogSubState
09:28:22.839 [JavaFX Application Thread] DEBUG Input                - Clearing active input actions
09:28:22.840 [JavaFX Application Thread] DEBUG AppStateMachine      - MainMenuState <- DialogSubState
09:28:22.840 [JavaFX Application Thread] DEBUG EventBus             - Firing event: LoadEvent[type=LOAD_PROFILE]
09:28:22.840 [JavaFX Application Thread] DEBUG AudioPlayer          - Loading data from profile
09:28:22.840 [JavaFX Application Thread] DEBUG Bundle               - Logging bundle: audio
09:28:22.840 [JavaFX Application Thread] DEBUG Bundle               - audio.musicVolume=0.5
09:28:22.840 [JavaFX Application Thread] DEBUG Bundle               - audio.soundVolume=0.5
09:28:22.840 [JavaFX Application Thread] DEBUG Input                - Loading data from profile
09:28:22.840 [JavaFX Application Thread] DEBUG Bundle               - Logging bundle: input
09:28:22.840 [JavaFX Application Thread] DEBUG Bundle               - input.Move Right=D
09:28:22.840 [JavaFX Application Thread] DEBUG Bundle               - input.Move Down(Player 2)=Down
09:28:22.841 [JavaFX Application Thread] DEBUG Bundle               - input.Restart=CTRL+R
09:28:22.841 [JavaFX Application Thread] DEBUG Bundle               - input.Move Up=W
09:28:22.841 [JavaFX Application Thread] DEBUG Bundle               - input.Dev Options=CTRL+0
09:28:22.841 [JavaFX Application Thread] DEBUG Bundle               - input.Move Left=A
09:28:22.841 [JavaFX Application Thread] DEBUG Bundle               - input.Move Up (Player 2)=Up
09:28:22.841 [JavaFX Application Thread] DEBUG Bundle               - input.Move Right (Player2)=Right
09:28:22.841 [JavaFX Application Thread] DEBUG Bundle               - input.Siiiiiii=F
09:28:22.841 [JavaFX Application Thread] DEBUG Bundle               - input.Move Left (Player2)=Left
09:28:22.841 [JavaFX Application Thread] DEBUG Bundle               - input.Screenshot=P
09:28:22.841 [JavaFX Application Thread] DEBUG Bundle               - input.System info dump=CTRL+9
09:28:22.841 [JavaFX Application Thread] DEBUG Bundle               - input.Move Down=S
09:28:22.841 [JavaFX Application Thread] DEBUG Bundle               - Logging bundle: gameplayStats
09:28:22.842 [JavaFX Application Thread] DEBUG Bundle               - gameplayStats.playtime=1021461709285
09:28:22.842 [JavaFX Application Thread] DEBUG AchievementManager   - Loading data from profile
09:28:22.842 [JavaFX Application Thread] DEBUG Bundle               - Logging bundle: achievement
09:28:22.842 [JavaFX Application Thread] DEBUG AssetLoader          - Loading from cache: /assets/properties/languages/english.properties
09:28:22.842 [JavaFX Application Thread] DEBUG AssetLoader          - Loading from cache: /assets/ui/fonts/VarelaRound-Regular.ttf
09:28:22.842 [JavaFX Application Thread] DEBUG AssetLoader          - Loading from cache: /assets/properties/languages/english.properties
09:28:22.843 [JavaFX Application Thread] DEBUG AssetLoader          - Loading from cache: /assets/ui/fonts/VarelaRound-Regular.ttf
09:28:22.843 [JavaFX Application Thread] DEBUG SaveLoadManager      - Loading last modified save file
09:28:22.843 [JavaFX Application Thread] DEBUG SaveLoadManager      - Loading save files
09:28:22.846 [JavaFX Application Thread] DEBUG AssetLoader          - Loading from cache: /assets/properties/languages/english.properties
09:28:22.846 [JavaFX Application Thread] DEBUG AssetLoader          - Loading from cache: /assets/ui/fonts/VarelaRound-Regular.ttf
09:28:22.847 [JavaFX Application Thread] DEBUG AssetLoader          - Loading from cache: /assets/ui/fonts/VarelaRound-Regular.ttf
09:28:22.847 [JavaFX Application Thread] DEBUG AppStateMachine      - Push state: DialogSubState
09:28:22.848 [JavaFX Application Thread] DEBUG Input                - Clearing active input actions
09:28:22.848 [JavaFX Application Thread] DEBUG AppStateMachine      - MainMenuState -> DialogSubState
09:28:22.863 [JavaFX Application Thread] DEBUG AppStateMachine      - Pop state: DialogSubState
09:28:22.864 [JavaFX Application Thread] DEBUG Input                - Clearing active input actions
09:28:22.865 [JavaFX Application Thread] DEBUG AppStateMachine      - MainMenuState <- DialogSubState
09:28:22.936 [JavaFX Application Thread] DEBUG AssetLoader          - Loading from cache: /assets/sounds/menu/select.wav
09:28:22.950 [JavaFX Application Thread] DEBUG AssetLoader          - Loading from cache: /assets/sounds/menu/select.wav
09:28:23.378 [JavaFX Application Thread] DEBUG FXGL.Menu            - fireNewGame()
09:28:23.378 [JavaFX Application Thread] DEBUG GameApplication      - Starting new game
09:28:23.378 [JavaFX Application Thread] DEBUG Input                - Clearing active input actions
09:28:23.378 [JavaFX Application Thread] DEBUG AssetLoader          - Loading from disk: /assets/ui/css/fxgl_dark.css
09:28:23.419 [JavaFX Application Thread] DEBUG AppStateMachine      - MainMenuState -> LoadingState
09:28:23.422 [FXGL Background Thread 1 ] DEBUG InitAppTask          - Clearing previous game
09:28:23.422 [FXGL Background Thread 1 ] DEBUG GameWorld            - Clearing game world
09:28:23.422 [FXGL Background Thread 1 ] DEBUG PhysicsWorld         - Clearing physics world
09:28:23.422 [FXGL Background Thread 1 ] DEBUG GameScene            - Clearing game scene
09:28:23.425 [FXGL Background Thread 1 ] DEBUG InitAppTask          - Initializing Game
09:28:23.455 [FXGL Background Thread 1 ] DEBUG AssetLoader          - Loading from disk: /assets/textures/background1.png
09:28:23.485 [FXGL Background Thread 1 ] DEBUG GameScene            - Creating render group for layer: DEFAULT(100000)
09:28:23.487 [FXGL Background Thread 1 ] DEBUG AssetLoader          - Loading from disk: /assets/textures/slime1.png
09:28:23.496 [FXGL Background Thread 1 ] DEBUG AssetLoader          - Loading from disk: /assets/textures/slime2.png
09:28:23.501 [FXGL Background Thread 1 ] DEBUG AssetLoader          - Loading from disk: /assets/textures/ball.png
09:28:23.506 [FXGL Background Thread 1 ] DEBUG AssetLoader          - Loading from disk: /assets/textures/bottomline.png
09:28:23.509 [FXGL Background Thread 1 ] DEBUG InitAppTask          - Initializing Physics
09:28:23.510 [FXGL Background Thread 1 ] DEBUG InitAppTask          - Initializing UI
09:28:23.513 [FXGL Background Thread 1 ] DEBUG InitAppTask          - Initialization Complete
09:28:23.513 [FXGL Background Thread 1 ] INFO  InitAppTask          - Game initialization took: 0,091 sec
09:28:23.515 [JavaFX Application Thread] DEBUG Input                - Clearing active input actions
09:28:23.515 [JavaFX Application Thread] DEBUG AssetLoader          - Loading from disk: /assets/ui/css/fxgl_dark.css
09:28:23.525 [JavaFX Application Thread] DEBUG AppStateMachine      - LoadingState -> PlayState
09:28:26.801 [JavaFX Application Thread] DEBUG FXGL                 - Exiting FXGL
09:28:26.801 [JavaFX Application Thread] DEBUG MenuEventHandler     - Creating default profile
09:28:26.801 [JavaFX Application Thread] DEBUG EventBus             - Firing event: SaveEvent
09:28:26.802 [JavaFX Application Thread] DEBUG AudioPlayer          - Saving data to profile
09:28:26.802 [JavaFX Application Thread] DEBUG Bundle               - Logging bundle: audio
09:28:26.802 [JavaFX Application Thread] DEBUG Bundle               - audio.musicVolume=0.5
09:28:26.802 [JavaFX Application Thread] DEBUG Bundle               - audio.soundVolume=0.5
09:28:26.802 [JavaFX Application Thread] DEBUG Input                - Saving data to profile
09:28:26.802 [JavaFX Application Thread] DEBUG Bundle               - Logging bundle: input
09:28:26.802 [JavaFX Application Thread] DEBUG Bundle               - input.Move Right=D
09:28:26.802 [JavaFX Application Thread] DEBUG Bundle               - input.Move Down(Player 2)=Down
09:28:26.802 [JavaFX Application Thread] DEBUG Bundle               - input.Restart=CTRL+R
09:28:26.803 [JavaFX Application Thread] DEBUG Bundle               - input.Move Up=W
09:28:26.803 [JavaFX Application Thread] DEBUG Bundle               - input.Dev Options=CTRL+0
09:28:26.803 [JavaFX Application Thread] DEBUG Bundle               - input.Move Left=A
09:28:26.803 [JavaFX Application Thread] DEBUG Bundle               - input.Move Up (Player 2)=Up
09:28:26.803 [JavaFX Application Thread] DEBUG Bundle               - input.Move Right (Player2)=Right
09:28:26.803 [JavaFX Application Thread] DEBUG Bundle               - input.Siiiiiii=F
09:28:26.803 [JavaFX Application Thread] DEBUG Bundle               - input.Move Left (Player2)=Left
09:28:26.803 [JavaFX Application Thread] DEBUG Bundle               - input.Screenshot=P
09:28:26.803 [JavaFX Application Thread] DEBUG Bundle               - input.System info dump=CTRL+9
09:28:26.803 [JavaFX Application Thread] DEBUG Bundle               - input.Move Down=S
09:28:26.803 [JavaFX Application Thread] DEBUG Bundle               - Logging bundle: gameplayStats
09:28:26.803 [JavaFX Application Thread] DEBUG Bundle               - gameplayStats.playtime=1024819260257
09:28:26.804 [JavaFX Application Thread] DEBUG AchievementManager   - Saving data to profile
09:28:26.804 [JavaFX Application Thread] DEBUG Bundle               - Logging bundle: achievement
09:28:26.804 [JavaFX Application Thread] DEBUG SaveLoadManager      - Saving profile: Mads
09:28:26.812 [JavaFX Application Thread] DEBUG DesktopFSService     - Writing to: .\profiles\Mads\user.profile
09:28:26.816 [JavaFX Application Thread] DEBUG FXGL                 - Shutting down background threads
09:28:26.816 [JavaFX Application Thread] DEBUG FXGL                 - Saving FXGL system data
09:28:26.818 [JavaFX Application Thread] DEBUG DesktopFSService     - Writing to: system\fxgl.bundle
09:28:26.820 [JavaFX Application Thread] DEBUG FXGL                 - Closing logger and exiting JavaFX
