08:52:09.659 [JavaFX Application Thread] DEBUG GameApplication      - Logger initialized
08:52:09.678 [JavaFX Application Thread] DEBUG GameApplication      - Logging settings
Title: SlimeSoccer2000
Version: 0.1
Width: 1200
Height: 600
Fullscreen: false
Intro: false
Menus: true
Profiling: false
Single step:false
App Mode: DEVELOPER
Menu Key: M
Stage Style: DECORATED
Scene Factory: class com.almasb.fxgl.scene.SceneFactory
Dialog Factory: class com.almasb.fxgl.ui.FXGLDialogFactory
UI Factory: class com.almasb.fxgl.ui.FXGLUIFactory
Notification Service: class com.almasb.fxgl.gameplay.notification.XboxNotificationView
Exception Handler: class com.almasb.fxgl.app.FXGLExceptionHandler
08:52:09.679 [JavaFX Application Thread] DEBUG GameApplication      - Starting FXGL
08:52:09.695 [JavaFX Application Thread] INFO  FXGL                 - FXGL-0.5.4 on DESKTOP
08:52:09.696 [JavaFX Application Thread] INFO  FXGL                 - Source code and latest versions at: https://github.com/AlmasB/FXGL
08:52:09.696 [JavaFX Application Thread] INFO  FXGL                 -              Join the FXGL chat at: https://gitter.im/AlmasB/FXGL
08:52:09.697 [JavaFX Application Thread] DEBUG FXGL                 - FXGL started
08:52:09.697 [JavaFX Application Thread] DEBUG FXGL                 - Initializing FXGL
08:52:09.753 [JavaFX Application Thread] DEBUG AssetLoader          - Loading from disk: /assets/ui/cursors/fxgl_default.png
08:52:09.861 [JavaFX Application Thread] DEBUG AssetLoader          - Loading from disk: /assets/ui/fonts/VarelaRound-Regular.ttf
08:52:10.208 [JavaFX Application Thread] DEBUG MainWindow           - Creating a JavaFX scene
08:52:10.241 [JavaFX Application Thread] DEBUG MainWindow           - Target settings size: 1200.0 x 600.0
08:52:10.242 [JavaFX Application Thread] DEBUG MainWindow           - Scaled scene size:    1200.0 x 600.0
08:52:10.242 [JavaFX Application Thread] DEBUG MainWindow           - Scaled ratio: (1.0, 1.0)
08:52:10.244 [JavaFX Application Thread] DEBUG AssetLoader          - Loading from disk: /assets/ui/css/fxgl_dark.css
08:52:10.248 [JavaFX Application Thread] DEBUG AssetLoader          - Loading from disk: /assets/textures/fxgl_icon.png
08:52:10.279 [JavaFX Application Thread] DEBUG MainWindow           - Opening main window
08:52:10.441 [JavaFX Application Thread] DEBUG MainWindow           - Window border size: (14.4000244140625, 37.5999755859375)
08:52:10.442 [JavaFX Application Thread] DEBUG MainWindow           - Scaled size: 1200.0 x 600.0
08:52:10.442 [JavaFX Application Thread] DEBUG MainWindow           - Scaled ratio: (1.0, 1.0)
08:52:10.442 [JavaFX Application Thread] DEBUG MainWindow           - Scene size: 1200.0 x 600.0
08:52:10.443 [JavaFX Application Thread] DEBUG MainWindow           - Stage size: 1214.4000244140625 x 637.5999755859375
08:52:10.531 [ForkJoinPool.commonPool-worker-9] DEBUG FS                   - Loaded DesktopFSService
08:52:10.532 [ForkJoinPool.commonPool-worker-9] DEBUG FXGL                 - Loading FXGL system data
08:52:10.544 [ForkJoinPool.commonPool-worker-9] DEBUG DesktopFSService     - Reading from: system\fxgl.bundle
08:52:10.559 [ForkJoinPool.commonPool-worker-9] DEBUG Bundle               - Logging bundle: FXGL
08:52:10.560 [ForkJoinPool.commonPool-worker-9] DEBUG Bundle               - FXGL.offline.timer.version.check=2019-01-15T09:28:22.000785300
08:52:10.561 [ForkJoinPool.commonPool-worker-9] DEBUG FXGL                 - Initializing state machine and application states
08:52:10.564 [ForkJoinPool.commonPool-worker-9] DEBUG AssetLoader          - Loading from disk: /assets/ui/cursors/fxgl_default.png
08:52:10.577 [ForkJoinPool.commonPool-worker-9] DEBUG AssetLoader          - Loading from disk: /assets/ui/cursors/fxgl_default.png
08:52:10.585 [ForkJoinPool.commonPool-worker-9] DEBUG AssetLoader          - Loading from cache: /assets/ui/fonts/VarelaRound-Regular.ttf
08:52:10.591 [ForkJoinPool.commonPool-worker-9] DEBUG AssetLoader          - Loading from disk: /assets/ui/cursors/fxgl_default.png
08:52:10.595 [ForkJoinPool.commonPool-worker-9] DEBUG GameScene            - Game scene initialized: 1200x600
08:52:10.605 [ForkJoinPool.commonPool-worker-9] DEBUG GameWorld            - Game world initialized
08:52:10.730 [ForkJoinPool.commonPool-worker-9] DEBUG PhysicsWorld         - Physics world initialized: appHeight=600, physics.ppm=50,0
08:52:10.784 [ForkJoinPool.commonPool-worker-9] DEBUG AssetLoader          - Loading from disk: /assets/ui/cursors/fxgl_default.png
08:52:10.791 [ForkJoinPool.commonPool-worker-9] DEBUG AssetLoader          - Loading from disk: /assets/properties/languages/english.properties
08:52:10.793 [ForkJoinPool.commonPool-worker-9] DEBUG AssetLoader          - Loading from cache: /assets/ui/fonts/VarelaRound-Regular.ttf
08:52:10.794 [ForkJoinPool.commonPool-worker-9] DEBUG AssetLoader          - Loading from cache: /assets/ui/fonts/VarelaRound-Regular.ttf
08:52:10.795 [ForkJoinPool.commonPool-worker-9] DEBUG AssetLoader          - Loading from cache: /assets/ui/fonts/VarelaRound-Regular.ttf
08:52:10.810 [ForkJoinPool.commonPool-worker-9] DEBUG AssetLoader          - Loading from disk: /assets/textures/particles/trace_horizontal.png
08:52:10.848 [ForkJoinPool.commonPool-worker-9] DEBUG AssetLoader          - Loading from cache: /assets/ui/fonts/VarelaRound-Regular.ttf
08:52:10.849 [ForkJoinPool.commonPool-worker-9] DEBUG FXGL.Menu            - createMenuBodyMainMenu()
08:52:10.857 [ForkJoinPool.commonPool-worker-9] DEBUG AssetLoader          - Loading from cache: /assets/ui/fonts/VarelaRound-Regular.ttf
08:52:10.860 [ForkJoinPool.commonPool-worker-9] DEBUG AssetLoader          - Loading from cache: /assets/properties/languages/english.properties
08:52:10.862 [ForkJoinPool.commonPool-worker-9] DEBUG AssetLoader          - Loading from cache: /assets/ui/fonts/VarelaRound-Regular.ttf
08:52:10.862 [ForkJoinPool.commonPool-worker-9] DEBUG AssetLoader          - Loading from cache: /assets/properties/languages/english.properties
08:52:10.863 [ForkJoinPool.commonPool-worker-9] DEBUG FXGL.Menu            - createOptionsMenu()
08:52:10.863 [ForkJoinPool.commonPool-worker-9] DEBUG AssetLoader          - Loading from cache: /assets/ui/fonts/VarelaRound-Regular.ttf
08:52:10.863 [ForkJoinPool.commonPool-worker-9] DEBUG AssetLoader          - Loading from cache: /assets/properties/languages/english.properties
08:52:10.866 [ForkJoinPool.commonPool-worker-9] DEBUG AssetLoader          - Loading from cache: /assets/ui/fonts/VarelaRound-Regular.ttf
08:52:10.866 [ForkJoinPool.commonPool-worker-9] DEBUG AssetLoader          - Loading from cache: /assets/properties/languages/english.properties
08:52:10.867 [ForkJoinPool.commonPool-worker-9] DEBUG AssetLoader          - Loading from cache: /assets/ui/fonts/VarelaRound-Regular.ttf
08:52:10.867 [ForkJoinPool.commonPool-worker-9] DEBUG AssetLoader          - Loading from cache: /assets/properties/languages/english.properties
08:52:10.868 [ForkJoinPool.commonPool-worker-9] DEBUG AssetLoader          - Loading from cache: /assets/ui/fonts/VarelaRound-Regular.ttf
08:52:10.869 [ForkJoinPool.commonPool-worker-9] DEBUG AssetLoader          - Loading from cache: /assets/properties/languages/english.properties
08:52:10.871 [ForkJoinPool.commonPool-worker-9] DEBUG AssetLoader          - Loading from cache: /assets/ui/fonts/VarelaRound-Regular.ttf
08:52:10.871 [ForkJoinPool.commonPool-worker-9] DEBUG AssetLoader          - Loading from cache: /assets/properties/languages/english.properties
08:52:10.873 [ForkJoinPool.commonPool-worker-9] DEBUG AssetLoader          - Loading from cache: /assets/ui/fonts/VarelaRound-Regular.ttf
08:52:10.874 [ForkJoinPool.commonPool-worker-9] DEBUG AssetLoader          - Loading from cache: /assets/properties/languages/english.properties
08:52:10.875 [ForkJoinPool.commonPool-worker-9] DEBUG AssetLoader          - Loading from cache: /assets/ui/fonts/VarelaRound-Regular.ttf
08:52:10.875 [ForkJoinPool.commonPool-worker-9] DEBUG AssetLoader          - Loading from cache: /assets/properties/languages/english.properties
08:52:10.877 [ForkJoinPool.commonPool-worker-9] DEBUG AssetLoader          - Loading from cache: /assets/ui/fonts/VarelaRound-Regular.ttf
08:52:10.877 [ForkJoinPool.commonPool-worker-9] DEBUG AssetLoader          - Loading from cache: /assets/properties/languages/english.properties
08:52:10.878 [ForkJoinPool.commonPool-worker-9] DEBUG AssetLoader          - Loading from disk: /assets/textures/particles/smoke.png
08:52:10.941 [ForkJoinPool.commonPool-worker-9] DEBUG AssetLoader          - Loading from disk: /assets/ui/cursors/fxgl_default.png
08:52:10.943 [ForkJoinPool.commonPool-worker-9] DEBUG AssetLoader          - Loading from cache: /assets/properties/languages/english.properties
08:52:10.944 [ForkJoinPool.commonPool-worker-9] DEBUG AssetLoader          - Loading from cache: /assets/ui/fonts/VarelaRound-Regular.ttf
08:52:10.944 [ForkJoinPool.commonPool-worker-9] DEBUG AssetLoader          - Loading from cache: /assets/ui/fonts/VarelaRound-Regular.ttf
08:52:10.945 [ForkJoinPool.commonPool-worker-9] DEBUG AssetLoader          - Loading from cache: /assets/ui/fonts/VarelaRound-Regular.ttf
08:52:10.945 [ForkJoinPool.commonPool-worker-9] DEBUG AssetLoader          - Loading from cache: /assets/textures/particles/trace_horizontal.png@64.0x64.0
08:52:10.946 [ForkJoinPool.commonPool-worker-9] DEBUG AssetLoader          - Loading from cache: /assets/ui/fonts/VarelaRound-Regular.ttf
08:52:10.946 [ForkJoinPool.commonPool-worker-9] DEBUG FXGL.Menu            - createMenuBodyGameMenu()
08:52:10.947 [ForkJoinPool.commonPool-worker-9] DEBUG AssetLoader          - Loading from cache: /assets/ui/fonts/VarelaRound-Regular.ttf
08:52:10.947 [ForkJoinPool.commonPool-worker-9] DEBUG AssetLoader          - Loading from cache: /assets/properties/languages/english.properties
08:52:10.948 [ForkJoinPool.commonPool-worker-9] DEBUG AssetLoader          - Loading from cache: /assets/ui/fonts/VarelaRound-Regular.ttf
08:52:10.948 [ForkJoinPool.commonPool-worker-9] DEBUG AssetLoader          - Loading from cache: /assets/properties/languages/english.properties
08:52:10.949 [ForkJoinPool.commonPool-worker-9] DEBUG FXGL.Menu            - createOptionsMenu()
08:52:10.949 [ForkJoinPool.commonPool-worker-9] DEBUG AssetLoader          - Loading from cache: /assets/ui/fonts/VarelaRound-Regular.ttf
08:52:10.949 [ForkJoinPool.commonPool-worker-9] DEBUG AssetLoader          - Loading from cache: /assets/properties/languages/english.properties
08:52:10.950 [ForkJoinPool.commonPool-worker-9] DEBUG AssetLoader          - Loading from cache: /assets/ui/fonts/VarelaRound-Regular.ttf
08:52:10.950 [ForkJoinPool.commonPool-worker-9] DEBUG AssetLoader          - Loading from cache: /assets/properties/languages/english.properties
08:52:10.950 [ForkJoinPool.commonPool-worker-9] DEBUG AssetLoader          - Loading from cache: /assets/ui/fonts/VarelaRound-Regular.ttf
08:52:10.950 [ForkJoinPool.commonPool-worker-9] DEBUG AssetLoader          - Loading from cache: /assets/properties/languages/english.properties
08:52:10.951 [ForkJoinPool.commonPool-worker-9] DEBUG AssetLoader          - Loading from cache: /assets/ui/fonts/VarelaRound-Regular.ttf
08:52:10.951 [ForkJoinPool.commonPool-worker-9] DEBUG AssetLoader          - Loading from cache: /assets/properties/languages/english.properties
08:52:10.951 [ForkJoinPool.commonPool-worker-9] DEBUG AssetLoader          - Loading from cache: /assets/ui/fonts/VarelaRound-Regular.ttf
08:52:10.952 [ForkJoinPool.commonPool-worker-9] DEBUG AssetLoader          - Loading from cache: /assets/properties/languages/english.properties
08:52:10.953 [ForkJoinPool.commonPool-worker-9] DEBUG AssetLoader          - Loading from cache: /assets/ui/fonts/VarelaRound-Regular.ttf
08:52:10.953 [ForkJoinPool.commonPool-worker-9] DEBUG AssetLoader          - Loading from cache: /assets/properties/languages/english.properties
08:52:10.955 [ForkJoinPool.commonPool-worker-9] DEBUG AssetLoader          - Loading from cache: /assets/ui/fonts/VarelaRound-Regular.ttf
08:52:10.956 [ForkJoinPool.commonPool-worker-9] DEBUG AssetLoader          - Loading from cache: /assets/properties/languages/english.properties
08:52:10.957 [ForkJoinPool.commonPool-worker-9] DEBUG AssetLoader          - Loading from cache: /assets/textures/particles/smoke.png@128.0x128.0
08:52:11.025 [JavaFX Application Thread] DEBUG FXGL                 - Running preInit()
08:52:11.048 [JavaFX Application Thread] DEBUG Input                - Registered new binding: Screenshot - P
08:52:11.049 [JavaFX Application Thread] DEBUG Input                - Registered new binding: Dev Options - CTRL+0
08:52:11.049 [JavaFX Application Thread] DEBUG Input                - Registered new binding: System info dump - CTRL+9
08:52:11.050 [JavaFX Application Thread] DEBUG Input                - Registered new binding: Restart - CTRL+R
08:52:11.050 [JavaFX Application Thread] DEBUG Input                - Registered new binding: Move Right - D
08:52:11.050 [JavaFX Application Thread] DEBUG Input                - Registered new binding: Move Left - A
08:52:11.050 [JavaFX Application Thread] DEBUG Input                - Registered new binding: Move Up - W
08:52:11.051 [JavaFX Application Thread] DEBUG Input                - Registered new binding: Move Down - S
08:52:11.051 [JavaFX Application Thread] DEBUG Input                - Registered new binding: Celebrate - F
08:52:11.051 [JavaFX Application Thread] DEBUG Input                - Registered new binding: Move Right (Player2) - Right
08:52:11.051 [JavaFX Application Thread] DEBUG Input                - Registered new binding: Move Left (Player2) - Left
08:52:11.051 [JavaFX Application Thread] DEBUG Input                - Registered new binding: Move Up (Player 2) - Up
08:52:11.052 [JavaFX Application Thread] DEBUG Input                - Registered new binding: Move Down(Player 2) - Down
08:52:11.053 [JavaFX Application Thread] DEBUG MenuEventHandler     - generateDefaultProfile()
08:52:11.053 [JavaFX Application Thread] DEBUG MenuEventHandler     - Creating default profile
08:52:11.054 [JavaFX Application Thread] DEBUG EventBus             - Firing event: SaveEvent
08:52:11.056 [JavaFX Application Thread] DEBUG AudioPlayer          - Saving data to profile
08:52:11.056 [JavaFX Application Thread] DEBUG Bundle               - Logging bundle: audio
08:52:11.056 [JavaFX Application Thread] DEBUG Bundle               - audio.musicVolume=0.5
08:52:11.056 [JavaFX Application Thread] DEBUG Bundle               - audio.soundVolume=0.5
08:52:11.056 [JavaFX Application Thread] DEBUG Input                - Saving data to profile
08:52:11.057 [JavaFX Application Thread] DEBUG Bundle               - Logging bundle: input
08:52:11.057 [JavaFX Application Thread] DEBUG Bundle               - input.Move Right=D
08:52:11.057 [JavaFX Application Thread] DEBUG Bundle               - input.Move Down(Player 2)=Down
08:52:11.057 [JavaFX Application Thread] DEBUG Bundle               - input.Restart=CTRL+R
08:52:11.057 [JavaFX Application Thread] DEBUG Bundle               - input.Move Up=W
08:52:11.057 [JavaFX Application Thread] DEBUG Bundle               - input.Dev Options=CTRL+0
08:52:11.057 [JavaFX Application Thread] DEBUG Bundle               - input.Move Left=A
08:52:11.057 [JavaFX Application Thread] DEBUG Bundle               - input.Move Up (Player 2)=Up
08:52:11.058 [JavaFX Application Thread] DEBUG Bundle               - input.Move Right (Player2)=Right
08:52:11.058 [JavaFX Application Thread] DEBUG Bundle               - input.Move Left (Player2)=Left
08:52:11.058 [JavaFX Application Thread] DEBUG Bundle               - input.Celebrate=F
08:52:11.058 [JavaFX Application Thread] DEBUG Bundle               - input.Screenshot=P
08:52:11.058 [JavaFX Application Thread] DEBUG Bundle               - input.System info dump=CTRL+9
08:52:11.058 [JavaFX Application Thread] DEBUG Bundle               - input.Move Down=S
08:52:11.065 [JavaFX Application Thread] DEBUG Bundle               - Logging bundle: gameplayStats
08:52:11.065 [JavaFX Application Thread] DEBUG Bundle               - gameplayStats.playtime=0
08:52:11.067 [JavaFX Application Thread] DEBUG AchievementManager   - Saving data to profile
08:52:11.067 [JavaFX Application Thread] DEBUG Bundle               - Logging bundle: achievement
08:52:11.069 [JavaFX Application Thread] INFO  FXGL                 - FXGL initialization took: 1,371 sec
08:52:11.069 [JavaFX Application Thread] DEBUG LoopRunner           - Starting loop
08:52:11.071 [JavaFX Application Thread] DEBUG StartupState         - STARTUP
08:52:11.071 [JavaFX Application Thread] DEBUG Input                - Clearing active input actions
08:52:11.072 [JavaFX Application Thread] DEBUG AssetLoader          - Loading from disk: /assets/ui/css/fxgl_dark.css
08:52:11.093 [JavaFX Application Thread] DEBUG AppStateMachine      - StartupState -> MainMenuState
08:52:11.098 [JavaFX Application Thread] DEBUG AssetLoader          - Loading from cache: /assets/properties/languages/english.properties
08:52:11.099 [JavaFX Application Thread] DEBUG AssetLoader          - Loading from cache: /assets/ui/fonts/VarelaRound-Regular.ttf
08:52:11.099 [JavaFX Application Thread] DEBUG AssetLoader          - Loading from cache: /assets/properties/languages/english.properties
08:52:11.099 [JavaFX Application Thread] DEBUG AssetLoader          - Loading from cache: /assets/ui/fonts/VarelaRound-Regular.ttf
08:52:11.100 [JavaFX Application Thread] DEBUG AssetLoader          - Loading from cache: /assets/properties/languages/english.properties
08:52:11.100 [JavaFX Application Thread] DEBUG AssetLoader          - Loading from cache: /assets/ui/fonts/VarelaRound-Regular.ttf
08:52:11.103 [JavaFX Application Thread] DEBUG SaveLoadManager      - Checking profiles dir: profiles/
08:52:11.104 [JavaFX Application Thread] DEBUG SaveLoadManager      - Loading profile names
08:52:11.106 [JavaFX Application Thread] DEBUG AssetLoader          - Loading from cache: /assets/properties/languages/english.properties
08:52:11.107 [JavaFX Application Thread] DEBUG AssetLoader          - Loading from cache: /assets/ui/fonts/VarelaRound-Regular.ttf
08:52:11.109 [JavaFX Application Thread] DEBUG AssetLoader          - Loading from cache: /assets/ui/fonts/VarelaRound-Regular.ttf
08:52:11.109 [JavaFX Application Thread] DEBUG AppStateMachine      - Push state: DialogSubState
08:52:11.109 [JavaFX Application Thread] DEBUG Input                - Clearing active input actions
08:52:11.110 [JavaFX Application Thread] DEBUG AppStateMachine      - MainMenuState -> DialogSubState
08:52:11.215 [JavaFX Application Thread] DEBUG AppStateMachine      - Pop state: DialogSubState
08:52:11.215 [JavaFX Application Thread] DEBUG Input                - Clearing active input actions
08:52:11.216 [JavaFX Application Thread] DEBUG AppStateMachine      - MainMenuState <- DialogSubState
08:52:11.217 [JavaFX Application Thread] DEBUG AssetLoader          - Loading from cache: /assets/properties/languages/english.properties
08:52:11.218 [JavaFX Application Thread] DEBUG AssetLoader          - Loading from cache: /assets/ui/fonts/VarelaRound-Regular.ttf
08:52:11.219 [JavaFX Application Thread] DEBUG AssetLoader          - Loading from cache: /assets/ui/fonts/VarelaRound-Regular.ttf
08:52:11.219 [JavaFX Application Thread] DEBUG AppStateMachine      - Push state: DialogSubState
08:52:11.219 [JavaFX Application Thread] DEBUG Input                - Clearing active input actions
08:52:11.219 [JavaFX Application Thread] DEBUG AppStateMachine      - MainMenuState -> DialogSubState
08:52:11.771 [JavaFX Application Thread] DEBUG AssetLoader          - Loading from cache: /assets/sounds/menu/select.wav
08:52:11.975 [JavaFX Application Thread] DEBUG AppStateMachine      - Pop state: DialogSubState
08:52:11.975 [JavaFX Application Thread] DEBUG Input                - Clearing active input actions
08:52:11.976 [JavaFX Application Thread] DEBUG AppStateMachine      - MainMenuState <- DialogSubState
08:52:11.976 [JavaFX Application Thread] DEBUG SaveLoadManager      - Loading profile: Mads
08:52:11.983 [JavaFX Application Thread] DEBUG AssetLoader          - Loading from cache: /assets/properties/languages/english.properties
08:52:11.983 [JavaFX Application Thread] DEBUG AssetLoader          - Loading from cache: /assets/ui/fonts/VarelaRound-Regular.ttf
08:52:11.984 [JavaFX Application Thread] DEBUG AssetLoader          - Loading from cache: /assets/ui/fonts/VarelaRound-Regular.ttf
08:52:11.984 [JavaFX Application Thread] DEBUG AppStateMachine      - Push state: DialogSubState
08:52:11.984 [JavaFX Application Thread] DEBUG Input                - Clearing active input actions
08:52:11.985 [JavaFX Application Thread] DEBUG AppStateMachine      - MainMenuState -> DialogSubState
08:52:11.986 [FXGL Background Thread 1 ] DEBUG DesktopFSService     - Reading from: .\profiles\Mads\user.profile
08:52:11.999 [JavaFX Application Thread] DEBUG AppStateMachine      - Pop state: DialogSubState
08:52:12.000 [JavaFX Application Thread] DEBUG Input                - Clearing active input actions
08:52:12.000 [JavaFX Application Thread] DEBUG AppStateMachine      - MainMenuState <- DialogSubState
08:52:12.001 [JavaFX Application Thread] DEBUG EventBus             - Firing event: LoadEvent[type=LOAD_PROFILE]
08:52:12.001 [JavaFX Application Thread] DEBUG AudioPlayer          - Loading data from profile
08:52:12.001 [JavaFX Application Thread] DEBUG Bundle               - Logging bundle: audio
08:52:12.001 [JavaFX Application Thread] DEBUG Bundle               - audio.musicVolume=0.5
08:52:12.001 [JavaFX Application Thread] DEBUG Bundle               - audio.soundVolume=0.5
08:52:12.001 [JavaFX Application Thread] DEBUG Input                - Loading data from profile
08:52:12.001 [JavaFX Application Thread] DEBUG Bundle               - Logging bundle: input
08:52:12.001 [JavaFX Application Thread] DEBUG Bundle               - input.Move Right=D
08:52:12.001 [JavaFX Application Thread] DEBUG Bundle               - input.Move Down(Player 2)=Down
08:52:12.001 [JavaFX Application Thread] DEBUG Bundle               - input.Restart=CTRL+R
08:52:12.002 [JavaFX Application Thread] DEBUG Bundle               - input.Move Up=W
08:52:12.002 [JavaFX Application Thread] DEBUG Bundle               - input.Dev Options=CTRL+0
08:52:12.002 [JavaFX Application Thread] DEBUG Bundle               - input.Move Left=A
08:52:12.002 [JavaFX Application Thread] DEBUG Bundle               - input.Move Up (Player 2)=Up
08:52:12.002 [JavaFX Application Thread] DEBUG Bundle               - input.Move Right (Player2)=Right
08:52:12.002 [JavaFX Application Thread] DEBUG Bundle               - input.Siiiiiii=F
08:52:12.002 [JavaFX Application Thread] DEBUG Bundle               - input.Move Left (Player2)=Left
08:52:12.002 [JavaFX Application Thread] DEBUG Bundle               - input.Screenshot=P
08:52:12.002 [JavaFX Application Thread] DEBUG Bundle               - input.System info dump=CTRL+9
08:52:12.002 [JavaFX Application Thread] DEBUG Bundle               - input.Move Down=S
08:52:12.002 [JavaFX Application Thread] DEBUG Bundle               - Logging bundle: gameplayStats
08:52:12.003 [JavaFX Application Thread] DEBUG Bundle               - gameplayStats.playtime=1119987883987
08:52:12.003 [JavaFX Application Thread] DEBUG AchievementManager   - Loading data from profile
08:52:12.003 [JavaFX Application Thread] DEBUG Bundle               - Logging bundle: achievement
08:52:12.003 [JavaFX Application Thread] DEBUG AssetLoader          - Loading from cache: /assets/properties/languages/english.properties
08:52:12.003 [JavaFX Application Thread] DEBUG AssetLoader          - Loading from cache: /assets/ui/fonts/VarelaRound-Regular.ttf
08:52:12.004 [JavaFX Application Thread] DEBUG AssetLoader          - Loading from cache: /assets/properties/languages/english.properties
08:52:12.004 [JavaFX Application Thread] DEBUG AssetLoader          - Loading from cache: /assets/ui/fonts/VarelaRound-Regular.ttf
08:52:12.004 [JavaFX Application Thread] DEBUG SaveLoadManager      - Loading last modified save file
08:52:12.004 [JavaFX Application Thread] DEBUG SaveLoadManager      - Loading save files
08:52:12.008 [JavaFX Application Thread] DEBUG AssetLoader          - Loading from cache: /assets/properties/languages/english.properties
08:52:12.008 [JavaFX Application Thread] DEBUG AssetLoader          - Loading from cache: /assets/ui/fonts/VarelaRound-Regular.ttf
08:52:12.009 [JavaFX Application Thread] DEBUG AssetLoader          - Loading from cache: /assets/ui/fonts/VarelaRound-Regular.ttf
08:52:12.009 [JavaFX Application Thread] DEBUG AppStateMachine      - Push state: DialogSubState
08:52:12.009 [JavaFX Application Thread] DEBUG Input                - Clearing active input actions
08:52:12.009 [JavaFX Application Thread] DEBUG AppStateMachine      - MainMenuState -> DialogSubState
08:52:12.028 [JavaFX Application Thread] DEBUG AppStateMachine      - Pop state: DialogSubState
08:52:12.028 [JavaFX Application Thread] DEBUG Input                - Clearing active input actions
08:52:12.029 [JavaFX Application Thread] DEBUG AppStateMachine      - MainMenuState <- DialogSubState
08:52:12.237 [JavaFX Application Thread] DEBUG AssetLoader          - Loading from cache: /assets/sounds/menu/select.wav
08:52:12.433 [JavaFX Application Thread] DEBUG FXGL.Menu            - fireNewGame()
08:52:12.433 [JavaFX Application Thread] DEBUG GameApplication      - Starting new game
08:52:12.433 [JavaFX Application Thread] DEBUG Input                - Clearing active input actions
08:52:12.434 [JavaFX Application Thread] DEBUG AssetLoader          - Loading from disk: /assets/ui/css/fxgl_dark.css
08:52:12.453 [JavaFX Application Thread] DEBUG AppStateMachine      - MainMenuState -> LoadingState
08:52:12.456 [FXGL Background Thread 1 ] DEBUG InitAppTask          - Clearing previous game
08:52:12.456 [FXGL Background Thread 1 ] DEBUG GameWorld            - Clearing game world
08:52:12.456 [FXGL Background Thread 1 ] DEBUG PhysicsWorld         - Clearing physics world
08:52:12.456 [FXGL Background Thread 1 ] DEBUG GameScene            - Clearing game scene
08:52:12.458 [FXGL Background Thread 1 ] DEBUG InitAppTask          - Initializing Game
08:52:12.490 [FXGL Background Thread 1 ] DEBUG AssetLoader          - Loading from disk: /assets/textures/background1.png
08:52:12.520 [FXGL Background Thread 1 ] DEBUG GameScene            - Creating render group for layer: DEFAULT(100000)
08:52:12.522 [FXGL Background Thread 1 ] DEBUG AssetLoader          - Loading from disk: /assets/textures/slime1.png
08:52:12.529 [FXGL Background Thread 1 ] DEBUG AssetLoader          - Loading from disk: /assets/textures/slime2.png
08:52:12.533 [FXGL Background Thread 1 ] DEBUG AssetLoader          - Loading from disk: /assets/textures/ball.png
08:52:12.538 [FXGL Background Thread 1 ] DEBUG AssetLoader          - Loading from disk: /assets/textures/bottomline.png
08:52:12.541 [FXGL Background Thread 1 ] DEBUG InitAppTask          - Initializing Physics
08:52:12.542 [FXGL Background Thread 1 ] DEBUG InitAppTask          - Initializing UI
08:52:12.544 [JavaFX Application Thread] FATAL FXGL                 - Uncaught Exception:

Fatal exception occurred: java.lang.IllegalArgumentException : Property Timer does not exist
E: com.almasb.fxgl.core.collection.PropertyMap.get(PropertyMap.kt:208)
E: com.almasb.fxgl.core.collection.PropertyMap.intProperty(PropertyMap.kt:161)
E: com.almasb.fxgl.gameplay.GameState.intProperty(GameState.kt:74)
E: SimpleGame.initUI(SimpleGame.java:168)
E: com.almasb.fxgl.app.LoadingState$InitAppTask.initUI(AppStates.kt:178)
E: com.almasb.fxgl.app.LoadingState$InitAppTask.call(AppStates.kt:140)
E: com.almasb.fxgl.app.LoadingState$InitAppTask.call(AppStates.kt:127)
E: javafx.graphics/javafx.concurrent.Task$TaskCallable.call(Task.java:1425)
E: java.base/java.util.concurrent.FutureTask.run(FutureTask.java:264)
E: java.base/java.util.concurrent.Executors$RunnableAdapter.call(Executors.java:514)
E: java.base/java.util.concurrent.FutureTask.run(FutureTask.java:264)
E: java.base/java.util.concurrent.ThreadPoolExecutor.runWorker(ThreadPoolExecutor.java:1135)
E: java.base/java.util.concurrent.ThreadPoolExecutor$Worker.run(ThreadPoolExecutor.java:635)
E: java.base/java.lang.Thread.run(Thread.java:844)

08:52:12.544 [JavaFX Application Thread] FATAL FXGL                 - Application will now exit
08:52:12.544 [JavaFX Application Thread] DEBUG LoopRunner           - Stopping loop
08:52:16.458 [JavaFX Application Thread] DEBUG FXGL                 - Exiting FXGL
08:52:16.458 [JavaFX Application Thread] DEBUG MenuEventHandler     - Creating default profile
08:52:16.458 [JavaFX Application Thread] DEBUG EventBus             - Firing event: SaveEvent
08:52:16.458 [JavaFX Application Thread] DEBUG AudioPlayer          - Saving data to profile
08:52:16.458 [JavaFX Application Thread] DEBUG Bundle               - Logging bundle: audio
08:52:16.458 [JavaFX Application Thread] DEBUG Bundle               - audio.musicVolume=0.5
08:52:16.459 [JavaFX Application Thread] DEBUG Bundle               - audio.soundVolume=0.5
08:52:16.459 [JavaFX Application Thread] DEBUG Input                - Saving data to profile
08:52:16.459 [JavaFX Application Thread] DEBUG Bundle               - Logging bundle: input
08:52:16.459 [JavaFX Application Thread] DEBUG Bundle               - input.Move Right=D
08:52:16.459 [JavaFX Application Thread] DEBUG Bundle               - input.Move Down(Player 2)=Down
08:52:16.459 [JavaFX Application Thread] DEBUG Bundle               - input.Restart=CTRL+R
08:52:16.459 [JavaFX Application Thread] DEBUG Bundle               - input.Move Up=W
08:52:16.459 [JavaFX Application Thread] DEBUG Bundle               - input.Dev Options=CTRL+0
08:52:16.459 [JavaFX Application Thread] DEBUG Bundle               - input.Move Left=A
08:52:16.459 [JavaFX Application Thread] DEBUG Bundle               - input.Move Up (Player 2)=Up
08:52:16.459 [JavaFX Application Thread] DEBUG Bundle               - input.Move Right (Player2)=Right
08:52:16.459 [JavaFX Application Thread] DEBUG Bundle               - input.Move Left (Player2)=Left
08:52:16.459 [JavaFX Application Thread] DEBUG Bundle               - input.Celebrate=F
08:52:16.460 [JavaFX Application Thread] DEBUG Bundle               - input.Screenshot=P
08:52:16.460 [JavaFX Application Thread] DEBUG Bundle               - input.System info dump=CTRL+9
08:52:16.460 [JavaFX Application Thread] DEBUG Bundle               - input.Move Down=S
08:52:16.460 [JavaFX Application Thread] DEBUG Bundle               - Logging bundle: gameplayStats
08:52:16.460 [JavaFX Application Thread] DEBUG Bundle               - gameplayStats.playtime=1119987883987
08:52:16.460 [JavaFX Application Thread] DEBUG AchievementManager   - Saving data to profile
08:52:16.460 [JavaFX Application Thread] DEBUG Bundle               - Logging bundle: achievement
08:52:16.460 [JavaFX Application Thread] DEBUG SaveLoadManager      - Saving profile: Mads
08:52:16.463 [JavaFX Application Thread] DEBUG DesktopFSService     - Writing to: .\profiles\Mads\user.profile
08:52:16.466 [JavaFX Application Thread] DEBUG FXGL                 - Shutting down background threads
08:52:16.467 [JavaFX Application Thread] DEBUG FXGL                 - Saving FXGL system data
08:52:16.468 [JavaFX Application Thread] DEBUG DesktopFSService     - Writing to: system\fxgl.bundle
08:52:16.471 [JavaFX Application Thread] DEBUG FXGL                 - Closing logger and exiting JavaFX
