12:04:56.598 [JavaFX Application Thread] DEBUG GameApplication      - Logger initialized
12:04:56.619 [JavaFX Application Thread] DEBUG GameApplication      - Logging settings
Title: Simple Game
Version: 0.1
Width: 600
Height: 600
Fullscreen: false
Intro: false
Menus: false
Profiling: false
Single step:false
App Mode: DEVELOPER
Menu Key: ESCAPE
Stage Style: DECORATED
Scene Factory: class com.almasb.fxgl.scene.SceneFactory
Dialog Factory: class com.almasb.fxgl.ui.FXGLDialogFactory
UI Factory: class com.almasb.fxgl.ui.FXGLUIFactory
Notification Service: class com.almasb.fxgl.gameplay.notification.XboxNotificationView
Exception Handler: class com.almasb.fxgl.app.FXGLExceptionHandler
12:04:56.619 [JavaFX Application Thread] DEBUG GameApplication      - Starting FXGL
12:04:56.635 [JavaFX Application Thread] INFO  FXGL                 - FXGL-0.5.4 on DESKTOP
12:04:56.635 [JavaFX Application Thread] INFO  FXGL                 - Source code and latest versions at: https://github.com/AlmasB/FXGL
12:04:56.636 [JavaFX Application Thread] INFO  FXGL                 -              Join the FXGL chat at: https://gitter.im/AlmasB/FXGL
12:04:56.636 [JavaFX Application Thread] DEBUG FXGL                 - FXGL started
12:04:56.636 [JavaFX Application Thread] DEBUG FXGL                 - Initializing FXGL
12:04:56.689 [JavaFX Application Thread] DEBUG AssetLoader          - Loading from disk: /assets/ui/cursors/fxgl_default.png
12:04:56.807 [JavaFX Application Thread] DEBUG AssetLoader          - Loading from disk: /assets/ui/fonts/VarelaRound-Regular.ttf
12:04:57.079 [JavaFX Application Thread] DEBUG MainWindow           - Creating a JavaFX scene
12:04:57.117 [JavaFX Application Thread] DEBUG MainWindow           - Target settings size: 600.0 x 600.0
12:04:57.118 [JavaFX Application Thread] DEBUG MainWindow           - Scaled scene size:    600.0 x 600.0
12:04:57.118 [JavaFX Application Thread] DEBUG MainWindow           - Scaled ratio: (1.0, 1.0)
12:04:57.122 [JavaFX Application Thread] DEBUG AssetLoader          - Loading from disk: /assets/ui/css/fxgl_dark.css
12:04:57.125 [JavaFX Application Thread] DEBUG AssetLoader          - Loading from disk: /assets/textures/fxgl_icon.png
12:04:57.143 [JavaFX Application Thread] DEBUG MainWindow           - Opening main window
12:04:57.308 [JavaFX Application Thread] DEBUG MainWindow           - Window border size: (14.4000244140625, 37.5999755859375)
12:04:57.308 [JavaFX Application Thread] DEBUG MainWindow           - Scaled size: 600.0 x 600.0
12:04:57.308 [JavaFX Application Thread] DEBUG MainWindow           - Scaled ratio: (1.0, 1.0)
12:04:57.309 [JavaFX Application Thread] DEBUG MainWindow           - Scene size: 600.0 x 600.0
12:04:57.309 [JavaFX Application Thread] DEBUG MainWindow           - Stage size: 614.4000244140625 x 637.5999755859375
12:04:57.383 [ForkJoinPool.commonPool-worker-9] DEBUG FS                   - Loaded DesktopFSService
12:04:57.384 [ForkJoinPool.commonPool-worker-9] DEBUG FXGL                 - Loading FXGL system data
12:04:57.393 [ForkJoinPool.commonPool-worker-9] DEBUG DesktopFSService     - Reading from: system\fxgl.bundle
12:04:57.412 [ForkJoinPool.commonPool-worker-9] DEBUG Bundle               - Logging bundle: FXGL
12:04:57.413 [ForkJoinPool.commonPool-worker-9] DEBUG Bundle               - FXGL.offline.timer.version.check=2019-01-07T14:44:13.971316
12:04:57.414 [ForkJoinPool.commonPool-worker-9] DEBUG FXGL                 - Initializing state machine and application states
12:04:57.417 [ForkJoinPool.commonPool-worker-9] DEBUG AssetLoader          - Loading from disk: /assets/ui/cursors/fxgl_default.png
12:04:57.434 [ForkJoinPool.commonPool-worker-9] DEBUG AssetLoader          - Loading from disk: /assets/ui/cursors/fxgl_default.png
12:04:57.443 [ForkJoinPool.commonPool-worker-9] DEBUG AssetLoader          - Loading from cache: /assets/ui/fonts/VarelaRound-Regular.ttf
12:04:57.448 [ForkJoinPool.commonPool-worker-9] DEBUG AssetLoader          - Loading from disk: /assets/ui/cursors/fxgl_default.png
12:04:57.453 [ForkJoinPool.commonPool-worker-9] DEBUG GameScene            - Game scene initialized: 600x600
12:04:57.461 [ForkJoinPool.commonPool-worker-9] DEBUG GameWorld            - Game world initialized
12:04:57.536 [ForkJoinPool.commonPool-worker-9] DEBUG PhysicsWorld         - Physics world initialized: appHeight=600, physics.ppm=50,0
12:04:57.563 [ForkJoinPool.commonPool-worker-9] DEBUG Input                - Registered new binding: Pause - Esc
12:04:57.645 [JavaFX Application Thread] DEBUG FXGL                 - Running preInit()
12:04:57.647 [JavaFX Application Thread] DEBUG Input                - Registered new binding: Screenshot - P
12:04:57.648 [JavaFX Application Thread] DEBUG Input                - Registered new binding: Dev Options - CTRL+0
12:04:57.649 [JavaFX Application Thread] DEBUG Input                - Registered new binding: System info dump - CTRL+9
12:04:57.649 [JavaFX Application Thread] DEBUG Input                - Registered new binding: Restart - CTRL+R
12:04:57.651 [JavaFX Application Thread] INFO  FXGL                 - FXGL initialization took: 1,013 sec
12:04:57.651 [JavaFX Application Thread] DEBUG LoopRunner           - Starting loop
12:04:57.653 [JavaFX Application Thread] DEBUG StartupState         - STARTUP
12:04:57.653 [JavaFX Application Thread] DEBUG GameApplication      - Starting new game
12:04:57.653 [JavaFX Application Thread] DEBUG Input                - Clearing active input actions
12:04:57.655 [JavaFX Application Thread] DEBUG AssetLoader          - Loading from disk: /assets/ui/css/fxgl_dark.css
12:04:57.665 [JavaFX Application Thread] DEBUG AppStateMachine      - StartupState -> LoadingState
12:04:57.670 [FXGL Background Thread 1 ] DEBUG InitAppTask          - Clearing previous game
12:04:57.671 [FXGL Background Thread 1 ] DEBUG GameWorld            - Clearing game world
12:04:57.671 [FXGL Background Thread 1 ] DEBUG PhysicsWorld         - Clearing physics world
12:04:57.671 [FXGL Background Thread 1 ] DEBUG GameScene            - Clearing game scene
12:04:57.673 [FXGL Background Thread 1 ] DEBUG InitAppTask          - Initializing Game
12:04:57.723 [FXGL Background Thread 1 ] DEBUG GameScene            - Creating render group for layer: DEFAULT(100000)
12:04:57.726 [FXGL Background Thread 1 ] DEBUG InitAppTask          - Initializing Physics
12:04:57.726 [FXGL Background Thread 1 ] DEBUG InitAppTask          - Initializing UI
12:04:57.726 [FXGL Background Thread 1 ] DEBUG InitAppTask          - Initialization Complete
12:04:57.726 [FXGL Background Thread 1 ] INFO  InitAppTask          - Game initialization took: 0,057 sec
12:04:57.755 [JavaFX Application Thread] DEBUG Input                - Clearing active input actions
12:04:57.755 [JavaFX Application Thread] DEBUG AssetLoader          - Loading from disk: /assets/ui/css/fxgl_dark.css
12:04:57.764 [JavaFX Application Thread] DEBUG AppStateMachine      - LoadingState -> PlayState
12:04:59.462 [JavaFX Application Thread] DEBUG FXGL                 - Exiting FXGL
12:04:59.462 [JavaFX Application Thread] DEBUG FXGL                 - Shutting down background threads
12:04:59.463 [JavaFX Application Thread] DEBUG FXGL                 - Saving FXGL system data
12:04:59.466 [JavaFX Application Thread] DEBUG DesktopFSService     - Writing to: system\fxgl.bundle
12:04:59.471 [JavaFX Application Thread] DEBUG FXGL                 - Closing logger and exiting JavaFX
