13:26:13.065 [JavaFX Application Thread] DEBUG GameApplication      - Logger initialized
13:26:13.105 [JavaFX Application Thread] DEBUG GameApplication      - Logging settings
Title: SlimeSoccer2000
Version: 0.1
Width: 1200
Height: 600
Fullscreen: false
Intro: false
Menus: true
Profiling: false
Single step:false
App Mode: DEVELOPER
Menu Key: M
Stage Style: DECORATED
Scene Factory: class com.almasb.fxgl.scene.SceneFactory
Dialog Factory: class com.almasb.fxgl.ui.FXGLDialogFactory
UI Factory: class com.almasb.fxgl.ui.FXGLUIFactory
Notification Service: class com.almasb.fxgl.gameplay.notification.XboxNotificationView
Exception Handler: class com.almasb.fxgl.app.FXGLExceptionHandler
13:26:13.106 [JavaFX Application Thread] DEBUG GameApplication      - Starting FXGL
13:26:13.142 [JavaFX Application Thread] INFO  FXGL                 - FXGL-0.5.4 on DESKTOP
13:26:13.143 [JavaFX Application Thread] INFO  FXGL                 - Source code and latest versions at: https://github.com/AlmasB/FXGL
13:26:13.144 [JavaFX Application Thread] INFO  FXGL                 -              Join the FXGL chat at: https://gitter.im/AlmasB/FXGL
13:26:13.144 [JavaFX Application Thread] DEBUG FXGL                 - FXGL started
13:26:13.146 [JavaFX Application Thread] DEBUG FXGL                 - Initializing FXGL
13:26:13.265 [JavaFX Application Thread] DEBUG AssetLoader          - Loading from disk: /assets/ui/cursors/fxgl_default.png
13:26:13.508 [JavaFX Application Thread] DEBUG AssetLoader          - Loading from disk: /assets/ui/fonts/VarelaRound-Regular.ttf
13:26:14.304 [JavaFX Application Thread] DEBUG MainWindow           - Creating a JavaFX scene
13:26:14.402 [JavaFX Application Thread] DEBUG MainWindow           - Target settings size: 1200.0 x 600.0
13:26:14.402 [JavaFX Application Thread] DEBUG MainWindow           - Scaled scene size:    1200.0 x 600.0
13:26:14.403 [JavaFX Application Thread] DEBUG MainWindow           - Scaled ratio: (1.0, 1.0)
13:26:14.409 [JavaFX Application Thread] DEBUG AssetLoader          - Loading from disk: /assets/ui/css/fxgl_dark.css
13:26:14.419 [JavaFX Application Thread] DEBUG AssetLoader          - Loading from disk: /assets/textures/fxgl_icon.png
13:26:14.504 [JavaFX Application Thread] DEBUG MainWindow           - Opening main window
13:26:14.852 [JavaFX Application Thread] DEBUG MainWindow           - Window border size: (14.4000244140625, 37.5999755859375)
13:26:14.852 [JavaFX Application Thread] DEBUG MainWindow           - Scaled size: 1200.0 x 600.0
13:26:14.853 [JavaFX Application Thread] DEBUG MainWindow           - Scaled ratio: (1.0, 1.0)
13:26:14.853 [JavaFX Application Thread] DEBUG MainWindow           - Scene size: 1200.0 x 600.0
13:26:14.854 [JavaFX Application Thread] DEBUG MainWindow           - Stage size: 1214.4000244140625 x 637.5999755859375
13:26:15.083 [ForkJoinPool.commonPool-worker-9] DEBUG FS                   - Loaded DesktopFSService
13:26:15.085 [ForkJoinPool.commonPool-worker-9] DEBUG FXGL                 - Loading FXGL system data
13:26:15.099 [ForkJoinPool.commonPool-worker-9] DEBUG DesktopFSService     - Reading from: system\fxgl.bundle
13:26:15.126 [ForkJoinPool.commonPool-worker-9] DEBUG Bundle               - Logging bundle: FXGL
13:26:15.128 [ForkJoinPool.commonPool-worker-9] DEBUG Bundle               - FXGL.offline.timer.version.check=2019-01-07T14:44:13.971316
13:26:15.130 [ForkJoinPool.commonPool-worker-9] DEBUG FXGL                 - Initializing state machine and application states
13:26:15.134 [ForkJoinPool.commonPool-worker-9] DEBUG AssetLoader          - Loading from disk: /assets/ui/cursors/fxgl_default.png
13:26:15.162 [ForkJoinPool.commonPool-worker-9] DEBUG AssetLoader          - Loading from disk: /assets/ui/cursors/fxgl_default.png
13:26:15.199 [ForkJoinPool.commonPool-worker-9] DEBUG AssetLoader          - Loading from cache: /assets/ui/fonts/VarelaRound-Regular.ttf
13:26:15.206 [ForkJoinPool.commonPool-worker-9] DEBUG AssetLoader          - Loading from disk: /assets/ui/cursors/fxgl_default.png
13:26:15.214 [ForkJoinPool.commonPool-worker-9] DEBUG GameScene            - Game scene initialized: 1200x600
13:26:15.230 [ForkJoinPool.commonPool-worker-9] DEBUG GameWorld            - Game world initialized
13:26:15.440 [ForkJoinPool.commonPool-worker-9] DEBUG PhysicsWorld         - Physics world initialized: appHeight=600, physics.ppm=50,0
13:26:15.551 [ForkJoinPool.commonPool-worker-9] DEBUG AssetLoader          - Loading from disk: /assets/ui/cursors/fxgl_default.png
13:26:15.559 [ForkJoinPool.commonPool-worker-9] DEBUG AssetLoader          - Loading from disk: /assets/properties/languages/english.properties
13:26:15.564 [ForkJoinPool.commonPool-worker-9] DEBUG AssetLoader          - Loading from cache: /assets/ui/fonts/VarelaRound-Regular.ttf
13:26:15.567 [ForkJoinPool.commonPool-worker-9] DEBUG AssetLoader          - Loading from cache: /assets/ui/fonts/VarelaRound-Regular.ttf
13:26:15.567 [ForkJoinPool.commonPool-worker-9] DEBUG AssetLoader          - Loading from cache: /assets/ui/fonts/VarelaRound-Regular.ttf
13:26:15.600 [ForkJoinPool.commonPool-worker-9] DEBUG AssetLoader          - Loading from disk: /assets/textures/particles/trace_horizontal.png
13:26:15.683 [ForkJoinPool.commonPool-worker-9] DEBUG AssetLoader          - Loading from cache: /assets/ui/fonts/VarelaRound-Regular.ttf
13:26:15.686 [ForkJoinPool.commonPool-worker-9] DEBUG FXGL.Menu            - createMenuBodyMainMenu()
13:26:15.733 [ForkJoinPool.commonPool-worker-9] DEBUG AssetLoader          - Loading from cache: /assets/ui/fonts/VarelaRound-Regular.ttf
13:26:15.738 [ForkJoinPool.commonPool-worker-9] DEBUG AssetLoader          - Loading from cache: /assets/properties/languages/english.properties
13:26:15.747 [ForkJoinPool.commonPool-worker-9] DEBUG AssetLoader          - Loading from cache: /assets/ui/fonts/VarelaRound-Regular.ttf
13:26:15.747 [ForkJoinPool.commonPool-worker-9] DEBUG AssetLoader          - Loading from cache: /assets/properties/languages/english.properties
13:26:15.749 [ForkJoinPool.commonPool-worker-9] DEBUG FXGL.Menu            - createOptionsMenu()
13:26:15.749 [ForkJoinPool.commonPool-worker-9] DEBUG AssetLoader          - Loading from cache: /assets/ui/fonts/VarelaRound-Regular.ttf
13:26:15.750 [ForkJoinPool.commonPool-worker-9] DEBUG AssetLoader          - Loading from cache: /assets/properties/languages/english.properties
13:26:15.753 [ForkJoinPool.commonPool-worker-9] DEBUG AssetLoader          - Loading from cache: /assets/ui/fonts/VarelaRound-Regular.ttf
13:26:15.754 [ForkJoinPool.commonPool-worker-9] DEBUG AssetLoader          - Loading from cache: /assets/properties/languages/english.properties
13:26:15.756 [ForkJoinPool.commonPool-worker-9] DEBUG AssetLoader          - Loading from cache: /assets/ui/fonts/VarelaRound-Regular.ttf
13:26:15.756 [ForkJoinPool.commonPool-worker-9] DEBUG AssetLoader          - Loading from cache: /assets/properties/languages/english.properties
13:26:15.758 [ForkJoinPool.commonPool-worker-9] DEBUG AssetLoader          - Loading from cache: /assets/ui/fonts/VarelaRound-Regular.ttf
13:26:15.758 [ForkJoinPool.commonPool-worker-9] DEBUG AssetLoader          - Loading from cache: /assets/properties/languages/english.properties
13:26:15.760 [ForkJoinPool.commonPool-worker-9] DEBUG AssetLoader          - Loading from cache: /assets/ui/fonts/VarelaRound-Regular.ttf
13:26:15.760 [ForkJoinPool.commonPool-worker-9] DEBUG AssetLoader          - Loading from cache: /assets/properties/languages/english.properties
13:26:15.763 [ForkJoinPool.commonPool-worker-9] DEBUG AssetLoader          - Loading from cache: /assets/ui/fonts/VarelaRound-Regular.ttf
13:26:15.765 [ForkJoinPool.commonPool-worker-9] DEBUG AssetLoader          - Loading from cache: /assets/properties/languages/english.properties
13:26:15.768 [ForkJoinPool.commonPool-worker-9] DEBUG AssetLoader          - Loading from cache: /assets/ui/fonts/VarelaRound-Regular.ttf
13:26:15.768 [ForkJoinPool.commonPool-worker-9] DEBUG AssetLoader          - Loading from cache: /assets/properties/languages/english.properties
13:26:15.770 [ForkJoinPool.commonPool-worker-9] DEBUG AssetLoader          - Loading from cache: /assets/ui/fonts/VarelaRound-Regular.ttf
13:26:15.770 [ForkJoinPool.commonPool-worker-9] DEBUG AssetLoader          - Loading from cache: /assets/properties/languages/english.properties
13:26:15.772 [ForkJoinPool.commonPool-worker-9] DEBUG AssetLoader          - Loading from disk: /assets/textures/particles/smoke.png
13:26:15.919 [ForkJoinPool.commonPool-worker-9] DEBUG AssetLoader          - Loading from disk: /assets/ui/cursors/fxgl_default.png
13:26:15.922 [ForkJoinPool.commonPool-worker-9] DEBUG AssetLoader          - Loading from cache: /assets/properties/languages/english.properties
13:26:15.923 [ForkJoinPool.commonPool-worker-9] DEBUG AssetLoader          - Loading from cache: /assets/ui/fonts/VarelaRound-Regular.ttf
13:26:15.924 [ForkJoinPool.commonPool-worker-9] DEBUG AssetLoader          - Loading from cache: /assets/ui/fonts/VarelaRound-Regular.ttf
13:26:15.924 [ForkJoinPool.commonPool-worker-9] DEBUG AssetLoader          - Loading from cache: /assets/ui/fonts/VarelaRound-Regular.ttf
13:26:15.925 [ForkJoinPool.commonPool-worker-9] DEBUG AssetLoader          - Loading from cache: /assets/textures/particles/trace_horizontal.png@64.0x64.0
13:26:15.926 [ForkJoinPool.commonPool-worker-9] DEBUG AssetLoader          - Loading from cache: /assets/ui/fonts/VarelaRound-Regular.ttf
13:26:15.927 [ForkJoinPool.commonPool-worker-9] DEBUG FXGL.Menu            - createMenuBodyGameMenu()
13:26:15.927 [ForkJoinPool.commonPool-worker-9] DEBUG AssetLoader          - Loading from cache: /assets/ui/fonts/VarelaRound-Regular.ttf
13:26:15.928 [ForkJoinPool.commonPool-worker-9] DEBUG AssetLoader          - Loading from cache: /assets/properties/languages/english.properties
13:26:15.930 [ForkJoinPool.commonPool-worker-9] DEBUG AssetLoader          - Loading from cache: /assets/ui/fonts/VarelaRound-Regular.ttf
13:26:15.930 [ForkJoinPool.commonPool-worker-9] DEBUG AssetLoader          - Loading from cache: /assets/properties/languages/english.properties
13:26:15.931 [ForkJoinPool.commonPool-worker-9] DEBUG FXGL.Menu            - createOptionsMenu()
13:26:15.933 [ForkJoinPool.commonPool-worker-9] DEBUG AssetLoader          - Loading from cache: /assets/ui/fonts/VarelaRound-Regular.ttf
13:26:15.933 [ForkJoinPool.commonPool-worker-9] DEBUG AssetLoader          - Loading from cache: /assets/properties/languages/english.properties
13:26:15.934 [ForkJoinPool.commonPool-worker-9] DEBUG AssetLoader          - Loading from cache: /assets/ui/fonts/VarelaRound-Regular.ttf
13:26:15.934 [ForkJoinPool.commonPool-worker-9] DEBUG AssetLoader          - Loading from cache: /assets/properties/languages/english.properties
13:26:15.935 [ForkJoinPool.commonPool-worker-9] DEBUG AssetLoader          - Loading from cache: /assets/ui/fonts/VarelaRound-Regular.ttf
13:26:15.935 [ForkJoinPool.commonPool-worker-9] DEBUG AssetLoader          - Loading from cache: /assets/properties/languages/english.properties
13:26:15.953 [ForkJoinPool.commonPool-worker-9] DEBUG AssetLoader          - Loading from cache: /assets/ui/fonts/VarelaRound-Regular.ttf
13:26:15.953 [ForkJoinPool.commonPool-worker-9] DEBUG AssetLoader          - Loading from cache: /assets/properties/languages/english.properties
13:26:15.954 [ForkJoinPool.commonPool-worker-9] DEBUG AssetLoader          - Loading from cache: /assets/ui/fonts/VarelaRound-Regular.ttf
13:26:15.954 [ForkJoinPool.commonPool-worker-9] DEBUG AssetLoader          - Loading from cache: /assets/properties/languages/english.properties
13:26:15.957 [ForkJoinPool.commonPool-worker-9] DEBUG AssetLoader          - Loading from cache: /assets/ui/fonts/VarelaRound-Regular.ttf
13:26:15.958 [ForkJoinPool.commonPool-worker-9] DEBUG AssetLoader          - Loading from cache: /assets/properties/languages/english.properties
13:26:15.959 [ForkJoinPool.commonPool-worker-9] DEBUG AssetLoader          - Loading from cache: /assets/ui/fonts/VarelaRound-Regular.ttf
13:26:15.959 [ForkJoinPool.commonPool-worker-9] DEBUG AssetLoader          - Loading from cache: /assets/properties/languages/english.properties
13:26:15.961 [ForkJoinPool.commonPool-worker-9] DEBUG AssetLoader          - Loading from cache: /assets/textures/particles/smoke.png@128.0x128.0
13:26:16.165 [JavaFX Application Thread] DEBUG FXGL                 - Running preInit()
13:26:16.218 [JavaFX Application Thread] DEBUG Input                - Registered new binding: Screenshot - P
13:26:16.219 [JavaFX Application Thread] DEBUG Input                - Registered new binding: Dev Options - CTRL+0
13:26:16.221 [JavaFX Application Thread] DEBUG Input                - Registered new binding: System info dump - CTRL+9
13:26:16.222 [JavaFX Application Thread] DEBUG Input                - Registered new binding: Restart - CTRL+R
13:26:16.222 [JavaFX Application Thread] DEBUG Input                - Registered new binding: Move Right - D
13:26:16.223 [JavaFX Application Thread] DEBUG Input                - Registered new binding: Move Left - A
13:26:16.223 [JavaFX Application Thread] DEBUG Input                - Registered new binding: Move Up - W
13:26:16.224 [JavaFX Application Thread] DEBUG Input                - Registered new binding: Move Down - S
13:26:16.224 [JavaFX Application Thread] DEBUG Input                - Registered new binding: Play Sound - F
13:26:16.226 [JavaFX Application Thread] DEBUG MenuEventHandler     - generateDefaultProfile()
13:26:16.226 [JavaFX Application Thread] DEBUG MenuEventHandler     - Creating default profile
13:26:16.227 [JavaFX Application Thread] DEBUG EventBus             - Firing event: SaveEvent
13:26:16.231 [JavaFX Application Thread] DEBUG AudioPlayer          - Saving data to profile
13:26:16.232 [JavaFX Application Thread] DEBUG Bundle               - Logging bundle: audio
13:26:16.232 [JavaFX Application Thread] DEBUG Bundle               - audio.musicVolume=0.5
13:26:16.232 [JavaFX Application Thread] DEBUG Bundle               - audio.soundVolume=0.5
13:26:16.232 [JavaFX Application Thread] DEBUG Input                - Saving data to profile
13:26:16.233 [JavaFX Application Thread] DEBUG Bundle               - Logging bundle: input
13:26:16.233 [JavaFX Application Thread] DEBUG Bundle               - input.Move Right=D
13:26:16.233 [JavaFX Application Thread] DEBUG Bundle               - input.Play Sound=F
13:26:16.234 [JavaFX Application Thread] DEBUG Bundle               - input.Screenshot=P
13:26:16.234 [JavaFX Application Thread] DEBUG Bundle               - input.System info dump=CTRL+9
13:26:16.234 [JavaFX Application Thread] DEBUG Bundle               - input.Restart=CTRL+R
13:26:16.234 [JavaFX Application Thread] DEBUG Bundle               - input.Move Up=W
13:26:16.234 [JavaFX Application Thread] DEBUG Bundle               - input.Dev Options=CTRL+0
13:26:16.234 [JavaFX Application Thread] DEBUG Bundle               - input.Move Left=A
13:26:16.235 [JavaFX Application Thread] DEBUG Bundle               - input.Move Down=S
13:26:16.248 [JavaFX Application Thread] DEBUG Bundle               - Logging bundle: gameplayStats
13:26:16.248 [JavaFX Application Thread] DEBUG Bundle               - gameplayStats.playtime=0
13:26:16.251 [JavaFX Application Thread] DEBUG AchievementManager   - Saving data to profile
13:26:16.251 [JavaFX Application Thread] DEBUG Bundle               - Logging bundle: achievement
13:26:16.254 [JavaFX Application Thread] INFO  FXGL                 - FXGL initialization took: 3,108 sec
13:26:16.254 [JavaFX Application Thread] DEBUG LoopRunner           - Starting loop
13:26:16.259 [JavaFX Application Thread] DEBUG StartupState         - STARTUP
13:26:16.260 [JavaFX Application Thread] DEBUG Input                - Clearing active input actions
13:26:16.262 [JavaFX Application Thread] DEBUG AssetLoader          - Loading from disk: /assets/ui/css/fxgl_dark.css
13:26:16.311 [JavaFX Application Thread] DEBUG AppStateMachine      - StartupState -> MainMenuState
13:26:16.323 [JavaFX Application Thread] DEBUG AssetLoader          - Loading from cache: /assets/properties/languages/english.properties
13:26:16.324 [JavaFX Application Thread] DEBUG AssetLoader          - Loading from cache: /assets/ui/fonts/VarelaRound-Regular.ttf
13:26:16.324 [JavaFX Application Thread] DEBUG AssetLoader          - Loading from cache: /assets/properties/languages/english.properties
13:26:16.324 [JavaFX Application Thread] DEBUG AssetLoader          - Loading from cache: /assets/ui/fonts/VarelaRound-Regular.ttf
13:26:16.325 [JavaFX Application Thread] DEBUG AssetLoader          - Loading from cache: /assets/properties/languages/english.properties
13:26:16.326 [JavaFX Application Thread] DEBUG AssetLoader          - Loading from cache: /assets/ui/fonts/VarelaRound-Regular.ttf
13:26:16.332 [JavaFX Application Thread] DEBUG SaveLoadManager      - Checking profiles dir: profiles/
13:26:16.332 [JavaFX Application Thread] DEBUG SaveLoadManager      - Loading profile names
13:26:16.336 [JavaFX Application Thread] DEBUG AssetLoader          - Loading from cache: /assets/properties/languages/english.properties
13:26:16.338 [JavaFX Application Thread] DEBUG AssetLoader          - Loading from cache: /assets/ui/fonts/VarelaRound-Regular.ttf
13:26:16.340 [JavaFX Application Thread] DEBUG AssetLoader          - Loading from cache: /assets/ui/fonts/VarelaRound-Regular.ttf
13:26:16.341 [JavaFX Application Thread] DEBUG AppStateMachine      - Push state: DialogSubState
13:26:16.341 [JavaFX Application Thread] DEBUG Input                - Clearing active input actions
13:26:16.342 [JavaFX Application Thread] DEBUG AppStateMachine      - MainMenuState -> DialogSubState
13:26:16.575 [JavaFX Application Thread] DEBUG AppStateMachine      - Pop state: DialogSubState
13:26:16.575 [JavaFX Application Thread] DEBUG Input                - Clearing active input actions
13:26:16.578 [JavaFX Application Thread] DEBUG AppStateMachine      - MainMenuState <- DialogSubState
13:26:16.579 [JavaFX Application Thread] DEBUG AssetLoader          - Loading from cache: /assets/properties/languages/english.properties
13:26:16.581 [JavaFX Application Thread] DEBUG AssetLoader          - Loading from cache: /assets/ui/fonts/VarelaRound-Regular.ttf
13:26:16.582 [JavaFX Application Thread] DEBUG AssetLoader          - Loading from cache: /assets/ui/fonts/VarelaRound-Regular.ttf
13:26:16.583 [JavaFX Application Thread] DEBUG AppStateMachine      - Push state: DialogSubState
13:26:16.583 [JavaFX Application Thread] DEBUG Input                - Clearing active input actions
13:26:16.586 [JavaFX Application Thread] DEBUG AppStateMachine      - MainMenuState -> DialogSubState
13:26:17.901 [JavaFX Application Thread] DEBUG AssetLoader          - Loading from cache: /assets/sounds/menu/select.wav
13:26:18.101 [JavaFX Application Thread] DEBUG AppStateMachine      - Pop state: DialogSubState
13:26:18.102 [JavaFX Application Thread] DEBUG Input                - Clearing active input actions
13:26:18.103 [JavaFX Application Thread] DEBUG AppStateMachine      - MainMenuState <- DialogSubState
13:26:18.104 [JavaFX Application Thread] DEBUG SaveLoadManager      - Loading profile: Mads
13:26:18.106 [JavaFX Application Thread] DEBUG AssetLoader          - Loading from cache: /assets/properties/languages/english.properties
13:26:18.107 [JavaFX Application Thread] DEBUG AssetLoader          - Loading from cache: /assets/ui/fonts/VarelaRound-Regular.ttf
13:26:18.108 [JavaFX Application Thread] DEBUG AssetLoader          - Loading from cache: /assets/ui/fonts/VarelaRound-Regular.ttf
13:26:18.108 [JavaFX Application Thread] DEBUG AppStateMachine      - Push state: DialogSubState
13:26:18.108 [JavaFX Application Thread] DEBUG Input                - Clearing active input actions
13:26:18.109 [JavaFX Application Thread] DEBUG AppStateMachine      - MainMenuState -> DialogSubState
13:26:18.115 [FXGL Background Thread 1 ] DEBUG DesktopFSService     - Reading from: .\profiles\Mads\user.profile
13:26:18.143 [JavaFX Application Thread] DEBUG AppStateMachine      - Pop state: DialogSubState
13:26:18.144 [JavaFX Application Thread] DEBUG Input                - Clearing active input actions
13:26:18.145 [JavaFX Application Thread] DEBUG AppStateMachine      - MainMenuState <- DialogSubState
13:26:18.145 [JavaFX Application Thread] DEBUG EventBus             - Firing event: LoadEvent[type=LOAD_PROFILE]
13:26:18.146 [JavaFX Application Thread] DEBUG AudioPlayer          - Loading data from profile
13:26:18.146 [JavaFX Application Thread] DEBUG Bundle               - Logging bundle: audio
13:26:18.146 [JavaFX Application Thread] DEBUG Bundle               - audio.musicVolume=0.5
13:26:18.146 [JavaFX Application Thread] DEBUG Bundle               - audio.soundVolume=0.5
13:26:18.146 [JavaFX Application Thread] DEBUG Input                - Loading data from profile
13:26:18.147 [JavaFX Application Thread] DEBUG Bundle               - Logging bundle: input
13:26:18.147 [JavaFX Application Thread] DEBUG Bundle               - input.Move Right=D
13:26:18.147 [JavaFX Application Thread] DEBUG Bundle               - input.Play Sound=F
13:26:18.147 [JavaFX Application Thread] DEBUG Bundle               - input.Screenshot=P
13:26:18.147 [JavaFX Application Thread] DEBUG Bundle               - input.System info dump=CTRL+9
13:26:18.147 [JavaFX Application Thread] DEBUG Bundle               - input.Restart=CTRL+R
13:26:18.148 [JavaFX Application Thread] DEBUG Bundle               - input.Move Up=W
13:26:18.148 [JavaFX Application Thread] DEBUG Bundle               - input.Dev Options=CTRL+0
13:26:18.148 [JavaFX Application Thread] DEBUG Bundle               - input.Move Left=A
13:26:18.148 [JavaFX Application Thread] DEBUG Bundle               - input.Move Down=S
13:26:18.149 [JavaFX Application Thread] DEBUG Bundle               - Logging bundle: gameplayStats
13:26:18.149 [JavaFX Application Thread] DEBUG Bundle               - gameplayStats.playtime=1021987518313
13:26:18.149 [JavaFX Application Thread] DEBUG AchievementManager   - Loading data from profile
13:26:18.149 [JavaFX Application Thread] DEBUG Bundle               - Logging bundle: achievement
13:26:18.150 [JavaFX Application Thread] DEBUG AssetLoader          - Loading from cache: /assets/properties/languages/english.properties
13:26:18.150 [JavaFX Application Thread] DEBUG AssetLoader          - Loading from cache: /assets/ui/fonts/VarelaRound-Regular.ttf
13:26:18.151 [JavaFX Application Thread] DEBUG AssetLoader          - Loading from cache: /assets/properties/languages/english.properties
13:26:18.151 [JavaFX Application Thread] DEBUG AssetLoader          - Loading from cache: /assets/ui/fonts/VarelaRound-Regular.ttf
13:26:18.152 [JavaFX Application Thread] DEBUG SaveLoadManager      - Loading last modified save file
13:26:18.152 [JavaFX Application Thread] DEBUG SaveLoadManager      - Loading save files
13:26:18.157 [JavaFX Application Thread] DEBUG AssetLoader          - Loading from cache: /assets/properties/languages/english.properties
13:26:18.158 [JavaFX Application Thread] DEBUG AssetLoader          - Loading from cache: /assets/ui/fonts/VarelaRound-Regular.ttf
13:26:18.159 [JavaFX Application Thread] DEBUG AssetLoader          - Loading from cache: /assets/ui/fonts/VarelaRound-Regular.ttf
13:26:18.160 [JavaFX Application Thread] DEBUG AppStateMachine      - Push state: DialogSubState
13:26:18.160 [JavaFX Application Thread] DEBUG Input                - Clearing active input actions
13:26:18.160 [JavaFX Application Thread] DEBUG AppStateMachine      - MainMenuState -> DialogSubState
13:26:18.193 [JavaFX Application Thread] DEBUG AppStateMachine      - Pop state: DialogSubState
13:26:18.193 [JavaFX Application Thread] DEBUG Input                - Clearing active input actions
13:26:18.195 [JavaFX Application Thread] DEBUG AppStateMachine      - MainMenuState <- DialogSubState
13:26:18.243 [JavaFX Application Thread] DEBUG AssetLoader          - Loading from cache: /assets/sounds/menu/select.wav
13:26:18.382 [JavaFX Application Thread] DEBUG AssetLoader          - Loading from cache: /assets/sounds/menu/select.wav
13:26:18.495 [JavaFX Application Thread] DEBUG AssetLoader          - Loading from cache: /assets/sounds/menu/select.wav
13:26:18.950 [JavaFX Application Thread] DEBUG FXGL.Menu            - fireNewGame()
13:26:18.950 [JavaFX Application Thread] DEBUG GameApplication      - Starting new game
13:26:18.950 [JavaFX Application Thread] DEBUG Input                - Clearing active input actions
13:26:18.951 [JavaFX Application Thread] DEBUG AssetLoader          - Loading from disk: /assets/ui/css/fxgl_dark.css
13:26:18.981 [JavaFX Application Thread] DEBUG AppStateMachine      - MainMenuState -> LoadingState
13:26:18.985 [FXGL Background Thread 1 ] DEBUG InitAppTask          - Clearing previous game
13:26:18.985 [FXGL Background Thread 1 ] DEBUG GameWorld            - Clearing game world
13:26:18.986 [FXGL Background Thread 1 ] DEBUG PhysicsWorld         - Clearing physics world
13:26:18.986 [FXGL Background Thread 1 ] DEBUG GameScene            - Clearing game scene
13:26:18.990 [FXGL Background Thread 1 ] DEBUG InitAppTask          - Initializing Game
13:26:19.043 [FXGL Background Thread 1 ] DEBUG AssetLoader          - Loading from disk: /assets/textures/background1.png
13:26:19.118 [FXGL Background Thread 1 ] DEBUG GameScene            - Creating render group for layer: DEFAULT(100000)
13:26:19.121 [FXGL Background Thread 1 ] DEBUG AssetLoader          - Loading from disk: /assets/textures/slime1.png
13:26:19.134 [FXGL Background Thread 1 ] DEBUG AssetLoader          - Loading from disk: /assets/textures/slime2.png
13:26:19.142 [FXGL Background Thread 1 ] DEBUG InitAppTask          - Initializing Physics
13:26:19.144 [FXGL Background Thread 1 ] DEBUG InitAppTask          - Initializing UI
13:26:19.147 [FXGL Background Thread 1 ] DEBUG InitAppTask          - Initialization Complete
13:26:19.148 [FXGL Background Thread 1 ] INFO  InitAppTask          - Game initialization took: 0,163 sec
13:26:19.156 [JavaFX Application Thread] DEBUG Input                - Clearing active input actions
13:26:19.156 [JavaFX Application Thread] DEBUG AssetLoader          - Loading from disk: /assets/ui/css/fxgl_dark.css
13:26:19.186 [JavaFX Application Thread] DEBUG AppStateMachine      - LoadingState -> PlayState
13:26:20.947 [JavaFX Application Thread] DEBUG AssetLoader          - Loading from cache: /assets/sounds/siii.mp3
13:26:21.357 [JavaFX Application Thread] DEBUG AssetLoader          - Loading from cache: /assets/sounds/siii.mp3
13:26:21.993 [JavaFX Application Thread] DEBUG AssetLoader          - Loading from cache: /assets/sounds/siii.mp3
13:26:22.151 [JavaFX Application Thread] DEBUG AssetLoader          - Loading from cache: /assets/sounds/siii.mp3
13:26:22.293 [JavaFX Application Thread] DEBUG AssetLoader          - Loading from cache: /assets/sounds/siii.mp3
13:26:22.452 [JavaFX Application Thread] DEBUG AssetLoader          - Loading from cache: /assets/sounds/siii.mp3
13:26:22.903 [JavaFX Application Thread] DEBUG AssetLoader          - Loading from cache: /assets/sounds/siii.mp3
13:26:23.135 [JavaFX Application Thread] DEBUG AssetLoader          - Loading from cache: /assets/sounds/siii.mp3
13:26:23.255 [JavaFX Application Thread] DEBUG AssetLoader          - Loading from cache: /assets/sounds/siii.mp3
13:26:23.931 [JavaFX Application Thread] DEBUG AssetLoader          - Loading from cache: /assets/sounds/siii.mp3
13:26:24.119 [JavaFX Application Thread] DEBUG AssetLoader          - Loading from cache: /assets/sounds/siii.mp3
13:26:24.254 [JavaFX Application Thread] DEBUG AssetLoader          - Loading from cache: /assets/sounds/siii.mp3
13:26:24.415 [JavaFX Application Thread] DEBUG AssetLoader          - Loading from cache: /assets/sounds/siii.mp3
13:26:24.640 [JavaFX Application Thread] DEBUG AssetLoader          - Loading from cache: /assets/sounds/siii.mp3
13:26:24.804 [JavaFX Application Thread] DEBUG AssetLoader          - Loading from cache: /assets/sounds/siii.mp3
13:26:25.171 [JavaFX Application Thread] DEBUG FXGL                 - Exiting FXGL
13:26:25.171 [JavaFX Application Thread] DEBUG MenuEventHandler     - Creating default profile
13:26:25.171 [JavaFX Application Thread] DEBUG EventBus             - Firing event: SaveEvent
13:26:25.171 [JavaFX Application Thread] DEBUG AudioPlayer          - Saving data to profile
13:26:25.171 [JavaFX Application Thread] DEBUG Bundle               - Logging bundle: audio
13:26:25.171 [JavaFX Application Thread] DEBUG Bundle               - audio.musicVolume=0.5
13:26:25.171 [JavaFX Application Thread] DEBUG Bundle               - audio.soundVolume=0.5
13:26:25.171 [JavaFX Application Thread] DEBUG Input                - Saving data to profile
13:26:25.171 [JavaFX Application Thread] DEBUG Bundle               - Logging bundle: input
13:26:25.171 [JavaFX Application Thread] DEBUG Bundle               - input.Move Right=D
13:26:25.171 [JavaFX Application Thread] DEBUG Bundle               - input.Play Sound=F
13:26:25.172 [JavaFX Application Thread] DEBUG Bundle               - input.Screenshot=P
13:26:25.172 [JavaFX Application Thread] DEBUG Bundle               - input.System info dump=CTRL+9
13:26:25.172 [JavaFX Application Thread] DEBUG Bundle               - input.Restart=CTRL+R
13:26:25.172 [JavaFX Application Thread] DEBUG Bundle               - input.Move Up=W
13:26:25.172 [JavaFX Application Thread] DEBUG Bundle               - input.Dev Options=CTRL+0
13:26:25.172 [JavaFX Application Thread] DEBUG Bundle               - input.Move Left=A
13:26:25.172 [JavaFX Application Thread] DEBUG Bundle               - input.Move Down=S
13:26:25.172 [JavaFX Application Thread] DEBUG Bundle               - Logging bundle: gameplayStats
13:26:25.172 [JavaFX Application Thread] DEBUG Bundle               - gameplayStats.playtime=1028491485006
13:26:25.172 [JavaFX Application Thread] DEBUG AchievementManager   - Saving data to profile
13:26:25.173 [JavaFX Application Thread] DEBUG Bundle               - Logging bundle: achievement
13:26:25.173 [JavaFX Application Thread] DEBUG SaveLoadManager      - Saving profile: Mads
13:26:25.180 [JavaFX Application Thread] DEBUG DesktopFSService     - Writing to: .\profiles\Mads\user.profile
13:26:25.188 [JavaFX Application Thread] DEBUG FXGL                 - Shutting down background threads
13:26:25.189 [JavaFX Application Thread] DEBUG FXGL                 - Saving FXGL system data
13:26:25.191 [JavaFX Application Thread] DEBUG DesktopFSService     - Writing to: system\fxgl.bundle
13:26:25.197 [JavaFX Application Thread] DEBUG FXGL                 - Closing logger and exiting JavaFX
