12:26:55.888 [JavaFX Application Thread] DEBUG GameApplication      - Logger initialized
12:26:55.910 [JavaFX Application Thread] DEBUG GameApplication      - Logging settings
Title: Simple Game
Version: 0.1
Width: 600
Height: 600
Fullscreen: false
Intro: false
Menus: false
Profiling: false
Single step:false
App Mode: DEVELOPER
Menu Key: ESCAPE
Stage Style: DECORATED
Scene Factory: class com.almasb.fxgl.scene.SceneFactory
Dialog Factory: class com.almasb.fxgl.ui.FXGLDialogFactory
UI Factory: class com.almasb.fxgl.ui.FXGLUIFactory
Notification Service: class com.almasb.fxgl.gameplay.notification.XboxNotificationView
Exception Handler: class com.almasb.fxgl.app.FXGLExceptionHandler
12:26:55.911 [JavaFX Application Thread] DEBUG GameApplication      - Starting FXGL
12:26:55.926 [JavaFX Application Thread] INFO  FXGL                 - FXGL-0.5.4 on DESKTOP
12:26:55.927 [JavaFX Application Thread] INFO  FXGL                 - Source code and latest versions at: https://github.com/AlmasB/FXGL
12:26:55.927 [JavaFX Application Thread] INFO  FXGL                 -              Join the FXGL chat at: https://gitter.im/AlmasB/FXGL
12:26:55.927 [JavaFX Application Thread] DEBUG FXGL                 - FXGL started
12:26:55.927 [JavaFX Application Thread] DEBUG FXGL                 - Initializing FXGL
12:26:55.984 [JavaFX Application Thread] DEBUG AssetLoader          - Loading from disk: /assets/ui/cursors/fxgl_default.png
12:26:56.107 [JavaFX Application Thread] DEBUG AssetLoader          - Loading from disk: /assets/ui/fonts/VarelaRound-Regular.ttf
12:26:56.385 [JavaFX Application Thread] DEBUG MainWindow           - Creating a JavaFX scene
12:26:56.423 [JavaFX Application Thread] DEBUG MainWindow           - Target settings size: 600.0 x 600.0
12:26:56.423 [JavaFX Application Thread] DEBUG MainWindow           - Scaled scene size:    600.0 x 600.0
12:26:56.423 [JavaFX Application Thread] DEBUG MainWindow           - Scaled ratio: (1.0, 1.0)
12:26:56.427 [JavaFX Application Thread] DEBUG AssetLoader          - Loading from disk: /assets/ui/css/fxgl_dark.css
12:26:56.431 [JavaFX Application Thread] DEBUG AssetLoader          - Loading from disk: /assets/textures/fxgl_icon.png
12:26:56.458 [JavaFX Application Thread] DEBUG MainWindow           - Opening main window
12:26:56.625 [JavaFX Application Thread] DEBUG MainWindow           - Window border size: (14.4000244140625, 37.5999755859375)
12:26:56.625 [JavaFX Application Thread] DEBUG MainWindow           - Scaled size: 600.0 x 600.0
12:26:56.626 [JavaFX Application Thread] DEBUG MainWindow           - Scaled ratio: (1.0, 1.0)
12:26:56.626 [JavaFX Application Thread] DEBUG MainWindow           - Scene size: 600.0 x 600.0
12:26:56.627 [JavaFX Application Thread] DEBUG MainWindow           - Stage size: 614.4000244140625 x 637.5999755859375
12:26:56.705 [ForkJoinPool.commonPool-worker-9] DEBUG FS                   - Loaded DesktopFSService
12:26:56.706 [ForkJoinPool.commonPool-worker-9] DEBUG FXGL                 - Loading FXGL system data
12:26:56.714 [ForkJoinPool.commonPool-worker-9] DEBUG DesktopFSService     - Reading from: system\fxgl.bundle
12:26:56.728 [ForkJoinPool.commonPool-worker-9] DEBUG Bundle               - Logging bundle: FXGL
12:26:56.729 [ForkJoinPool.commonPool-worker-9] DEBUG Bundle               - FXGL.offline.timer.version.check=2019-01-07T14:44:13.971316
12:26:56.731 [ForkJoinPool.commonPool-worker-9] DEBUG FXGL                 - Initializing state machine and application states
12:26:56.733 [ForkJoinPool.commonPool-worker-9] DEBUG AssetLoader          - Loading from disk: /assets/ui/cursors/fxgl_default.png
12:26:56.743 [ForkJoinPool.commonPool-worker-9] DEBUG AssetLoader          - Loading from disk: /assets/ui/cursors/fxgl_default.png
12:26:56.751 [ForkJoinPool.commonPool-worker-9] DEBUG AssetLoader          - Loading from cache: /assets/ui/fonts/VarelaRound-Regular.ttf
12:26:56.756 [ForkJoinPool.commonPool-worker-9] DEBUG AssetLoader          - Loading from disk: /assets/ui/cursors/fxgl_default.png
12:26:56.761 [ForkJoinPool.commonPool-worker-9] DEBUG GameScene            - Game scene initialized: 600x600
12:26:56.769 [ForkJoinPool.commonPool-worker-9] DEBUG GameWorld            - Game world initialized
12:26:56.881 [ForkJoinPool.commonPool-worker-9] DEBUG PhysicsWorld         - Physics world initialized: appHeight=600, physics.ppm=50,0
12:26:56.905 [ForkJoinPool.commonPool-worker-9] DEBUG Input                - Registered new binding: Pause - Esc
12:26:56.977 [JavaFX Application Thread] DEBUG FXGL                 - Running preInit()
12:26:56.979 [JavaFX Application Thread] DEBUG Input                - Registered new binding: Screenshot - P
12:26:56.980 [JavaFX Application Thread] DEBUG Input                - Registered new binding: Dev Options - CTRL+0
12:26:56.981 [JavaFX Application Thread] DEBUG Input                - Registered new binding: System info dump - CTRL+9
12:26:56.981 [JavaFX Application Thread] DEBUG Input                - Registered new binding: Restart - CTRL+R
12:26:56.982 [JavaFX Application Thread] DEBUG Input                - Registered new binding: Move Right - D
12:26:56.982 [JavaFX Application Thread] DEBUG Input                - Registered new binding: Move Left - A
12:26:56.982 [JavaFX Application Thread] DEBUG Input                - Registered new binding: Move Up - W
12:26:56.982 [JavaFX Application Thread] DEBUG Input                - Registered new binding: Move Down - S
12:26:56.983 [JavaFX Application Thread] INFO  FXGL                 - FXGL initialization took: 1,055 sec
12:26:56.983 [JavaFX Application Thread] DEBUG LoopRunner           - Starting loop
12:26:56.985 [JavaFX Application Thread] DEBUG StartupState         - STARTUP
12:26:56.986 [JavaFX Application Thread] DEBUG GameApplication      - Starting new game
12:26:56.986 [JavaFX Application Thread] DEBUG Input                - Clearing active input actions
12:26:56.987 [JavaFX Application Thread] DEBUG AssetLoader          - Loading from disk: /assets/ui/css/fxgl_dark.css
12:26:56.998 [JavaFX Application Thread] DEBUG AppStateMachine      - StartupState -> LoadingState
12:26:57.004 [FXGL Background Thread 1 ] DEBUG InitAppTask          - Clearing previous game
12:26:57.004 [FXGL Background Thread 1 ] DEBUG GameWorld            - Clearing game world
12:26:57.004 [FXGL Background Thread 1 ] DEBUG PhysicsWorld         - Clearing physics world
12:26:57.005 [FXGL Background Thread 1 ] DEBUG GameScene            - Clearing game scene
12:26:57.007 [FXGL Background Thread 1 ] DEBUG InitAppTask          - Initializing Game
12:26:57.052 [FXGL Background Thread 1 ] DEBUG GameScene            - Creating render group for layer: DEFAULT(100000)
12:26:57.054 [FXGL Background Thread 1 ] DEBUG InitAppTask          - Initializing Physics
12:26:57.054 [FXGL Background Thread 1 ] DEBUG InitAppTask          - Initializing UI
12:26:57.054 [FXGL Background Thread 1 ] DEBUG InitAppTask          - Initialization Complete
12:26:57.055 [FXGL Background Thread 1 ] INFO  InitAppTask          - Game initialization took: 0,050 sec
12:26:57.091 [JavaFX Application Thread] DEBUG Input                - Clearing active input actions
12:26:57.091 [JavaFX Application Thread] DEBUG AssetLoader          - Loading from disk: /assets/ui/css/fxgl_dark.css
12:26:57.099 [JavaFX Application Thread] DEBUG AppStateMachine      - LoadingState -> PlayState
12:27:57.008 [JavaFX Application Thread] DEBUG FXGL                 - Exiting FXGL
12:27:57.008 [JavaFX Application Thread] DEBUG FXGL                 - Shutting down background threads
12:27:57.008 [JavaFX Application Thread] DEBUG FXGL                 - Saving FXGL system data
12:27:57.012 [JavaFX Application Thread] DEBUG DesktopFSService     - Writing to: system\fxgl.bundle
12:27:57.017 [JavaFX Application Thread] DEBUG FXGL                 - Closing logger and exiting JavaFX
