10:48:08.965 [JavaFX Application Thread] DEBUG GameApplication      - Logger initialized
10:48:08.991 [JavaFX Application Thread] DEBUG MainWindow           - Creating a JavaFX scene
10:48:09.139 [JavaFX Application Thread] DEBUG MainWindow           - Target settings size: 1200.0 x 600.0
10:48:09.139 [JavaFX Application Thread] DEBUG MainWindow           - Scaled scene size:    1200.0 x 600.0
10:48:09.140 [JavaFX Application Thread] DEBUG MainWindow           - Scaled ratio: (1.0, 1.0)
10:48:09.309 [JavaFX Application Thread] DEBUG GameApplication      - Starting FXGL
10:48:09.362 [FXGL Launcher Thread     ] INFO  Version              - FXGL-0.4.3
10:48:09.362 [FXGL Launcher Thread     ] INFO  Version              - Source code and latest versions at: https://github.com/AlmasB/FXGL
10:48:09.362 [FXGL Launcher Thread     ] INFO  Version              -              Join the FXGL chat at: https://gitter.im/AlmasB/FXGL
10:48:09.364 [FXGL Launcher Thread     ] DEBUG FXGL                 - Loading FXGL system data
10:48:09.372 [FXGL Launcher Thread     ] DEBUG IOTask               - Executing task: readDataTask(system/fxgl.bundle)
10:48:09.385 [FXGL Launcher Thread     ] DEBUG FS                   - Reading from: system\fxgl.bundle
10:48:09.401 [FXGL Launcher Thread     ] DEBUG IOTask               - Task succeeded: readDataTask(system/fxgl.bundle)
10:48:09.401 [FXGL Launcher Thread     ] DEBUG Bundle               - Logging bundle: FXGL
10:48:09.402 [FXGL Launcher Thread     ] DEBUG Bundle               - FXGL.offline.timer.version.check=2019-01-15T09:28:22.000785300
10:48:09.416 [FXGL Launcher Thread     ] DEBUG GameApplication      - FXGL started
10:48:09.417 [FXGL Launcher Thread     ] DEBUG GameApplication      - Logging game settings
Title: SlimeSoccer2000
Version: 0.1
Width: 1200
Height: 600
Fullscreen: false
Intro: false
Menus: true
Profiling: false
Single step:false
App Mode: DEVELOPER
Menu Key: M
Stage Style: DECORATED
Scene Factory: class com.almasb.fxgl.scene.SceneFactory
Dialog Factory: class com.almasb.fxgl.ui.FXGLDialogFactory
UI Factory: class com.almasb.fxgl.ui.FXGLUIFactory
Notification Service: class com.almasb.fxgl.gameplay.notification.XboxNotificationView
Exception Handler: class com.almasb.fxgl.app.FXGLExceptionHandler
10:48:09.418 [FXGL Launcher Thread     ] DEBUG GameApplication      - Configuring GameApplication
10:48:09.418 [FXGL Launcher Thread     ] DEBUG GameApplication      - Initializing state machine and application states
10:48:09.428 [FXGL Launcher Thread     ] DEBUG AssetLoader          - Loading from disk: /assets/ui/cursors/fxgl_default.png
10:48:09.448 [FXGL Launcher Thread     ] DEBUG AssetLoader          - Loading from disk: /assets/ui/cursors/fxgl_default.png
10:48:09.452 [FXGL Launcher Thread     ] DEBUG AssetLoader          - Loading from disk: /assets/ui/cursors/fxgl_default.png
10:48:09.464 [FXGL Launcher Thread     ] DEBUG AssetLoader          - Loading from disk: /assets/sounds/core/notification.wav
10:48:09.502 [FXGL Launcher Thread     ] DEBUG AssetLoader          - Loading from disk: /assets/sounds/menu/select.wav
10:48:09.506 [FXGL Launcher Thread     ] DEBUG AssetLoader          - Loading from disk: /assets/sounds/menu/back.wav
10:48:09.509 [FXGL Launcher Thread     ] DEBUG AssetLoader          - Loading from disk: /assets/sounds/menu/press.wav
10:48:09.513 [FXGL Launcher Thread     ] DEBUG AssetLoader          - Loading from disk: /assets/ui/fonts/VarelaRound-Regular.ttf
10:48:09.848 [FXGL Launcher Thread     ] DEBUG AssetLoader          - Loading from disk: /assets/ui/fonts/lucida_console.ttf
10:48:09.854 [FXGL Launcher Thread     ] DEBUG AssetLoader          - Loading from disk: /assets/ui/css/fxgl_dark.css
10:48:09.855 [FXGL Launcher Thread     ] DEBUG AssetLoader          - Loading from disk: /assets/ui/icons/fxgl_icon.png
10:48:09.885 [FXGL Launcher Thread     ] DEBUG AssetLoader          - Loading from disk: /assets/ui/cursors/fxgl_default.png
10:48:09.908 [FXGL Launcher Thread     ] DEBUG FXGL.GameScene       - Game scene initialized: 1200x600
10:48:09.913 [FXGL Launcher Thread     ] DEBUG FXGL.GameWorld       - Game world initialized
10:48:09.996 [FXGL Launcher Thread     ] DEBUG PhysicsWorld         - Physics world initialized: appHeight=600, physics.ppm=50,0
10:48:10.020 [FXGL Launcher Thread     ] DEBUG AssetLoader          - Loading from disk: /assets/ui/cursors/fxgl_default.png
10:48:10.027 [FXGL Launcher Thread     ] DEBUG FXGL.Menu            - createMenuBodyMainMenu()
10:48:10.038 [FXGL Launcher Thread     ] DEBUG AssetLoader          - Loading from disk: /assets/properties/languages/english.properties
10:48:10.042 [FXGL Launcher Thread     ] DEBUG AssetLoader          - Loading from cache: /assets/properties/languages/english.properties
10:48:10.042 [FXGL Launcher Thread     ] DEBUG FXGL.Menu            - createOptionsMenu()
10:48:10.045 [FXGL Launcher Thread     ] DEBUG AssetLoader          - Loading from cache: /assets/properties/languages/english.properties
10:48:10.046 [FXGL Launcher Thread     ] DEBUG AssetLoader          - Loading from cache: /assets/properties/languages/english.properties
10:48:10.047 [FXGL Launcher Thread     ] DEBUG AssetLoader          - Loading from cache: /assets/properties/languages/english.properties
10:48:10.049 [FXGL Launcher Thread     ] DEBUG AssetLoader          - Loading from cache: /assets/properties/languages/english.properties
10:48:10.050 [FXGL Launcher Thread     ] DEBUG AssetLoader          - Loading from cache: /assets/properties/languages/english.properties
10:48:10.052 [FXGL Launcher Thread     ] DEBUG AssetLoader          - Loading from cache: /assets/properties/languages/english.properties
10:48:10.054 [FXGL Launcher Thread     ] DEBUG AssetLoader          - Loading from cache: /assets/properties/languages/english.properties
10:48:10.055 [FXGL Launcher Thread     ] DEBUG AssetLoader          - Loading from cache: /assets/properties/languages/english.properties
10:48:10.058 [FXGL Launcher Thread     ] DEBUG AssetLoader          - Loading from disk: /assets/ui/cursors/fxgl_default.png
10:48:10.060 [FXGL Launcher Thread     ] DEBUG FXGL.Menu            - createMenuBodyGameMenu()
10:48:10.060 [FXGL Launcher Thread     ] DEBUG AssetLoader          - Loading from cache: /assets/properties/languages/english.properties
10:48:10.061 [FXGL Launcher Thread     ] DEBUG AssetLoader          - Loading from cache: /assets/properties/languages/english.properties
10:48:10.061 [FXGL Launcher Thread     ] DEBUG FXGL.Menu            - createOptionsMenu()
10:48:10.062 [FXGL Launcher Thread     ] DEBUG AssetLoader          - Loading from cache: /assets/properties/languages/english.properties
10:48:10.062 [FXGL Launcher Thread     ] DEBUG AssetLoader          - Loading from cache: /assets/properties/languages/english.properties
10:48:10.062 [FXGL Launcher Thread     ] DEBUG AssetLoader          - Loading from cache: /assets/properties/languages/english.properties
10:48:10.063 [FXGL Launcher Thread     ] DEBUG AssetLoader          - Loading from cache: /assets/properties/languages/english.properties
10:48:10.063 [FXGL Launcher Thread     ] DEBUG AssetLoader          - Loading from cache: /assets/properties/languages/english.properties
10:48:10.065 [FXGL Launcher Thread     ] DEBUG AssetLoader          - Loading from cache: /assets/properties/languages/english.properties
10:48:10.066 [FXGL Launcher Thread     ] DEBUG AssetLoader          - Loading from cache: /assets/properties/languages/english.properties
10:48:10.079 [FXGL Launcher Thread     ] INFO  GameApplication      - Game configuration took:  0,661 sec
10:48:10.083 [JavaFX Application Thread] DEBUG MainWindow           - Opening main window
10:48:10.127 [JavaFX Application Thread] DEBUG MainWindow           - Window border size: (14.4000244140625, 37.5999755859375)
10:48:10.127 [JavaFX Application Thread] DEBUG MainWindow           - Scaled size: 1200.0 x 600.0
10:48:10.127 [JavaFX Application Thread] DEBUG MainWindow           - Scaled ratio: (1.0, 1.0)
10:48:10.127 [JavaFX Application Thread] DEBUG MainWindow           - Scene size: 1200.0 x 600.0
10:48:10.127 [JavaFX Application Thread] DEBUG MainWindow           - Stage size: 1214.4000244140625 x 637.5999755859375
10:48:10.128 [JavaFX Application Thread] DEBUG GameApplication      - Running preInit()
10:48:10.129 [JavaFX Application Thread] DEBUG AnnotationParser     - Main app package name: 
10:48:10.129 [JavaFX Application Thread] WARN  AnnotationParser     - SoccerSlime has no package or contains uppercase letters. Disabling annotations processing
10:48:10.167 [JavaFX Application Thread] DEBUG Input                - Registered new binding: Screenshot - P
10:48:10.168 [JavaFX Application Thread] DEBUG Input                - Registered new binding: Dev Options - CTRL+0
10:48:10.168 [JavaFX Application Thread] DEBUG Input                - Registered new binding: Restart - CTRL+R
10:48:10.168 [JavaFX Application Thread] DEBUG Input                - Registered new binding: Move Right - D
10:48:10.169 [JavaFX Application Thread] DEBUG Input                - Registered new binding: Move Left - A
10:48:10.169 [JavaFX Application Thread] DEBUG Input                - Registered new binding: Move Up - W
10:48:10.169 [JavaFX Application Thread] DEBUG Input                - Registered new binding: Celebrate - F
10:48:10.169 [JavaFX Application Thread] DEBUG Input                - Registered new binding: Move Right (Player2) - Right
10:48:10.169 [JavaFX Application Thread] DEBUG Input                - Registered new binding: Move Left (Player2) - Left
10:48:10.170 [JavaFX Application Thread] DEBUG Input                - Registered new binding: Move Up (Player 2) - Up
10:48:10.171 [JavaFX Application Thread] DEBUG MenuEventHandler     - generateDefaultProfile()
10:48:10.171 [JavaFX Application Thread] DEBUG MenuEventHandler     - Creating default profile
10:48:10.171 [JavaFX Application Thread] DEBUG EventBus             - Firing event: SaveEvent
10:48:10.174 [JavaFX Application Thread] DEBUG AudioPlayer          - Saving data to profile
10:48:10.174 [JavaFX Application Thread] DEBUG Bundle               - Logging bundle: audio
10:48:10.175 [JavaFX Application Thread] DEBUG Bundle               - audio.musicVolume=0.5
10:48:10.175 [JavaFX Application Thread] DEBUG Bundle               - audio.soundVolume=0.5
10:48:10.175 [JavaFX Application Thread] DEBUG Input                - Saving data to profile
10:48:10.175 [JavaFX Application Thread] DEBUG Bundle               - Logging bundle: input
10:48:10.177 [JavaFX Application Thread] DEBUG Bundle               - input.Move Right=D
10:48:10.177 [JavaFX Application Thread] DEBUG Bundle               - input.Move Left (Player2)=Left
10:48:10.177 [JavaFX Application Thread] DEBUG Bundle               - input.Celebrate=F
10:48:10.177 [JavaFX Application Thread] DEBUG Bundle               - input.Screenshot=P
10:48:10.177 [JavaFX Application Thread] DEBUG Bundle               - input.Restart=CTRL+R
10:48:10.177 [JavaFX Application Thread] DEBUG Bundle               - input.Move Up=W
10:48:10.177 [JavaFX Application Thread] DEBUG Bundle               - input.Dev Options=CTRL+0
10:48:10.177 [JavaFX Application Thread] DEBUG Bundle               - input.Move Left=A
10:48:10.177 [JavaFX Application Thread] DEBUG Bundle               - input.Move Up (Player 2)=Up
10:48:10.178 [JavaFX Application Thread] DEBUG Bundle               - input.Move Right (Player2)=Right
10:48:10.183 [JavaFX Application Thread] DEBUG Bundle               - Logging bundle: gameplayStats
10:48:10.183 [JavaFX Application Thread] DEBUG Bundle               - gameplayStats.playtime=0
10:48:10.185 [JavaFX Application Thread] DEBUG AchievementManager   - Saving data to profile
10:48:10.185 [JavaFX Application Thread] DEBUG Bundle               - Logging bundle: achievement
10:48:10.205 [JavaFX Application Thread] DEBUG GameApplication      - Starting main loop
10:48:10.207 [JavaFX Application Thread] DEBUG StartupState         - STARTUP
10:48:10.208 [JavaFX Application Thread] DEBUG Input                - Clearing active input actions
10:48:10.251 [JavaFX Application Thread] DEBUG AppStateMachine      - StartupState -> MainMenuState
10:48:10.261 [JavaFX Application Thread] DEBUG FXGL.SaveLoadManager - Checking profiles dir: profiles/
10:48:10.261 [JavaFX Application Thread] DEBUG FXGL.SaveLoadManager - Loading profile names
10:48:10.267 [JavaFX Application Thread] DEBUG IOTask               - Showing dialog
10:48:10.273 [JavaFX Application Thread] DEBUG AppStateMachine      - Push state: DialogSubState
10:48:10.273 [JavaFX Application Thread] DEBUG Input                - Clearing active input actions
10:48:10.273 [JavaFX Application Thread] DEBUG AppStateMachine      - MainMenuState -> DialogSubState
10:48:10.281 [FXGL Background Thread 1 ] DEBUG IOTask               - Executing task: loadDirectoryNamesTask(./profiles/, false)
10:48:10.426 [JavaFX Application Thread] DEBUG IOTask               - succeed(): Dismissing dialog
10:48:10.426 [JavaFX Application Thread] DEBUG AppStateMachine      - Pop state: DialogSubState
10:48:10.426 [JavaFX Application Thread] DEBUG Input                - Clearing active input actions
10:48:10.428 [JavaFX Application Thread] DEBUG AppStateMachine      - MainMenuState <- DialogSubState
10:48:10.428 [JavaFX Application Thread] DEBUG IOTask               - Task succeeded: loadDirectoryNamesTask(./profiles/, false)
10:48:10.432 [JavaFX Application Thread] DEBUG AppStateMachine      - Push state: DialogSubState
10:48:10.432 [JavaFX Application Thread] DEBUG Input                - Clearing active input actions
10:48:10.433 [JavaFX Application Thread] DEBUG AppStateMachine      - MainMenuState -> DialogSubState
10:48:11.459 [JavaFX Application Thread] DEBUG AppStateMachine      - Pop state: DialogSubState
10:48:11.459 [JavaFX Application Thread] DEBUG Input                - Clearing active input actions
10:48:11.460 [JavaFX Application Thread] DEBUG AppStateMachine      - MainMenuState <- DialogSubState
10:48:11.460 [JavaFX Application Thread] DEBUG FXGL.SaveLoadManager - Loading profile: Mads
10:48:11.461 [JavaFX Application Thread] DEBUG IOTask               - Showing dialog
10:48:11.463 [JavaFX Application Thread] DEBUG AppStateMachine      - Push state: DialogSubState
10:48:11.463 [JavaFX Application Thread] DEBUG Input                - Clearing active input actions
10:48:11.464 [JavaFX Application Thread] DEBUG AppStateMachine      - MainMenuState -> DialogSubState
10:48:11.467 [FXGL Background Thread 1 ] DEBUG IOTask               - Executing task: readDataTask(./profiles/Mads/user.profile)
10:48:11.468 [FXGL Background Thread 1 ] DEBUG FS                   - Reading from: .\profiles\Mads\user.profile
10:48:11.481 [JavaFX Application Thread] DEBUG IOTask               - succeed(): Dismissing dialog
10:48:11.482 [JavaFX Application Thread] DEBUG AppStateMachine      - Pop state: DialogSubState
10:48:11.482 [JavaFX Application Thread] DEBUG Input                - Clearing active input actions
10:48:11.482 [JavaFX Application Thread] DEBUG AppStateMachine      - MainMenuState <- DialogSubState
10:48:11.483 [JavaFX Application Thread] DEBUG IOTask               - Task succeeded: readDataTask(./profiles/Mads/user.profile)
10:48:11.483 [JavaFX Application Thread] DEBUG EventBus             - Firing event: LoadEvent[type=LOAD_PROFILE]
10:48:11.483 [JavaFX Application Thread] DEBUG AudioPlayer          - Loading data from profile
10:48:11.483 [JavaFX Application Thread] DEBUG Bundle               - Logging bundle: audio
10:48:11.483 [JavaFX Application Thread] DEBUG Bundle               - audio.musicVolume=0.5
10:48:11.483 [JavaFX Application Thread] DEBUG Bundle               - audio.soundVolume=0.5
10:48:11.483 [JavaFX Application Thread] DEBUG Input                - Loading data from profile
10:48:11.483 [JavaFX Application Thread] DEBUG Bundle               - Logging bundle: input
10:48:11.483 [JavaFX Application Thread] DEBUG Bundle               - input.Move Right=D
10:48:11.483 [JavaFX Application Thread] DEBUG Bundle               - input.Move Left (Player2)=Left
10:48:11.484 [JavaFX Application Thread] DEBUG Bundle               - input.Celebrate=F
10:48:11.484 [JavaFX Application Thread] DEBUG Bundle               - input.Screenshot=P
10:48:11.484 [JavaFX Application Thread] DEBUG Bundle               - input.Restart=CTRL+R
10:48:11.484 [JavaFX Application Thread] DEBUG Bundle               - input.Move Up=W
10:48:11.484 [JavaFX Application Thread] DEBUG Bundle               - input.Dev Options=CTRL+0
10:48:11.484 [JavaFX Application Thread] DEBUG Bundle               - input.Move Left=A
10:48:11.484 [JavaFX Application Thread] DEBUG Bundle               - input.Move Up (Player 2)=Up
10:48:11.484 [JavaFX Application Thread] DEBUG Bundle               - input.Move Right (Player2)=Right
10:48:11.484 [JavaFX Application Thread] DEBUG Bundle               - Logging bundle: gameplayStats
10:48:11.485 [JavaFX Application Thread] DEBUG Bundle               - gameplayStats.playtime=1772082210099
10:48:11.485 [JavaFX Application Thread] DEBUG AchievementManager   - Loading data from profile
10:48:11.485 [JavaFX Application Thread] DEBUG Bundle               - Logging bundle: achievement
10:48:11.486 [JavaFX Application Thread] DEBUG FXGL.SaveLoadManager - Loading last modified save file
10:48:11.486 [JavaFX Application Thread] DEBUG FXGL.SaveLoadManager - Loading save files
10:48:11.489 [JavaFX Application Thread] DEBUG IOTask               - Showing dialog
10:48:11.490 [JavaFX Application Thread] DEBUG AppStateMachine      - Push state: DialogSubState
10:48:11.490 [JavaFX Application Thread] DEBUG Input                - Clearing active input actions
10:48:11.491 [JavaFX Application Thread] DEBUG AppStateMachine      - MainMenuState -> DialogSubState
10:48:11.492 [FXGL Background Thread 1 ] DEBUG IOTask               - Executing task: loadFileNamesTask(./profiles/Mads/saves/, true, [FileExtension(extension=.sav)])
10:48:11.492 [FXGL Background Thread 1 ] DEBUG IOTask               - Executing task: loadFileNamesTask(./profiles/Mads/saves/, true, [FileExtension(extension=.sav)])
10:48:11.492 [FXGL Background Thread 1 ] DEBUG IOTask               - Executing task: loadFileNamesTask(./profiles/Mads/saves/, true, [FileExtension(extension=.sav)])
10:48:11.496 [FXGL Background Thread 1 ] DEBUG IOTask               - Executing task: readSaveFiles
10:48:11.501 [FXGL Background Thread 1 ] DEBUG IOTask               - Executing task: findLastSave
10:48:11.510 [JavaFX Application Thread] DEBUG IOTask               - fail(): Dismissing dialog
10:48:11.510 [JavaFX Application Thread] DEBUG AppStateMachine      - Pop state: DialogSubState
10:48:11.510 [JavaFX Application Thread] DEBUG Input                - Clearing active input actions
10:48:11.511 [JavaFX Application Thread] DEBUG AppStateMachine      - MainMenuState <- DialogSubState
10:48:11.511 [JavaFX Application Thread] WARN  IOTask               - Task failed: loadFileNamesTask(./profiles/Mads/saves/, true, [FileExtension(extension=.sav)]) Error: java.io.FileNotFoundException: No save files found
10:48:11.857 [JavaFX Application Thread] DEBUG FXGL.Menu            - fireNewGame()
10:48:11.857 [JavaFX Application Thread] DEBUG GameApplication      - Starting new game
10:48:11.857 [JavaFX Application Thread] DEBUG Input                - Clearing active input actions
10:48:11.864 [JavaFX Application Thread] DEBUG AppStateMachine      - MainMenuState -> LoadingState
10:48:11.865 [JavaFX Application Thread] DEBUG AnnotationParser     - Main app package name: 
10:48:11.865 [JavaFX Application Thread] WARN  AnnotationParser     - SoccerSlime has no package or contains uppercase letters. Disabling annotations processing
10:48:11.865 [JavaFX Application Thread] DEBUG InitAppTask          - Parsing annotations
10:48:11.867 [FXGL Background Thread 1 ] DEBUG InitAppTask          - Clearing previous game
10:48:11.867 [FXGL Background Thread 1 ] DEBUG FXGL.GameWorld       - Clearing game world
10:48:11.867 [FXGL Background Thread 1 ] DEBUG PhysicsWorld         - Clearing physics world
10:48:11.867 [FXGL Background Thread 1 ] DEBUG FXGL.GameScene       - Clearing game scene
10:48:11.868 [FXGL Background Thread 1 ] DEBUG InitAppTask          - Initializing Assets
10:48:11.869 [FXGL Background Thread 1 ] DEBUG InitAppTask          - Initializing Game
10:48:11.926 [FXGL Background Thread 1 ] DEBUG AssetLoader          - Loading from disk: /assets/textures/background1.png
10:48:11.977 [FXGL Background Thread 1 ] DEBUG FXGL.GameScene       - Creating render group for layer: DEFAULT(100000)
10:48:12.013 [FXGL Background Thread 1 ] DEBUG AssetLoader          - Loading from disk: /assets/textures/slime1.png
10:48:12.018 [FXGL Background Thread 1 ] DEBUG AssetLoader          - Loading from disk: /assets/textures/slime2.png
10:48:12.026 [FXGL Background Thread 1 ] DEBUG AssetLoader          - Loading from disk: /assets/textures/ball.png
10:48:12.029 [FXGL Background Thread 1 ] DEBUG AssetLoader          - Loading from disk: /assets/textures/bottomline.png
10:48:12.032 [FXGL Background Thread 1 ] DEBUG InitAppTask          - Initializing Physics
10:48:12.033 [FXGL Background Thread 1 ] DEBUG InitAppTask          - Initializing UI
10:48:12.034 [FXGL Background Thread 1 ] DEBUG InitAppTask          - Initialization Complete
10:48:12.034 [FXGL Background Thread 1 ] INFO  InitAppTask          - Game initialization took: 0,167 sec
10:48:12.039 [JavaFX Application Thread] DEBUG Input                - Clearing active input actions
10:48:12.045 [JavaFX Application Thread] DEBUG AppStateMachine      - LoadingState -> PlayState
10:48:25.518 [JavaFX Application Thread] DEBUG GameApplication      - Exiting game application
10:48:25.519 [JavaFX Application Thread] DEBUG MenuEventHandler     - Creating default profile
10:48:25.519 [JavaFX Application Thread] DEBUG EventBus             - Firing event: SaveEvent
10:48:25.519 [JavaFX Application Thread] DEBUG AudioPlayer          - Saving data to profile
10:48:25.520 [JavaFX Application Thread] DEBUG Bundle               - Logging bundle: audio
10:48:25.520 [JavaFX Application Thread] DEBUG Bundle               - audio.musicVolume=0.5
10:48:25.520 [JavaFX Application Thread] DEBUG Bundle               - audio.soundVolume=0.5
10:48:25.520 [JavaFX Application Thread] DEBUG Input                - Saving data to profile
10:48:25.520 [JavaFX Application Thread] DEBUG Bundle               - Logging bundle: input
10:48:25.520 [JavaFX Application Thread] DEBUG Bundle               - input.Move Right=D
10:48:25.520 [JavaFX Application Thread] DEBUG Bundle               - input.Move Left (Player2)=Left
10:48:25.520 [JavaFX Application Thread] DEBUG Bundle               - input.Celebrate=F
10:48:25.520 [JavaFX Application Thread] DEBUG Bundle               - input.Screenshot=P
10:48:25.520 [JavaFX Application Thread] DEBUG Bundle               - input.Restart=CTRL+R
10:48:25.520 [JavaFX Application Thread] DEBUG Bundle               - input.Move Up=W
10:48:25.521 [JavaFX Application Thread] DEBUG Bundle               - input.Dev Options=CTRL+0
10:48:25.521 [JavaFX Application Thread] DEBUG Bundle               - input.Move Left=A
10:48:25.521 [JavaFX Application Thread] DEBUG Bundle               - input.Move Up (Player 2)=Up
10:48:25.521 [JavaFX Application Thread] DEBUG Bundle               - input.Move Right (Player2)=Right
10:48:25.521 [JavaFX Application Thread] DEBUG Bundle               - Logging bundle: gameplayStats
10:48:25.521 [JavaFX Application Thread] DEBUG Bundle               - gameplayStats.playtime=1785439020752
10:48:25.521 [JavaFX Application Thread] DEBUG AchievementManager   - Saving data to profile
10:48:25.521 [JavaFX Application Thread] DEBUG Bundle               - Logging bundle: achievement
10:48:25.521 [JavaFX Application Thread] DEBUG FXGL.SaveLoadManager - Saving profile: Mads
10:48:25.524 [JavaFX Application Thread] DEBUG IOTask               - Executing task: writeDataTask(./profiles/Mads/user.profile)
10:48:25.524 [JavaFX Application Thread] DEBUG IOTask               - Executing task: writeDataTask(./profiles/Mads/user.profile)
10:48:25.526 [JavaFX Application Thread] DEBUG FS                   - Writing to: .\profiles\Mads\user.profile
10:48:25.531 [JavaFX Application Thread] DEBUG IOTask               - Executing task: checkSavesDir(./profiles/Mads/saves/)
10:48:25.532 [JavaFX Application Thread] DEBUG IOTask               - Task succeeded: writeDataTask(./profiles/Mads/user.profile)
10:48:25.532 [JavaFX Application Thread] DEBUG GameApplication      - Shutting down background threads
10:48:25.533 [JavaFX Application Thread] DEBUG GameApplication      - Exiting FXGL
10:48:25.533 [JavaFX Application Thread] DEBUG FXGL                 - Saving FXGL system data
10:48:25.534 [JavaFX Application Thread] DEBUG IOTask               - Executing task: writeDataTask(system/fxgl.bundle)
10:48:25.535 [JavaFX Application Thread] DEBUG FS                   - Writing to: system\fxgl.bundle
10:48:25.538 [JavaFX Application Thread] DEBUG IOTask               - Task succeeded: writeDataTask(system/fxgl.bundle)
10:48:25.539 [JavaFX Application Thread] DEBUG GameApplication      - Closing logger and exiting JavaFX
