12:55:38.120 [JavaFX Application Thread] DEBUG GameApplication      - Logger initialized
12:55:38.162 [JavaFX Application Thread] DEBUG GameApplication      - Logging settings
Title: Simple Game
Version: 0.1
Width: 1200
Height: 600
Fullscreen: false
Intro: false
Menus: false
Profiling: false
Single step:false
App Mode: DEVELOPER
Menu Key: ESCAPE
Stage Style: DECORATED
Scene Factory: class com.almasb.fxgl.scene.SceneFactory
Dialog Factory: class com.almasb.fxgl.ui.FXGLDialogFactory
UI Factory: class com.almasb.fxgl.ui.FXGLUIFactory
Notification Service: class com.almasb.fxgl.gameplay.notification.XboxNotificationView
Exception Handler: class com.almasb.fxgl.app.FXGLExceptionHandler
12:55:38.163 [JavaFX Application Thread] DEBUG GameApplication      - Starting FXGL
12:55:38.194 [JavaFX Application Thread] INFO  FXGL                 - FXGL-0.5.4 on DESKTOP
12:55:38.196 [JavaFX Application Thread] INFO  FXGL                 - Source code and latest versions at: https://github.com/AlmasB/FXGL
12:55:38.196 [JavaFX Application Thread] INFO  FXGL                 -              Join the FXGL chat at: https://gitter.im/AlmasB/FXGL
12:55:38.197 [JavaFX Application Thread] DEBUG FXGL                 - FXGL started
12:55:38.198 [JavaFX Application Thread] DEBUG FXGL                 - Initializing FXGL
12:55:38.301 [JavaFX Application Thread] DEBUG AssetLoader          - Loading from disk: /assets/ui/cursors/fxgl_default.png
12:55:38.520 [JavaFX Application Thread] DEBUG AssetLoader          - Loading from disk: /assets/ui/fonts/VarelaRound-Regular.ttf
12:55:39.067 [JavaFX Application Thread] DEBUG MainWindow           - Creating a JavaFX scene
12:55:39.143 [JavaFX Application Thread] DEBUG MainWindow           - Target settings size: 1200.0 x 600.0
12:55:39.144 [JavaFX Application Thread] DEBUG MainWindow           - Scaled scene size:    1200.0 x 600.0
12:55:39.144 [JavaFX Application Thread] DEBUG MainWindow           - Scaled ratio: (1.0, 1.0)
12:55:39.150 [JavaFX Application Thread] DEBUG AssetLoader          - Loading from disk: /assets/ui/css/fxgl_dark.css
12:55:39.161 [JavaFX Application Thread] DEBUG AssetLoader          - Loading from disk: /assets/textures/fxgl_icon.png
12:55:39.212 [JavaFX Application Thread] DEBUG MainWindow           - Opening main window
12:55:39.539 [JavaFX Application Thread] DEBUG MainWindow           - Window border size: (14.4000244140625, 37.5999755859375)
12:55:39.540 [JavaFX Application Thread] DEBUG MainWindow           - Scaled size: 1200.0 x 600.0
12:55:39.540 [JavaFX Application Thread] DEBUG MainWindow           - Scaled ratio: (1.0, 1.0)
12:55:39.541 [JavaFX Application Thread] DEBUG MainWindow           - Scene size: 1200.0 x 600.0
12:55:39.541 [JavaFX Application Thread] DEBUG MainWindow           - Stage size: 1214.4000244140625 x 637.5999755859375
12:55:39.670 [ForkJoinPool.commonPool-worker-9] DEBUG FS                   - Loaded DesktopFSService
12:55:39.671 [ForkJoinPool.commonPool-worker-9] DEBUG FXGL                 - Loading FXGL system data
12:55:39.687 [ForkJoinPool.commonPool-worker-9] DEBUG DesktopFSService     - Reading from: system\fxgl.bundle
12:55:39.713 [ForkJoinPool.commonPool-worker-9] DEBUG Bundle               - Logging bundle: FXGL
12:55:39.715 [ForkJoinPool.commonPool-worker-9] DEBUG Bundle               - FXGL.offline.timer.version.check=2019-01-07T14:44:13.971316
12:55:39.717 [ForkJoinPool.commonPool-worker-9] DEBUG FXGL                 - Initializing state machine and application states
12:55:39.722 [ForkJoinPool.commonPool-worker-9] DEBUG AssetLoader          - Loading from disk: /assets/ui/cursors/fxgl_default.png
12:55:39.739 [ForkJoinPool.commonPool-worker-9] DEBUG AssetLoader          - Loading from disk: /assets/ui/cursors/fxgl_default.png
12:55:39.769 [ForkJoinPool.commonPool-worker-9] DEBUG AssetLoader          - Loading from cache: /assets/ui/fonts/VarelaRound-Regular.ttf
12:55:39.777 [ForkJoinPool.commonPool-worker-9] DEBUG AssetLoader          - Loading from disk: /assets/ui/cursors/fxgl_default.png
12:55:39.785 [ForkJoinPool.commonPool-worker-9] DEBUG GameScene            - Game scene initialized: 1200x600
12:55:39.801 [ForkJoinPool.commonPool-worker-9] DEBUG GameWorld            - Game world initialized
12:55:39.954 [ForkJoinPool.commonPool-worker-9] DEBUG PhysicsWorld         - Physics world initialized: appHeight=600, physics.ppm=50,0
12:55:40.021 [ForkJoinPool.commonPool-worker-9] DEBUG Input                - Registered new binding: Pause - Esc
12:55:40.149 [JavaFX Application Thread] DEBUG FXGL                 - Running preInit()
12:55:40.153 [JavaFX Application Thread] DEBUG Input                - Registered new binding: Screenshot - P
12:55:40.154 [JavaFX Application Thread] DEBUG Input                - Registered new binding: Dev Options - CTRL+0
12:55:40.156 [JavaFX Application Thread] DEBUG Input                - Registered new binding: System info dump - CTRL+9
12:55:40.157 [JavaFX Application Thread] DEBUG Input                - Registered new binding: Restart - CTRL+R
12:55:40.157 [JavaFX Application Thread] DEBUG Input                - Registered new binding: Move Right - D
12:55:40.159 [JavaFX Application Thread] DEBUG Input                - Registered new binding: Move Left - A
12:55:40.160 [JavaFX Application Thread] DEBUG Input                - Registered new binding: Move Up - W
12:55:40.160 [JavaFX Application Thread] DEBUG Input                - Registered new binding: Move Down - S
12:55:40.161 [JavaFX Application Thread] DEBUG Input                - Registered new binding: Play Sound - F
12:55:40.162 [JavaFX Application Thread] INFO  FXGL                 - FXGL initialization took: 1,964 sec
12:55:40.163 [JavaFX Application Thread] DEBUG LoopRunner           - Starting loop
12:55:40.166 [JavaFX Application Thread] DEBUG StartupState         - STARTUP
12:55:40.166 [JavaFX Application Thread] DEBUG GameApplication      - Starting new game
12:55:40.167 [JavaFX Application Thread] DEBUG Input                - Clearing active input actions
12:55:40.169 [JavaFX Application Thread] DEBUG AssetLoader          - Loading from disk: /assets/ui/css/fxgl_dark.css
12:55:40.187 [JavaFX Application Thread] DEBUG AppStateMachine      - StartupState -> LoadingState
12:55:40.242 [FXGL Background Thread 1 ] DEBUG InitAppTask          - Clearing previous game
12:55:40.243 [FXGL Background Thread 1 ] DEBUG GameWorld            - Clearing game world
12:55:40.243 [FXGL Background Thread 1 ] DEBUG PhysicsWorld         - Clearing physics world
12:55:40.244 [FXGL Background Thread 1 ] DEBUG GameScene            - Clearing game scene
12:55:40.246 [FXGL Background Thread 1 ] DEBUG InitAppTask          - Initializing Game
12:55:40.318 [FXGL Background Thread 1 ] DEBUG AssetLoader          - Loading from disk: /assets/textures/slime1.png
12:55:40.332 [FXGL Background Thread 1 ] DEBUG GameScene            - Creating render group for layer: DEFAULT(100000)
12:55:40.342 [FXGL Background Thread 1 ] DEBUG InitAppTask          - Initializing Physics
12:55:40.342 [FXGL Background Thread 1 ] DEBUG InitAppTask          - Initializing UI
12:55:40.345 [FXGL Background Thread 1 ] DEBUG InitAppTask          - Initialization Complete
12:55:40.345 [FXGL Background Thread 1 ] INFO  InitAppTask          - Game initialization took: 0,103 sec
12:55:40.363 [JavaFX Application Thread] DEBUG Input                - Clearing active input actions
12:55:40.363 [JavaFX Application Thread] DEBUG AssetLoader          - Loading from disk: /assets/ui/css/fxgl_dark.css
12:55:40.381 [JavaFX Application Thread] DEBUG AppStateMachine      - LoadingState -> PlayState
12:56:08.809 [JavaFX Application Thread] DEBUG FXGL                 - Exiting FXGL
12:56:08.809 [JavaFX Application Thread] DEBUG FXGL                 - Shutting down background threads
12:56:08.810 [JavaFX Application Thread] DEBUG FXGL                 - Saving FXGL system data
12:56:08.817 [JavaFX Application Thread] DEBUG DesktopFSService     - Writing to: system\fxgl.bundle
12:56:08.828 [JavaFX Application Thread] DEBUG FXGL                 - Closing logger and exiting JavaFX
