11:03:58.445 [JavaFX Application Thread] DEBUG GameApplication      - Logger initialized
11:03:58.467 [JavaFX Application Thread] DEBUG MainWindow           - Creating a JavaFX scene
11:03:58.620 [JavaFX Application Thread] DEBUG MainWindow           - Target settings size: 1200.0 x 600.0
11:03:58.620 [JavaFX Application Thread] DEBUG MainWindow           - Scaled scene size:    1200.0 x 600.0
11:03:58.621 [JavaFX Application Thread] DEBUG MainWindow           - Scaled ratio: (1.0, 1.0)
11:03:58.821 [JavaFX Application Thread] DEBUG GameApplication      - Starting FXGL
11:03:58.877 [FXGL Launcher Thread     ] INFO  Version              - FXGL-0.4.3
11:03:58.878 [FXGL Launcher Thread     ] INFO  Version              - Source code and latest versions at: https://github.com/AlmasB/FXGL
11:03:58.879 [FXGL Launcher Thread     ] INFO  Version              -              Join the FXGL chat at: https://gitter.im/AlmasB/FXGL
11:03:58.880 [FXGL Launcher Thread     ] DEBUG FXGL                 - Loading FXGL system data
11:03:58.888 [FXGL Launcher Thread     ] DEBUG IOTask               - Executing task: readDataTask(system/fxgl.bundle)
11:03:58.904 [FXGL Launcher Thread     ] DEBUG FS                   - Reading from: system\fxgl.bundle
11:03:58.918 [FXGL Launcher Thread     ] DEBUG IOTask               - Task succeeded: readDataTask(system/fxgl.bundle)
11:03:58.918 [FXGL Launcher Thread     ] DEBUG Bundle               - Logging bundle: FXGL
11:03:58.919 [FXGL Launcher Thread     ] DEBUG Bundle               - FXGL.offline.timer.version.check=2019-01-15T09:28:22.000785300
11:03:58.930 [FXGL Launcher Thread     ] DEBUG GameApplication      - FXGL started
11:03:58.930 [FXGL Launcher Thread     ] DEBUG GameApplication      - Logging game settings
Title: SlimeSoccer2000
Version: 0.1
Width: 1200
Height: 600
Fullscreen: false
Intro: false
Menus: true
Profiling: false
Single step:false
App Mode: DEVELOPER
Menu Key: M
Stage Style: DECORATED
Scene Factory: class com.almasb.fxgl.scene.SceneFactory
Dialog Factory: class com.almasb.fxgl.ui.FXGLDialogFactory
UI Factory: class com.almasb.fxgl.ui.FXGLUIFactory
Notification Service: class com.almasb.fxgl.gameplay.notification.XboxNotificationView
Exception Handler: class com.almasb.fxgl.app.FXGLExceptionHandler
11:03:58.931 [FXGL Launcher Thread     ] DEBUG GameApplication      - Configuring GameApplication
11:03:58.932 [FXGL Launcher Thread     ] DEBUG GameApplication      - Initializing state machine and application states
11:03:58.946 [FXGL Launcher Thread     ] DEBUG AssetLoader          - Loading from disk: /assets/ui/cursors/fxgl_default.png
11:03:58.967 [FXGL Launcher Thread     ] DEBUG AssetLoader          - Loading from disk: /assets/ui/cursors/fxgl_default.png
11:03:58.971 [FXGL Launcher Thread     ] DEBUG AssetLoader          - Loading from disk: /assets/ui/cursors/fxgl_default.png
11:03:58.984 [FXGL Launcher Thread     ] DEBUG AssetLoader          - Loading from disk: /assets/sounds/core/notification.wav
11:03:59.022 [FXGL Launcher Thread     ] DEBUG AssetLoader          - Loading from disk: /assets/sounds/menu/select.wav
11:03:59.025 [FXGL Launcher Thread     ] DEBUG AssetLoader          - Loading from disk: /assets/sounds/menu/back.wav
11:03:59.029 [FXGL Launcher Thread     ] DEBUG AssetLoader          - Loading from disk: /assets/sounds/menu/press.wav
11:03:59.033 [FXGL Launcher Thread     ] DEBUG AssetLoader          - Loading from disk: /assets/ui/fonts/VarelaRound-Regular.ttf
11:03:59.381 [FXGL Launcher Thread     ] DEBUG AssetLoader          - Loading from disk: /assets/ui/fonts/lucida_console.ttf
11:03:59.387 [FXGL Launcher Thread     ] DEBUG AssetLoader          - Loading from disk: /assets/ui/css/fxgl_dark.css
11:03:59.388 [FXGL Launcher Thread     ] DEBUG AssetLoader          - Loading from disk: /assets/ui/icons/fxgl_icon.png
11:03:59.414 [FXGL Launcher Thread     ] DEBUG AssetLoader          - Loading from disk: /assets/ui/cursors/fxgl_default.png
11:03:59.443 [FXGL Launcher Thread     ] DEBUG FXGL.GameScene       - Game scene initialized: 1200x600
11:03:59.448 [FXGL Launcher Thread     ] DEBUG FXGL.GameWorld       - Game world initialized
11:03:59.525 [FXGL Launcher Thread     ] DEBUG PhysicsWorld         - Physics world initialized: appHeight=600, physics.ppm=50,0
11:03:59.552 [FXGL Launcher Thread     ] DEBUG AssetLoader          - Loading from disk: /assets/ui/cursors/fxgl_default.png
11:03:59.557 [FXGL Launcher Thread     ] DEBUG FXGL.Menu            - createMenuBodyMainMenu()
11:03:59.567 [FXGL Launcher Thread     ] DEBUG AssetLoader          - Loading from disk: /assets/properties/languages/english.properties
11:03:59.571 [FXGL Launcher Thread     ] DEBUG AssetLoader          - Loading from cache: /assets/properties/languages/english.properties
11:03:59.571 [FXGL Launcher Thread     ] DEBUG FXGL.Menu            - createOptionsMenu()
11:03:59.571 [FXGL Launcher Thread     ] DEBUG AssetLoader          - Loading from cache: /assets/properties/languages/english.properties
11:03:59.573 [FXGL Launcher Thread     ] DEBUG AssetLoader          - Loading from cache: /assets/properties/languages/english.properties
11:03:59.573 [FXGL Launcher Thread     ] DEBUG AssetLoader          - Loading from cache: /assets/properties/languages/english.properties
11:03:59.575 [FXGL Launcher Thread     ] DEBUG AssetLoader          - Loading from cache: /assets/properties/languages/english.properties
11:03:59.575 [FXGL Launcher Thread     ] DEBUG AssetLoader          - Loading from cache: /assets/properties/languages/english.properties
11:03:59.577 [FXGL Launcher Thread     ] DEBUG AssetLoader          - Loading from cache: /assets/properties/languages/english.properties
11:03:59.579 [FXGL Launcher Thread     ] DEBUG AssetLoader          - Loading from cache: /assets/properties/languages/english.properties
11:03:59.580 [FXGL Launcher Thread     ] DEBUG AssetLoader          - Loading from cache: /assets/properties/languages/english.properties
11:03:59.582 [FXGL Launcher Thread     ] DEBUG AssetLoader          - Loading from disk: /assets/ui/cursors/fxgl_default.png
11:03:59.585 [FXGL Launcher Thread     ] DEBUG FXGL.Menu            - createMenuBodyGameMenu()
11:03:59.585 [FXGL Launcher Thread     ] DEBUG AssetLoader          - Loading from cache: /assets/properties/languages/english.properties
11:03:59.586 [FXGL Launcher Thread     ] DEBUG AssetLoader          - Loading from cache: /assets/properties/languages/english.properties
11:03:59.586 [FXGL Launcher Thread     ] DEBUG FXGL.Menu            - createOptionsMenu()
11:03:59.587 [FXGL Launcher Thread     ] DEBUG AssetLoader          - Loading from cache: /assets/properties/languages/english.properties
11:03:59.587 [FXGL Launcher Thread     ] DEBUG AssetLoader          - Loading from cache: /assets/properties/languages/english.properties
11:03:59.587 [FXGL Launcher Thread     ] DEBUG AssetLoader          - Loading from cache: /assets/properties/languages/english.properties
11:03:59.587 [FXGL Launcher Thread     ] DEBUG AssetLoader          - Loading from cache: /assets/properties/languages/english.properties
11:03:59.588 [FXGL Launcher Thread     ] DEBUG AssetLoader          - Loading from cache: /assets/properties/languages/english.properties
11:03:59.588 [FXGL Launcher Thread     ] DEBUG AssetLoader          - Loading from cache: /assets/properties/languages/english.properties
11:03:59.589 [FXGL Launcher Thread     ] DEBUG AssetLoader          - Loading from cache: /assets/properties/languages/english.properties
11:03:59.599 [FXGL Launcher Thread     ] INFO  GameApplication      - Game configuration took:  0,668 sec
11:03:59.612 [JavaFX Application Thread] DEBUG MainWindow           - Opening main window
11:03:59.654 [JavaFX Application Thread] DEBUG MainWindow           - Window border size: (14.4000244140625, 37.5999755859375)
11:03:59.654 [JavaFX Application Thread] DEBUG MainWindow           - Scaled size: 1200.0 x 600.0
11:03:59.655 [JavaFX Application Thread] DEBUG MainWindow           - Scaled ratio: (1.0, 1.0)
11:03:59.655 [JavaFX Application Thread] DEBUG MainWindow           - Scene size: 1200.0 x 600.0
11:03:59.655 [JavaFX Application Thread] DEBUG MainWindow           - Stage size: 1214.4000244140625 x 637.5999755859375
11:03:59.655 [JavaFX Application Thread] DEBUG GameApplication      - Running preInit()
11:03:59.656 [JavaFX Application Thread] DEBUG AnnotationParser     - Main app package name: 
11:03:59.656 [JavaFX Application Thread] WARN  AnnotationParser     - SoccerSlime has no package or contains uppercase letters. Disabling annotations processing
11:03:59.693 [JavaFX Application Thread] DEBUG Input                - Registered new binding: Screenshot - P
11:03:59.695 [JavaFX Application Thread] DEBUG Input                - Registered new binding: Dev Options - CTRL+0
11:03:59.696 [JavaFX Application Thread] DEBUG Input                - Registered new binding: Restart - CTRL+R
11:03:59.696 [JavaFX Application Thread] DEBUG Input                - Registered new binding: Move Right - D
11:03:59.697 [JavaFX Application Thread] DEBUG Input                - Registered new binding: Move Left - A
11:03:59.697 [JavaFX Application Thread] DEBUG Input                - Registered new binding: Move Up - W
11:03:59.697 [JavaFX Application Thread] DEBUG Input                - Registered new binding: Celebrate - F
11:03:59.697 [JavaFX Application Thread] DEBUG Input                - Registered new binding: Move Right (Player2) - Right
11:03:59.697 [JavaFX Application Thread] DEBUG Input                - Registered new binding: Move Left (Player2) - Left
11:03:59.698 [JavaFX Application Thread] DEBUG Input                - Registered new binding: Move Up (Player 2) - Up
11:03:59.699 [JavaFX Application Thread] DEBUG MenuEventHandler     - generateDefaultProfile()
11:03:59.699 [JavaFX Application Thread] DEBUG MenuEventHandler     - Creating default profile
11:03:59.700 [JavaFX Application Thread] DEBUG EventBus             - Firing event: SaveEvent
11:03:59.702 [JavaFX Application Thread] DEBUG AudioPlayer          - Saving data to profile
11:03:59.702 [JavaFX Application Thread] DEBUG Bundle               - Logging bundle: audio
11:03:59.702 [JavaFX Application Thread] DEBUG Bundle               - audio.musicVolume=0.5
11:03:59.702 [JavaFX Application Thread] DEBUG Bundle               - audio.soundVolume=0.5
11:03:59.702 [JavaFX Application Thread] DEBUG Input                - Saving data to profile
11:03:59.703 [JavaFX Application Thread] DEBUG Bundle               - Logging bundle: input
11:03:59.703 [JavaFX Application Thread] DEBUG Bundle               - input.Move Right=D
11:03:59.703 [JavaFX Application Thread] DEBUG Bundle               - input.Move Left (Player2)=Left
11:03:59.703 [JavaFX Application Thread] DEBUG Bundle               - input.Celebrate=F
11:03:59.703 [JavaFX Application Thread] DEBUG Bundle               - input.Screenshot=P
11:03:59.703 [JavaFX Application Thread] DEBUG Bundle               - input.Restart=CTRL+R
11:03:59.703 [JavaFX Application Thread] DEBUG Bundle               - input.Move Up=W
11:03:59.703 [JavaFX Application Thread] DEBUG Bundle               - input.Dev Options=CTRL+0
11:03:59.704 [JavaFX Application Thread] DEBUG Bundle               - input.Move Left=A
11:03:59.704 [JavaFX Application Thread] DEBUG Bundle               - input.Move Up (Player 2)=Up
11:03:59.704 [JavaFX Application Thread] DEBUG Bundle               - input.Move Right (Player2)=Right
11:03:59.708 [JavaFX Application Thread] DEBUG Bundle               - Logging bundle: gameplayStats
11:03:59.708 [JavaFX Application Thread] DEBUG Bundle               - gameplayStats.playtime=0
11:03:59.709 [JavaFX Application Thread] DEBUG AchievementManager   - Saving data to profile
11:03:59.709 [JavaFX Application Thread] DEBUG Bundle               - Logging bundle: achievement
11:03:59.726 [JavaFX Application Thread] DEBUG GameApplication      - Starting main loop
11:03:59.732 [JavaFX Application Thread] DEBUG StartupState         - STARTUP
11:03:59.733 [JavaFX Application Thread] DEBUG Input                - Clearing active input actions
11:03:59.777 [JavaFX Application Thread] DEBUG AppStateMachine      - StartupState -> MainMenuState
11:03:59.788 [JavaFX Application Thread] DEBUG FXGL.SaveLoadManager - Checking profiles dir: profiles/
11:03:59.789 [JavaFX Application Thread] DEBUG FXGL.SaveLoadManager - Loading profile names
11:03:59.797 [JavaFX Application Thread] DEBUG IOTask               - Showing dialog
11:03:59.803 [JavaFX Application Thread] DEBUG AppStateMachine      - Push state: DialogSubState
11:03:59.803 [JavaFX Application Thread] DEBUG Input                - Clearing active input actions
11:03:59.803 [JavaFX Application Thread] DEBUG AppStateMachine      - MainMenuState -> DialogSubState
11:03:59.814 [FXGL Background Thread 1 ] DEBUG IOTask               - Executing task: loadDirectoryNamesTask(./profiles/, false)
11:03:59.937 [JavaFX Application Thread] DEBUG IOTask               - succeed(): Dismissing dialog
11:03:59.938 [JavaFX Application Thread] DEBUG AppStateMachine      - Pop state: DialogSubState
11:03:59.938 [JavaFX Application Thread] DEBUG Input                - Clearing active input actions
11:03:59.939 [JavaFX Application Thread] DEBUG AppStateMachine      - MainMenuState <- DialogSubState
11:03:59.939 [JavaFX Application Thread] DEBUG IOTask               - Task succeeded: loadDirectoryNamesTask(./profiles/, false)
11:03:59.944 [JavaFX Application Thread] DEBUG AppStateMachine      - Push state: DialogSubState
11:03:59.944 [JavaFX Application Thread] DEBUG Input                - Clearing active input actions
11:03:59.944 [JavaFX Application Thread] DEBUG AppStateMachine      - MainMenuState -> DialogSubState
11:04:00.614 [JavaFX Application Thread] DEBUG AppStateMachine      - Pop state: DialogSubState
11:04:00.614 [JavaFX Application Thread] DEBUG Input                - Clearing active input actions
11:04:00.616 [JavaFX Application Thread] DEBUG AppStateMachine      - MainMenuState <- DialogSubState
11:04:00.616 [JavaFX Application Thread] DEBUG FXGL.SaveLoadManager - Loading profile: Mads
11:04:00.618 [JavaFX Application Thread] DEBUG IOTask               - Showing dialog
11:04:00.622 [JavaFX Application Thread] DEBUG AppStateMachine      - Push state: DialogSubState
11:04:00.622 [JavaFX Application Thread] DEBUG Input                - Clearing active input actions
11:04:00.622 [JavaFX Application Thread] DEBUG AppStateMachine      - MainMenuState -> DialogSubState
11:04:00.625 [FXGL Background Thread 1 ] DEBUG IOTask               - Executing task: readDataTask(./profiles/Mads/user.profile)
11:04:00.625 [FXGL Background Thread 1 ] DEBUG FS                   - Reading from: .\profiles\Mads\user.profile
11:04:00.643 [JavaFX Application Thread] DEBUG IOTask               - succeed(): Dismissing dialog
11:04:00.644 [JavaFX Application Thread] DEBUG AppStateMachine      - Pop state: DialogSubState
11:04:00.644 [JavaFX Application Thread] DEBUG Input                - Clearing active input actions
11:04:00.645 [JavaFX Application Thread] DEBUG AppStateMachine      - MainMenuState <- DialogSubState
11:04:00.646 [JavaFX Application Thread] DEBUG IOTask               - Task succeeded: readDataTask(./profiles/Mads/user.profile)
11:04:00.646 [JavaFX Application Thread] DEBUG EventBus             - Firing event: LoadEvent[type=LOAD_PROFILE]
11:04:00.646 [JavaFX Application Thread] DEBUG AudioPlayer          - Loading data from profile
11:04:00.646 [JavaFX Application Thread] DEBUG Bundle               - Logging bundle: audio
11:04:00.646 [JavaFX Application Thread] DEBUG Bundle               - audio.musicVolume=0.5
11:04:00.646 [JavaFX Application Thread] DEBUG Bundle               - audio.soundVolume=0.5
11:04:00.646 [JavaFX Application Thread] DEBUG Input                - Loading data from profile
11:04:00.647 [JavaFX Application Thread] DEBUG Bundle               - Logging bundle: input
11:04:00.647 [JavaFX Application Thread] DEBUG Bundle               - input.Move Right=D
11:04:00.647 [JavaFX Application Thread] DEBUG Bundle               - input.Move Left (Player2)=Left
11:04:00.647 [JavaFX Application Thread] DEBUG Bundle               - input.Celebrate=F
11:04:00.647 [JavaFX Application Thread] DEBUG Bundle               - input.Screenshot=P
11:04:00.647 [JavaFX Application Thread] DEBUG Bundle               - input.Restart=CTRL+R
11:04:00.647 [JavaFX Application Thread] DEBUG Bundle               - input.Move Up=W
11:04:00.647 [JavaFX Application Thread] DEBUG Bundle               - input.Dev Options=CTRL+0
11:04:00.647 [JavaFX Application Thread] DEBUG Bundle               - input.Move Left=A
11:04:00.647 [JavaFX Application Thread] DEBUG Bundle               - input.Move Up (Player 2)=Up
11:04:00.647 [JavaFX Application Thread] DEBUG Bundle               - input.Move Right (Player2)=Right
11:04:00.648 [JavaFX Application Thread] DEBUG Bundle               - Logging bundle: gameplayStats
11:04:00.648 [JavaFX Application Thread] DEBUG Bundle               - gameplayStats.playtime=1842149291307
11:04:00.648 [JavaFX Application Thread] DEBUG AchievementManager   - Loading data from profile
11:04:00.648 [JavaFX Application Thread] DEBUG Bundle               - Logging bundle: achievement
11:04:00.649 [JavaFX Application Thread] DEBUG FXGL.SaveLoadManager - Loading last modified save file
11:04:00.649 [JavaFX Application Thread] DEBUG FXGL.SaveLoadManager - Loading save files
11:04:00.653 [JavaFX Application Thread] DEBUG IOTask               - Showing dialog
11:04:00.655 [JavaFX Application Thread] DEBUG AppStateMachine      - Push state: DialogSubState
11:04:00.655 [JavaFX Application Thread] DEBUG Input                - Clearing active input actions
11:04:00.655 [JavaFX Application Thread] DEBUG AppStateMachine      - MainMenuState -> DialogSubState
11:04:00.657 [FXGL Background Thread 1 ] DEBUG IOTask               - Executing task: loadFileNamesTask(./profiles/Mads/saves/, true, [FileExtension(extension=.sav)])
11:04:00.657 [FXGL Background Thread 1 ] DEBUG IOTask               - Executing task: loadFileNamesTask(./profiles/Mads/saves/, true, [FileExtension(extension=.sav)])
11:04:00.658 [FXGL Background Thread 1 ] DEBUG IOTask               - Executing task: loadFileNamesTask(./profiles/Mads/saves/, true, [FileExtension(extension=.sav)])
11:04:00.662 [FXGL Background Thread 1 ] DEBUG IOTask               - Executing task: readSaveFiles
11:04:00.666 [FXGL Background Thread 1 ] DEBUG IOTask               - Executing task: findLastSave
11:04:00.675 [JavaFX Application Thread] DEBUG IOTask               - fail(): Dismissing dialog
11:04:00.676 [JavaFX Application Thread] DEBUG AppStateMachine      - Pop state: DialogSubState
11:04:00.676 [JavaFX Application Thread] DEBUG Input                - Clearing active input actions
11:04:00.677 [JavaFX Application Thread] DEBUG AppStateMachine      - MainMenuState <- DialogSubState
11:04:00.677 [JavaFX Application Thread] WARN  IOTask               - Task failed: loadFileNamesTask(./profiles/Mads/saves/, true, [FileExtension(extension=.sav)]) Error: java.io.FileNotFoundException: No save files found
11:04:01.049 [JavaFX Application Thread] DEBUG FXGL.Menu            - fireNewGame()
11:04:01.050 [JavaFX Application Thread] DEBUG GameApplication      - Starting new game
11:04:01.050 [JavaFX Application Thread] DEBUG Input                - Clearing active input actions
11:04:01.056 [JavaFX Application Thread] DEBUG AppStateMachine      - MainMenuState -> LoadingState
11:04:01.058 [JavaFX Application Thread] DEBUG AnnotationParser     - Main app package name: 
11:04:01.058 [JavaFX Application Thread] WARN  AnnotationParser     - SoccerSlime has no package or contains uppercase letters. Disabling annotations processing
11:04:01.058 [JavaFX Application Thread] DEBUG InitAppTask          - Parsing annotations
11:04:01.060 [FXGL Background Thread 1 ] DEBUG InitAppTask          - Clearing previous game
11:04:01.060 [FXGL Background Thread 1 ] DEBUG FXGL.GameWorld       - Clearing game world
11:04:01.060 [FXGL Background Thread 1 ] DEBUG PhysicsWorld         - Clearing physics world
11:04:01.060 [FXGL Background Thread 1 ] DEBUG FXGL.GameScene       - Clearing game scene
11:04:01.061 [FXGL Background Thread 1 ] DEBUG InitAppTask          - Initializing Assets
11:04:01.062 [FXGL Background Thread 1 ] DEBUG InitAppTask          - Initializing Game
11:04:01.120 [FXGL Background Thread 1 ] DEBUG AssetLoader          - Loading from disk: /assets/textures/background1.png
11:04:01.161 [FXGL Background Thread 1 ] DEBUG FXGL.GameScene       - Creating render group for layer: DEFAULT(100000)
11:04:01.167 [FXGL Background Thread 1 ] DEBUG AssetLoader          - Loading from disk: /assets/textures/slime1.png
11:04:01.172 [FXGL Background Thread 1 ] DEBUG AssetLoader          - Loading from disk: /assets/textures/slime2.png
11:04:01.205 [FXGL Background Thread 1 ] DEBUG AssetLoader          - Loading from disk: /assets/textures/ball.png
11:04:01.208 [FXGL Background Thread 1 ] DEBUG InitAppTask          - Initializing Physics
11:04:01.209 [FXGL Background Thread 1 ] DEBUG InitAppTask          - Initializing UI
11:04:01.210 [FXGL Background Thread 1 ] DEBUG InitAppTask          - Initialization Complete
11:04:01.210 [FXGL Background Thread 1 ] INFO  InitAppTask          - Game initialization took: 0,151 sec
11:04:01.216 [JavaFX Application Thread] DEBUG Input                - Clearing active input actions
11:04:01.222 [JavaFX Application Thread] DEBUG AppStateMachine      - LoadingState -> PlayState
11:04:06.170 [JavaFX Application Thread] DEBUG GameApplication      - Exiting game application
11:04:06.170 [JavaFX Application Thread] DEBUG MenuEventHandler     - Creating default profile
11:04:06.170 [JavaFX Application Thread] DEBUG EventBus             - Firing event: SaveEvent
11:04:06.170 [JavaFX Application Thread] DEBUG AudioPlayer          - Saving data to profile
11:04:06.171 [JavaFX Application Thread] DEBUG Bundle               - Logging bundle: audio
11:04:06.171 [JavaFX Application Thread] DEBUG Bundle               - audio.musicVolume=0.5
11:04:06.171 [JavaFX Application Thread] DEBUG Bundle               - audio.soundVolume=0.5
11:04:06.171 [JavaFX Application Thread] DEBUG Input                - Saving data to profile
11:04:06.171 [JavaFX Application Thread] DEBUG Bundle               - Logging bundle: input
11:04:06.171 [JavaFX Application Thread] DEBUG Bundle               - input.Move Right=D
11:04:06.171 [JavaFX Application Thread] DEBUG Bundle               - input.Move Left (Player2)=Left
11:04:06.171 [JavaFX Application Thread] DEBUG Bundle               - input.Celebrate=F
11:04:06.171 [JavaFX Application Thread] DEBUG Bundle               - input.Screenshot=P
11:04:06.171 [JavaFX Application Thread] DEBUG Bundle               - input.Restart=CTRL+R
11:04:06.171 [JavaFX Application Thread] DEBUG Bundle               - input.Move Up=W
11:04:06.171 [JavaFX Application Thread] DEBUG Bundle               - input.Dev Options=CTRL+0
11:04:06.171 [JavaFX Application Thread] DEBUG Bundle               - input.Move Left=A
11:04:06.171 [JavaFX Application Thread] DEBUG Bundle               - input.Move Up (Player 2)=Up
11:04:06.171 [JavaFX Application Thread] DEBUG Bundle               - input.Move Right (Player2)=Right
11:04:06.172 [JavaFX Application Thread] DEBUG Bundle               - Logging bundle: gameplayStats
11:04:06.172 [JavaFX Application Thread] DEBUG Bundle               - gameplayStats.playtime=1847038992370
11:04:06.172 [JavaFX Application Thread] DEBUG AchievementManager   - Saving data to profile
11:04:06.172 [JavaFX Application Thread] DEBUG Bundle               - Logging bundle: achievement
11:04:06.172 [JavaFX Application Thread] DEBUG FXGL.SaveLoadManager - Saving profile: Mads
11:04:06.173 [JavaFX Application Thread] DEBUG IOTask               - Executing task: writeDataTask(./profiles/Mads/user.profile)
11:04:06.173 [JavaFX Application Thread] DEBUG IOTask               - Executing task: writeDataTask(./profiles/Mads/user.profile)
11:04:06.175 [JavaFX Application Thread] DEBUG FS                   - Writing to: .\profiles\Mads\user.profile
11:04:06.178 [JavaFX Application Thread] DEBUG IOTask               - Executing task: checkSavesDir(./profiles/Mads/saves/)
11:04:06.178 [JavaFX Application Thread] DEBUG IOTask               - Task succeeded: writeDataTask(./profiles/Mads/user.profile)
11:04:06.178 [JavaFX Application Thread] DEBUG GameApplication      - Shutting down background threads
11:04:06.178 [JavaFX Application Thread] DEBUG GameApplication      - Exiting FXGL
11:04:06.178 [JavaFX Application Thread] DEBUG FXGL                 - Saving FXGL system data
11:04:06.179 [JavaFX Application Thread] DEBUG IOTask               - Executing task: writeDataTask(system/fxgl.bundle)
11:04:06.180 [JavaFX Application Thread] DEBUG FS                   - Writing to: system\fxgl.bundle
11:04:06.182 [JavaFX Application Thread] DEBUG IOTask               - Task succeeded: writeDataTask(system/fxgl.bundle)
11:04:06.182 [JavaFX Application Thread] DEBUG GameApplication      - Closing logger and exiting JavaFX
