09:32:30.414 [JavaFX Application Thread] DEBUG GameApplication      - Logger initialized
09:32:30.431 [JavaFX Application Thread] DEBUG GameApplication      - Logging settings
Title: SlimeSoccer2000
Version: 0.1
Width: 1200
Height: 600
Fullscreen: false
Intro: false
Menus: true
Profiling: false
Single step:false
App Mode: DEVELOPER
Menu Key: M
Stage Style: DECORATED
Scene Factory: class com.almasb.fxgl.scene.SceneFactory
Dialog Factory: class com.almasb.fxgl.ui.FXGLDialogFactory
UI Factory: class com.almasb.fxgl.ui.FXGLUIFactory
Notification Service: class com.almasb.fxgl.gameplay.notification.XboxNotificationView
Exception Handler: class com.almasb.fxgl.app.FXGLExceptionHandler
09:32:30.431 [JavaFX Application Thread] DEBUG GameApplication      - Starting FXGL
09:32:30.444 [JavaFX Application Thread] INFO  FXGL                 - FXGL-0.5.4 on DESKTOP
09:32:30.445 [JavaFX Application Thread] INFO  FXGL                 - Source code and latest versions at: https://github.com/AlmasB/FXGL
09:32:30.445 [JavaFX Application Thread] INFO  FXGL                 -              Join the FXGL chat at: https://gitter.im/AlmasB/FXGL
09:32:30.445 [JavaFX Application Thread] DEBUG FXGL                 - FXGL started
09:32:30.446 [JavaFX Application Thread] DEBUG FXGL                 - Initializing FXGL
09:32:30.495 [JavaFX Application Thread] DEBUG AssetLoader          - Loading from disk: /assets/ui/cursors/fxgl_default.png
09:32:30.607 [JavaFX Application Thread] DEBUG AssetLoader          - Loading from disk: /assets/ui/fonts/VarelaRound-Regular.ttf
09:32:30.957 [JavaFX Application Thread] DEBUG MainWindow           - Creating a JavaFX scene
09:32:30.992 [JavaFX Application Thread] DEBUG MainWindow           - Target settings size: 1200.0 x 600.0
09:32:30.992 [JavaFX Application Thread] DEBUG MainWindow           - Scaled scene size:    1200.0 x 600.0
09:32:30.993 [JavaFX Application Thread] DEBUG MainWindow           - Scaled ratio: (1.0, 1.0)
09:32:30.996 [JavaFX Application Thread] DEBUG AssetLoader          - Loading from disk: /assets/ui/css/fxgl_dark.css
09:32:31.000 [JavaFX Application Thread] DEBUG AssetLoader          - Loading from disk: /assets/textures/fxgl_icon.png
09:32:31.027 [JavaFX Application Thread] DEBUG MainWindow           - Opening main window
09:32:31.186 [JavaFX Application Thread] DEBUG MainWindow           - Window border size: (14.4000244140625, 37.5999755859375)
09:32:31.186 [JavaFX Application Thread] DEBUG MainWindow           - Scaled size: 1200.0 x 600.0
09:32:31.186 [JavaFX Application Thread] DEBUG MainWindow           - Scaled ratio: (1.0, 1.0)
09:32:31.187 [JavaFX Application Thread] DEBUG MainWindow           - Scene size: 1200.0 x 600.0
09:32:31.187 [JavaFX Application Thread] DEBUG MainWindow           - Stage size: 1214.4000244140625 x 637.5999755859375
09:32:31.264 [ForkJoinPool.commonPool-worker-9] DEBUG FS                   - Loaded DesktopFSService
09:32:31.265 [ForkJoinPool.commonPool-worker-9] DEBUG FXGL                 - Loading FXGL system data
09:32:31.274 [ForkJoinPool.commonPool-worker-9] DEBUG DesktopFSService     - Reading from: system\fxgl.bundle
09:32:31.289 [ForkJoinPool.commonPool-worker-9] DEBUG Bundle               - Logging bundle: FXGL
09:32:31.291 [ForkJoinPool.commonPool-worker-9] DEBUG Bundle               - FXGL.offline.timer.version.check=2019-01-15T09:28:22.000785300
09:32:31.294 [ForkJoinPool.commonPool-worker-9] DEBUG FXGL                 - Initializing state machine and application states
09:32:31.296 [ForkJoinPool.commonPool-worker-9] DEBUG AssetLoader          - Loading from disk: /assets/ui/cursors/fxgl_default.png
09:32:31.310 [ForkJoinPool.commonPool-worker-9] DEBUG AssetLoader          - Loading from disk: /assets/ui/cursors/fxgl_default.png
09:32:31.318 [ForkJoinPool.commonPool-worker-9] DEBUG AssetLoader          - Loading from cache: /assets/ui/fonts/VarelaRound-Regular.ttf
09:32:31.323 [ForkJoinPool.commonPool-worker-9] DEBUG AssetLoader          - Loading from disk: /assets/ui/cursors/fxgl_default.png
09:32:31.328 [ForkJoinPool.commonPool-worker-9] DEBUG GameScene            - Game scene initialized: 1200x600
09:32:31.337 [ForkJoinPool.commonPool-worker-9] DEBUG GameWorld            - Game world initialized
09:32:31.438 [ForkJoinPool.commonPool-worker-9] DEBUG PhysicsWorld         - Physics world initialized: appHeight=600, physics.ppm=50,0
09:32:31.489 [ForkJoinPool.commonPool-worker-9] DEBUG AssetLoader          - Loading from disk: /assets/ui/cursors/fxgl_default.png
09:32:31.496 [ForkJoinPool.commonPool-worker-9] DEBUG AssetLoader          - Loading from disk: /assets/properties/languages/english.properties
09:32:31.498 [ForkJoinPool.commonPool-worker-9] DEBUG AssetLoader          - Loading from cache: /assets/ui/fonts/VarelaRound-Regular.ttf
09:32:31.499 [ForkJoinPool.commonPool-worker-9] DEBUG AssetLoader          - Loading from cache: /assets/ui/fonts/VarelaRound-Regular.ttf
09:32:31.500 [ForkJoinPool.commonPool-worker-9] DEBUG AssetLoader          - Loading from cache: /assets/ui/fonts/VarelaRound-Regular.ttf
09:32:31.517 [ForkJoinPool.commonPool-worker-9] DEBUG AssetLoader          - Loading from disk: /assets/textures/particles/trace_horizontal.png
09:32:31.544 [ForkJoinPool.commonPool-worker-9] DEBUG AssetLoader          - Loading from cache: /assets/ui/fonts/VarelaRound-Regular.ttf
09:32:31.546 [ForkJoinPool.commonPool-worker-9] DEBUG FXGL.Menu            - createMenuBodyMainMenu()
09:32:31.553 [ForkJoinPool.commonPool-worker-9] DEBUG AssetLoader          - Loading from cache: /assets/ui/fonts/VarelaRound-Regular.ttf
09:32:31.555 [ForkJoinPool.commonPool-worker-9] DEBUG AssetLoader          - Loading from cache: /assets/properties/languages/english.properties
09:32:31.559 [ForkJoinPool.commonPool-worker-9] DEBUG AssetLoader          - Loading from cache: /assets/ui/fonts/VarelaRound-Regular.ttf
09:32:31.560 [ForkJoinPool.commonPool-worker-9] DEBUG AssetLoader          - Loading from cache: /assets/properties/languages/english.properties
09:32:31.561 [ForkJoinPool.commonPool-worker-9] DEBUG FXGL.Menu            - createOptionsMenu()
09:32:31.562 [ForkJoinPool.commonPool-worker-9] DEBUG AssetLoader          - Loading from cache: /assets/ui/fonts/VarelaRound-Regular.ttf
09:32:31.562 [ForkJoinPool.commonPool-worker-9] DEBUG AssetLoader          - Loading from cache: /assets/properties/languages/english.properties
09:32:31.564 [ForkJoinPool.commonPool-worker-9] DEBUG AssetLoader          - Loading from cache: /assets/ui/fonts/VarelaRound-Regular.ttf
09:32:31.564 [ForkJoinPool.commonPool-worker-9] DEBUG AssetLoader          - Loading from cache: /assets/properties/languages/english.properties
09:32:31.565 [ForkJoinPool.commonPool-worker-9] DEBUG AssetLoader          - Loading from cache: /assets/ui/fonts/VarelaRound-Regular.ttf
09:32:31.566 [ForkJoinPool.commonPool-worker-9] DEBUG AssetLoader          - Loading from cache: /assets/properties/languages/english.properties
09:32:31.567 [ForkJoinPool.commonPool-worker-9] DEBUG AssetLoader          - Loading from cache: /assets/ui/fonts/VarelaRound-Regular.ttf
09:32:31.567 [ForkJoinPool.commonPool-worker-9] DEBUG AssetLoader          - Loading from cache: /assets/properties/languages/english.properties
09:32:31.568 [ForkJoinPool.commonPool-worker-9] DEBUG AssetLoader          - Loading from cache: /assets/ui/fonts/VarelaRound-Regular.ttf
09:32:31.568 [ForkJoinPool.commonPool-worker-9] DEBUG AssetLoader          - Loading from cache: /assets/properties/languages/english.properties
09:32:31.571 [ForkJoinPool.commonPool-worker-9] DEBUG AssetLoader          - Loading from cache: /assets/ui/fonts/VarelaRound-Regular.ttf
09:32:31.571 [ForkJoinPool.commonPool-worker-9] DEBUG AssetLoader          - Loading from cache: /assets/properties/languages/english.properties
09:32:31.573 [ForkJoinPool.commonPool-worker-9] DEBUG AssetLoader          - Loading from cache: /assets/ui/fonts/VarelaRound-Regular.ttf
09:32:31.573 [ForkJoinPool.commonPool-worker-9] DEBUG AssetLoader          - Loading from cache: /assets/properties/languages/english.properties
09:32:31.576 [ForkJoinPool.commonPool-worker-9] DEBUG AssetLoader          - Loading from cache: /assets/ui/fonts/VarelaRound-Regular.ttf
09:32:31.578 [ForkJoinPool.commonPool-worker-9] DEBUG AssetLoader          - Loading from cache: /assets/properties/languages/english.properties
09:32:31.579 [ForkJoinPool.commonPool-worker-9] DEBUG AssetLoader          - Loading from disk: /assets/textures/particles/smoke.png
09:32:31.649 [ForkJoinPool.commonPool-worker-9] DEBUG AssetLoader          - Loading from disk: /assets/ui/cursors/fxgl_default.png
09:32:31.651 [ForkJoinPool.commonPool-worker-9] DEBUG AssetLoader          - Loading from cache: /assets/properties/languages/english.properties
09:32:31.652 [ForkJoinPool.commonPool-worker-9] DEBUG AssetLoader          - Loading from cache: /assets/ui/fonts/VarelaRound-Regular.ttf
09:32:31.652 [ForkJoinPool.commonPool-worker-9] DEBUG AssetLoader          - Loading from cache: /assets/ui/fonts/VarelaRound-Regular.ttf
09:32:31.653 [ForkJoinPool.commonPool-worker-9] DEBUG AssetLoader          - Loading from cache: /assets/ui/fonts/VarelaRound-Regular.ttf
09:32:31.653 [ForkJoinPool.commonPool-worker-9] DEBUG AssetLoader          - Loading from cache: /assets/textures/particles/trace_horizontal.png@64.0x64.0
09:32:31.654 [ForkJoinPool.commonPool-worker-9] DEBUG AssetLoader          - Loading from cache: /assets/ui/fonts/VarelaRound-Regular.ttf
09:32:31.654 [ForkJoinPool.commonPool-worker-9] DEBUG FXGL.Menu            - createMenuBodyGameMenu()
09:32:31.655 [ForkJoinPool.commonPool-worker-9] DEBUG AssetLoader          - Loading from cache: /assets/ui/fonts/VarelaRound-Regular.ttf
09:32:31.655 [ForkJoinPool.commonPool-worker-9] DEBUG AssetLoader          - Loading from cache: /assets/properties/languages/english.properties
09:32:31.657 [ForkJoinPool.commonPool-worker-9] DEBUG AssetLoader          - Loading from cache: /assets/ui/fonts/VarelaRound-Regular.ttf
09:32:31.657 [ForkJoinPool.commonPool-worker-9] DEBUG AssetLoader          - Loading from cache: /assets/properties/languages/english.properties
09:32:31.658 [ForkJoinPool.commonPool-worker-9] DEBUG FXGL.Menu            - createOptionsMenu()
09:32:31.659 [ForkJoinPool.commonPool-worker-9] DEBUG AssetLoader          - Loading from cache: /assets/ui/fonts/VarelaRound-Regular.ttf
09:32:31.660 [ForkJoinPool.commonPool-worker-9] DEBUG AssetLoader          - Loading from cache: /assets/properties/languages/english.properties
09:32:31.661 [ForkJoinPool.commonPool-worker-9] DEBUG AssetLoader          - Loading from cache: /assets/ui/fonts/VarelaRound-Regular.ttf
09:32:31.661 [ForkJoinPool.commonPool-worker-9] DEBUG AssetLoader          - Loading from cache: /assets/properties/languages/english.properties
09:32:31.662 [ForkJoinPool.commonPool-worker-9] DEBUG AssetLoader          - Loading from cache: /assets/ui/fonts/VarelaRound-Regular.ttf
09:32:31.662 [ForkJoinPool.commonPool-worker-9] DEBUG AssetLoader          - Loading from cache: /assets/properties/languages/english.properties
09:32:31.663 [ForkJoinPool.commonPool-worker-9] DEBUG AssetLoader          - Loading from cache: /assets/ui/fonts/VarelaRound-Regular.ttf
09:32:31.663 [ForkJoinPool.commonPool-worker-9] DEBUG AssetLoader          - Loading from cache: /assets/properties/languages/english.properties
09:32:31.664 [ForkJoinPool.commonPool-worker-9] DEBUG AssetLoader          - Loading from cache: /assets/ui/fonts/VarelaRound-Regular.ttf
09:32:31.664 [ForkJoinPool.commonPool-worker-9] DEBUG AssetLoader          - Loading from cache: /assets/properties/languages/english.properties
09:32:31.665 [ForkJoinPool.commonPool-worker-9] DEBUG AssetLoader          - Loading from cache: /assets/ui/fonts/VarelaRound-Regular.ttf
09:32:31.665 [ForkJoinPool.commonPool-worker-9] DEBUG AssetLoader          - Loading from cache: /assets/properties/languages/english.properties
09:32:31.666 [ForkJoinPool.commonPool-worker-9] DEBUG AssetLoader          - Loading from cache: /assets/ui/fonts/VarelaRound-Regular.ttf
09:32:31.666 [ForkJoinPool.commonPool-worker-9] DEBUG AssetLoader          - Loading from cache: /assets/properties/languages/english.properties
09:32:31.667 [ForkJoinPool.commonPool-worker-9] DEBUG AssetLoader          - Loading from cache: /assets/textures/particles/smoke.png@128.0x128.0
09:32:31.728 [JavaFX Application Thread] DEBUG FXGL                 - Running preInit()
09:32:31.752 [JavaFX Application Thread] DEBUG Input                - Registered new binding: Screenshot - P
09:32:31.753 [JavaFX Application Thread] DEBUG Input                - Registered new binding: Dev Options - CTRL+0
09:32:31.753 [JavaFX Application Thread] DEBUG Input                - Registered new binding: System info dump - CTRL+9
09:32:31.754 [JavaFX Application Thread] DEBUG Input                - Registered new binding: Restart - CTRL+R
09:32:31.754 [JavaFX Application Thread] DEBUG Input                - Registered new binding: Move Right - D
09:32:31.754 [JavaFX Application Thread] DEBUG Input                - Registered new binding: Move Left - A
09:32:31.754 [JavaFX Application Thread] DEBUG Input                - Registered new binding: Move Up - W
09:32:31.754 [JavaFX Application Thread] DEBUG Input                - Registered new binding: Move Down - S
09:32:31.755 [JavaFX Application Thread] DEBUG Input                - Registered new binding: Celebrate - F
09:32:31.755 [JavaFX Application Thread] DEBUG Input                - Registered new binding: Move Right (Player2) - Right
09:32:31.755 [JavaFX Application Thread] DEBUG Input                - Registered new binding: Move Left (Player2) - Left
09:32:31.755 [JavaFX Application Thread] DEBUG Input                - Registered new binding: Move Up (Player 2) - Up
09:32:31.755 [JavaFX Application Thread] DEBUG Input                - Registered new binding: Move Down(Player 2) - Down
09:32:31.756 [JavaFX Application Thread] DEBUG MenuEventHandler     - generateDefaultProfile()
09:32:31.756 [JavaFX Application Thread] DEBUG MenuEventHandler     - Creating default profile
09:32:31.757 [JavaFX Application Thread] DEBUG EventBus             - Firing event: SaveEvent
09:32:31.759 [JavaFX Application Thread] DEBUG AudioPlayer          - Saving data to profile
09:32:31.759 [JavaFX Application Thread] DEBUG Bundle               - Logging bundle: audio
09:32:31.759 [JavaFX Application Thread] DEBUG Bundle               - audio.musicVolume=0.5
09:32:31.759 [JavaFX Application Thread] DEBUG Bundle               - audio.soundVolume=0.5
09:32:31.759 [JavaFX Application Thread] DEBUG Input                - Saving data to profile
09:32:31.760 [JavaFX Application Thread] DEBUG Bundle               - Logging bundle: input
09:32:31.760 [JavaFX Application Thread] DEBUG Bundle               - input.Move Right=D
09:32:31.760 [JavaFX Application Thread] DEBUG Bundle               - input.Move Down(Player 2)=Down
09:32:31.760 [JavaFX Application Thread] DEBUG Bundle               - input.Restart=CTRL+R
09:32:31.760 [JavaFX Application Thread] DEBUG Bundle               - input.Move Up=W
09:32:31.760 [JavaFX Application Thread] DEBUG Bundle               - input.Dev Options=CTRL+0
09:32:31.760 [JavaFX Application Thread] DEBUG Bundle               - input.Move Left=A
09:32:31.760 [JavaFX Application Thread] DEBUG Bundle               - input.Move Up (Player 2)=Up
09:32:31.760 [JavaFX Application Thread] DEBUG Bundle               - input.Move Right (Player2)=Right
09:32:31.760 [JavaFX Application Thread] DEBUG Bundle               - input.Move Left (Player2)=Left
09:32:31.760 [JavaFX Application Thread] DEBUG Bundle               - input.Celebrate=F
09:32:31.761 [JavaFX Application Thread] DEBUG Bundle               - input.Screenshot=P
09:32:31.761 [JavaFX Application Thread] DEBUG Bundle               - input.System info dump=CTRL+9
09:32:31.761 [JavaFX Application Thread] DEBUG Bundle               - input.Move Down=S
09:32:31.767 [JavaFX Application Thread] DEBUG Bundle               - Logging bundle: gameplayStats
09:32:31.768 [JavaFX Application Thread] DEBUG Bundle               - gameplayStats.playtime=0
09:32:31.769 [JavaFX Application Thread] DEBUG AchievementManager   - Saving data to profile
09:32:31.769 [JavaFX Application Thread] DEBUG Bundle               - Logging bundle: achievement
09:32:31.771 [JavaFX Application Thread] INFO  FXGL                 - FXGL initialization took: 1,326 sec
09:32:31.771 [JavaFX Application Thread] DEBUG LoopRunner           - Starting loop
09:32:31.773 [JavaFX Application Thread] DEBUG StartupState         - STARTUP
09:32:31.773 [JavaFX Application Thread] DEBUG Input                - Clearing active input actions
09:32:31.775 [JavaFX Application Thread] DEBUG AssetLoader          - Loading from disk: /assets/ui/css/fxgl_dark.css
09:32:31.794 [JavaFX Application Thread] DEBUG AppStateMachine      - StartupState -> MainMenuState
09:32:31.798 [JavaFX Application Thread] DEBUG AssetLoader          - Loading from cache: /assets/properties/languages/english.properties
09:32:31.799 [JavaFX Application Thread] DEBUG AssetLoader          - Loading from cache: /assets/ui/fonts/VarelaRound-Regular.ttf
09:32:31.799 [JavaFX Application Thread] DEBUG AssetLoader          - Loading from cache: /assets/properties/languages/english.properties
09:32:31.799 [JavaFX Application Thread] DEBUG AssetLoader          - Loading from cache: /assets/ui/fonts/VarelaRound-Regular.ttf
09:32:31.799 [JavaFX Application Thread] DEBUG AssetLoader          - Loading from cache: /assets/properties/languages/english.properties
09:32:31.799 [JavaFX Application Thread] DEBUG AssetLoader          - Loading from cache: /assets/ui/fonts/VarelaRound-Regular.ttf
09:32:31.802 [JavaFX Application Thread] DEBUG SaveLoadManager      - Checking profiles dir: profiles/
09:32:31.802 [JavaFX Application Thread] DEBUG SaveLoadManager      - Loading profile names
09:32:31.804 [JavaFX Application Thread] DEBUG AssetLoader          - Loading from cache: /assets/properties/languages/english.properties
09:32:31.806 [JavaFX Application Thread] DEBUG AssetLoader          - Loading from cache: /assets/ui/fonts/VarelaRound-Regular.ttf
09:32:31.807 [JavaFX Application Thread] DEBUG AssetLoader          - Loading from cache: /assets/ui/fonts/VarelaRound-Regular.ttf
09:32:31.807 [JavaFX Application Thread] DEBUG AppStateMachine      - Push state: DialogSubState
09:32:31.808 [JavaFX Application Thread] DEBUG Input                - Clearing active input actions
09:32:31.808 [JavaFX Application Thread] DEBUG AppStateMachine      - MainMenuState -> DialogSubState
09:32:31.911 [JavaFX Application Thread] DEBUG AppStateMachine      - Pop state: DialogSubState
09:32:31.911 [JavaFX Application Thread] DEBUG Input                - Clearing active input actions
09:32:31.912 [JavaFX Application Thread] DEBUG AppStateMachine      - MainMenuState <- DialogSubState
09:32:31.913 [JavaFX Application Thread] DEBUG AssetLoader          - Loading from cache: /assets/properties/languages/english.properties
09:32:31.913 [JavaFX Application Thread] DEBUG AssetLoader          - Loading from cache: /assets/ui/fonts/VarelaRound-Regular.ttf
09:32:31.914 [JavaFX Application Thread] DEBUG AssetLoader          - Loading from cache: /assets/ui/fonts/VarelaRound-Regular.ttf
09:32:31.914 [JavaFX Application Thread] DEBUG AppStateMachine      - Push state: DialogSubState
09:32:31.914 [JavaFX Application Thread] DEBUG Input                - Clearing active input actions
09:32:31.914 [JavaFX Application Thread] DEBUG AppStateMachine      - MainMenuState -> DialogSubState
09:32:32.365 [JavaFX Application Thread] DEBUG AssetLoader          - Loading from cache: /assets/sounds/menu/select.wav
09:32:32.607 [JavaFX Application Thread] DEBUG AppStateMachine      - Pop state: DialogSubState
09:32:32.607 [JavaFX Application Thread] DEBUG Input                - Clearing active input actions
09:32:32.608 [JavaFX Application Thread] DEBUG AppStateMachine      - MainMenuState <- DialogSubState
09:32:32.608 [JavaFX Application Thread] DEBUG SaveLoadManager      - Loading profile: Mads
09:32:32.609 [JavaFX Application Thread] DEBUG AssetLoader          - Loading from cache: /assets/properties/languages/english.properties
09:32:32.610 [JavaFX Application Thread] DEBUG AssetLoader          - Loading from cache: /assets/ui/fonts/VarelaRound-Regular.ttf
09:32:32.610 [JavaFX Application Thread] DEBUG AssetLoader          - Loading from cache: /assets/ui/fonts/VarelaRound-Regular.ttf
09:32:32.610 [JavaFX Application Thread] DEBUG AppStateMachine      - Push state: DialogSubState
09:32:32.610 [JavaFX Application Thread] DEBUG Input                - Clearing active input actions
09:32:32.610 [JavaFX Application Thread] DEBUG AppStateMachine      - MainMenuState -> DialogSubState
09:32:32.613 [FXGL Background Thread 1 ] DEBUG DesktopFSService     - Reading from: .\profiles\Mads\user.profile
09:32:32.625 [JavaFX Application Thread] DEBUG AppStateMachine      - Pop state: DialogSubState
09:32:32.625 [JavaFX Application Thread] DEBUG Input                - Clearing active input actions
09:32:32.626 [JavaFX Application Thread] DEBUG AppStateMachine      - MainMenuState <- DialogSubState
09:32:32.627 [JavaFX Application Thread] DEBUG EventBus             - Firing event: LoadEvent[type=LOAD_PROFILE]
09:32:32.627 [JavaFX Application Thread] DEBUG AudioPlayer          - Loading data from profile
09:32:32.627 [JavaFX Application Thread] DEBUG Bundle               - Logging bundle: audio
09:32:32.627 [JavaFX Application Thread] DEBUG Bundle               - audio.musicVolume=0.5
09:32:32.627 [JavaFX Application Thread] DEBUG Bundle               - audio.soundVolume=0.5
09:32:32.627 [JavaFX Application Thread] DEBUG Input                - Loading data from profile
09:32:32.627 [JavaFX Application Thread] DEBUG Bundle               - Logging bundle: input
09:32:32.627 [JavaFX Application Thread] DEBUG Bundle               - input.Move Right=D
09:32:32.627 [JavaFX Application Thread] DEBUG Bundle               - input.Move Down(Player 2)=Down
09:32:32.627 [JavaFX Application Thread] DEBUG Bundle               - input.Restart=CTRL+R
09:32:32.627 [JavaFX Application Thread] DEBUG Bundle               - input.Move Up=W
09:32:32.627 [JavaFX Application Thread] DEBUG Bundle               - input.Dev Options=CTRL+0
09:32:32.627 [JavaFX Application Thread] DEBUG Bundle               - input.Move Left=A
09:32:32.627 [JavaFX Application Thread] DEBUG Bundle               - input.Move Up (Player 2)=Up
09:32:32.627 [JavaFX Application Thread] DEBUG Bundle               - input.Move Right (Player2)=Right
09:32:32.627 [JavaFX Application Thread] DEBUG Bundle               - input.Move Left (Player2)=Left
09:32:32.627 [JavaFX Application Thread] DEBUG Bundle               - input.Celebrate=F
09:32:32.627 [JavaFX Application Thread] DEBUG Bundle               - input.Screenshot=P
09:32:32.627 [JavaFX Application Thread] DEBUG Bundle               - input.System info dump=CTRL+9
09:32:32.628 [JavaFX Application Thread] DEBUG Bundle               - input.Move Down=S
09:32:32.628 [JavaFX Application Thread] DEBUG Bundle               - Logging bundle: gameplayStats
09:32:32.628 [JavaFX Application Thread] DEBUG Bundle               - gameplayStats.playtime=1123845715328
09:32:32.628 [JavaFX Application Thread] DEBUG AchievementManager   - Loading data from profile
09:32:32.628 [JavaFX Application Thread] DEBUG Bundle               - Logging bundle: achievement
09:32:32.628 [JavaFX Application Thread] DEBUG AssetLoader          - Loading from cache: /assets/properties/languages/english.properties
09:32:32.629 [JavaFX Application Thread] DEBUG AssetLoader          - Loading from cache: /assets/ui/fonts/VarelaRound-Regular.ttf
09:32:32.629 [JavaFX Application Thread] DEBUG AssetLoader          - Loading from cache: /assets/properties/languages/english.properties
09:32:32.629 [JavaFX Application Thread] DEBUG AssetLoader          - Loading from cache: /assets/ui/fonts/VarelaRound-Regular.ttf
09:32:32.629 [JavaFX Application Thread] DEBUG SaveLoadManager      - Loading last modified save file
09:32:32.630 [JavaFX Application Thread] DEBUG SaveLoadManager      - Loading save files
09:32:32.632 [JavaFX Application Thread] DEBUG AssetLoader          - Loading from cache: /assets/properties/languages/english.properties
09:32:32.633 [JavaFX Application Thread] DEBUG AssetLoader          - Loading from cache: /assets/ui/fonts/VarelaRound-Regular.ttf
09:32:32.634 [JavaFX Application Thread] DEBUG AssetLoader          - Loading from cache: /assets/ui/fonts/VarelaRound-Regular.ttf
09:32:32.634 [JavaFX Application Thread] DEBUG AppStateMachine      - Push state: DialogSubState
09:32:32.634 [JavaFX Application Thread] DEBUG Input                - Clearing active input actions
09:32:32.634 [JavaFX Application Thread] DEBUG AppStateMachine      - MainMenuState -> DialogSubState
09:32:32.650 [JavaFX Application Thread] DEBUG AppStateMachine      - Pop state: DialogSubState
09:32:32.650 [JavaFX Application Thread] DEBUG Input                - Clearing active input actions
09:32:32.652 [JavaFX Application Thread] DEBUG AppStateMachine      - MainMenuState <- DialogSubState
09:32:32.781 [JavaFX Application Thread] DEBUG AssetLoader          - Loading from cache: /assets/sounds/menu/select.wav
09:32:32.817 [JavaFX Application Thread] DEBUG AssetLoader          - Loading from cache: /assets/sounds/menu/select.wav
09:32:33.092 [JavaFX Application Thread] DEBUG FXGL.Menu            - fireNewGame()
09:32:33.092 [JavaFX Application Thread] DEBUG GameApplication      - Starting new game
09:32:33.092 [JavaFX Application Thread] DEBUG Input                - Clearing active input actions
09:32:33.092 [JavaFX Application Thread] DEBUG AssetLoader          - Loading from disk: /assets/ui/css/fxgl_dark.css
09:32:33.106 [JavaFX Application Thread] DEBUG AppStateMachine      - MainMenuState -> LoadingState
09:32:33.110 [FXGL Background Thread 1 ] DEBUG InitAppTask          - Clearing previous game
09:32:33.110 [FXGL Background Thread 1 ] DEBUG GameWorld            - Clearing game world
09:32:33.111 [FXGL Background Thread 1 ] DEBUG PhysicsWorld         - Clearing physics world
09:32:33.111 [FXGL Background Thread 1 ] DEBUG GameScene            - Clearing game scene
09:32:33.112 [FXGL Background Thread 1 ] DEBUG InitAppTask          - Initializing Game
09:32:33.144 [FXGL Background Thread 1 ] DEBUG AssetLoader          - Loading from disk: /assets/textures/background1.png
09:32:33.171 [FXGL Background Thread 1 ] DEBUG GameScene            - Creating render group for layer: DEFAULT(100000)
09:32:33.174 [FXGL Background Thread 1 ] DEBUG AssetLoader          - Loading from disk: /assets/textures/slime1.png
09:32:33.191 [FXGL Background Thread 1 ] DEBUG AssetLoader          - Loading from disk: /assets/textures/slime2.png
09:32:33.195 [FXGL Background Thread 1 ] DEBUG AssetLoader          - Loading from disk: /assets/textures/ball.png
09:32:33.198 [FXGL Background Thread 1 ] DEBUG AssetLoader          - Loading from disk: /assets/textures/bottomline.png
09:32:33.200 [JavaFX Application Thread] FATAL FXGL                 - Uncaught Exception:

Fatal exception occurred: java.lang.IllegalArgumentException : Component PhysicsComponent not found!
E: com.almasb.fxgl.entity.Entity.getComponent(Entity.java:276)
E: SimpleGame.initGame(SimpleGame.java:77)
E: com.almasb.fxgl.app.GameApplication.internalInitGame(GameApplication.java:238)
E: com.almasb.fxgl.app.LoadingState$InitAppTask.initGame(AppStates.kt:168)
E: com.almasb.fxgl.app.LoadingState$InitAppTask.call(AppStates.kt:138)
E: com.almasb.fxgl.app.LoadingState$InitAppTask.call(AppStates.kt:127)
E: javafx.graphics/javafx.concurrent.Task$TaskCallable.call(Task.java:1425)
E: java.base/java.util.concurrent.FutureTask.run(FutureTask.java:264)
E: java.base/java.util.concurrent.Executors$RunnableAdapter.call(Executors.java:514)
E: java.base/java.util.concurrent.FutureTask.run(FutureTask.java:264)
E: java.base/java.util.concurrent.ThreadPoolExecutor.runWorker(ThreadPoolExecutor.java:1135)
E: java.base/java.util.concurrent.ThreadPoolExecutor$Worker.run(ThreadPoolExecutor.java:635)
E: java.base/java.lang.Thread.run(Thread.java:844)

09:32:33.201 [JavaFX Application Thread] FATAL FXGL                 - Application will now exit
09:32:33.201 [JavaFX Application Thread] DEBUG LoopRunner           - Stopping loop
09:32:34.378 [JavaFX Application Thread] DEBUG FXGL                 - Exiting FXGL
09:32:34.378 [JavaFX Application Thread] DEBUG MenuEventHandler     - Creating default profile
09:32:34.378 [JavaFX Application Thread] DEBUG EventBus             - Firing event: SaveEvent
09:32:34.378 [JavaFX Application Thread] DEBUG AudioPlayer          - Saving data to profile
09:32:34.378 [JavaFX Application Thread] DEBUG Bundle               - Logging bundle: audio
09:32:34.378 [JavaFX Application Thread] DEBUG Bundle               - audio.musicVolume=0.5
09:32:34.378 [JavaFX Application Thread] DEBUG Bundle               - audio.soundVolume=0.5
09:32:34.378 [JavaFX Application Thread] DEBUG Input                - Saving data to profile
09:32:34.378 [JavaFX Application Thread] DEBUG Bundle               - Logging bundle: input
09:32:34.379 [JavaFX Application Thread] DEBUG Bundle               - input.Move Right=D
09:32:34.379 [JavaFX Application Thread] DEBUG Bundle               - input.Move Down(Player 2)=Down
09:32:34.379 [JavaFX Application Thread] DEBUG Bundle               - input.Restart=CTRL+R
09:32:34.379 [JavaFX Application Thread] DEBUG Bundle               - input.Move Up=W
09:32:34.379 [JavaFX Application Thread] DEBUG Bundle               - input.Dev Options=CTRL+0
09:32:34.379 [JavaFX Application Thread] DEBUG Bundle               - input.Move Left=A
09:32:34.379 [JavaFX Application Thread] DEBUG Bundle               - input.Move Up (Player 2)=Up
09:32:34.379 [JavaFX Application Thread] DEBUG Bundle               - input.Move Right (Player2)=Right
09:32:34.379 [JavaFX Application Thread] DEBUG Bundle               - input.Move Left (Player2)=Left
09:32:34.379 [JavaFX Application Thread] DEBUG Bundle               - input.Celebrate=F
09:32:34.379 [JavaFX Application Thread] DEBUG Bundle               - input.Screenshot=P
09:32:34.379 [JavaFX Application Thread] DEBUG Bundle               - input.System info dump=CTRL+9
09:32:34.379 [JavaFX Application Thread] DEBUG Bundle               - input.Move Down=S
09:32:34.379 [JavaFX Application Thread] DEBUG Bundle               - Logging bundle: gameplayStats
09:32:34.379 [JavaFX Application Thread] DEBUG Bundle               - gameplayStats.playtime=1123845715328
09:32:34.379 [JavaFX Application Thread] DEBUG AchievementManager   - Saving data to profile
09:32:34.379 [JavaFX Application Thread] DEBUG Bundle               - Logging bundle: achievement
09:32:34.379 [JavaFX Application Thread] DEBUG SaveLoadManager      - Saving profile: Mads
09:32:34.382 [JavaFX Application Thread] DEBUG DesktopFSService     - Writing to: .\profiles\Mads\user.profile
09:32:34.385 [JavaFX Application Thread] DEBUG FXGL                 - Shutting down background threads
09:32:34.386 [JavaFX Application Thread] DEBUG FXGL                 - Saving FXGL system data
09:32:34.387 [JavaFX Application Thread] DEBUG DesktopFSService     - Writing to: system\fxgl.bundle
09:32:34.389 [JavaFX Application Thread] DEBUG FXGL                 - Closing logger and exiting JavaFX
