12:59:45.096 [JavaFX Application Thread] DEBUG GameApplication      - Logger initialized
12:59:45.120 [JavaFX Application Thread] DEBUG GameApplication      - Logging settings
Title: Simple Game
Version: 0.1
Width: 1200
Height: 600
Fullscreen: false
Intro: false
Menus: false
Profiling: false
Single step:false
App Mode: DEVELOPER
Menu Key: ESCAPE
Stage Style: DECORATED
Scene Factory: class com.almasb.fxgl.scene.SceneFactory
Dialog Factory: class com.almasb.fxgl.ui.FXGLDialogFactory
UI Factory: class com.almasb.fxgl.ui.FXGLUIFactory
Notification Service: class com.almasb.fxgl.gameplay.notification.XboxNotificationView
Exception Handler: class com.almasb.fxgl.app.FXGLExceptionHandler
12:59:45.121 [JavaFX Application Thread] DEBUG GameApplication      - Starting FXGL
12:59:45.137 [JavaFX Application Thread] INFO  FXGL                 - FXGL-0.5.4 on DESKTOP
12:59:45.138 [JavaFX Application Thread] INFO  FXGL                 - Source code and latest versions at: https://github.com/AlmasB/FXGL
12:59:45.138 [JavaFX Application Thread] INFO  FXGL                 -              Join the FXGL chat at: https://gitter.im/AlmasB/FXGL
12:59:45.139 [JavaFX Application Thread] DEBUG FXGL                 - FXGL started
12:59:45.139 [JavaFX Application Thread] DEBUG FXGL                 - Initializing FXGL
12:59:45.201 [JavaFX Application Thread] DEBUG AssetLoader          - Loading from disk: /assets/ui/cursors/fxgl_default.png
12:59:45.335 [JavaFX Application Thread] DEBUG AssetLoader          - Loading from disk: /assets/ui/fonts/VarelaRound-Regular.ttf
12:59:45.879 [JavaFX Application Thread] DEBUG MainWindow           - Creating a JavaFX scene
12:59:45.972 [JavaFX Application Thread] DEBUG MainWindow           - Target settings size: 1200.0 x 600.0
12:59:45.973 [JavaFX Application Thread] DEBUG MainWindow           - Scaled scene size:    1200.0 x 600.0
12:59:45.974 [JavaFX Application Thread] DEBUG MainWindow           - Scaled ratio: (1.0, 1.0)
12:59:45.980 [JavaFX Application Thread] DEBUG AssetLoader          - Loading from disk: /assets/ui/css/fxgl_dark.css
12:59:45.987 [JavaFX Application Thread] DEBUG AssetLoader          - Loading from disk: /assets/textures/fxgl_icon.png
12:59:46.046 [JavaFX Application Thread] DEBUG MainWindow           - Opening main window
12:59:46.420 [JavaFX Application Thread] DEBUG MainWindow           - Window border size: (14.4000244140625, 37.5999755859375)
12:59:46.421 [JavaFX Application Thread] DEBUG MainWindow           - Scaled size: 1200.0 x 600.0
12:59:46.422 [JavaFX Application Thread] DEBUG MainWindow           - Scaled ratio: (1.0, 1.0)
12:59:46.422 [JavaFX Application Thread] DEBUG MainWindow           - Scene size: 1200.0 x 600.0
12:59:46.423 [JavaFX Application Thread] DEBUG MainWindow           - Stage size: 1214.4000244140625 x 637.5999755859375
12:59:46.558 [ForkJoinPool.commonPool-worker-9] DEBUG FS                   - Loaded DesktopFSService
12:59:46.559 [ForkJoinPool.commonPool-worker-9] DEBUG FXGL                 - Loading FXGL system data
12:59:46.573 [ForkJoinPool.commonPool-worker-9] DEBUG DesktopFSService     - Reading from: system\fxgl.bundle
12:59:46.599 [ForkJoinPool.commonPool-worker-9] DEBUG Bundle               - Logging bundle: FXGL
12:59:46.601 [ForkJoinPool.commonPool-worker-9] DEBUG Bundle               - FXGL.offline.timer.version.check=2019-01-07T14:44:13.971316
12:59:46.603 [ForkJoinPool.commonPool-worker-9] DEBUG FXGL                 - Initializing state machine and application states
12:59:46.607 [ForkJoinPool.commonPool-worker-9] DEBUG AssetLoader          - Loading from disk: /assets/ui/cursors/fxgl_default.png
12:59:46.624 [ForkJoinPool.commonPool-worker-9] DEBUG AssetLoader          - Loading from disk: /assets/ui/cursors/fxgl_default.png
12:59:46.656 [ForkJoinPool.commonPool-worker-9] DEBUG AssetLoader          - Loading from cache: /assets/ui/fonts/VarelaRound-Regular.ttf
12:59:46.663 [ForkJoinPool.commonPool-worker-9] DEBUG AssetLoader          - Loading from disk: /assets/ui/cursors/fxgl_default.png
12:59:46.670 [ForkJoinPool.commonPool-worker-9] DEBUG GameScene            - Game scene initialized: 1200x600
12:59:46.685 [ForkJoinPool.commonPool-worker-9] DEBUG GameWorld            - Game world initialized
12:59:46.825 [ForkJoinPool.commonPool-worker-9] DEBUG PhysicsWorld         - Physics world initialized: appHeight=600, physics.ppm=50,0
12:59:46.875 [ForkJoinPool.commonPool-worker-9] DEBUG Input                - Registered new binding: Pause - Esc
12:59:47.004 [JavaFX Application Thread] DEBUG FXGL                 - Running preInit()
12:59:47.008 [JavaFX Application Thread] DEBUG Input                - Registered new binding: Screenshot - P
12:59:47.010 [JavaFX Application Thread] DEBUG Input                - Registered new binding: Dev Options - CTRL+0
12:59:47.011 [JavaFX Application Thread] DEBUG Input                - Registered new binding: System info dump - CTRL+9
12:59:47.013 [JavaFX Application Thread] DEBUG Input                - Registered new binding: Restart - CTRL+R
12:59:47.014 [JavaFX Application Thread] DEBUG Input                - Registered new binding: Move Right - D
12:59:47.015 [JavaFX Application Thread] DEBUG Input                - Registered new binding: Move Left - A
12:59:47.015 [JavaFX Application Thread] DEBUG Input                - Registered new binding: Move Up - W
12:59:47.016 [JavaFX Application Thread] DEBUG Input                - Registered new binding: Move Down - S
12:59:47.016 [JavaFX Application Thread] DEBUG Input                - Registered new binding: Play Sound - F
12:59:47.018 [JavaFX Application Thread] INFO  FXGL                 - FXGL initialization took: 1,879 sec
12:59:47.019 [JavaFX Application Thread] DEBUG LoopRunner           - Starting loop
12:59:47.022 [JavaFX Application Thread] DEBUG StartupState         - STARTUP
12:59:47.022 [JavaFX Application Thread] DEBUG GameApplication      - Starting new game
12:59:47.023 [JavaFX Application Thread] DEBUG Input                - Clearing active input actions
12:59:47.026 [JavaFX Application Thread] DEBUG AssetLoader          - Loading from disk: /assets/ui/css/fxgl_dark.css
12:59:47.048 [JavaFX Application Thread] DEBUG AppStateMachine      - StartupState -> LoadingState
12:59:47.064 [FXGL Background Thread 1 ] DEBUG InitAppTask          - Clearing previous game
12:59:47.064 [FXGL Background Thread 1 ] DEBUG GameWorld            - Clearing game world
12:59:47.064 [FXGL Background Thread 1 ] DEBUG PhysicsWorld         - Clearing physics world
12:59:47.065 [FXGL Background Thread 1 ] DEBUG GameScene            - Clearing game scene
12:59:47.068 [FXGL Background Thread 1 ] DEBUG InitAppTask          - Initializing Game
12:59:47.179 [FXGL Background Thread 1 ] DEBUG AssetLoader          - Loading from disk: /assets/textures/slime1.png
12:59:47.207 [FXGL Background Thread 1 ] DEBUG GameScene            - Creating render group for layer: DEFAULT(100000)
12:59:47.214 [FXGL Background Thread 1 ] DEBUG InitAppTask          - Initializing Physics
12:59:47.216 [FXGL Background Thread 1 ] DEBUG InitAppTask          - Initializing UI
12:59:47.218 [FXGL Background Thread 1 ] DEBUG InitAppTask          - Initialization Complete
12:59:47.219 [FXGL Background Thread 1 ] INFO  InitAppTask          - Game initialization took: 0,155 sec
12:59:47.275 [JavaFX Application Thread] DEBUG Input                - Clearing active input actions
12:59:47.275 [JavaFX Application Thread] DEBUG AssetLoader          - Loading from disk: /assets/ui/css/fxgl_dark.css
12:59:47.297 [JavaFX Application Thread] DEBUG AppStateMachine      - LoadingState -> PlayState
12:59:50.899 [JavaFX Application Thread] DEBUG FXGL                 - Exiting FXGL
12:59:50.899 [JavaFX Application Thread] DEBUG FXGL                 - Shutting down background threads
12:59:50.900 [JavaFX Application Thread] DEBUG FXGL                 - Saving FXGL system data
12:59:50.905 [JavaFX Application Thread] DEBUG DesktopFSService     - Writing to: system\fxgl.bundle
12:59:50.913 [JavaFX Application Thread] DEBUG FXGL                 - Closing logger and exiting JavaFX
