08:57:34.999 [JavaFX Application Thread] DEBUG GameApplication      - Logger initialized
08:57:35.020 [JavaFX Application Thread] DEBUG GameApplication      - Logging settings
Title: SlimeSoccer2000
Version: 0.1
Width: 1200
Height: 600
Fullscreen: false
Intro: false
Menus: true
Profiling: false
Single step:false
App Mode: DEVELOPER
Menu Key: M
Stage Style: DECORATED
Scene Factory: class com.almasb.fxgl.scene.SceneFactory
Dialog Factory: class com.almasb.fxgl.ui.FXGLDialogFactory
UI Factory: class com.almasb.fxgl.ui.FXGLUIFactory
Notification Service: class com.almasb.fxgl.gameplay.notification.XboxNotificationView
Exception Handler: class com.almasb.fxgl.app.FXGLExceptionHandler
08:57:35.020 [JavaFX Application Thread] DEBUG GameApplication      - Starting FXGL
08:57:35.036 [JavaFX Application Thread] INFO  FXGL                 - FXGL-0.5.4 on DESKTOP
08:57:35.036 [JavaFX Application Thread] INFO  FXGL                 - Source code and latest versions at: https://github.com/AlmasB/FXGL
08:57:35.036 [JavaFX Application Thread] INFO  FXGL                 -              Join the FXGL chat at: https://gitter.im/AlmasB/FXGL
08:57:35.037 [JavaFX Application Thread] DEBUG FXGL                 - FXGL started
08:57:35.037 [JavaFX Application Thread] DEBUG FXGL                 - Initializing FXGL
08:57:35.086 [JavaFX Application Thread] DEBUG AssetLoader          - Loading from disk: /assets/ui/cursors/fxgl_default.png
08:57:35.194 [JavaFX Application Thread] DEBUG AssetLoader          - Loading from disk: /assets/ui/fonts/VarelaRound-Regular.ttf
08:57:35.550 [JavaFX Application Thread] DEBUG MainWindow           - Creating a JavaFX scene
08:57:35.591 [JavaFX Application Thread] DEBUG MainWindow           - Target settings size: 1200.0 x 600.0
08:57:35.592 [JavaFX Application Thread] DEBUG MainWindow           - Scaled scene size:    1200.0 x 600.0
08:57:35.592 [JavaFX Application Thread] DEBUG MainWindow           - Scaled ratio: (1.0, 1.0)
08:57:35.595 [JavaFX Application Thread] DEBUG AssetLoader          - Loading from disk: /assets/ui/css/fxgl_dark.css
08:57:35.599 [JavaFX Application Thread] DEBUG AssetLoader          - Loading from disk: /assets/textures/fxgl_icon.png
08:57:35.627 [JavaFX Application Thread] DEBUG MainWindow           - Opening main window
08:57:35.788 [JavaFX Application Thread] DEBUG MainWindow           - Window border size: (14.4000244140625, 37.5999755859375)
08:57:35.788 [JavaFX Application Thread] DEBUG MainWindow           - Scaled size: 1200.0 x 600.0
08:57:35.788 [JavaFX Application Thread] DEBUG MainWindow           - Scaled ratio: (1.0, 1.0)
08:57:35.789 [JavaFX Application Thread] DEBUG MainWindow           - Scene size: 1200.0 x 600.0
08:57:35.789 [JavaFX Application Thread] DEBUG MainWindow           - Stage size: 1214.4000244140625 x 637.5999755859375
08:57:35.876 [ForkJoinPool.commonPool-worker-9] DEBUG FS                   - Loaded DesktopFSService
08:57:35.877 [ForkJoinPool.commonPool-worker-9] DEBUG FXGL                 - Loading FXGL system data
08:57:35.887 [ForkJoinPool.commonPool-worker-9] DEBUG DesktopFSService     - Reading from: system\fxgl.bundle
08:57:35.901 [ForkJoinPool.commonPool-worker-9] DEBUG Bundle               - Logging bundle: FXGL
08:57:35.902 [ForkJoinPool.commonPool-worker-9] DEBUG Bundle               - FXGL.offline.timer.version.check=2019-01-15T09:28:22.000785300
08:57:35.904 [ForkJoinPool.commonPool-worker-9] DEBUG FXGL                 - Initializing state machine and application states
08:57:35.906 [ForkJoinPool.commonPool-worker-9] DEBUG AssetLoader          - Loading from disk: /assets/ui/cursors/fxgl_default.png
08:57:35.917 [ForkJoinPool.commonPool-worker-9] DEBUG AssetLoader          - Loading from disk: /assets/ui/cursors/fxgl_default.png
08:57:35.925 [ForkJoinPool.commonPool-worker-9] DEBUG AssetLoader          - Loading from cache: /assets/ui/fonts/VarelaRound-Regular.ttf
08:57:35.931 [ForkJoinPool.commonPool-worker-9] DEBUG AssetLoader          - Loading from disk: /assets/ui/cursors/fxgl_default.png
08:57:35.935 [ForkJoinPool.commonPool-worker-9] DEBUG GameScene            - Game scene initialized: 1200x600
08:57:35.943 [ForkJoinPool.commonPool-worker-9] DEBUG GameWorld            - Game world initialized
08:57:36.045 [ForkJoinPool.commonPool-worker-9] DEBUG PhysicsWorld         - Physics world initialized: appHeight=600, physics.ppm=50,0
08:57:36.100 [ForkJoinPool.commonPool-worker-9] DEBUG AssetLoader          - Loading from disk: /assets/ui/cursors/fxgl_default.png
08:57:36.105 [ForkJoinPool.commonPool-worker-9] DEBUG AssetLoader          - Loading from disk: /assets/properties/languages/english.properties
08:57:36.107 [ForkJoinPool.commonPool-worker-9] DEBUG AssetLoader          - Loading from cache: /assets/ui/fonts/VarelaRound-Regular.ttf
08:57:36.108 [ForkJoinPool.commonPool-worker-9] DEBUG AssetLoader          - Loading from cache: /assets/ui/fonts/VarelaRound-Regular.ttf
08:57:36.109 [ForkJoinPool.commonPool-worker-9] DEBUG AssetLoader          - Loading from cache: /assets/ui/fonts/VarelaRound-Regular.ttf
08:57:36.124 [ForkJoinPool.commonPool-worker-9] DEBUG AssetLoader          - Loading from disk: /assets/textures/particles/trace_horizontal.png
08:57:36.163 [ForkJoinPool.commonPool-worker-9] DEBUG AssetLoader          - Loading from cache: /assets/ui/fonts/VarelaRound-Regular.ttf
08:57:36.165 [ForkJoinPool.commonPool-worker-9] DEBUG FXGL.Menu            - createMenuBodyMainMenu()
08:57:36.172 [ForkJoinPool.commonPool-worker-9] DEBUG AssetLoader          - Loading from cache: /assets/ui/fonts/VarelaRound-Regular.ttf
08:57:36.175 [ForkJoinPool.commonPool-worker-9] DEBUG AssetLoader          - Loading from cache: /assets/properties/languages/english.properties
08:57:36.179 [ForkJoinPool.commonPool-worker-9] DEBUG AssetLoader          - Loading from cache: /assets/ui/fonts/VarelaRound-Regular.ttf
08:57:36.180 [ForkJoinPool.commonPool-worker-9] DEBUG AssetLoader          - Loading from cache: /assets/properties/languages/english.properties
08:57:36.181 [ForkJoinPool.commonPool-worker-9] DEBUG FXGL.Menu            - createOptionsMenu()
08:57:36.182 [ForkJoinPool.commonPool-worker-9] DEBUG AssetLoader          - Loading from cache: /assets/ui/fonts/VarelaRound-Regular.ttf
08:57:36.182 [ForkJoinPool.commonPool-worker-9] DEBUG AssetLoader          - Loading from cache: /assets/properties/languages/english.properties
08:57:36.184 [ForkJoinPool.commonPool-worker-9] DEBUG AssetLoader          - Loading from cache: /assets/ui/fonts/VarelaRound-Regular.ttf
08:57:36.184 [ForkJoinPool.commonPool-worker-9] DEBUG AssetLoader          - Loading from cache: /assets/properties/languages/english.properties
08:57:36.185 [ForkJoinPool.commonPool-worker-9] DEBUG AssetLoader          - Loading from cache: /assets/ui/fonts/VarelaRound-Regular.ttf
08:57:36.185 [ForkJoinPool.commonPool-worker-9] DEBUG AssetLoader          - Loading from cache: /assets/properties/languages/english.properties
08:57:36.187 [ForkJoinPool.commonPool-worker-9] DEBUG AssetLoader          - Loading from cache: /assets/ui/fonts/VarelaRound-Regular.ttf
08:57:36.187 [ForkJoinPool.commonPool-worker-9] DEBUG AssetLoader          - Loading from cache: /assets/properties/languages/english.properties
08:57:36.188 [ForkJoinPool.commonPool-worker-9] DEBUG AssetLoader          - Loading from cache: /assets/ui/fonts/VarelaRound-Regular.ttf
08:57:36.188 [ForkJoinPool.commonPool-worker-9] DEBUG AssetLoader          - Loading from cache: /assets/properties/languages/english.properties
08:57:36.190 [ForkJoinPool.commonPool-worker-9] DEBUG AssetLoader          - Loading from cache: /assets/ui/fonts/VarelaRound-Regular.ttf
08:57:36.190 [ForkJoinPool.commonPool-worker-9] DEBUG AssetLoader          - Loading from cache: /assets/properties/languages/english.properties
08:57:36.192 [ForkJoinPool.commonPool-worker-9] DEBUG AssetLoader          - Loading from cache: /assets/ui/fonts/VarelaRound-Regular.ttf
08:57:36.192 [ForkJoinPool.commonPool-worker-9] DEBUG AssetLoader          - Loading from cache: /assets/properties/languages/english.properties
08:57:36.193 [ForkJoinPool.commonPool-worker-9] DEBUG AssetLoader          - Loading from cache: /assets/ui/fonts/VarelaRound-Regular.ttf
08:57:36.194 [ForkJoinPool.commonPool-worker-9] DEBUG AssetLoader          - Loading from cache: /assets/properties/languages/english.properties
08:57:36.195 [ForkJoinPool.commonPool-worker-9] DEBUG AssetLoader          - Loading from disk: /assets/textures/particles/smoke.png
08:57:36.260 [ForkJoinPool.commonPool-worker-9] DEBUG AssetLoader          - Loading from disk: /assets/ui/cursors/fxgl_default.png
08:57:36.263 [ForkJoinPool.commonPool-worker-9] DEBUG AssetLoader          - Loading from cache: /assets/properties/languages/english.properties
08:57:36.264 [ForkJoinPool.commonPool-worker-9] DEBUG AssetLoader          - Loading from cache: /assets/ui/fonts/VarelaRound-Regular.ttf
08:57:36.265 [ForkJoinPool.commonPool-worker-9] DEBUG AssetLoader          - Loading from cache: /assets/ui/fonts/VarelaRound-Regular.ttf
08:57:36.265 [ForkJoinPool.commonPool-worker-9] DEBUG AssetLoader          - Loading from cache: /assets/ui/fonts/VarelaRound-Regular.ttf
08:57:36.266 [ForkJoinPool.commonPool-worker-9] DEBUG AssetLoader          - Loading from cache: /assets/textures/particles/trace_horizontal.png@64.0x64.0
08:57:36.266 [ForkJoinPool.commonPool-worker-9] DEBUG AssetLoader          - Loading from cache: /assets/ui/fonts/VarelaRound-Regular.ttf
08:57:36.267 [ForkJoinPool.commonPool-worker-9] DEBUG FXGL.Menu            - createMenuBodyGameMenu()
08:57:36.267 [ForkJoinPool.commonPool-worker-9] DEBUG AssetLoader          - Loading from cache: /assets/ui/fonts/VarelaRound-Regular.ttf
08:57:36.267 [ForkJoinPool.commonPool-worker-9] DEBUG AssetLoader          - Loading from cache: /assets/properties/languages/english.properties
08:57:36.269 [ForkJoinPool.commonPool-worker-9] DEBUG AssetLoader          - Loading from cache: /assets/ui/fonts/VarelaRound-Regular.ttf
08:57:36.269 [ForkJoinPool.commonPool-worker-9] DEBUG AssetLoader          - Loading from cache: /assets/properties/languages/english.properties
08:57:36.269 [ForkJoinPool.commonPool-worker-9] DEBUG FXGL.Menu            - createOptionsMenu()
08:57:36.270 [ForkJoinPool.commonPool-worker-9] DEBUG AssetLoader          - Loading from cache: /assets/ui/fonts/VarelaRound-Regular.ttf
08:57:36.270 [ForkJoinPool.commonPool-worker-9] DEBUG AssetLoader          - Loading from cache: /assets/properties/languages/english.properties
08:57:36.271 [ForkJoinPool.commonPool-worker-9] DEBUG AssetLoader          - Loading from cache: /assets/ui/fonts/VarelaRound-Regular.ttf
08:57:36.271 [ForkJoinPool.commonPool-worker-9] DEBUG AssetLoader          - Loading from cache: /assets/properties/languages/english.properties
08:57:36.271 [ForkJoinPool.commonPool-worker-9] DEBUG AssetLoader          - Loading from cache: /assets/ui/fonts/VarelaRound-Regular.ttf
08:57:36.272 [ForkJoinPool.commonPool-worker-9] DEBUG AssetLoader          - Loading from cache: /assets/properties/languages/english.properties
08:57:36.272 [ForkJoinPool.commonPool-worker-9] DEBUG AssetLoader          - Loading from cache: /assets/ui/fonts/VarelaRound-Regular.ttf
08:57:36.273 [ForkJoinPool.commonPool-worker-9] DEBUG AssetLoader          - Loading from cache: /assets/properties/languages/english.properties
08:57:36.273 [ForkJoinPool.commonPool-worker-9] DEBUG AssetLoader          - Loading from cache: /assets/ui/fonts/VarelaRound-Regular.ttf
08:57:36.273 [ForkJoinPool.commonPool-worker-9] DEBUG AssetLoader          - Loading from cache: /assets/properties/languages/english.properties
08:57:36.274 [ForkJoinPool.commonPool-worker-9] DEBUG AssetLoader          - Loading from cache: /assets/ui/fonts/VarelaRound-Regular.ttf
08:57:36.274 [ForkJoinPool.commonPool-worker-9] DEBUG AssetLoader          - Loading from cache: /assets/properties/languages/english.properties
08:57:36.275 [ForkJoinPool.commonPool-worker-9] DEBUG AssetLoader          - Loading from cache: /assets/ui/fonts/VarelaRound-Regular.ttf
08:57:36.275 [ForkJoinPool.commonPool-worker-9] DEBUG AssetLoader          - Loading from cache: /assets/properties/languages/english.properties
08:57:36.276 [ForkJoinPool.commonPool-worker-9] DEBUG AssetLoader          - Loading from cache: /assets/textures/particles/smoke.png@128.0x128.0
08:57:36.333 [JavaFX Application Thread] DEBUG FXGL                 - Running preInit()
08:57:36.353 [JavaFX Application Thread] DEBUG Input                - Registered new binding: Screenshot - P
08:57:36.353 [JavaFX Application Thread] DEBUG Input                - Registered new binding: Dev Options - CTRL+0
08:57:36.354 [JavaFX Application Thread] DEBUG Input                - Registered new binding: System info dump - CTRL+9
08:57:36.355 [JavaFX Application Thread] DEBUG Input                - Registered new binding: Restart - CTRL+R
08:57:36.355 [JavaFX Application Thread] DEBUG Input                - Registered new binding: Move Right - D
08:57:36.355 [JavaFX Application Thread] DEBUG Input                - Registered new binding: Move Left - A
08:57:36.355 [JavaFX Application Thread] DEBUG Input                - Registered new binding: Move Up - W
08:57:36.355 [JavaFX Application Thread] DEBUG Input                - Registered new binding: Move Down - S
08:57:36.356 [JavaFX Application Thread] DEBUG Input                - Registered new binding: Celebrate - F
08:57:36.356 [JavaFX Application Thread] DEBUG Input                - Registered new binding: Move Right (Player2) - Right
08:57:36.356 [JavaFX Application Thread] DEBUG Input                - Registered new binding: Move Left (Player2) - Left
08:57:36.356 [JavaFX Application Thread] DEBUG Input                - Registered new binding: Move Up (Player 2) - Up
08:57:36.356 [JavaFX Application Thread] DEBUG Input                - Registered new binding: Move Down(Player 2) - Down
08:57:36.357 [JavaFX Application Thread] DEBUG MenuEventHandler     - generateDefaultProfile()
08:57:36.357 [JavaFX Application Thread] DEBUG MenuEventHandler     - Creating default profile
08:57:36.358 [JavaFX Application Thread] DEBUG EventBus             - Firing event: SaveEvent
08:57:36.359 [JavaFX Application Thread] DEBUG AudioPlayer          - Saving data to profile
08:57:36.359 [JavaFX Application Thread] DEBUG Bundle               - Logging bundle: audio
08:57:36.360 [JavaFX Application Thread] DEBUG Bundle               - audio.musicVolume=0.5
08:57:36.360 [JavaFX Application Thread] DEBUG Bundle               - audio.soundVolume=0.5
08:57:36.360 [JavaFX Application Thread] DEBUG Input                - Saving data to profile
08:57:36.360 [JavaFX Application Thread] DEBUG Bundle               - Logging bundle: input
08:57:36.360 [JavaFX Application Thread] DEBUG Bundle               - input.Move Right=D
08:57:36.360 [JavaFX Application Thread] DEBUG Bundle               - input.Move Down(Player 2)=Down
08:57:36.360 [JavaFX Application Thread] DEBUG Bundle               - input.Restart=CTRL+R
08:57:36.360 [JavaFX Application Thread] DEBUG Bundle               - input.Move Up=W
08:57:36.361 [JavaFX Application Thread] DEBUG Bundle               - input.Dev Options=CTRL+0
08:57:36.361 [JavaFX Application Thread] DEBUG Bundle               - input.Move Left=A
08:57:36.361 [JavaFX Application Thread] DEBUG Bundle               - input.Move Up (Player 2)=Up
08:57:36.361 [JavaFX Application Thread] DEBUG Bundle               - input.Move Right (Player2)=Right
08:57:36.361 [JavaFX Application Thread] DEBUG Bundle               - input.Move Left (Player2)=Left
08:57:36.361 [JavaFX Application Thread] DEBUG Bundle               - input.Celebrate=F
08:57:36.361 [JavaFX Application Thread] DEBUG Bundle               - input.Screenshot=P
08:57:36.362 [JavaFX Application Thread] DEBUG Bundle               - input.System info dump=CTRL+9
08:57:36.362 [JavaFX Application Thread] DEBUG Bundle               - input.Move Down=S
08:57:36.367 [JavaFX Application Thread] DEBUG Bundle               - Logging bundle: gameplayStats
08:57:36.368 [JavaFX Application Thread] DEBUG Bundle               - gameplayStats.playtime=0
08:57:36.369 [JavaFX Application Thread] DEBUG AchievementManager   - Saving data to profile
08:57:36.369 [JavaFX Application Thread] DEBUG Bundle               - Logging bundle: achievement
08:57:36.370 [JavaFX Application Thread] INFO  FXGL                 - FXGL initialization took: 1,334 sec
08:57:36.371 [JavaFX Application Thread] DEBUG LoopRunner           - Starting loop
08:57:36.372 [JavaFX Application Thread] DEBUG StartupState         - STARTUP
08:57:36.373 [JavaFX Application Thread] DEBUG Input                - Clearing active input actions
08:57:36.374 [JavaFX Application Thread] DEBUG AssetLoader          - Loading from disk: /assets/ui/css/fxgl_dark.css
08:57:36.392 [JavaFX Application Thread] DEBUG AppStateMachine      - StartupState -> MainMenuState
08:57:36.397 [JavaFX Application Thread] DEBUG AssetLoader          - Loading from cache: /assets/properties/languages/english.properties
08:57:36.397 [JavaFX Application Thread] DEBUG AssetLoader          - Loading from cache: /assets/ui/fonts/VarelaRound-Regular.ttf
08:57:36.398 [JavaFX Application Thread] DEBUG AssetLoader          - Loading from cache: /assets/properties/languages/english.properties
08:57:36.398 [JavaFX Application Thread] DEBUG AssetLoader          - Loading from cache: /assets/ui/fonts/VarelaRound-Regular.ttf
08:57:36.398 [JavaFX Application Thread] DEBUG AssetLoader          - Loading from cache: /assets/properties/languages/english.properties
08:57:36.399 [JavaFX Application Thread] DEBUG AssetLoader          - Loading from cache: /assets/ui/fonts/VarelaRound-Regular.ttf
08:57:36.402 [JavaFX Application Thread] DEBUG SaveLoadManager      - Checking profiles dir: profiles/
08:57:36.402 [JavaFX Application Thread] DEBUG SaveLoadManager      - Loading profile names
08:57:36.404 [JavaFX Application Thread] DEBUG AssetLoader          - Loading from cache: /assets/properties/languages/english.properties
08:57:36.405 [JavaFX Application Thread] DEBUG AssetLoader          - Loading from cache: /assets/ui/fonts/VarelaRound-Regular.ttf
08:57:36.407 [JavaFX Application Thread] DEBUG AssetLoader          - Loading from cache: /assets/ui/fonts/VarelaRound-Regular.ttf
08:57:36.407 [JavaFX Application Thread] DEBUG AppStateMachine      - Push state: DialogSubState
08:57:36.407 [JavaFX Application Thread] DEBUG Input                - Clearing active input actions
08:57:36.407 [JavaFX Application Thread] DEBUG AppStateMachine      - MainMenuState -> DialogSubState
08:57:36.510 [JavaFX Application Thread] DEBUG AppStateMachine      - Pop state: DialogSubState
08:57:36.510 [JavaFX Application Thread] DEBUG Input                - Clearing active input actions
08:57:36.511 [JavaFX Application Thread] DEBUG AppStateMachine      - MainMenuState <- DialogSubState
08:57:36.512 [JavaFX Application Thread] DEBUG AssetLoader          - Loading from cache: /assets/properties/languages/english.properties
08:57:36.513 [JavaFX Application Thread] DEBUG AssetLoader          - Loading from cache: /assets/ui/fonts/VarelaRound-Regular.ttf
08:57:36.514 [JavaFX Application Thread] DEBUG AssetLoader          - Loading from cache: /assets/ui/fonts/VarelaRound-Regular.ttf
08:57:36.514 [JavaFX Application Thread] DEBUG AppStateMachine      - Push state: DialogSubState
08:57:36.514 [JavaFX Application Thread] DEBUG Input                - Clearing active input actions
08:57:36.514 [JavaFX Application Thread] DEBUG AppStateMachine      - MainMenuState -> DialogSubState
08:57:37.067 [JavaFX Application Thread] DEBUG AssetLoader          - Loading from cache: /assets/sounds/menu/select.wav
08:57:37.205 [JavaFX Application Thread] DEBUG AppStateMachine      - Pop state: DialogSubState
08:57:37.205 [JavaFX Application Thread] DEBUG Input                - Clearing active input actions
08:57:37.206 [JavaFX Application Thread] DEBUG AppStateMachine      - MainMenuState <- DialogSubState
08:57:37.206 [JavaFX Application Thread] DEBUG SaveLoadManager      - Loading profile: Mads
08:57:37.207 [JavaFX Application Thread] DEBUG AssetLoader          - Loading from cache: /assets/properties/languages/english.properties
08:57:37.207 [JavaFX Application Thread] DEBUG AssetLoader          - Loading from cache: /assets/ui/fonts/VarelaRound-Regular.ttf
08:57:37.207 [JavaFX Application Thread] DEBUG AssetLoader          - Loading from cache: /assets/ui/fonts/VarelaRound-Regular.ttf
08:57:37.208 [JavaFX Application Thread] DEBUG AppStateMachine      - Push state: DialogSubState
08:57:37.208 [JavaFX Application Thread] DEBUG Input                - Clearing active input actions
08:57:37.208 [JavaFX Application Thread] DEBUG AppStateMachine      - MainMenuState -> DialogSubState
08:57:37.209 [FXGL Background Thread 1 ] DEBUG DesktopFSService     - Reading from: .\profiles\Mads\user.profile
08:57:37.227 [JavaFX Application Thread] DEBUG AppStateMachine      - Pop state: DialogSubState
08:57:37.227 [JavaFX Application Thread] DEBUG Input                - Clearing active input actions
08:57:37.228 [JavaFX Application Thread] DEBUG AppStateMachine      - MainMenuState <- DialogSubState
08:57:37.228 [JavaFX Application Thread] DEBUG EventBus             - Firing event: LoadEvent[type=LOAD_PROFILE]
08:57:37.229 [JavaFX Application Thread] DEBUG AudioPlayer          - Loading data from profile
08:57:37.229 [JavaFX Application Thread] DEBUG Bundle               - Logging bundle: audio
08:57:37.229 [JavaFX Application Thread] DEBUG Bundle               - audio.musicVolume=0.5
08:57:37.229 [JavaFX Application Thread] DEBUG Bundle               - audio.soundVolume=0.5
08:57:37.229 [JavaFX Application Thread] DEBUG Input                - Loading data from profile
08:57:37.229 [JavaFX Application Thread] DEBUG Bundle               - Logging bundle: input
08:57:37.229 [JavaFX Application Thread] DEBUG Bundle               - input.Move Right=D
08:57:37.229 [JavaFX Application Thread] DEBUG Bundle               - input.Move Down(Player 2)=Down
08:57:37.229 [JavaFX Application Thread] DEBUG Bundle               - input.Restart=CTRL+R
08:57:37.229 [JavaFX Application Thread] DEBUG Bundle               - input.Move Up=W
08:57:37.229 [JavaFX Application Thread] DEBUG Bundle               - input.Dev Options=CTRL+0
08:57:37.229 [JavaFX Application Thread] DEBUG Bundle               - input.Move Left=A
08:57:37.229 [JavaFX Application Thread] DEBUG Bundle               - input.Move Up (Player 2)=Up
08:57:37.229 [JavaFX Application Thread] DEBUG Bundle               - input.Move Right (Player2)=Right
08:57:37.230 [JavaFX Application Thread] DEBUG Bundle               - input.Move Left (Player2)=Left
08:57:37.230 [JavaFX Application Thread] DEBUG Bundle               - input.Celebrate=F
08:57:37.230 [JavaFX Application Thread] DEBUG Bundle               - input.Screenshot=P
08:57:37.230 [JavaFX Application Thread] DEBUG Bundle               - input.System info dump=CTRL+9
08:57:37.230 [JavaFX Application Thread] DEBUG Bundle               - input.Move Down=S
08:57:37.230 [JavaFX Application Thread] DEBUG Bundle               - Logging bundle: gameplayStats
08:57:37.230 [JavaFX Application Thread] DEBUG Bundle               - gameplayStats.playtime=1119987883987
08:57:37.230 [JavaFX Application Thread] DEBUG AchievementManager   - Loading data from profile
08:57:37.230 [JavaFX Application Thread] DEBUG Bundle               - Logging bundle: achievement
08:57:37.230 [JavaFX Application Thread] DEBUG AssetLoader          - Loading from cache: /assets/properties/languages/english.properties
08:57:37.231 [JavaFX Application Thread] DEBUG AssetLoader          - Loading from cache: /assets/ui/fonts/VarelaRound-Regular.ttf
08:57:37.231 [JavaFX Application Thread] DEBUG AssetLoader          - Loading from cache: /assets/properties/languages/english.properties
08:57:37.231 [JavaFX Application Thread] DEBUG AssetLoader          - Loading from cache: /assets/ui/fonts/VarelaRound-Regular.ttf
08:57:37.231 [JavaFX Application Thread] DEBUG SaveLoadManager      - Loading last modified save file
08:57:37.232 [JavaFX Application Thread] DEBUG SaveLoadManager      - Loading save files
08:57:37.234 [JavaFX Application Thread] DEBUG AssetLoader          - Loading from cache: /assets/properties/languages/english.properties
08:57:37.235 [JavaFX Application Thread] DEBUG AssetLoader          - Loading from cache: /assets/ui/fonts/VarelaRound-Regular.ttf
08:57:37.235 [JavaFX Application Thread] DEBUG AssetLoader          - Loading from cache: /assets/ui/fonts/VarelaRound-Regular.ttf
08:57:37.235 [JavaFX Application Thread] DEBUG AppStateMachine      - Push state: DialogSubState
08:57:37.235 [JavaFX Application Thread] DEBUG Input                - Clearing active input actions
08:57:37.235 [JavaFX Application Thread] DEBUG AppStateMachine      - MainMenuState -> DialogSubState
08:57:37.256 [JavaFX Application Thread] DEBUG AppStateMachine      - Pop state: DialogSubState
08:57:37.256 [JavaFX Application Thread] DEBUG Input                - Clearing active input actions
08:57:37.257 [JavaFX Application Thread] DEBUG AppStateMachine      - MainMenuState <- DialogSubState
08:57:37.368 [JavaFX Application Thread] DEBUG AssetLoader          - Loading from cache: /assets/sounds/menu/select.wav
08:57:37.879 [JavaFX Application Thread] DEBUG AssetLoader          - Loading from cache: /assets/sounds/menu/select.wav
08:57:38.046 [JavaFX Application Thread] DEBUG FXGL.Menu            - fireNewGame()
08:57:38.046 [JavaFX Application Thread] DEBUG GameApplication      - Starting new game
08:57:38.046 [JavaFX Application Thread] DEBUG Input                - Clearing active input actions
08:57:38.046 [JavaFX Application Thread] DEBUG AssetLoader          - Loading from disk: /assets/ui/css/fxgl_dark.css
08:57:38.060 [JavaFX Application Thread] DEBUG AppStateMachine      - MainMenuState -> LoadingState
08:57:38.063 [FXGL Background Thread 1 ] DEBUG InitAppTask          - Clearing previous game
08:57:38.063 [FXGL Background Thread 1 ] DEBUG GameWorld            - Clearing game world
08:57:38.063 [FXGL Background Thread 1 ] DEBUG PhysicsWorld         - Clearing physics world
08:57:38.063 [FXGL Background Thread 1 ] DEBUG GameScene            - Clearing game scene
08:57:38.066 [FXGL Background Thread 1 ] DEBUG InitAppTask          - Initializing Game
08:57:38.107 [FXGL Background Thread 1 ] DEBUG AssetLoader          - Loading from disk: /assets/textures/background1.png
08:57:38.132 [FXGL Background Thread 1 ] DEBUG GameScene            - Creating render group for layer: DEFAULT(100000)
08:57:38.136 [FXGL Background Thread 1 ] DEBUG AssetLoader          - Loading from disk: /assets/textures/slime1.png
08:57:38.141 [FXGL Background Thread 1 ] DEBUG AssetLoader          - Loading from disk: /assets/textures/slime2.png
08:57:38.145 [FXGL Background Thread 1 ] DEBUG AssetLoader          - Loading from disk: /assets/textures/ball.png
08:57:38.148 [FXGL Background Thread 1 ] DEBUG AssetLoader          - Loading from disk: /assets/textures/bottomline.png
08:57:38.151 [FXGL Background Thread 1 ] DEBUG InitAppTask          - Initializing Physics
08:57:38.152 [FXGL Background Thread 1 ] DEBUG InitAppTask          - Initializing UI
08:57:38.153 [FXGL Background Thread 1 ] DEBUG InitAppTask          - Initialization Complete
08:57:38.154 [FXGL Background Thread 1 ] INFO  InitAppTask          - Game initialization took: 0,091 sec
08:57:38.161 [JavaFX Application Thread] DEBUG Input                - Clearing active input actions
08:57:38.161 [JavaFX Application Thread] DEBUG AssetLoader          - Loading from disk: /assets/ui/css/fxgl_dark.css
08:57:38.171 [JavaFX Application Thread] DEBUG AppStateMachine      - LoadingState -> PlayState
08:57:39.637 [JavaFX Application Thread] DEBUG AssetLoader          - Loading from cache: /assets/sounds/siii.wav
08:57:39.799 [JavaFX Application Thread] DEBUG AssetLoader          - Loading from cache: /assets/sounds/siii.wav
08:57:39.939 [JavaFX Application Thread] DEBUG AssetLoader          - Loading from cache: /assets/sounds/siii.wav
08:57:40.079 [JavaFX Application Thread] DEBUG AssetLoader          - Loading from cache: /assets/sounds/siii.wav
08:57:41.830 [JavaFX Application Thread] DEBUG FXGL                 - Exiting FXGL
08:57:41.830 [JavaFX Application Thread] DEBUG MenuEventHandler     - Creating default profile
08:57:41.830 [JavaFX Application Thread] DEBUG EventBus             - Firing event: SaveEvent
08:57:41.830 [JavaFX Application Thread] DEBUG AudioPlayer          - Saving data to profile
08:57:41.830 [JavaFX Application Thread] DEBUG Bundle               - Logging bundle: audio
08:57:41.831 [JavaFX Application Thread] DEBUG Bundle               - audio.musicVolume=0.5
08:57:41.831 [JavaFX Application Thread] DEBUG Bundle               - audio.soundVolume=0.5
08:57:41.831 [JavaFX Application Thread] DEBUG Input                - Saving data to profile
08:57:41.831 [JavaFX Application Thread] DEBUG Bundle               - Logging bundle: input
08:57:41.831 [JavaFX Application Thread] DEBUG Bundle               - input.Move Right=D
08:57:41.831 [JavaFX Application Thread] DEBUG Bundle               - input.Move Down(Player 2)=Down
08:57:41.831 [JavaFX Application Thread] DEBUG Bundle               - input.Restart=CTRL+R
08:57:41.831 [JavaFX Application Thread] DEBUG Bundle               - input.Move Up=W
08:57:41.831 [JavaFX Application Thread] DEBUG Bundle               - input.Dev Options=CTRL+0
08:57:41.831 [JavaFX Application Thread] DEBUG Bundle               - input.Move Left=A
08:57:41.832 [JavaFX Application Thread] DEBUG Bundle               - input.Move Up (Player 2)=Up
08:57:41.832 [JavaFX Application Thread] DEBUG Bundle               - input.Move Right (Player2)=Right
08:57:41.832 [JavaFX Application Thread] DEBUG Bundle               - input.Move Left (Player2)=Left
08:57:41.832 [JavaFX Application Thread] DEBUG Bundle               - input.Celebrate=F
08:57:41.832 [JavaFX Application Thread] DEBUG Bundle               - input.Screenshot=P
08:57:41.832 [JavaFX Application Thread] DEBUG Bundle               - input.System info dump=CTRL+9
08:57:41.832 [JavaFX Application Thread] DEBUG Bundle               - input.Move Down=S
08:57:41.832 [JavaFX Application Thread] DEBUG Bundle               - Logging bundle: gameplayStats
08:57:41.832 [JavaFX Application Thread] DEBUG Bundle               - gameplayStats.playtime=1123845715328
08:57:41.832 [JavaFX Application Thread] DEBUG AchievementManager   - Saving data to profile
08:57:41.832 [JavaFX Application Thread] DEBUG Bundle               - Logging bundle: achievement
08:57:41.833 [JavaFX Application Thread] DEBUG SaveLoadManager      - Saving profile: Mads
08:57:41.837 [JavaFX Application Thread] DEBUG DesktopFSService     - Writing to: .\profiles\Mads\user.profile
08:57:41.845 [JavaFX Application Thread] DEBUG FXGL                 - Shutting down background threads
08:57:41.846 [JavaFX Application Thread] DEBUG FXGL                 - Saving FXGL system data
08:57:41.848 [JavaFX Application Thread] DEBUG DesktopFSService     - Writing to: system\fxgl.bundle
08:57:41.853 [JavaFX Application Thread] DEBUG FXGL                 - Closing logger and exiting JavaFX
