12:35:16.000 [JavaFX Application Thread] DEBUG GameApplication      - Logger initialized
12:35:16.020 [JavaFX Application Thread] DEBUG GameApplication      - Logging settings
Title: Simple Game
Version: 0.1
Width: 600
Height: 600
Fullscreen: false
Intro: false
Menus: false
Profiling: false
Single step:false
App Mode: DEVELOPER
Menu Key: ESCAPE
Stage Style: DECORATED
Scene Factory: class com.almasb.fxgl.scene.SceneFactory
Dialog Factory: class com.almasb.fxgl.ui.FXGLDialogFactory
UI Factory: class com.almasb.fxgl.ui.FXGLUIFactory
Notification Service: class com.almasb.fxgl.gameplay.notification.XboxNotificationView
Exception Handler: class com.almasb.fxgl.app.FXGLExceptionHandler
12:35:16.021 [JavaFX Application Thread] DEBUG GameApplication      - Starting FXGL
12:35:16.036 [JavaFX Application Thread] INFO  FXGL                 - FXGL-0.5.4 on DESKTOP
12:35:16.036 [JavaFX Application Thread] INFO  FXGL                 - Source code and latest versions at: https://github.com/AlmasB/FXGL
12:35:16.037 [JavaFX Application Thread] INFO  FXGL                 -              Join the FXGL chat at: https://gitter.im/AlmasB/FXGL
12:35:16.037 [JavaFX Application Thread] DEBUG FXGL                 - FXGL started
12:35:16.037 [JavaFX Application Thread] DEBUG FXGL                 - Initializing FXGL
12:35:16.089 [JavaFX Application Thread] DEBUG AssetLoader          - Loading from disk: /assets/ui/cursors/fxgl_default.png
12:35:16.192 [JavaFX Application Thread] DEBUG AssetLoader          - Loading from disk: /assets/ui/fonts/VarelaRound-Regular.ttf
12:35:16.474 [JavaFX Application Thread] DEBUG MainWindow           - Creating a JavaFX scene
12:35:16.511 [JavaFX Application Thread] DEBUG MainWindow           - Target settings size: 600.0 x 600.0
12:35:16.512 [JavaFX Application Thread] DEBUG MainWindow           - Scaled scene size:    600.0 x 600.0
12:35:16.512 [JavaFX Application Thread] DEBUG MainWindow           - Scaled ratio: (1.0, 1.0)
12:35:16.515 [JavaFX Application Thread] DEBUG AssetLoader          - Loading from disk: /assets/ui/css/fxgl_dark.css
12:35:16.519 [JavaFX Application Thread] DEBUG AssetLoader          - Loading from disk: /assets/textures/fxgl_icon.png
12:35:16.544 [JavaFX Application Thread] DEBUG MainWindow           - Opening main window
12:35:16.713 [JavaFX Application Thread] DEBUG MainWindow           - Window border size: (14.4000244140625, 37.5999755859375)
12:35:16.713 [JavaFX Application Thread] DEBUG MainWindow           - Scaled size: 600.0 x 600.0
12:35:16.713 [JavaFX Application Thread] DEBUG MainWindow           - Scaled ratio: (1.0, 1.0)
12:35:16.714 [JavaFX Application Thread] DEBUG MainWindow           - Scene size: 600.0 x 600.0
12:35:16.714 [JavaFX Application Thread] DEBUG MainWindow           - Stage size: 614.4000244140625 x 637.5999755859375
12:35:16.797 [ForkJoinPool.commonPool-worker-9] DEBUG FS                   - Loaded DesktopFSService
12:35:16.798 [ForkJoinPool.commonPool-worker-9] DEBUG FXGL                 - Loading FXGL system data
12:35:16.807 [ForkJoinPool.commonPool-worker-9] DEBUG DesktopFSService     - Reading from: system\fxgl.bundle
12:35:16.824 [ForkJoinPool.commonPool-worker-9] DEBUG Bundle               - Logging bundle: FXGL
12:35:16.825 [ForkJoinPool.commonPool-worker-9] DEBUG Bundle               - FXGL.offline.timer.version.check=2019-01-07T14:44:13.971316
12:35:16.828 [ForkJoinPool.commonPool-worker-9] DEBUG FXGL                 - Initializing state machine and application states
12:35:16.830 [ForkJoinPool.commonPool-worker-9] DEBUG AssetLoader          - Loading from disk: /assets/ui/cursors/fxgl_default.png
12:35:16.848 [ForkJoinPool.commonPool-worker-9] DEBUG AssetLoader          - Loading from disk: /assets/ui/cursors/fxgl_default.png
12:35:16.857 [ForkJoinPool.commonPool-worker-9] DEBUG AssetLoader          - Loading from cache: /assets/ui/fonts/VarelaRound-Regular.ttf
12:35:16.862 [ForkJoinPool.commonPool-worker-9] DEBUG AssetLoader          - Loading from disk: /assets/ui/cursors/fxgl_default.png
12:35:16.866 [ForkJoinPool.commonPool-worker-9] DEBUG GameScene            - Game scene initialized: 600x600
12:35:16.875 [ForkJoinPool.commonPool-worker-9] DEBUG GameWorld            - Game world initialized
12:35:16.962 [ForkJoinPool.commonPool-worker-9] DEBUG PhysicsWorld         - Physics world initialized: appHeight=600, physics.ppm=50,0
12:35:16.986 [ForkJoinPool.commonPool-worker-9] DEBUG Input                - Registered new binding: Pause - Esc
12:35:17.056 [JavaFX Application Thread] DEBUG FXGL                 - Running preInit()
12:35:17.058 [JavaFX Application Thread] DEBUG Input                - Registered new binding: Screenshot - P
12:35:17.059 [JavaFX Application Thread] DEBUG Input                - Registered new binding: Dev Options - CTRL+0
12:35:17.060 [JavaFX Application Thread] DEBUG Input                - Registered new binding: System info dump - CTRL+9
12:35:17.061 [JavaFX Application Thread] DEBUG Input                - Registered new binding: Restart - CTRL+R
12:35:17.061 [JavaFX Application Thread] DEBUG Input                - Registered new binding: Move Right - D
12:35:17.061 [JavaFX Application Thread] DEBUG Input                - Registered new binding: Move Left - A
12:35:17.061 [JavaFX Application Thread] DEBUG Input                - Registered new binding: Move Up - W
12:35:17.062 [JavaFX Application Thread] DEBUG Input                - Registered new binding: Move Down - S
12:35:17.063 [JavaFX Application Thread] INFO  FXGL                 - FXGL initialization took: 1,025 sec
12:35:17.063 [JavaFX Application Thread] DEBUG LoopRunner           - Starting loop
12:35:17.065 [JavaFX Application Thread] DEBUG StartupState         - STARTUP
12:35:17.065 [JavaFX Application Thread] DEBUG GameApplication      - Starting new game
12:35:17.065 [JavaFX Application Thread] DEBUG Input                - Clearing active input actions
12:35:17.067 [JavaFX Application Thread] DEBUG AssetLoader          - Loading from disk: /assets/ui/css/fxgl_dark.css
12:35:17.076 [JavaFX Application Thread] DEBUG AppStateMachine      - StartupState -> LoadingState
12:35:17.085 [FXGL Background Thread 1 ] DEBUG InitAppTask          - Clearing previous game
12:35:17.085 [FXGL Background Thread 1 ] DEBUG GameWorld            - Clearing game world
12:35:17.085 [FXGL Background Thread 1 ] DEBUG PhysicsWorld         - Clearing physics world
12:35:17.085 [FXGL Background Thread 1 ] DEBUG GameScene            - Clearing game scene
12:35:17.087 [FXGL Background Thread 1 ] DEBUG InitAppTask          - Initializing Game
12:35:17.129 [FXGL Background Thread 1 ] DEBUG GameScene            - Creating render group for layer: DEFAULT(100000)
12:35:17.131 [FXGL Background Thread 1 ] DEBUG InitAppTask          - Initializing Physics
12:35:17.131 [FXGL Background Thread 1 ] DEBUG InitAppTask          - Initializing UI
12:35:17.132 [FXGL Background Thread 1 ] DEBUG InitAppTask          - Initialization Complete
12:35:17.132 [FXGL Background Thread 1 ] INFO  InitAppTask          - Game initialization took: 0,048 sec
12:35:17.167 [JavaFX Application Thread] DEBUG Input                - Clearing active input actions
12:35:17.167 [JavaFX Application Thread] DEBUG AssetLoader          - Loading from disk: /assets/ui/css/fxgl_dark.css
12:35:17.176 [JavaFX Application Thread] DEBUG AppStateMachine      - LoadingState -> PlayState
12:35:20.853 [JavaFX Application Thread] DEBUG FXGL                 - Exiting FXGL
12:35:20.853 [JavaFX Application Thread] DEBUG FXGL                 - Shutting down background threads
12:35:20.853 [JavaFX Application Thread] DEBUG FXGL                 - Saving FXGL system data
12:35:20.856 [JavaFX Application Thread] DEBUG DesktopFSService     - Writing to: system\fxgl.bundle
12:35:20.860 [JavaFX Application Thread] DEBUG FXGL                 - Closing logger and exiting JavaFX
