12:57:06.503 [JavaFX Application Thread] DEBUG GameApplication      - Logger initialized
12:57:06.549 [JavaFX Application Thread] DEBUG GameApplication      - Logging settings
Title: SlimeSoccer2000
Version: 0.1
Width: 1200
Height: 600
Fullscreen: false
Intro: false
Menus: true
Profiling: false
Single step:false
App Mode: DEVELOPER
Menu Key: M
Stage Style: DECORATED
Scene Factory: class com.almasb.fxgl.scene.SceneFactory
Dialog Factory: class com.almasb.fxgl.ui.FXGLDialogFactory
UI Factory: class com.almasb.fxgl.ui.FXGLUIFactory
Notification Service: class com.almasb.fxgl.gameplay.notification.XboxNotificationView
Exception Handler: class com.almasb.fxgl.app.FXGLExceptionHandler
12:57:06.550 [JavaFX Application Thread] DEBUG GameApplication      - Starting FXGL
12:57:06.579 [JavaFX Application Thread] INFO  FXGL                 - FXGL-0.5.4 on DESKTOP
12:57:06.580 [JavaFX Application Thread] INFO  FXGL                 - Source code and latest versions at: https://github.com/AlmasB/FXGL
12:57:06.581 [JavaFX Application Thread] INFO  FXGL                 -              Join the FXGL chat at: https://gitter.im/AlmasB/FXGL
12:57:06.581 [JavaFX Application Thread] DEBUG FXGL                 - FXGL started
12:57:06.582 [JavaFX Application Thread] DEBUG FXGL                 - Initializing FXGL
12:57:06.684 [JavaFX Application Thread] DEBUG AssetLoader          - Loading from disk: /assets/ui/cursors/fxgl_default.png
12:57:06.908 [JavaFX Application Thread] DEBUG AssetLoader          - Loading from disk: /assets/ui/fonts/VarelaRound-Regular.ttf
12:57:07.663 [JavaFX Application Thread] DEBUG MainWindow           - Creating a JavaFX scene
12:57:07.757 [JavaFX Application Thread] DEBUG MainWindow           - Target settings size: 1200.0 x 600.0
12:57:07.758 [JavaFX Application Thread] DEBUG MainWindow           - Scaled scene size:    1200.0 x 600.0
12:57:07.758 [JavaFX Application Thread] DEBUG MainWindow           - Scaled ratio: (1.0, 1.0)
12:57:07.763 [JavaFX Application Thread] DEBUG AssetLoader          - Loading from disk: /assets/ui/css/fxgl_dark.css
12:57:07.771 [JavaFX Application Thread] DEBUG AssetLoader          - Loading from disk: /assets/textures/fxgl_icon.png
12:57:07.833 [JavaFX Application Thread] DEBUG MainWindow           - Opening main window
12:57:08.149 [JavaFX Application Thread] DEBUG MainWindow           - Window border size: (14.4000244140625, 37.5999755859375)
12:57:08.150 [JavaFX Application Thread] DEBUG MainWindow           - Scaled size: 1200.0 x 600.0
12:57:08.151 [JavaFX Application Thread] DEBUG MainWindow           - Scaled ratio: (1.0, 1.0)
12:57:08.151 [JavaFX Application Thread] DEBUG MainWindow           - Scene size: 1200.0 x 600.0
12:57:08.152 [JavaFX Application Thread] DEBUG MainWindow           - Stage size: 1214.4000244140625 x 637.5999755859375
12:57:08.287 [ForkJoinPool.commonPool-worker-9] DEBUG FS                   - Loaded DesktopFSService
12:57:08.289 [ForkJoinPool.commonPool-worker-9] DEBUG FXGL                 - Loading FXGL system data
12:57:08.303 [ForkJoinPool.commonPool-worker-9] DEBUG DesktopFSService     - Reading from: system\fxgl.bundle
12:57:08.328 [ForkJoinPool.commonPool-worker-9] DEBUG Bundle               - Logging bundle: FXGL
12:57:08.330 [ForkJoinPool.commonPool-worker-9] DEBUG Bundle               - FXGL.offline.timer.version.check=2019-01-07T14:44:13.971316
12:57:08.333 [ForkJoinPool.commonPool-worker-9] DEBUG FXGL                 - Initializing state machine and application states
12:57:08.337 [ForkJoinPool.commonPool-worker-9] DEBUG AssetLoader          - Loading from disk: /assets/ui/cursors/fxgl_default.png
12:57:08.357 [ForkJoinPool.commonPool-worker-9] DEBUG AssetLoader          - Loading from disk: /assets/ui/cursors/fxgl_default.png
12:57:08.381 [ForkJoinPool.commonPool-worker-9] DEBUG AssetLoader          - Loading from cache: /assets/ui/fonts/VarelaRound-Regular.ttf
12:57:08.389 [ForkJoinPool.commonPool-worker-9] DEBUG AssetLoader          - Loading from disk: /assets/ui/cursors/fxgl_default.png
12:57:08.397 [ForkJoinPool.commonPool-worker-9] DEBUG GameScene            - Game scene initialized: 1200x600
12:57:08.411 [ForkJoinPool.commonPool-worker-9] DEBUG GameWorld            - Game world initialized
12:57:08.571 [ForkJoinPool.commonPool-worker-9] DEBUG PhysicsWorld         - Physics world initialized: appHeight=600, physics.ppm=50,0
12:57:08.659 [ForkJoinPool.commonPool-worker-9] DEBUG AssetLoader          - Loading from disk: /assets/ui/cursors/fxgl_default.png
12:57:08.669 [ForkJoinPool.commonPool-worker-9] DEBUG AssetLoader          - Loading from disk: /assets/properties/languages/english.properties
12:57:08.673 [ForkJoinPool.commonPool-worker-9] DEBUG AssetLoader          - Loading from cache: /assets/ui/fonts/VarelaRound-Regular.ttf
12:57:08.674 [ForkJoinPool.commonPool-worker-9] DEBUG AssetLoader          - Loading from cache: /assets/ui/fonts/VarelaRound-Regular.ttf
12:57:08.675 [ForkJoinPool.commonPool-worker-9] DEBUG AssetLoader          - Loading from cache: /assets/ui/fonts/VarelaRound-Regular.ttf
12:57:08.705 [ForkJoinPool.commonPool-worker-9] DEBUG AssetLoader          - Loading from disk: /assets/textures/particles/trace_horizontal.png
12:57:08.789 [ForkJoinPool.commonPool-worker-9] DEBUG AssetLoader          - Loading from cache: /assets/ui/fonts/VarelaRound-Regular.ttf
12:57:08.791 [ForkJoinPool.commonPool-worker-9] DEBUG FXGL.Menu            - createMenuBodyMainMenu()
12:57:08.811 [ForkJoinPool.commonPool-worker-9] DEBUG AssetLoader          - Loading from cache: /assets/ui/fonts/VarelaRound-Regular.ttf
12:57:08.817 [ForkJoinPool.commonPool-worker-9] DEBUG AssetLoader          - Loading from cache: /assets/properties/languages/english.properties
12:57:08.822 [ForkJoinPool.commonPool-worker-9] DEBUG AssetLoader          - Loading from cache: /assets/ui/fonts/VarelaRound-Regular.ttf
12:57:08.823 [ForkJoinPool.commonPool-worker-9] DEBUG AssetLoader          - Loading from cache: /assets/properties/languages/english.properties
12:57:08.824 [ForkJoinPool.commonPool-worker-9] DEBUG FXGL.Menu            - createOptionsMenu()
12:57:08.824 [ForkJoinPool.commonPool-worker-9] DEBUG AssetLoader          - Loading from cache: /assets/ui/fonts/VarelaRound-Regular.ttf
12:57:08.825 [ForkJoinPool.commonPool-worker-9] DEBUG AssetLoader          - Loading from cache: /assets/properties/languages/english.properties
12:57:08.829 [ForkJoinPool.commonPool-worker-9] DEBUG AssetLoader          - Loading from cache: /assets/ui/fonts/VarelaRound-Regular.ttf
12:57:08.830 [ForkJoinPool.commonPool-worker-9] DEBUG AssetLoader          - Loading from cache: /assets/properties/languages/english.properties
12:57:08.832 [ForkJoinPool.commonPool-worker-9] DEBUG AssetLoader          - Loading from cache: /assets/ui/fonts/VarelaRound-Regular.ttf
12:57:08.833 [ForkJoinPool.commonPool-worker-9] DEBUG AssetLoader          - Loading from cache: /assets/properties/languages/english.properties
12:57:08.834 [ForkJoinPool.commonPool-worker-9] DEBUG AssetLoader          - Loading from cache: /assets/ui/fonts/VarelaRound-Regular.ttf
12:57:08.835 [ForkJoinPool.commonPool-worker-9] DEBUG AssetLoader          - Loading from cache: /assets/properties/languages/english.properties
12:57:08.837 [ForkJoinPool.commonPool-worker-9] DEBUG AssetLoader          - Loading from cache: /assets/ui/fonts/VarelaRound-Regular.ttf
12:57:08.837 [ForkJoinPool.commonPool-worker-9] DEBUG AssetLoader          - Loading from cache: /assets/properties/languages/english.properties
12:57:08.840 [ForkJoinPool.commonPool-worker-9] DEBUG AssetLoader          - Loading from cache: /assets/ui/fonts/VarelaRound-Regular.ttf
12:57:08.840 [ForkJoinPool.commonPool-worker-9] DEBUG AssetLoader          - Loading from cache: /assets/properties/languages/english.properties
12:57:08.843 [ForkJoinPool.commonPool-worker-9] DEBUG AssetLoader          - Loading from cache: /assets/ui/fonts/VarelaRound-Regular.ttf
12:57:08.844 [ForkJoinPool.commonPool-worker-9] DEBUG AssetLoader          - Loading from cache: /assets/properties/languages/english.properties
12:57:08.848 [ForkJoinPool.commonPool-worker-9] DEBUG AssetLoader          - Loading from cache: /assets/ui/fonts/VarelaRound-Regular.ttf
12:57:08.849 [ForkJoinPool.commonPool-worker-9] DEBUG AssetLoader          - Loading from cache: /assets/properties/languages/english.properties
12:57:08.851 [ForkJoinPool.commonPool-worker-9] DEBUG AssetLoader          - Loading from disk: /assets/textures/particles/smoke.png
12:57:08.992 [ForkJoinPool.commonPool-worker-9] DEBUG AssetLoader          - Loading from disk: /assets/ui/cursors/fxgl_default.png
12:57:08.995 [ForkJoinPool.commonPool-worker-9] DEBUG AssetLoader          - Loading from cache: /assets/properties/languages/english.properties
12:57:08.996 [ForkJoinPool.commonPool-worker-9] DEBUG AssetLoader          - Loading from cache: /assets/ui/fonts/VarelaRound-Regular.ttf
12:57:08.999 [ForkJoinPool.commonPool-worker-9] DEBUG AssetLoader          - Loading from cache: /assets/ui/fonts/VarelaRound-Regular.ttf
12:57:09.000 [ForkJoinPool.commonPool-worker-9] DEBUG AssetLoader          - Loading from cache: /assets/ui/fonts/VarelaRound-Regular.ttf
12:57:09.001 [ForkJoinPool.commonPool-worker-9] DEBUG AssetLoader          - Loading from cache: /assets/textures/particles/trace_horizontal.png@64.0x64.0
12:57:09.003 [ForkJoinPool.commonPool-worker-9] DEBUG AssetLoader          - Loading from cache: /assets/ui/fonts/VarelaRound-Regular.ttf
12:57:09.003 [ForkJoinPool.commonPool-worker-9] DEBUG FXGL.Menu            - createMenuBodyGameMenu()
12:57:09.004 [ForkJoinPool.commonPool-worker-9] DEBUG AssetLoader          - Loading from cache: /assets/ui/fonts/VarelaRound-Regular.ttf
12:57:09.004 [ForkJoinPool.commonPool-worker-9] DEBUG AssetLoader          - Loading from cache: /assets/properties/languages/english.properties
12:57:09.006 [ForkJoinPool.commonPool-worker-9] DEBUG AssetLoader          - Loading from cache: /assets/ui/fonts/VarelaRound-Regular.ttf
12:57:09.006 [ForkJoinPool.commonPool-worker-9] DEBUG AssetLoader          - Loading from cache: /assets/properties/languages/english.properties
12:57:09.007 [ForkJoinPool.commonPool-worker-9] DEBUG FXGL.Menu            - createOptionsMenu()
12:57:09.007 [ForkJoinPool.commonPool-worker-9] DEBUG AssetLoader          - Loading from cache: /assets/ui/fonts/VarelaRound-Regular.ttf
12:57:09.008 [ForkJoinPool.commonPool-worker-9] DEBUG AssetLoader          - Loading from cache: /assets/properties/languages/english.properties
12:57:09.009 [ForkJoinPool.commonPool-worker-9] DEBUG AssetLoader          - Loading from cache: /assets/ui/fonts/VarelaRound-Regular.ttf
12:57:09.009 [ForkJoinPool.commonPool-worker-9] DEBUG AssetLoader          - Loading from cache: /assets/properties/languages/english.properties
12:57:09.011 [ForkJoinPool.commonPool-worker-9] DEBUG AssetLoader          - Loading from cache: /assets/ui/fonts/VarelaRound-Regular.ttf
12:57:09.011 [ForkJoinPool.commonPool-worker-9] DEBUG AssetLoader          - Loading from cache: /assets/properties/languages/english.properties
12:57:09.012 [ForkJoinPool.commonPool-worker-9] DEBUG AssetLoader          - Loading from cache: /assets/ui/fonts/VarelaRound-Regular.ttf
12:57:09.015 [ForkJoinPool.commonPool-worker-9] DEBUG AssetLoader          - Loading from cache: /assets/properties/languages/english.properties
12:57:09.016 [ForkJoinPool.commonPool-worker-9] DEBUG AssetLoader          - Loading from cache: /assets/ui/fonts/VarelaRound-Regular.ttf
12:57:09.016 [ForkJoinPool.commonPool-worker-9] DEBUG AssetLoader          - Loading from cache: /assets/properties/languages/english.properties
12:57:09.020 [ForkJoinPool.commonPool-worker-9] DEBUG AssetLoader          - Loading from cache: /assets/ui/fonts/VarelaRound-Regular.ttf
12:57:09.022 [ForkJoinPool.commonPool-worker-9] DEBUG AssetLoader          - Loading from cache: /assets/properties/languages/english.properties
12:57:09.023 [ForkJoinPool.commonPool-worker-9] DEBUG AssetLoader          - Loading from cache: /assets/ui/fonts/VarelaRound-Regular.ttf
12:57:09.023 [ForkJoinPool.commonPool-worker-9] DEBUG AssetLoader          - Loading from cache: /assets/properties/languages/english.properties
12:57:09.025 [ForkJoinPool.commonPool-worker-9] DEBUG AssetLoader          - Loading from cache: /assets/textures/particles/smoke.png@128.0x128.0
12:57:09.319 [JavaFX Application Thread] DEBUG FXGL                 - Running preInit()
12:57:09.360 [JavaFX Application Thread] DEBUG Input                - Registered new binding: Screenshot - P
12:57:09.361 [JavaFX Application Thread] DEBUG Input                - Registered new binding: Dev Options - CTRL+0
12:57:09.363 [JavaFX Application Thread] DEBUG Input                - Registered new binding: System info dump - CTRL+9
12:57:09.364 [JavaFX Application Thread] DEBUG Input                - Registered new binding: Restart - CTRL+R
12:57:09.364 [JavaFX Application Thread] DEBUG Input                - Registered new binding: Move Right - D
12:57:09.365 [JavaFX Application Thread] DEBUG Input                - Registered new binding: Move Left - A
12:57:09.365 [JavaFX Application Thread] DEBUG Input                - Registered new binding: Move Up - W
12:57:09.365 [JavaFX Application Thread] DEBUG Input                - Registered new binding: Move Down - S
12:57:09.366 [JavaFX Application Thread] DEBUG Input                - Registered new binding: Play Sound - F
12:57:09.367 [JavaFX Application Thread] DEBUG MenuEventHandler     - generateDefaultProfile()
12:57:09.368 [JavaFX Application Thread] DEBUG MenuEventHandler     - Creating default profile
12:57:09.369 [JavaFX Application Thread] DEBUG EventBus             - Firing event: SaveEvent
12:57:09.373 [JavaFX Application Thread] DEBUG AudioPlayer          - Saving data to profile
12:57:09.374 [JavaFX Application Thread] DEBUG Bundle               - Logging bundle: audio
12:57:09.374 [JavaFX Application Thread] DEBUG Bundle               - audio.musicVolume=0.5
12:57:09.374 [JavaFX Application Thread] DEBUG Bundle               - audio.soundVolume=0.5
12:57:09.374 [JavaFX Application Thread] DEBUG Input                - Saving data to profile
12:57:09.375 [JavaFX Application Thread] DEBUG Bundle               - Logging bundle: input
12:57:09.375 [JavaFX Application Thread] DEBUG Bundle               - input.Move Right=D
12:57:09.375 [JavaFX Application Thread] DEBUG Bundle               - input.Play Sound=F
12:57:09.375 [JavaFX Application Thread] DEBUG Bundle               - input.Screenshot=P
12:57:09.375 [JavaFX Application Thread] DEBUG Bundle               - input.System info dump=CTRL+9
12:57:09.375 [JavaFX Application Thread] DEBUG Bundle               - input.Restart=CTRL+R
12:57:09.376 [JavaFX Application Thread] DEBUG Bundle               - input.Move Up=W
12:57:09.376 [JavaFX Application Thread] DEBUG Bundle               - input.Dev Options=CTRL+0
12:57:09.376 [JavaFX Application Thread] DEBUG Bundle               - input.Move Left=A
12:57:09.376 [JavaFX Application Thread] DEBUG Bundle               - input.Move Down=S
12:57:09.387 [JavaFX Application Thread] DEBUG Bundle               - Logging bundle: gameplayStats
12:57:09.387 [JavaFX Application Thread] DEBUG Bundle               - gameplayStats.playtime=0
12:57:09.390 [JavaFX Application Thread] DEBUG AchievementManager   - Saving data to profile
12:57:09.390 [JavaFX Application Thread] DEBUG Bundle               - Logging bundle: achievement
12:57:09.393 [JavaFX Application Thread] INFO  FXGL                 - FXGL initialization took: 2,811 sec
12:57:09.394 [JavaFX Application Thread] DEBUG LoopRunner           - Starting loop
12:57:09.397 [JavaFX Application Thread] DEBUG StartupState         - STARTUP
12:57:09.398 [JavaFX Application Thread] DEBUG Input                - Clearing active input actions
12:57:09.400 [JavaFX Application Thread] DEBUG AssetLoader          - Loading from disk: /assets/ui/css/fxgl_dark.css
12:57:09.438 [JavaFX Application Thread] DEBUG AppStateMachine      - StartupState -> MainMenuState
12:57:09.451 [JavaFX Application Thread] DEBUG AssetLoader          - Loading from cache: /assets/properties/languages/english.properties
12:57:09.451 [JavaFX Application Thread] DEBUG AssetLoader          - Loading from cache: /assets/ui/fonts/VarelaRound-Regular.ttf
12:57:09.451 [JavaFX Application Thread] DEBUG AssetLoader          - Loading from cache: /assets/properties/languages/english.properties
12:57:09.452 [JavaFX Application Thread] DEBUG AssetLoader          - Loading from cache: /assets/ui/fonts/VarelaRound-Regular.ttf
12:57:09.453 [JavaFX Application Thread] DEBUG AssetLoader          - Loading from cache: /assets/properties/languages/english.properties
12:57:09.453 [JavaFX Application Thread] DEBUG AssetLoader          - Loading from cache: /assets/ui/fonts/VarelaRound-Regular.ttf
12:57:09.459 [JavaFX Application Thread] DEBUG SaveLoadManager      - Checking profiles dir: profiles/
12:57:09.460 [JavaFX Application Thread] DEBUG SaveLoadManager      - Loading profile names
12:57:09.463 [JavaFX Application Thread] DEBUG AssetLoader          - Loading from cache: /assets/properties/languages/english.properties
12:57:09.466 [JavaFX Application Thread] DEBUG AssetLoader          - Loading from cache: /assets/ui/fonts/VarelaRound-Regular.ttf
12:57:09.468 [JavaFX Application Thread] DEBUG AssetLoader          - Loading from cache: /assets/ui/fonts/VarelaRound-Regular.ttf
12:57:09.469 [JavaFX Application Thread] DEBUG AppStateMachine      - Push state: DialogSubState
12:57:09.469 [JavaFX Application Thread] DEBUG Input                - Clearing active input actions
12:57:09.469 [JavaFX Application Thread] DEBUG AppStateMachine      - MainMenuState -> DialogSubState
12:57:09.688 [JavaFX Application Thread] DEBUG AppStateMachine      - Pop state: DialogSubState
12:57:09.688 [JavaFX Application Thread] DEBUG Input                - Clearing active input actions
12:57:09.691 [JavaFX Application Thread] DEBUG AppStateMachine      - MainMenuState <- DialogSubState
12:57:09.693 [JavaFX Application Thread] DEBUG AssetLoader          - Loading from cache: /assets/properties/languages/english.properties
12:57:09.694 [JavaFX Application Thread] DEBUG AssetLoader          - Loading from cache: /assets/ui/fonts/VarelaRound-Regular.ttf
12:57:09.695 [JavaFX Application Thread] DEBUG AssetLoader          - Loading from cache: /assets/ui/fonts/VarelaRound-Regular.ttf
12:57:09.695 [JavaFX Application Thread] DEBUG AppStateMachine      - Push state: DialogSubState
12:57:09.696 [JavaFX Application Thread] DEBUG Input                - Clearing active input actions
12:57:09.696 [JavaFX Application Thread] DEBUG AppStateMachine      - MainMenuState -> DialogSubState
12:57:10.562 [JavaFX Application Thread] DEBUG AssetLoader          - Loading from cache: /assets/sounds/menu/select.wav
12:57:10.879 [JavaFX Application Thread] DEBUG AppStateMachine      - Pop state: DialogSubState
12:57:10.879 [JavaFX Application Thread] DEBUG Input                - Clearing active input actions
12:57:10.881 [JavaFX Application Thread] DEBUG AppStateMachine      - MainMenuState <- DialogSubState
12:57:10.881 [JavaFX Application Thread] DEBUG SaveLoadManager      - Loading profile: Mads
12:57:10.883 [JavaFX Application Thread] DEBUG AssetLoader          - Loading from cache: /assets/properties/languages/english.properties
12:57:10.884 [JavaFX Application Thread] DEBUG AssetLoader          - Loading from cache: /assets/ui/fonts/VarelaRound-Regular.ttf
12:57:10.885 [JavaFX Application Thread] DEBUG AssetLoader          - Loading from cache: /assets/ui/fonts/VarelaRound-Regular.ttf
12:57:10.886 [JavaFX Application Thread] DEBUG AppStateMachine      - Push state: DialogSubState
12:57:10.886 [JavaFX Application Thread] DEBUG Input                - Clearing active input actions
12:57:10.886 [JavaFX Application Thread] DEBUG AppStateMachine      - MainMenuState -> DialogSubState
12:57:10.891 [FXGL Background Thread 1 ] DEBUG DesktopFSService     - Reading from: .\profiles\Mads\user.profile
12:57:10.917 [JavaFX Application Thread] DEBUG AppStateMachine      - Pop state: DialogSubState
12:57:10.917 [JavaFX Application Thread] DEBUG Input                - Clearing active input actions
12:57:10.919 [JavaFX Application Thread] DEBUG AppStateMachine      - MainMenuState <- DialogSubState
12:57:10.919 [JavaFX Application Thread] DEBUG EventBus             - Firing event: LoadEvent[type=LOAD_PROFILE]
12:57:10.919 [JavaFX Application Thread] DEBUG AudioPlayer          - Loading data from profile
12:57:10.919 [JavaFX Application Thread] DEBUG Bundle               - Logging bundle: audio
12:57:10.920 [JavaFX Application Thread] DEBUG Bundle               - audio.musicVolume=0.5
12:57:10.920 [JavaFX Application Thread] DEBUG Bundle               - audio.soundVolume=0.5
12:57:10.920 [JavaFX Application Thread] DEBUG Input                - Loading data from profile
12:57:10.920 [JavaFX Application Thread] DEBUG Bundle               - Logging bundle: input
12:57:10.920 [JavaFX Application Thread] DEBUG Bundle               - input.Move Right=D
12:57:10.920 [JavaFX Application Thread] DEBUG Bundle               - input.Play Sound=F
12:57:10.920 [JavaFX Application Thread] DEBUG Bundle               - input.Screenshot=P
12:57:10.921 [JavaFX Application Thread] DEBUG Bundle               - input.System info dump=CTRL+9
12:57:10.921 [JavaFX Application Thread] DEBUG Bundle               - input.Restart=CTRL+R
12:57:10.921 [JavaFX Application Thread] DEBUG Bundle               - input.Move Up=W
12:57:10.921 [JavaFX Application Thread] DEBUG Bundle               - input.Dev Options=CTRL+0
12:57:10.921 [JavaFX Application Thread] DEBUG Bundle               - input.Move Left=A
12:57:10.921 [JavaFX Application Thread] DEBUG Bundle               - input.Move Down=S
12:57:10.922 [JavaFX Application Thread] DEBUG Bundle               - Logging bundle: gameplayStats
12:57:10.922 [JavaFX Application Thread] DEBUG Bundle               - gameplayStats.playtime=907806349242
12:57:10.922 [JavaFX Application Thread] DEBUG AchievementManager   - Loading data from profile
12:57:10.922 [JavaFX Application Thread] DEBUG Bundle               - Logging bundle: achievement
12:57:10.923 [JavaFX Application Thread] DEBUG AssetLoader          - Loading from cache: /assets/properties/languages/english.properties
12:57:10.923 [JavaFX Application Thread] DEBUG AssetLoader          - Loading from cache: /assets/ui/fonts/VarelaRound-Regular.ttf
12:57:10.924 [JavaFX Application Thread] DEBUG AssetLoader          - Loading from cache: /assets/properties/languages/english.properties
12:57:10.924 [JavaFX Application Thread] DEBUG AssetLoader          - Loading from cache: /assets/ui/fonts/VarelaRound-Regular.ttf
12:57:10.925 [JavaFX Application Thread] DEBUG SaveLoadManager      - Loading last modified save file
12:57:10.925 [JavaFX Application Thread] DEBUG SaveLoadManager      - Loading save files
12:57:10.930 [JavaFX Application Thread] DEBUG AssetLoader          - Loading from cache: /assets/properties/languages/english.properties
12:57:10.930 [JavaFX Application Thread] DEBUG AssetLoader          - Loading from cache: /assets/ui/fonts/VarelaRound-Regular.ttf
12:57:10.931 [JavaFX Application Thread] DEBUG AssetLoader          - Loading from cache: /assets/ui/fonts/VarelaRound-Regular.ttf
12:57:10.932 [JavaFX Application Thread] DEBUG AppStateMachine      - Push state: DialogSubState
12:57:10.932 [JavaFX Application Thread] DEBUG Input                - Clearing active input actions
12:57:10.932 [JavaFX Application Thread] DEBUG AppStateMachine      - MainMenuState -> DialogSubState
12:57:10.960 [JavaFX Application Thread] DEBUG AppStateMachine      - Pop state: DialogSubState
12:57:10.960 [JavaFX Application Thread] DEBUG Input                - Clearing active input actions
12:57:10.962 [JavaFX Application Thread] DEBUG AppStateMachine      - MainMenuState <- DialogSubState
12:57:11.023 [JavaFX Application Thread] DEBUG AssetLoader          - Loading from cache: /assets/sounds/menu/select.wav
12:57:11.269 [JavaFX Application Thread] DEBUG AssetLoader          - Loading from cache: /assets/sounds/menu/select.wav
12:57:11.425 [JavaFX Application Thread] DEBUG FXGL.Menu            - fireNewGame()
12:57:11.425 [JavaFX Application Thread] DEBUG GameApplication      - Starting new game
12:57:11.426 [JavaFX Application Thread] DEBUG Input                - Clearing active input actions
12:57:11.426 [JavaFX Application Thread] DEBUG AssetLoader          - Loading from disk: /assets/ui/css/fxgl_dark.css
12:57:11.454 [JavaFX Application Thread] DEBUG AppStateMachine      - MainMenuState -> LoadingState
12:57:11.458 [FXGL Background Thread 1 ] DEBUG InitAppTask          - Clearing previous game
12:57:11.458 [FXGL Background Thread 1 ] DEBUG GameWorld            - Clearing game world
12:57:11.458 [FXGL Background Thread 1 ] DEBUG PhysicsWorld         - Clearing physics world
12:57:11.459 [FXGL Background Thread 1 ] DEBUG GameScene            - Clearing game scene
12:57:11.461 [FXGL Background Thread 1 ] DEBUG InitAppTask          - Initializing Game
12:57:11.514 [FXGL Background Thread 1 ] DEBUG AssetLoader          - Loading from disk: /assets/textures/background1.png
12:57:11.586 [FXGL Background Thread 1 ] DEBUG GameScene            - Creating render group for layer: DEFAULT(100000)
12:57:11.590 [FXGL Background Thread 1 ] DEBUG AssetLoader          - Loading from disk: /assets/textures/slime1.png
12:57:11.602 [FXGL Background Thread 1 ] DEBUG AssetLoader          - Loading from disk: /assets/textures/slime2.png
12:57:11.610 [FXGL Background Thread 1 ] DEBUG InitAppTask          - Initializing Physics
12:57:11.611 [FXGL Background Thread 1 ] DEBUG InitAppTask          - Initializing UI
12:57:11.614 [FXGL Background Thread 1 ] DEBUG InitAppTask          - Initialization Complete
12:57:11.614 [FXGL Background Thread 1 ] INFO  InitAppTask          - Game initialization took: 0,156 sec
12:57:11.622 [JavaFX Application Thread] DEBUG Input                - Clearing active input actions
12:57:11.622 [JavaFX Application Thread] DEBUG AssetLoader          - Loading from disk: /assets/ui/css/fxgl_dark.css
12:57:11.645 [JavaFX Application Thread] DEBUG AppStateMachine      - LoadingState -> PlayState
12:57:16.215 [JavaFX Application Thread] DEBUG FXGL                 - Exiting FXGL
12:57:16.215 [JavaFX Application Thread] DEBUG MenuEventHandler     - Creating default profile
12:57:16.215 [JavaFX Application Thread] DEBUG EventBus             - Firing event: SaveEvent
12:57:16.215 [JavaFX Application Thread] DEBUG AudioPlayer          - Saving data to profile
12:57:16.216 [JavaFX Application Thread] DEBUG Bundle               - Logging bundle: audio
12:57:16.216 [JavaFX Application Thread] DEBUG Bundle               - audio.musicVolume=0.5
12:57:16.216 [JavaFX Application Thread] DEBUG Bundle               - audio.soundVolume=0.5
12:57:16.216 [JavaFX Application Thread] DEBUG Input                - Saving data to profile
12:57:16.216 [JavaFX Application Thread] DEBUG Bundle               - Logging bundle: input
12:57:16.216 [JavaFX Application Thread] DEBUG Bundle               - input.Move Right=D
12:57:16.216 [JavaFX Application Thread] DEBUG Bundle               - input.Play Sound=F
12:57:16.216 [JavaFX Application Thread] DEBUG Bundle               - input.Screenshot=P
12:57:16.217 [JavaFX Application Thread] DEBUG Bundle               - input.System info dump=CTRL+9
12:57:16.217 [JavaFX Application Thread] DEBUG Bundle               - input.Restart=CTRL+R
12:57:16.217 [JavaFX Application Thread] DEBUG Bundle               - input.Move Up=W
12:57:16.217 [JavaFX Application Thread] DEBUG Bundle               - input.Dev Options=CTRL+0
12:57:16.217 [JavaFX Application Thread] DEBUG Bundle               - input.Move Left=A
12:57:16.217 [JavaFX Application Thread] DEBUG Bundle               - input.Move Down=S
12:57:16.217 [JavaFX Application Thread] DEBUG Bundle               - Logging bundle: gameplayStats
12:57:16.218 [JavaFX Application Thread] DEBUG Bundle               - gameplayStats.playtime=912727884814
12:57:16.218 [JavaFX Application Thread] DEBUG AchievementManager   - Saving data to profile
12:57:16.218 [JavaFX Application Thread] DEBUG Bundle               - Logging bundle: achievement
12:57:16.218 [JavaFX Application Thread] DEBUG SaveLoadManager      - Saving profile: Mads
12:57:16.224 [JavaFX Application Thread] DEBUG DesktopFSService     - Writing to: .\profiles\Mads\user.profile
12:57:16.231 [JavaFX Application Thread] DEBUG FXGL                 - Shutting down background threads
12:57:16.232 [JavaFX Application Thread] DEBUG FXGL                 - Saving FXGL system data
12:57:16.235 [JavaFX Application Thread] DEBUG DesktopFSService     - Writing to: system\fxgl.bundle
12:57:16.241 [JavaFX Application Thread] DEBUG FXGL                 - Closing logger and exiting JavaFX
