13:00:11.521 [JavaFX Application Thread] DEBUG GameApplication      - Logger initialized
13:00:11.546 [JavaFX Application Thread] DEBUG GameApplication      - Logging settings
Title: SlimeSoccer2000
Version: 0.1
Width: 1200
Height: 600
Fullscreen: false
Intro: false
Menus: true
Profiling: false
Single step:false
App Mode: DEVELOPER
Menu Key: M
Stage Style: DECORATED
Scene Factory: class com.almasb.fxgl.scene.SceneFactory
Dialog Factory: class com.almasb.fxgl.ui.FXGLDialogFactory
UI Factory: class com.almasb.fxgl.ui.FXGLUIFactory
Notification Service: class com.almasb.fxgl.gameplay.notification.XboxNotificationView
Exception Handler: class com.almasb.fxgl.app.FXGLExceptionHandler
13:00:11.546 [JavaFX Application Thread] DEBUG GameApplication      - Starting FXGL
13:00:11.563 [JavaFX Application Thread] INFO  FXGL                 - FXGL-0.5.4 on DESKTOP
13:00:11.564 [JavaFX Application Thread] INFO  FXGL                 - Source code and latest versions at: https://github.com/AlmasB/FXGL
13:00:11.564 [JavaFX Application Thread] INFO  FXGL                 -              Join the FXGL chat at: https://gitter.im/AlmasB/FXGL
13:00:11.565 [JavaFX Application Thread] DEBUG FXGL                 - FXGL started
13:00:11.565 [JavaFX Application Thread] DEBUG FXGL                 - Initializing FXGL
13:00:11.623 [JavaFX Application Thread] DEBUG AssetLoader          - Loading from disk: /assets/ui/cursors/fxgl_default.png
13:00:11.748 [JavaFX Application Thread] DEBUG AssetLoader          - Loading from disk: /assets/ui/fonts/VarelaRound-Regular.ttf
13:00:12.390 [JavaFX Application Thread] DEBUG MainWindow           - Creating a JavaFX scene
13:00:12.471 [JavaFX Application Thread] DEBUG MainWindow           - Target settings size: 1200.0 x 600.0
13:00:12.472 [JavaFX Application Thread] DEBUG MainWindow           - Scaled scene size:    1200.0 x 600.0
13:00:12.472 [JavaFX Application Thread] DEBUG MainWindow           - Scaled ratio: (1.0, 1.0)
13:00:12.478 [JavaFX Application Thread] DEBUG AssetLoader          - Loading from disk: /assets/ui/css/fxgl_dark.css
13:00:12.486 [JavaFX Application Thread] DEBUG AssetLoader          - Loading from disk: /assets/textures/fxgl_icon.png
13:00:12.563 [JavaFX Application Thread] DEBUG MainWindow           - Opening main window
13:00:12.853 [JavaFX Application Thread] DEBUG MainWindow           - Window border size: (14.4000244140625, 37.5999755859375)
13:00:12.854 [JavaFX Application Thread] DEBUG MainWindow           - Scaled size: 1200.0 x 600.0
13:00:12.854 [JavaFX Application Thread] DEBUG MainWindow           - Scaled ratio: (1.0, 1.0)
13:00:12.855 [JavaFX Application Thread] DEBUG MainWindow           - Scene size: 1200.0 x 600.0
13:00:12.855 [JavaFX Application Thread] DEBUG MainWindow           - Stage size: 1214.4000244140625 x 637.5999755859375
13:00:12.995 [ForkJoinPool.commonPool-worker-9] DEBUG FS                   - Loaded DesktopFSService
13:00:12.996 [ForkJoinPool.commonPool-worker-9] DEBUG FXGL                 - Loading FXGL system data
13:00:13.012 [ForkJoinPool.commonPool-worker-9] DEBUG DesktopFSService     - Reading from: system\fxgl.bundle
13:00:13.040 [ForkJoinPool.commonPool-worker-9] DEBUG Bundle               - Logging bundle: FXGL
13:00:13.042 [ForkJoinPool.commonPool-worker-9] DEBUG Bundle               - FXGL.offline.timer.version.check=2019-01-07T14:44:13.971316
13:00:13.044 [ForkJoinPool.commonPool-worker-9] DEBUG FXGL                 - Initializing state machine and application states
13:00:13.054 [ForkJoinPool.commonPool-worker-9] DEBUG AssetLoader          - Loading from disk: /assets/ui/cursors/fxgl_default.png
13:00:13.075 [ForkJoinPool.commonPool-worker-9] DEBUG AssetLoader          - Loading from disk: /assets/ui/cursors/fxgl_default.png
13:00:13.091 [ForkJoinPool.commonPool-worker-9] DEBUG AssetLoader          - Loading from cache: /assets/ui/fonts/VarelaRound-Regular.ttf
13:00:13.099 [ForkJoinPool.commonPool-worker-9] DEBUG AssetLoader          - Loading from disk: /assets/ui/cursors/fxgl_default.png
13:00:13.105 [ForkJoinPool.commonPool-worker-9] DEBUG GameScene            - Game scene initialized: 1200x600
13:00:13.119 [ForkJoinPool.commonPool-worker-9] DEBUG GameWorld            - Game world initialized
13:00:13.283 [ForkJoinPool.commonPool-worker-9] DEBUG PhysicsWorld         - Physics world initialized: appHeight=600, physics.ppm=50,0
13:00:13.373 [ForkJoinPool.commonPool-worker-9] DEBUG AssetLoader          - Loading from disk: /assets/ui/cursors/fxgl_default.png
13:00:13.382 [ForkJoinPool.commonPool-worker-9] DEBUG AssetLoader          - Loading from disk: /assets/properties/languages/english.properties
13:00:13.387 [ForkJoinPool.commonPool-worker-9] DEBUG AssetLoader          - Loading from cache: /assets/ui/fonts/VarelaRound-Regular.ttf
13:00:13.389 [ForkJoinPool.commonPool-worker-9] DEBUG AssetLoader          - Loading from cache: /assets/ui/fonts/VarelaRound-Regular.ttf
13:00:13.390 [ForkJoinPool.commonPool-worker-9] DEBUG AssetLoader          - Loading from cache: /assets/ui/fonts/VarelaRound-Regular.ttf
13:00:13.433 [ForkJoinPool.commonPool-worker-9] DEBUG AssetLoader          - Loading from disk: /assets/textures/particles/trace_horizontal.png
13:00:13.484 [ForkJoinPool.commonPool-worker-9] DEBUG AssetLoader          - Loading from cache: /assets/ui/fonts/VarelaRound-Regular.ttf
13:00:13.486 [ForkJoinPool.commonPool-worker-9] DEBUG FXGL.Menu            - createMenuBodyMainMenu()
13:00:13.501 [ForkJoinPool.commonPool-worker-9] DEBUG AssetLoader          - Loading from cache: /assets/ui/fonts/VarelaRound-Regular.ttf
13:00:13.505 [ForkJoinPool.commonPool-worker-9] DEBUG AssetLoader          - Loading from cache: /assets/properties/languages/english.properties
13:00:13.512 [ForkJoinPool.commonPool-worker-9] DEBUG AssetLoader          - Loading from cache: /assets/ui/fonts/VarelaRound-Regular.ttf
13:00:13.512 [ForkJoinPool.commonPool-worker-9] DEBUG AssetLoader          - Loading from cache: /assets/properties/languages/english.properties
13:00:13.513 [ForkJoinPool.commonPool-worker-9] DEBUG FXGL.Menu            - createOptionsMenu()
13:00:13.513 [ForkJoinPool.commonPool-worker-9] DEBUG AssetLoader          - Loading from cache: /assets/ui/fonts/VarelaRound-Regular.ttf
13:00:13.514 [ForkJoinPool.commonPool-worker-9] DEBUG AssetLoader          - Loading from cache: /assets/properties/languages/english.properties
13:00:13.517 [ForkJoinPool.commonPool-worker-9] DEBUG AssetLoader          - Loading from cache: /assets/ui/fonts/VarelaRound-Regular.ttf
13:00:13.518 [ForkJoinPool.commonPool-worker-9] DEBUG AssetLoader          - Loading from cache: /assets/properties/languages/english.properties
13:00:13.519 [ForkJoinPool.commonPool-worker-9] DEBUG AssetLoader          - Loading from cache: /assets/ui/fonts/VarelaRound-Regular.ttf
13:00:13.525 [ForkJoinPool.commonPool-worker-9] DEBUG AssetLoader          - Loading from cache: /assets/properties/languages/english.properties
13:00:13.533 [ForkJoinPool.commonPool-worker-9] DEBUG AssetLoader          - Loading from cache: /assets/ui/fonts/VarelaRound-Regular.ttf
13:00:13.533 [ForkJoinPool.commonPool-worker-9] DEBUG AssetLoader          - Loading from cache: /assets/properties/languages/english.properties
13:00:13.537 [ForkJoinPool.commonPool-worker-9] DEBUG AssetLoader          - Loading from cache: /assets/ui/fonts/VarelaRound-Regular.ttf
13:00:13.537 [ForkJoinPool.commonPool-worker-9] DEBUG AssetLoader          - Loading from cache: /assets/properties/languages/english.properties
13:00:13.541 [ForkJoinPool.commonPool-worker-9] DEBUG AssetLoader          - Loading from cache: /assets/ui/fonts/VarelaRound-Regular.ttf
13:00:13.542 [ForkJoinPool.commonPool-worker-9] DEBUG AssetLoader          - Loading from cache: /assets/properties/languages/english.properties
13:00:13.545 [ForkJoinPool.commonPool-worker-9] DEBUG AssetLoader          - Loading from cache: /assets/ui/fonts/VarelaRound-Regular.ttf
13:00:13.545 [ForkJoinPool.commonPool-worker-9] DEBUG AssetLoader          - Loading from cache: /assets/properties/languages/english.properties
13:00:13.547 [ForkJoinPool.commonPool-worker-9] DEBUG AssetLoader          - Loading from cache: /assets/ui/fonts/VarelaRound-Regular.ttf
13:00:13.548 [ForkJoinPool.commonPool-worker-9] DEBUG AssetLoader          - Loading from cache: /assets/properties/languages/english.properties
13:00:13.550 [ForkJoinPool.commonPool-worker-9] DEBUG AssetLoader          - Loading from disk: /assets/textures/particles/smoke.png
13:00:13.681 [ForkJoinPool.commonPool-worker-9] DEBUG AssetLoader          - Loading from disk: /assets/ui/cursors/fxgl_default.png
13:00:13.685 [ForkJoinPool.commonPool-worker-9] DEBUG AssetLoader          - Loading from cache: /assets/properties/languages/english.properties
13:00:13.685 [ForkJoinPool.commonPool-worker-9] DEBUG AssetLoader          - Loading from cache: /assets/ui/fonts/VarelaRound-Regular.ttf
13:00:13.686 [ForkJoinPool.commonPool-worker-9] DEBUG AssetLoader          - Loading from cache: /assets/ui/fonts/VarelaRound-Regular.ttf
13:00:13.689 [ForkJoinPool.commonPool-worker-9] DEBUG AssetLoader          - Loading from cache: /assets/ui/fonts/VarelaRound-Regular.ttf
13:00:13.691 [ForkJoinPool.commonPool-worker-9] DEBUG AssetLoader          - Loading from cache: /assets/textures/particles/trace_horizontal.png@64.0x64.0
13:00:13.692 [ForkJoinPool.commonPool-worker-9] DEBUG AssetLoader          - Loading from cache: /assets/ui/fonts/VarelaRound-Regular.ttf
13:00:13.692 [ForkJoinPool.commonPool-worker-9] DEBUG FXGL.Menu            - createMenuBodyGameMenu()
13:00:13.693 [ForkJoinPool.commonPool-worker-9] DEBUG AssetLoader          - Loading from cache: /assets/ui/fonts/VarelaRound-Regular.ttf
13:00:13.694 [ForkJoinPool.commonPool-worker-9] DEBUG AssetLoader          - Loading from cache: /assets/properties/languages/english.properties
13:00:13.695 [ForkJoinPool.commonPool-worker-9] DEBUG AssetLoader          - Loading from cache: /assets/ui/fonts/VarelaRound-Regular.ttf
13:00:13.697 [ForkJoinPool.commonPool-worker-9] DEBUG AssetLoader          - Loading from cache: /assets/properties/languages/english.properties
13:00:13.697 [ForkJoinPool.commonPool-worker-9] DEBUG FXGL.Menu            - createOptionsMenu()
13:00:13.698 [ForkJoinPool.commonPool-worker-9] DEBUG AssetLoader          - Loading from cache: /assets/ui/fonts/VarelaRound-Regular.ttf
13:00:13.698 [ForkJoinPool.commonPool-worker-9] DEBUG AssetLoader          - Loading from cache: /assets/properties/languages/english.properties
13:00:13.699 [ForkJoinPool.commonPool-worker-9] DEBUG AssetLoader          - Loading from cache: /assets/ui/fonts/VarelaRound-Regular.ttf
13:00:13.699 [ForkJoinPool.commonPool-worker-9] DEBUG AssetLoader          - Loading from cache: /assets/properties/languages/english.properties
13:00:13.700 [ForkJoinPool.commonPool-worker-9] DEBUG AssetLoader          - Loading from cache: /assets/ui/fonts/VarelaRound-Regular.ttf
13:00:13.701 [ForkJoinPool.commonPool-worker-9] DEBUG AssetLoader          - Loading from cache: /assets/properties/languages/english.properties
13:00:13.702 [ForkJoinPool.commonPool-worker-9] DEBUG AssetLoader          - Loading from cache: /assets/ui/fonts/VarelaRound-Regular.ttf
13:00:13.702 [ForkJoinPool.commonPool-worker-9] DEBUG AssetLoader          - Loading from cache: /assets/properties/languages/english.properties
13:00:13.703 [ForkJoinPool.commonPool-worker-9] DEBUG AssetLoader          - Loading from cache: /assets/ui/fonts/VarelaRound-Regular.ttf
13:00:13.703 [ForkJoinPool.commonPool-worker-9] DEBUG AssetLoader          - Loading from cache: /assets/properties/languages/english.properties
13:00:13.705 [ForkJoinPool.commonPool-worker-9] DEBUG AssetLoader          - Loading from cache: /assets/ui/fonts/VarelaRound-Regular.ttf
13:00:13.706 [ForkJoinPool.commonPool-worker-9] DEBUG AssetLoader          - Loading from cache: /assets/properties/languages/english.properties
13:00:13.708 [ForkJoinPool.commonPool-worker-9] DEBUG AssetLoader          - Loading from cache: /assets/ui/fonts/VarelaRound-Regular.ttf
13:00:13.708 [ForkJoinPool.commonPool-worker-9] DEBUG AssetLoader          - Loading from cache: /assets/properties/languages/english.properties
13:00:13.710 [ForkJoinPool.commonPool-worker-9] DEBUG AssetLoader          - Loading from cache: /assets/textures/particles/smoke.png@128.0x128.0
13:00:13.830 [JavaFX Application Thread] DEBUG FXGL                 - Running preInit()
13:00:13.890 [JavaFX Application Thread] DEBUG Input                - Registered new binding: Screenshot - P
13:00:13.891 [JavaFX Application Thread] DEBUG Input                - Registered new binding: Dev Options - CTRL+0
13:00:13.892 [JavaFX Application Thread] DEBUG Input                - Registered new binding: System info dump - CTRL+9
13:00:13.893 [JavaFX Application Thread] DEBUG Input                - Registered new binding: Restart - CTRL+R
13:00:13.894 [JavaFX Application Thread] DEBUG Input                - Registered new binding: Move Right - D
13:00:13.894 [JavaFX Application Thread] DEBUG Input                - Registered new binding: Move Left - A
13:00:13.894 [JavaFX Application Thread] DEBUG Input                - Registered new binding: Move Up - W
13:00:13.895 [JavaFX Application Thread] DEBUG Input                - Registered new binding: Move Down - S
13:00:13.895 [JavaFX Application Thread] DEBUG Input                - Registered new binding: Play Sound - F
13:00:13.897 [JavaFX Application Thread] DEBUG MenuEventHandler     - generateDefaultProfile()
13:00:13.897 [JavaFX Application Thread] DEBUG MenuEventHandler     - Creating default profile
13:00:13.899 [JavaFX Application Thread] DEBUG EventBus             - Firing event: SaveEvent
13:00:13.902 [JavaFX Application Thread] DEBUG AudioPlayer          - Saving data to profile
13:00:13.903 [JavaFX Application Thread] DEBUG Bundle               - Logging bundle: audio
13:00:13.903 [JavaFX Application Thread] DEBUG Bundle               - audio.musicVolume=0.5
13:00:13.903 [JavaFX Application Thread] DEBUG Bundle               - audio.soundVolume=0.5
13:00:13.903 [JavaFX Application Thread] DEBUG Input                - Saving data to profile
13:00:13.904 [JavaFX Application Thread] DEBUG Bundle               - Logging bundle: input
13:00:13.904 [JavaFX Application Thread] DEBUG Bundle               - input.Move Right=D
13:00:13.904 [JavaFX Application Thread] DEBUG Bundle               - input.Play Sound=F
13:00:13.904 [JavaFX Application Thread] DEBUG Bundle               - input.Screenshot=P
13:00:13.905 [JavaFX Application Thread] DEBUG Bundle               - input.System info dump=CTRL+9
13:00:13.905 [JavaFX Application Thread] DEBUG Bundle               - input.Restart=CTRL+R
13:00:13.905 [JavaFX Application Thread] DEBUG Bundle               - input.Move Up=W
13:00:13.905 [JavaFX Application Thread] DEBUG Bundle               - input.Dev Options=CTRL+0
13:00:13.905 [JavaFX Application Thread] DEBUG Bundle               - input.Move Left=A
13:00:13.906 [JavaFX Application Thread] DEBUG Bundle               - input.Move Down=S
13:00:13.918 [JavaFX Application Thread] DEBUG Bundle               - Logging bundle: gameplayStats
13:00:13.919 [JavaFX Application Thread] DEBUG Bundle               - gameplayStats.playtime=0
13:00:13.921 [JavaFX Application Thread] DEBUG AchievementManager   - Saving data to profile
13:00:13.922 [JavaFX Application Thread] DEBUG Bundle               - Logging bundle: achievement
13:00:13.925 [JavaFX Application Thread] INFO  FXGL                 - FXGL initialization took: 2,359 sec
13:00:13.925 [JavaFX Application Thread] DEBUG LoopRunner           - Starting loop
13:00:13.929 [JavaFX Application Thread] DEBUG StartupState         - STARTUP
13:00:13.929 [JavaFX Application Thread] DEBUG Input                - Clearing active input actions
13:00:13.932 [JavaFX Application Thread] DEBUG AssetLoader          - Loading from disk: /assets/ui/css/fxgl_dark.css
13:00:13.970 [JavaFX Application Thread] DEBUG AppStateMachine      - StartupState -> MainMenuState
13:00:13.980 [JavaFX Application Thread] DEBUG AssetLoader          - Loading from cache: /assets/properties/languages/english.properties
13:00:13.981 [JavaFX Application Thread] DEBUG AssetLoader          - Loading from cache: /assets/ui/fonts/VarelaRound-Regular.ttf
13:00:13.981 [JavaFX Application Thread] DEBUG AssetLoader          - Loading from cache: /assets/properties/languages/english.properties
13:00:13.982 [JavaFX Application Thread] DEBUG AssetLoader          - Loading from cache: /assets/ui/fonts/VarelaRound-Regular.ttf
13:00:13.982 [JavaFX Application Thread] DEBUG AssetLoader          - Loading from cache: /assets/properties/languages/english.properties
13:00:13.983 [JavaFX Application Thread] DEBUG AssetLoader          - Loading from cache: /assets/ui/fonts/VarelaRound-Regular.ttf
13:00:13.989 [JavaFX Application Thread] DEBUG SaveLoadManager      - Checking profiles dir: profiles/
13:00:13.990 [JavaFX Application Thread] DEBUG SaveLoadManager      - Loading profile names
13:00:13.993 [JavaFX Application Thread] DEBUG AssetLoader          - Loading from cache: /assets/properties/languages/english.properties
13:00:13.996 [JavaFX Application Thread] DEBUG AssetLoader          - Loading from cache: /assets/ui/fonts/VarelaRound-Regular.ttf
13:00:13.998 [JavaFX Application Thread] DEBUG AssetLoader          - Loading from cache: /assets/ui/fonts/VarelaRound-Regular.ttf
13:00:13.999 [JavaFX Application Thread] DEBUG AppStateMachine      - Push state: DialogSubState
13:00:13.999 [JavaFX Application Thread] DEBUG Input                - Clearing active input actions
13:00:14.000 [JavaFX Application Thread] DEBUG AppStateMachine      - MainMenuState -> DialogSubState
13:00:14.205 [JavaFX Application Thread] DEBUG AppStateMachine      - Pop state: DialogSubState
13:00:14.206 [JavaFX Application Thread] DEBUG Input                - Clearing active input actions
13:00:14.208 [JavaFX Application Thread] DEBUG AppStateMachine      - MainMenuState <- DialogSubState
13:00:14.209 [JavaFX Application Thread] DEBUG AssetLoader          - Loading from cache: /assets/properties/languages/english.properties
13:00:14.211 [JavaFX Application Thread] DEBUG AssetLoader          - Loading from cache: /assets/ui/fonts/VarelaRound-Regular.ttf
13:00:14.212 [JavaFX Application Thread] DEBUG AssetLoader          - Loading from cache: /assets/ui/fonts/VarelaRound-Regular.ttf
13:00:14.212 [JavaFX Application Thread] DEBUG AppStateMachine      - Push state: DialogSubState
13:00:14.213 [JavaFX Application Thread] DEBUG Input                - Clearing active input actions
13:00:14.213 [JavaFX Application Thread] DEBUG AppStateMachine      - MainMenuState -> DialogSubState
13:00:15.148 [JavaFX Application Thread] DEBUG AssetLoader          - Loading from cache: /assets/sounds/menu/select.wav
13:00:16.051 [JavaFX Application Thread] DEBUG AppStateMachine      - Pop state: DialogSubState
13:00:16.051 [JavaFX Application Thread] DEBUG Input                - Clearing active input actions
13:00:16.053 [JavaFX Application Thread] DEBUG AppStateMachine      - MainMenuState <- DialogSubState
13:00:16.054 [JavaFX Application Thread] DEBUG SaveLoadManager      - Loading profile: Mads
13:00:16.066 [JavaFX Application Thread] DEBUG AssetLoader          - Loading from cache: /assets/properties/languages/english.properties
13:00:16.067 [JavaFX Application Thread] DEBUG AssetLoader          - Loading from cache: /assets/ui/fonts/VarelaRound-Regular.ttf
13:00:16.068 [JavaFX Application Thread] DEBUG AssetLoader          - Loading from cache: /assets/ui/fonts/VarelaRound-Regular.ttf
13:00:16.069 [JavaFX Application Thread] DEBUG AppStateMachine      - Push state: DialogSubState
13:00:16.069 [JavaFX Application Thread] DEBUG Input                - Clearing active input actions
13:00:16.069 [JavaFX Application Thread] DEBUG AppStateMachine      - MainMenuState -> DialogSubState
13:00:16.075 [FXGL Background Thread 1 ] DEBUG DesktopFSService     - Reading from: .\profiles\Mads\user.profile
13:00:16.105 [JavaFX Application Thread] DEBUG AppStateMachine      - Pop state: DialogSubState
13:00:16.105 [JavaFX Application Thread] DEBUG Input                - Clearing active input actions
13:00:16.107 [JavaFX Application Thread] DEBUG AppStateMachine      - MainMenuState <- DialogSubState
13:00:16.108 [JavaFX Application Thread] DEBUG EventBus             - Firing event: LoadEvent[type=LOAD_PROFILE]
13:00:16.108 [JavaFX Application Thread] DEBUG AudioPlayer          - Loading data from profile
13:00:16.109 [JavaFX Application Thread] DEBUG Bundle               - Logging bundle: audio
13:00:16.109 [JavaFX Application Thread] DEBUG Bundle               - audio.musicVolume=0.5
13:00:16.109 [JavaFX Application Thread] DEBUG Bundle               - audio.soundVolume=0.5
13:00:16.109 [JavaFX Application Thread] DEBUG Input                - Loading data from profile
13:00:16.110 [JavaFX Application Thread] DEBUG Bundle               - Logging bundle: input
13:00:16.110 [JavaFX Application Thread] DEBUG Bundle               - input.Move Right=D
13:00:16.110 [JavaFX Application Thread] DEBUG Bundle               - input.Play Sound=F
13:00:16.110 [JavaFX Application Thread] DEBUG Bundle               - input.Screenshot=P
13:00:16.110 [JavaFX Application Thread] DEBUG Bundle               - input.System info dump=CTRL+9
13:00:16.110 [JavaFX Application Thread] DEBUG Bundle               - input.Restart=CTRL+R
13:00:16.110 [JavaFX Application Thread] DEBUG Bundle               - input.Move Up=W
13:00:16.111 [JavaFX Application Thread] DEBUG Bundle               - input.Dev Options=CTRL+0
13:00:16.111 [JavaFX Application Thread] DEBUG Bundle               - input.Move Left=A
13:00:16.111 [JavaFX Application Thread] DEBUG Bundle               - input.Move Down=S
13:00:16.112 [JavaFX Application Thread] DEBUG Bundle               - Logging bundle: gameplayStats
13:00:16.112 [JavaFX Application Thread] DEBUG Bundle               - gameplayStats.playtime=929238834782
13:00:16.112 [JavaFX Application Thread] DEBUG AchievementManager   - Loading data from profile
13:00:16.112 [JavaFX Application Thread] DEBUG Bundle               - Logging bundle: achievement
13:00:16.112 [JavaFX Application Thread] DEBUG AssetLoader          - Loading from cache: /assets/properties/languages/english.properties
13:00:16.113 [JavaFX Application Thread] DEBUG AssetLoader          - Loading from cache: /assets/ui/fonts/VarelaRound-Regular.ttf
13:00:16.114 [JavaFX Application Thread] DEBUG AssetLoader          - Loading from cache: /assets/properties/languages/english.properties
13:00:16.114 [JavaFX Application Thread] DEBUG AssetLoader          - Loading from cache: /assets/ui/fonts/VarelaRound-Regular.ttf
13:00:16.114 [JavaFX Application Thread] DEBUG SaveLoadManager      - Loading last modified save file
13:00:16.115 [JavaFX Application Thread] DEBUG SaveLoadManager      - Loading save files
13:00:16.120 [JavaFX Application Thread] DEBUG AssetLoader          - Loading from cache: /assets/properties/languages/english.properties
13:00:16.121 [JavaFX Application Thread] DEBUG AssetLoader          - Loading from cache: /assets/ui/fonts/VarelaRound-Regular.ttf
13:00:16.122 [JavaFX Application Thread] DEBUG AssetLoader          - Loading from cache: /assets/ui/fonts/VarelaRound-Regular.ttf
13:00:16.123 [JavaFX Application Thread] DEBUG AppStateMachine      - Push state: DialogSubState
13:00:16.123 [JavaFX Application Thread] DEBUG Input                - Clearing active input actions
13:00:16.123 [JavaFX Application Thread] DEBUG AppStateMachine      - MainMenuState -> DialogSubState
13:00:16.156 [JavaFX Application Thread] DEBUG AppStateMachine      - Pop state: DialogSubState
13:00:16.157 [JavaFX Application Thread] DEBUG Input                - Clearing active input actions
13:00:16.158 [JavaFX Application Thread] DEBUG AppStateMachine      - MainMenuState <- DialogSubState
13:00:16.228 [JavaFX Application Thread] DEBUG AssetLoader          - Loading from cache: /assets/sounds/menu/select.wav
13:00:16.314 [JavaFX Application Thread] DEBUG AssetLoader          - Loading from cache: /assets/sounds/menu/select.wav
13:00:16.794 [JavaFX Application Thread] DEBUG FXGL.Menu            - fireNewGame()
13:00:16.794 [JavaFX Application Thread] DEBUG GameApplication      - Starting new game
13:00:16.794 [JavaFX Application Thread] DEBUG Input                - Clearing active input actions
13:00:16.795 [JavaFX Application Thread] DEBUG AssetLoader          - Loading from disk: /assets/ui/css/fxgl_dark.css
13:00:16.823 [JavaFX Application Thread] DEBUG AppStateMachine      - MainMenuState -> LoadingState
13:00:16.828 [FXGL Background Thread 1 ] DEBUG InitAppTask          - Clearing previous game
13:00:16.828 [FXGL Background Thread 1 ] DEBUG GameWorld            - Clearing game world
13:00:16.828 [FXGL Background Thread 1 ] DEBUG PhysicsWorld         - Clearing physics world
13:00:16.828 [FXGL Background Thread 1 ] DEBUG GameScene            - Clearing game scene
13:00:16.831 [FXGL Background Thread 1 ] DEBUG InitAppTask          - Initializing Game
13:00:16.882 [FXGL Background Thread 1 ] DEBUG AssetLoader          - Loading from disk: /assets/textures/background1.png
13:00:16.966 [FXGL Background Thread 1 ] DEBUG GameScene            - Creating render group for layer: DEFAULT(100000)
13:00:16.969 [FXGL Background Thread 1 ] DEBUG AssetLoader          - Loading from disk: /assets/textures/slime1.png
13:00:16.981 [FXGL Background Thread 1 ] DEBUG AssetLoader          - Loading from disk: /assets/textures/slime2.png
13:00:16.987 [FXGL Background Thread 1 ] DEBUG InitAppTask          - Initializing Physics
13:00:16.989 [FXGL Background Thread 1 ] DEBUG InitAppTask          - Initializing UI
13:00:16.991 [FXGL Background Thread 1 ] DEBUG InitAppTask          - Initialization Complete
13:00:16.992 [FXGL Background Thread 1 ] INFO  InitAppTask          - Game initialization took: 0,164 sec
13:00:16.999 [JavaFX Application Thread] DEBUG Input                - Clearing active input actions
13:00:17.000 [JavaFX Application Thread] DEBUG AssetLoader          - Loading from disk: /assets/ui/css/fxgl_dark.css
13:00:17.026 [JavaFX Application Thread] DEBUG AppStateMachine      - LoadingState -> PlayState
13:00:22.119 [JavaFX Application Thread] DEBUG FXGL                 - Exiting FXGL
13:00:22.119 [JavaFX Application Thread] DEBUG MenuEventHandler     - Creating default profile
13:00:22.119 [JavaFX Application Thread] DEBUG EventBus             - Firing event: SaveEvent
13:00:22.119 [JavaFX Application Thread] DEBUG AudioPlayer          - Saving data to profile
13:00:22.119 [JavaFX Application Thread] DEBUG Bundle               - Logging bundle: audio
13:00:22.120 [JavaFX Application Thread] DEBUG Bundle               - audio.musicVolume=0.5
13:00:22.120 [JavaFX Application Thread] DEBUG Bundle               - audio.soundVolume=0.5
13:00:22.120 [JavaFX Application Thread] DEBUG Input                - Saving data to profile
13:00:22.120 [JavaFX Application Thread] DEBUG Bundle               - Logging bundle: input
13:00:22.120 [JavaFX Application Thread] DEBUG Bundle               - input.Move Right=D
13:00:22.120 [JavaFX Application Thread] DEBUG Bundle               - input.Play Sound=F
13:00:22.120 [JavaFX Application Thread] DEBUG Bundle               - input.Screenshot=P
13:00:22.120 [JavaFX Application Thread] DEBUG Bundle               - input.System info dump=CTRL+9
13:00:22.120 [JavaFX Application Thread] DEBUG Bundle               - input.Restart=CTRL+R
13:00:22.120 [JavaFX Application Thread] DEBUG Bundle               - input.Move Up=W
13:00:22.120 [JavaFX Application Thread] DEBUG Bundle               - input.Dev Options=CTRL+0
13:00:22.120 [JavaFX Application Thread] DEBUG Bundle               - input.Move Left=A
13:00:22.120 [JavaFX Application Thread] DEBUG Bundle               - input.Move Down=S
13:00:22.120 [JavaFX Application Thread] DEBUG Bundle               - Logging bundle: gameplayStats
13:00:22.121 [JavaFX Application Thread] DEBUG Bundle               - gameplayStats.playtime=934938704901
13:00:22.121 [JavaFX Application Thread] DEBUG AchievementManager   - Saving data to profile
13:00:22.121 [JavaFX Application Thread] DEBUG Bundle               - Logging bundle: achievement
13:00:22.121 [JavaFX Application Thread] DEBUG SaveLoadManager      - Saving profile: Mads
13:00:22.125 [JavaFX Application Thread] DEBUG DesktopFSService     - Writing to: .\profiles\Mads\user.profile
13:00:22.132 [JavaFX Application Thread] DEBUG FXGL                 - Shutting down background threads
13:00:22.132 [JavaFX Application Thread] DEBUG FXGL                 - Saving FXGL system data
13:00:22.134 [JavaFX Application Thread] DEBUG DesktopFSService     - Writing to: system\fxgl.bundle
13:00:22.138 [JavaFX Application Thread] DEBUG FXGL                 - Closing logger and exiting JavaFX
