09:29:36.856 [JavaFX Application Thread] DEBUG GameApplication      - Logger initialized
09:29:36.874 [JavaFX Application Thread] DEBUG GameApplication      - Logging settings
Title: SlimeSoccer2000
Version: 0.1
Width: 1200
Height: 600
Fullscreen: false
Intro: false
Menus: true
Profiling: false
Single step:false
App Mode: DEVELOPER
Menu Key: M
Stage Style: DECORATED
Scene Factory: class com.almasb.fxgl.scene.SceneFactory
Dialog Factory: class com.almasb.fxgl.ui.FXGLDialogFactory
UI Factory: class com.almasb.fxgl.ui.FXGLUIFactory
Notification Service: class com.almasb.fxgl.gameplay.notification.XboxNotificationView
Exception Handler: class com.almasb.fxgl.app.FXGLExceptionHandler
09:29:36.874 [JavaFX Application Thread] DEBUG GameApplication      - Starting FXGL
09:29:36.890 [JavaFX Application Thread] INFO  FXGL                 - FXGL-0.5.4 on DESKTOP
09:29:36.890 [JavaFX Application Thread] INFO  FXGL                 - Source code and latest versions at: https://github.com/AlmasB/FXGL
09:29:36.890 [JavaFX Application Thread] INFO  FXGL                 -              Join the FXGL chat at: https://gitter.im/AlmasB/FXGL
09:29:36.891 [JavaFX Application Thread] DEBUG FXGL                 - FXGL started
09:29:36.891 [JavaFX Application Thread] DEBUG FXGL                 - Initializing FXGL
09:29:36.944 [JavaFX Application Thread] DEBUG AssetLoader          - Loading from disk: /assets/ui/cursors/fxgl_default.png
09:29:37.063 [JavaFX Application Thread] DEBUG AssetLoader          - Loading from disk: /assets/ui/fonts/VarelaRound-Regular.ttf
09:29:37.437 [JavaFX Application Thread] DEBUG MainWindow           - Creating a JavaFX scene
09:29:37.474 [JavaFX Application Thread] DEBUG MainWindow           - Target settings size: 1200.0 x 600.0
09:29:37.474 [JavaFX Application Thread] DEBUG MainWindow           - Scaled scene size:    1200.0 x 600.0
09:29:37.475 [JavaFX Application Thread] DEBUG MainWindow           - Scaled ratio: (1.0, 1.0)
09:29:37.478 [JavaFX Application Thread] DEBUG AssetLoader          - Loading from disk: /assets/ui/css/fxgl_dark.css
09:29:37.482 [JavaFX Application Thread] DEBUG AssetLoader          - Loading from disk: /assets/textures/fxgl_icon.png
09:29:37.514 [JavaFX Application Thread] DEBUG MainWindow           - Opening main window
09:29:37.673 [JavaFX Application Thread] DEBUG MainWindow           - Window border size: (14.4000244140625, 37.5999755859375)
09:29:37.673 [JavaFX Application Thread] DEBUG MainWindow           - Scaled size: 1200.0 x 600.0
09:29:37.673 [JavaFX Application Thread] DEBUG MainWindow           - Scaled ratio: (1.0, 1.0)
09:29:37.674 [JavaFX Application Thread] DEBUG MainWindow           - Scene size: 1200.0 x 600.0
09:29:37.674 [JavaFX Application Thread] DEBUG MainWindow           - Stage size: 1214.4000244140625 x 637.5999755859375
09:29:37.753 [ForkJoinPool.commonPool-worker-9] DEBUG FS                   - Loaded DesktopFSService
09:29:37.753 [ForkJoinPool.commonPool-worker-9] DEBUG FXGL                 - Loading FXGL system data
09:29:37.761 [ForkJoinPool.commonPool-worker-9] DEBUG DesktopFSService     - Reading from: system\fxgl.bundle
09:29:37.775 [ForkJoinPool.commonPool-worker-9] DEBUG Bundle               - Logging bundle: FXGL
09:29:37.776 [ForkJoinPool.commonPool-worker-9] DEBUG Bundle               - FXGL.offline.timer.version.check=2019-01-15T09:28:22.000785300
09:29:37.778 [ForkJoinPool.commonPool-worker-9] DEBUG FXGL                 - Initializing state machine and application states
09:29:37.782 [ForkJoinPool.commonPool-worker-9] DEBUG AssetLoader          - Loading from disk: /assets/ui/cursors/fxgl_default.png
09:29:37.794 [ForkJoinPool.commonPool-worker-9] DEBUG AssetLoader          - Loading from disk: /assets/ui/cursors/fxgl_default.png
09:29:37.803 [ForkJoinPool.commonPool-worker-9] DEBUG AssetLoader          - Loading from cache: /assets/ui/fonts/VarelaRound-Regular.ttf
09:29:37.808 [ForkJoinPool.commonPool-worker-9] DEBUG AssetLoader          - Loading from disk: /assets/ui/cursors/fxgl_default.png
09:29:37.814 [ForkJoinPool.commonPool-worker-9] DEBUG GameScene            - Game scene initialized: 1200x600
09:29:37.823 [ForkJoinPool.commonPool-worker-9] DEBUG GameWorld            - Game world initialized
09:29:37.912 [ForkJoinPool.commonPool-worker-9] DEBUG PhysicsWorld         - Physics world initialized: appHeight=600, physics.ppm=50,0
09:29:37.969 [ForkJoinPool.commonPool-worker-9] DEBUG AssetLoader          - Loading from disk: /assets/ui/cursors/fxgl_default.png
09:29:37.974 [ForkJoinPool.commonPool-worker-9] DEBUG AssetLoader          - Loading from disk: /assets/properties/languages/english.properties
09:29:37.976 [ForkJoinPool.commonPool-worker-9] DEBUG AssetLoader          - Loading from cache: /assets/ui/fonts/VarelaRound-Regular.ttf
09:29:37.977 [ForkJoinPool.commonPool-worker-9] DEBUG AssetLoader          - Loading from cache: /assets/ui/fonts/VarelaRound-Regular.ttf
09:29:37.977 [ForkJoinPool.commonPool-worker-9] DEBUG AssetLoader          - Loading from cache: /assets/ui/fonts/VarelaRound-Regular.ttf
09:29:37.994 [ForkJoinPool.commonPool-worker-9] DEBUG AssetLoader          - Loading from disk: /assets/textures/particles/trace_horizontal.png
09:29:38.039 [ForkJoinPool.commonPool-worker-9] DEBUG AssetLoader          - Loading from cache: /assets/ui/fonts/VarelaRound-Regular.ttf
09:29:38.040 [ForkJoinPool.commonPool-worker-9] DEBUG FXGL.Menu            - createMenuBodyMainMenu()
09:29:38.050 [ForkJoinPool.commonPool-worker-9] DEBUG AssetLoader          - Loading from cache: /assets/ui/fonts/VarelaRound-Regular.ttf
09:29:38.053 [ForkJoinPool.commonPool-worker-9] DEBUG AssetLoader          - Loading from cache: /assets/properties/languages/english.properties
09:29:38.059 [ForkJoinPool.commonPool-worker-9] DEBUG AssetLoader          - Loading from cache: /assets/ui/fonts/VarelaRound-Regular.ttf
09:29:38.059 [ForkJoinPool.commonPool-worker-9] DEBUG AssetLoader          - Loading from cache: /assets/properties/languages/english.properties
09:29:38.060 [ForkJoinPool.commonPool-worker-9] DEBUG FXGL.Menu            - createOptionsMenu()
09:29:38.060 [ForkJoinPool.commonPool-worker-9] DEBUG AssetLoader          - Loading from cache: /assets/ui/fonts/VarelaRound-Regular.ttf
09:29:38.060 [ForkJoinPool.commonPool-worker-9] DEBUG AssetLoader          - Loading from cache: /assets/properties/languages/english.properties
09:29:38.062 [ForkJoinPool.commonPool-worker-9] DEBUG AssetLoader          - Loading from cache: /assets/ui/fonts/VarelaRound-Regular.ttf
09:29:38.063 [ForkJoinPool.commonPool-worker-9] DEBUG AssetLoader          - Loading from cache: /assets/properties/languages/english.properties
09:29:38.065 [ForkJoinPool.commonPool-worker-9] DEBUG AssetLoader          - Loading from cache: /assets/ui/fonts/VarelaRound-Regular.ttf
09:29:38.066 [ForkJoinPool.commonPool-worker-9] DEBUG AssetLoader          - Loading from cache: /assets/properties/languages/english.properties
09:29:38.067 [ForkJoinPool.commonPool-worker-9] DEBUG AssetLoader          - Loading from cache: /assets/ui/fonts/VarelaRound-Regular.ttf
09:29:38.068 [ForkJoinPool.commonPool-worker-9] DEBUG AssetLoader          - Loading from cache: /assets/properties/languages/english.properties
09:29:38.069 [ForkJoinPool.commonPool-worker-9] DEBUG AssetLoader          - Loading from cache: /assets/ui/fonts/VarelaRound-Regular.ttf
09:29:38.069 [ForkJoinPool.commonPool-worker-9] DEBUG AssetLoader          - Loading from cache: /assets/properties/languages/english.properties
09:29:38.070 [ForkJoinPool.commonPool-worker-9] DEBUG AssetLoader          - Loading from cache: /assets/ui/fonts/VarelaRound-Regular.ttf
09:29:38.071 [ForkJoinPool.commonPool-worker-9] DEBUG AssetLoader          - Loading from cache: /assets/properties/languages/english.properties
09:29:38.072 [ForkJoinPool.commonPool-worker-9] DEBUG AssetLoader          - Loading from cache: /assets/ui/fonts/VarelaRound-Regular.ttf
09:29:38.073 [ForkJoinPool.commonPool-worker-9] DEBUG AssetLoader          - Loading from cache: /assets/properties/languages/english.properties
09:29:38.074 [ForkJoinPool.commonPool-worker-9] DEBUG AssetLoader          - Loading from cache: /assets/ui/fonts/VarelaRound-Regular.ttf
09:29:38.074 [ForkJoinPool.commonPool-worker-9] DEBUG AssetLoader          - Loading from cache: /assets/properties/languages/english.properties
09:29:38.075 [ForkJoinPool.commonPool-worker-9] DEBUG AssetLoader          - Loading from disk: /assets/textures/particles/smoke.png
09:29:38.145 [ForkJoinPool.commonPool-worker-9] DEBUG AssetLoader          - Loading from disk: /assets/ui/cursors/fxgl_default.png
09:29:38.147 [ForkJoinPool.commonPool-worker-9] DEBUG AssetLoader          - Loading from cache: /assets/properties/languages/english.properties
09:29:38.151 [ForkJoinPool.commonPool-worker-9] DEBUG AssetLoader          - Loading from cache: /assets/ui/fonts/VarelaRound-Regular.ttf
09:29:38.152 [ForkJoinPool.commonPool-worker-9] DEBUG AssetLoader          - Loading from cache: /assets/ui/fonts/VarelaRound-Regular.ttf
09:29:38.153 [ForkJoinPool.commonPool-worker-9] DEBUG AssetLoader          - Loading from cache: /assets/ui/fonts/VarelaRound-Regular.ttf
09:29:38.154 [ForkJoinPool.commonPool-worker-9] DEBUG AssetLoader          - Loading from cache: /assets/textures/particles/trace_horizontal.png@64.0x64.0
09:29:38.154 [ForkJoinPool.commonPool-worker-9] DEBUG AssetLoader          - Loading from cache: /assets/ui/fonts/VarelaRound-Regular.ttf
09:29:38.155 [ForkJoinPool.commonPool-worker-9] DEBUG FXGL.Menu            - createMenuBodyGameMenu()
09:29:38.155 [ForkJoinPool.commonPool-worker-9] DEBUG AssetLoader          - Loading from cache: /assets/ui/fonts/VarelaRound-Regular.ttf
09:29:38.156 [ForkJoinPool.commonPool-worker-9] DEBUG AssetLoader          - Loading from cache: /assets/properties/languages/english.properties
09:29:38.160 [ForkJoinPool.commonPool-worker-9] DEBUG AssetLoader          - Loading from cache: /assets/ui/fonts/VarelaRound-Regular.ttf
09:29:38.160 [ForkJoinPool.commonPool-worker-9] DEBUG AssetLoader          - Loading from cache: /assets/properties/languages/english.properties
09:29:38.162 [ForkJoinPool.commonPool-worker-9] DEBUG FXGL.Menu            - createOptionsMenu()
09:29:38.168 [ForkJoinPool.commonPool-worker-9] DEBUG AssetLoader          - Loading from cache: /assets/ui/fonts/VarelaRound-Regular.ttf
09:29:38.169 [ForkJoinPool.commonPool-worker-9] DEBUG AssetLoader          - Loading from cache: /assets/properties/languages/english.properties
09:29:38.173 [ForkJoinPool.commonPool-worker-9] DEBUG AssetLoader          - Loading from cache: /assets/ui/fonts/VarelaRound-Regular.ttf
09:29:38.173 [ForkJoinPool.commonPool-worker-9] DEBUG AssetLoader          - Loading from cache: /assets/properties/languages/english.properties
09:29:38.174 [ForkJoinPool.commonPool-worker-9] DEBUG AssetLoader          - Loading from cache: /assets/ui/fonts/VarelaRound-Regular.ttf
09:29:38.174 [ForkJoinPool.commonPool-worker-9] DEBUG AssetLoader          - Loading from cache: /assets/properties/languages/english.properties
09:29:38.175 [ForkJoinPool.commonPool-worker-9] DEBUG AssetLoader          - Loading from cache: /assets/ui/fonts/VarelaRound-Regular.ttf
09:29:38.175 [ForkJoinPool.commonPool-worker-9] DEBUG AssetLoader          - Loading from cache: /assets/properties/languages/english.properties
09:29:38.176 [ForkJoinPool.commonPool-worker-9] DEBUG AssetLoader          - Loading from cache: /assets/ui/fonts/VarelaRound-Regular.ttf
09:29:38.176 [ForkJoinPool.commonPool-worker-9] DEBUG AssetLoader          - Loading from cache: /assets/properties/languages/english.properties
09:29:38.177 [ForkJoinPool.commonPool-worker-9] DEBUG AssetLoader          - Loading from cache: /assets/ui/fonts/VarelaRound-Regular.ttf
09:29:38.177 [ForkJoinPool.commonPool-worker-9] DEBUG AssetLoader          - Loading from cache: /assets/properties/languages/english.properties
09:29:38.178 [ForkJoinPool.commonPool-worker-9] DEBUG AssetLoader          - Loading from cache: /assets/ui/fonts/VarelaRound-Regular.ttf
09:29:38.178 [ForkJoinPool.commonPool-worker-9] DEBUG AssetLoader          - Loading from cache: /assets/properties/languages/english.properties
09:29:38.180 [ForkJoinPool.commonPool-worker-9] DEBUG AssetLoader          - Loading from cache: /assets/textures/particles/smoke.png@128.0x128.0
09:29:38.253 [JavaFX Application Thread] DEBUG FXGL                 - Running preInit()
09:29:38.278 [JavaFX Application Thread] DEBUG Input                - Registered new binding: Screenshot - P
09:29:38.279 [JavaFX Application Thread] DEBUG Input                - Registered new binding: Dev Options - CTRL+0
09:29:38.279 [JavaFX Application Thread] DEBUG Input                - Registered new binding: System info dump - CTRL+9
09:29:38.280 [JavaFX Application Thread] DEBUG Input                - Registered new binding: Restart - CTRL+R
09:29:38.281 [JavaFX Application Thread] DEBUG Input                - Registered new binding: Move Right - D
09:29:38.281 [JavaFX Application Thread] DEBUG Input                - Registered new binding: Move Left - A
09:29:38.281 [JavaFX Application Thread] DEBUG Input                - Registered new binding: Move Up - W
09:29:38.281 [JavaFX Application Thread] DEBUG Input                - Registered new binding: Move Down - S
09:29:38.282 [JavaFX Application Thread] DEBUG Input                - Registered new binding: Siiiiiii - F
09:29:38.282 [JavaFX Application Thread] DEBUG Input                - Registered new binding: Move Right (Player2) - Right
09:29:38.282 [JavaFX Application Thread] DEBUG Input                - Registered new binding: Move Left (Player2) - Left
09:29:38.282 [JavaFX Application Thread] DEBUG Input                - Registered new binding: Move Up (Player 2) - Up
09:29:38.282 [JavaFX Application Thread] DEBUG Input                - Registered new binding: Move Down(Player 2) - Down
09:29:38.283 [JavaFX Application Thread] DEBUG MenuEventHandler     - generateDefaultProfile()
09:29:38.283 [JavaFX Application Thread] DEBUG MenuEventHandler     - Creating default profile
09:29:38.284 [JavaFX Application Thread] DEBUG EventBus             - Firing event: SaveEvent
09:29:38.286 [JavaFX Application Thread] DEBUG AudioPlayer          - Saving data to profile
09:29:38.286 [JavaFX Application Thread] DEBUG Bundle               - Logging bundle: audio
09:29:38.286 [JavaFX Application Thread] DEBUG Bundle               - audio.musicVolume=0.5
09:29:38.287 [JavaFX Application Thread] DEBUG Bundle               - audio.soundVolume=0.5
09:29:38.287 [JavaFX Application Thread] DEBUG Input                - Saving data to profile
09:29:38.287 [JavaFX Application Thread] DEBUG Bundle               - Logging bundle: input
09:29:38.287 [JavaFX Application Thread] DEBUG Bundle               - input.Move Right=D
09:29:38.287 [JavaFX Application Thread] DEBUG Bundle               - input.Move Down(Player 2)=Down
09:29:38.287 [JavaFX Application Thread] DEBUG Bundle               - input.Restart=CTRL+R
09:29:38.287 [JavaFX Application Thread] DEBUG Bundle               - input.Move Up=W
09:29:38.288 [JavaFX Application Thread] DEBUG Bundle               - input.Dev Options=CTRL+0
09:29:38.288 [JavaFX Application Thread] DEBUG Bundle               - input.Move Left=A
09:29:38.288 [JavaFX Application Thread] DEBUG Bundle               - input.Move Up (Player 2)=Up
09:29:38.288 [JavaFX Application Thread] DEBUG Bundle               - input.Move Right (Player2)=Right
09:29:38.288 [JavaFX Application Thread] DEBUG Bundle               - input.Siiiiiii=F
09:29:38.288 [JavaFX Application Thread] DEBUG Bundle               - input.Move Left (Player2)=Left
09:29:38.288 [JavaFX Application Thread] DEBUG Bundle               - input.Screenshot=P
09:29:38.288 [JavaFX Application Thread] DEBUG Bundle               - input.System info dump=CTRL+9
09:29:38.288 [JavaFX Application Thread] DEBUG Bundle               - input.Move Down=S
09:29:38.297 [JavaFX Application Thread] DEBUG Bundle               - Logging bundle: gameplayStats
09:29:38.297 [JavaFX Application Thread] DEBUG Bundle               - gameplayStats.playtime=0
09:29:38.299 [JavaFX Application Thread] DEBUG AchievementManager   - Saving data to profile
09:29:38.299 [JavaFX Application Thread] DEBUG Bundle               - Logging bundle: achievement
09:29:38.301 [JavaFX Application Thread] INFO  FXGL                 - FXGL initialization took: 1,409 sec
09:29:38.302 [JavaFX Application Thread] DEBUG LoopRunner           - Starting loop
09:29:38.305 [JavaFX Application Thread] DEBUG StartupState         - STARTUP
09:29:38.305 [JavaFX Application Thread] DEBUG Input                - Clearing active input actions
09:29:38.307 [JavaFX Application Thread] DEBUG AssetLoader          - Loading from disk: /assets/ui/css/fxgl_dark.css
09:29:38.328 [JavaFX Application Thread] DEBUG AppStateMachine      - StartupState -> MainMenuState
09:29:38.334 [JavaFX Application Thread] DEBUG AssetLoader          - Loading from cache: /assets/properties/languages/english.properties
09:29:38.334 [JavaFX Application Thread] DEBUG AssetLoader          - Loading from cache: /assets/ui/fonts/VarelaRound-Regular.ttf
09:29:38.334 [JavaFX Application Thread] DEBUG AssetLoader          - Loading from cache: /assets/properties/languages/english.properties
09:29:38.335 [JavaFX Application Thread] DEBUG AssetLoader          - Loading from cache: /assets/ui/fonts/VarelaRound-Regular.ttf
09:29:38.335 [JavaFX Application Thread] DEBUG AssetLoader          - Loading from cache: /assets/properties/languages/english.properties
09:29:38.336 [JavaFX Application Thread] DEBUG AssetLoader          - Loading from cache: /assets/ui/fonts/VarelaRound-Regular.ttf
09:29:38.339 [JavaFX Application Thread] DEBUG SaveLoadManager      - Checking profiles dir: profiles/
09:29:38.340 [JavaFX Application Thread] DEBUG SaveLoadManager      - Loading profile names
09:29:38.341 [JavaFX Application Thread] DEBUG AssetLoader          - Loading from cache: /assets/properties/languages/english.properties
09:29:38.343 [JavaFX Application Thread] DEBUG AssetLoader          - Loading from cache: /assets/ui/fonts/VarelaRound-Regular.ttf
09:29:38.344 [JavaFX Application Thread] DEBUG AssetLoader          - Loading from cache: /assets/ui/fonts/VarelaRound-Regular.ttf
09:29:38.344 [JavaFX Application Thread] DEBUG AppStateMachine      - Push state: DialogSubState
09:29:38.345 [JavaFX Application Thread] DEBUG Input                - Clearing active input actions
09:29:38.345 [JavaFX Application Thread] DEBUG AppStateMachine      - MainMenuState -> DialogSubState
09:29:38.457 [JavaFX Application Thread] DEBUG AppStateMachine      - Pop state: DialogSubState
09:29:38.458 [JavaFX Application Thread] DEBUG Input                - Clearing active input actions
09:29:38.459 [JavaFX Application Thread] DEBUG AppStateMachine      - MainMenuState <- DialogSubState
09:29:38.459 [JavaFX Application Thread] DEBUG AssetLoader          - Loading from cache: /assets/properties/languages/english.properties
09:29:38.460 [JavaFX Application Thread] DEBUG AssetLoader          - Loading from cache: /assets/ui/fonts/VarelaRound-Regular.ttf
09:29:38.461 [JavaFX Application Thread] DEBUG AssetLoader          - Loading from cache: /assets/ui/fonts/VarelaRound-Regular.ttf
09:29:38.461 [JavaFX Application Thread] DEBUG AppStateMachine      - Push state: DialogSubState
09:29:38.461 [JavaFX Application Thread] DEBUG Input                - Clearing active input actions
09:29:38.462 [JavaFX Application Thread] DEBUG AppStateMachine      - MainMenuState -> DialogSubState
09:29:39.426 [JavaFX Application Thread] DEBUG AppStateMachine      - Pop state: DialogSubState
09:29:39.426 [JavaFX Application Thread] DEBUG Input                - Clearing active input actions
09:29:39.426 [JavaFX Application Thread] DEBUG AppStateMachine      - MainMenuState <- DialogSubState
09:29:39.426 [JavaFX Application Thread] DEBUG SaveLoadManager      - Loading profile: Mads
09:29:39.431 [JavaFX Application Thread] DEBUG AssetLoader          - Loading from cache: /assets/properties/languages/english.properties
09:29:39.432 [JavaFX Application Thread] DEBUG AssetLoader          - Loading from cache: /assets/ui/fonts/VarelaRound-Regular.ttf
09:29:39.432 [JavaFX Application Thread] DEBUG AssetLoader          - Loading from cache: /assets/ui/fonts/VarelaRound-Regular.ttf
09:29:39.432 [JavaFX Application Thread] DEBUG AppStateMachine      - Push state: DialogSubState
09:29:39.432 [JavaFX Application Thread] DEBUG Input                - Clearing active input actions
09:29:39.432 [JavaFX Application Thread] DEBUG AppStateMachine      - MainMenuState -> DialogSubState
09:29:39.434 [FXGL Background Thread 1 ] DEBUG DesktopFSService     - Reading from: .\profiles\Mads\user.profile
09:29:39.447 [JavaFX Application Thread] DEBUG AppStateMachine      - Pop state: DialogSubState
09:29:39.448 [JavaFX Application Thread] DEBUG Input                - Clearing active input actions
09:29:39.448 [JavaFX Application Thread] DEBUG AppStateMachine      - MainMenuState <- DialogSubState
09:29:39.449 [JavaFX Application Thread] DEBUG EventBus             - Firing event: LoadEvent[type=LOAD_PROFILE]
09:29:39.449 [JavaFX Application Thread] DEBUG AudioPlayer          - Loading data from profile
09:29:39.449 [JavaFX Application Thread] DEBUG Bundle               - Logging bundle: audio
09:29:39.449 [JavaFX Application Thread] DEBUG Bundle               - audio.musicVolume=0.5
09:29:39.449 [JavaFX Application Thread] DEBUG Bundle               - audio.soundVolume=0.5
09:29:39.449 [JavaFX Application Thread] DEBUG Input                - Loading data from profile
09:29:39.449 [JavaFX Application Thread] DEBUG Bundle               - Logging bundle: input
09:29:39.449 [JavaFX Application Thread] DEBUG Bundle               - input.Move Right=D
09:29:39.449 [JavaFX Application Thread] DEBUG Bundle               - input.Move Down(Player 2)=Down
09:29:39.449 [JavaFX Application Thread] DEBUG Bundle               - input.Restart=CTRL+R
09:29:39.449 [JavaFX Application Thread] DEBUG Bundle               - input.Move Up=W
09:29:39.449 [JavaFX Application Thread] DEBUG Bundle               - input.Dev Options=CTRL+0
09:29:39.449 [JavaFX Application Thread] DEBUG Bundle               - input.Move Left=A
09:29:39.450 [JavaFX Application Thread] DEBUG Bundle               - input.Move Up (Player 2)=Up
09:29:39.450 [JavaFX Application Thread] DEBUG Bundle               - input.Move Right (Player2)=Right
09:29:39.450 [JavaFX Application Thread] DEBUG Bundle               - input.Siiiiiii=F
09:29:39.450 [JavaFX Application Thread] DEBUG Bundle               - input.Move Left (Player2)=Left
09:29:39.450 [JavaFX Application Thread] DEBUG Bundle               - input.Screenshot=P
09:29:39.450 [JavaFX Application Thread] DEBUG Bundle               - input.System info dump=CTRL+9
09:29:39.450 [JavaFX Application Thread] DEBUG Bundle               - input.Move Down=S
09:29:39.450 [JavaFX Application Thread] DEBUG Bundle               - Logging bundle: gameplayStats
09:29:39.450 [JavaFX Application Thread] DEBUG Bundle               - gameplayStats.playtime=1042232602199
09:29:39.450 [JavaFX Application Thread] DEBUG AchievementManager   - Loading data from profile
09:29:39.450 [JavaFX Application Thread] DEBUG Bundle               - Logging bundle: achievement
09:29:39.451 [JavaFX Application Thread] DEBUG AssetLoader          - Loading from cache: /assets/properties/languages/english.properties
09:29:39.451 [JavaFX Application Thread] DEBUG AssetLoader          - Loading from cache: /assets/ui/fonts/VarelaRound-Regular.ttf
09:29:39.451 [JavaFX Application Thread] DEBUG AssetLoader          - Loading from cache: /assets/properties/languages/english.properties
09:29:39.451 [JavaFX Application Thread] DEBUG AssetLoader          - Loading from cache: /assets/ui/fonts/VarelaRound-Regular.ttf
09:29:39.451 [JavaFX Application Thread] DEBUG SaveLoadManager      - Loading last modified save file
09:29:39.451 [JavaFX Application Thread] DEBUG SaveLoadManager      - Loading save files
09:29:39.454 [JavaFX Application Thread] DEBUG AssetLoader          - Loading from cache: /assets/properties/languages/english.properties
09:29:39.455 [JavaFX Application Thread] DEBUG AssetLoader          - Loading from cache: /assets/ui/fonts/VarelaRound-Regular.ttf
09:29:39.455 [JavaFX Application Thread] DEBUG AssetLoader          - Loading from cache: /assets/ui/fonts/VarelaRound-Regular.ttf
09:29:39.456 [JavaFX Application Thread] DEBUG AppStateMachine      - Push state: DialogSubState
09:29:39.456 [JavaFX Application Thread] DEBUG Input                - Clearing active input actions
09:29:39.456 [JavaFX Application Thread] DEBUG AppStateMachine      - MainMenuState -> DialogSubState
09:29:39.474 [JavaFX Application Thread] DEBUG AppStateMachine      - Pop state: DialogSubState
09:29:39.474 [JavaFX Application Thread] DEBUG Input                - Clearing active input actions
09:29:39.475 [JavaFX Application Thread] DEBUG AppStateMachine      - MainMenuState <- DialogSubState
09:29:39.568 [JavaFX Application Thread] DEBUG AssetLoader          - Loading from cache: /assets/sounds/menu/select.wav
09:29:39.881 [JavaFX Application Thread] DEBUG FXGL.Menu            - fireNewGame()
09:29:39.881 [JavaFX Application Thread] DEBUG GameApplication      - Starting new game
09:29:39.882 [JavaFX Application Thread] DEBUG Input                - Clearing active input actions
09:29:39.882 [JavaFX Application Thread] DEBUG AssetLoader          - Loading from disk: /assets/ui/css/fxgl_dark.css
09:29:39.897 [JavaFX Application Thread] DEBUG AppStateMachine      - MainMenuState -> LoadingState
09:29:39.901 [FXGL Background Thread 1 ] DEBUG InitAppTask          - Clearing previous game
09:29:39.901 [FXGL Background Thread 1 ] DEBUG GameWorld            - Clearing game world
09:29:39.901 [FXGL Background Thread 1 ] DEBUG PhysicsWorld         - Clearing physics world
09:29:39.902 [FXGL Background Thread 1 ] DEBUG GameScene            - Clearing game scene
09:29:39.903 [FXGL Background Thread 1 ] DEBUG InitAppTask          - Initializing Game
09:29:39.938 [FXGL Background Thread 1 ] DEBUG AssetLoader          - Loading from disk: /assets/textures/background1.png
09:29:39.972 [FXGL Background Thread 1 ] DEBUG GameScene            - Creating render group for layer: DEFAULT(100000)
09:29:39.975 [FXGL Background Thread 1 ] DEBUG AssetLoader          - Loading from disk: /assets/textures/slime1.png
09:29:39.980 [FXGL Background Thread 1 ] DEBUG AssetLoader          - Loading from disk: /assets/textures/slime2.png
09:29:39.984 [FXGL Background Thread 1 ] DEBUG AssetLoader          - Loading from disk: /assets/textures/ball.png
09:29:39.987 [FXGL Background Thread 1 ] DEBUG AssetLoader          - Loading from disk: /assets/textures/bottomline.png
09:29:39.990 [FXGL Background Thread 1 ] DEBUG InitAppTask          - Initializing Physics
09:29:39.991 [FXGL Background Thread 1 ] DEBUG InitAppTask          - Initializing UI
09:29:39.992 [FXGL Background Thread 1 ] DEBUG InitAppTask          - Initialization Complete
09:29:39.992 [FXGL Background Thread 1 ] INFO  InitAppTask          - Game initialization took: 0,091 sec
09:29:39.995 [JavaFX Application Thread] DEBUG Input                - Clearing active input actions
09:29:39.995 [JavaFX Application Thread] DEBUG AssetLoader          - Loading from disk: /assets/ui/css/fxgl_dark.css
09:29:40.009 [JavaFX Application Thread] DEBUG AppStateMachine      - LoadingState -> PlayState
09:29:50.554 [JavaFX Application Thread] DEBUG FXGL                 - Exiting FXGL
09:29:50.554 [JavaFX Application Thread] DEBUG MenuEventHandler     - Creating default profile
09:29:50.554 [JavaFX Application Thread] DEBUG EventBus             - Firing event: SaveEvent
09:29:50.554 [JavaFX Application Thread] DEBUG AudioPlayer          - Saving data to profile
09:29:50.554 [JavaFX Application Thread] DEBUG Bundle               - Logging bundle: audio
09:29:50.555 [JavaFX Application Thread] DEBUG Bundle               - audio.musicVolume=0.5
09:29:50.555 [JavaFX Application Thread] DEBUG Bundle               - audio.soundVolume=0.5
09:29:50.555 [JavaFX Application Thread] DEBUG Input                - Saving data to profile
09:29:50.555 [JavaFX Application Thread] DEBUG Bundle               - Logging bundle: input
09:29:50.555 [JavaFX Application Thread] DEBUG Bundle               - input.Move Right=D
09:29:50.555 [JavaFX Application Thread] DEBUG Bundle               - input.Move Down(Player 2)=Down
09:29:50.555 [JavaFX Application Thread] DEBUG Bundle               - input.Restart=CTRL+R
09:29:50.555 [JavaFX Application Thread] DEBUG Bundle               - input.Move Up=W
09:29:50.555 [JavaFX Application Thread] DEBUG Bundle               - input.Dev Options=CTRL+0
09:29:50.555 [JavaFX Application Thread] DEBUG Bundle               - input.Move Left=A
09:29:50.555 [JavaFX Application Thread] DEBUG Bundle               - input.Move Up (Player 2)=Up
09:29:50.556 [JavaFX Application Thread] DEBUG Bundle               - input.Move Right (Player2)=Right
09:29:50.556 [JavaFX Application Thread] DEBUG Bundle               - input.Siiiiiii=F
09:29:50.556 [JavaFX Application Thread] DEBUG Bundle               - input.Move Left (Player2)=Left
09:29:50.556 [JavaFX Application Thread] DEBUG Bundle               - input.Screenshot=P
09:29:50.556 [JavaFX Application Thread] DEBUG Bundle               - input.System info dump=CTRL+9
09:29:50.556 [JavaFX Application Thread] DEBUG Bundle               - input.Move Down=S
09:29:50.556 [JavaFX Application Thread] DEBUG Bundle               - Logging bundle: gameplayStats
09:29:50.556 [JavaFX Application Thread] DEBUG Bundle               - gameplayStats.playtime=1053346120276
09:29:50.556 [JavaFX Application Thread] DEBUG AchievementManager   - Saving data to profile
09:29:50.556 [JavaFX Application Thread] DEBUG Bundle               - Logging bundle: achievement
09:29:50.557 [JavaFX Application Thread] DEBUG SaveLoadManager      - Saving profile: Mads
09:29:50.559 [JavaFX Application Thread] DEBUG DesktopFSService     - Writing to: .\profiles\Mads\user.profile
09:29:50.563 [JavaFX Application Thread] DEBUG FXGL                 - Shutting down background threads
09:29:50.564 [JavaFX Application Thread] DEBUG FXGL                 - Saving FXGL system data
09:29:50.565 [JavaFX Application Thread] DEBUG DesktopFSService     - Writing to: system\fxgl.bundle
09:29:50.567 [JavaFX Application Thread] DEBUG FXGL                 - Closing logger and exiting JavaFX
