10:08:51.493 [JavaFX Application Thread] DEBUG GameApplication      - Logger initialized
10:08:51.540 [JavaFX Application Thread] DEBUG GameApplication      - Logging settings
Title: SlimeSoccer2000
Version: 0.1
Width: 1200
Height: 600
Fullscreen: false
Intro: false
Menus: true
Profiling: false
Single step:false
App Mode: DEVELOPER
Menu Key: M
Stage Style: DECORATED
Scene Factory: class com.almasb.fxgl.scene.SceneFactory
Dialog Factory: class com.almasb.fxgl.ui.FXGLDialogFactory
UI Factory: class com.almasb.fxgl.ui.FXGLUIFactory
Notification Service: class com.almasb.fxgl.gameplay.notification.XboxNotificationView
Exception Handler: class com.almasb.fxgl.app.FXGLExceptionHandler
10:08:51.541 [JavaFX Application Thread] DEBUG GameApplication      - Starting FXGL
10:08:51.572 [JavaFX Application Thread] INFO  FXGL                 - FXGL-0.5.4 on DESKTOP
10:08:51.573 [JavaFX Application Thread] INFO  FXGL                 - Source code and latest versions at: https://github.com/AlmasB/FXGL
10:08:51.574 [JavaFX Application Thread] INFO  FXGL                 -              Join the FXGL chat at: https://gitter.im/AlmasB/FXGL
10:08:51.575 [JavaFX Application Thread] DEBUG FXGL                 - FXGL started
10:08:51.575 [JavaFX Application Thread] DEBUG FXGL                 - Initializing FXGL
10:08:51.687 [JavaFX Application Thread] DEBUG AssetLoader          - Loading from disk: /assets/ui/cursors/fxgl_default.png
10:08:51.922 [JavaFX Application Thread] DEBUG AssetLoader          - Loading from disk: /assets/ui/fonts/VarelaRound-Regular.ttf
10:08:52.647 [JavaFX Application Thread] DEBUG MainWindow           - Creating a JavaFX scene
10:08:52.738 [JavaFX Application Thread] DEBUG MainWindow           - Target settings size: 1200.0 x 600.0
10:08:52.738 [JavaFX Application Thread] DEBUG MainWindow           - Scaled scene size:    1200.0 x 600.0
10:08:52.739 [JavaFX Application Thread] DEBUG MainWindow           - Scaled ratio: (1.0, 1.0)
10:08:52.746 [JavaFX Application Thread] DEBUG AssetLoader          - Loading from disk: /assets/ui/css/fxgl_dark.css
10:08:52.756 [JavaFX Application Thread] DEBUG AssetLoader          - Loading from disk: /assets/textures/fxgl_icon.png
10:08:52.819 [JavaFX Application Thread] DEBUG MainWindow           - Opening main window
10:08:53.113 [JavaFX Application Thread] DEBUG MainWindow           - Window border size: (14.4000244140625, 37.5999755859375)
10:08:53.113 [JavaFX Application Thread] DEBUG MainWindow           - Scaled size: 1200.0 x 600.0
10:08:53.114 [JavaFX Application Thread] DEBUG MainWindow           - Scaled ratio: (1.0, 1.0)
10:08:53.115 [JavaFX Application Thread] DEBUG MainWindow           - Scene size: 1200.0 x 600.0
10:08:53.115 [JavaFX Application Thread] DEBUG MainWindow           - Stage size: 1214.4000244140625 x 637.5999755859375
10:08:53.269 [ForkJoinPool.commonPool-worker-9] DEBUG FS                   - Loaded DesktopFSService
10:08:53.270 [ForkJoinPool.commonPool-worker-9] DEBUG FXGL                 - Loading FXGL system data
10:08:53.284 [ForkJoinPool.commonPool-worker-9] DEBUG DesktopFSService     - Reading from: system\fxgl.bundle
10:08:53.311 [ForkJoinPool.commonPool-worker-9] DEBUG Bundle               - Logging bundle: FXGL
10:08:53.313 [ForkJoinPool.commonPool-worker-9] DEBUG Bundle               - FXGL.offline.timer.version.check=2019-01-15T09:28:22.000785300
10:08:53.316 [ForkJoinPool.commonPool-worker-9] DEBUG FXGL                 - Initializing state machine and application states
10:08:53.320 [ForkJoinPool.commonPool-worker-9] DEBUG AssetLoader          - Loading from disk: /assets/ui/cursors/fxgl_default.png
10:08:53.347 [ForkJoinPool.commonPool-worker-9] DEBUG AssetLoader          - Loading from disk: /assets/ui/cursors/fxgl_default.png
10:08:53.379 [ForkJoinPool.commonPool-worker-9] DEBUG AssetLoader          - Loading from cache: /assets/ui/fonts/VarelaRound-Regular.ttf
10:08:53.387 [ForkJoinPool.commonPool-worker-9] DEBUG AssetLoader          - Loading from disk: /assets/ui/cursors/fxgl_default.png
10:08:53.394 [ForkJoinPool.commonPool-worker-9] DEBUG GameScene            - Game scene initialized: 1200x600
10:08:53.409 [ForkJoinPool.commonPool-worker-9] DEBUG GameWorld            - Game world initialized
10:08:53.571 [ForkJoinPool.commonPool-worker-9] DEBUG PhysicsWorld         - Physics world initialized: appHeight=600, physics.ppm=50,0
10:08:53.657 [ForkJoinPool.commonPool-worker-9] DEBUG AssetLoader          - Loading from disk: /assets/ui/cursors/fxgl_default.png
10:08:53.666 [ForkJoinPool.commonPool-worker-9] DEBUG AssetLoader          - Loading from disk: /assets/properties/languages/english.properties
10:08:53.670 [ForkJoinPool.commonPool-worker-9] DEBUG AssetLoader          - Loading from cache: /assets/ui/fonts/VarelaRound-Regular.ttf
10:08:53.672 [ForkJoinPool.commonPool-worker-9] DEBUG AssetLoader          - Loading from cache: /assets/ui/fonts/VarelaRound-Regular.ttf
10:08:53.672 [ForkJoinPool.commonPool-worker-9] DEBUG AssetLoader          - Loading from cache: /assets/ui/fonts/VarelaRound-Regular.ttf
10:08:53.710 [ForkJoinPool.commonPool-worker-9] DEBUG AssetLoader          - Loading from disk: /assets/textures/particles/trace_horizontal.png
10:08:53.781 [ForkJoinPool.commonPool-worker-9] DEBUG AssetLoader          - Loading from cache: /assets/ui/fonts/VarelaRound-Regular.ttf
10:08:53.784 [ForkJoinPool.commonPool-worker-9] DEBUG FXGL.Menu            - createMenuBodyMainMenu()
10:08:53.798 [ForkJoinPool.commonPool-worker-9] DEBUG AssetLoader          - Loading from cache: /assets/ui/fonts/VarelaRound-Regular.ttf
10:08:53.809 [ForkJoinPool.commonPool-worker-9] DEBUG AssetLoader          - Loading from cache: /assets/properties/languages/english.properties
10:08:53.814 [ForkJoinPool.commonPool-worker-9] DEBUG AssetLoader          - Loading from cache: /assets/ui/fonts/VarelaRound-Regular.ttf
10:08:53.815 [ForkJoinPool.commonPool-worker-9] DEBUG AssetLoader          - Loading from cache: /assets/properties/languages/english.properties
10:08:53.816 [ForkJoinPool.commonPool-worker-9] DEBUG FXGL.Menu            - createOptionsMenu()
10:08:53.817 [ForkJoinPool.commonPool-worker-9] DEBUG AssetLoader          - Loading from cache: /assets/ui/fonts/VarelaRound-Regular.ttf
10:08:53.818 [ForkJoinPool.commonPool-worker-9] DEBUG AssetLoader          - Loading from cache: /assets/properties/languages/english.properties
10:08:53.821 [ForkJoinPool.commonPool-worker-9] DEBUG AssetLoader          - Loading from cache: /assets/ui/fonts/VarelaRound-Regular.ttf
10:08:53.822 [ForkJoinPool.commonPool-worker-9] DEBUG AssetLoader          - Loading from cache: /assets/properties/languages/english.properties
10:08:53.824 [ForkJoinPool.commonPool-worker-9] DEBUG AssetLoader          - Loading from cache: /assets/ui/fonts/VarelaRound-Regular.ttf
10:08:53.824 [ForkJoinPool.commonPool-worker-9] DEBUG AssetLoader          - Loading from cache: /assets/properties/languages/english.properties
10:08:53.826 [ForkJoinPool.commonPool-worker-9] DEBUG AssetLoader          - Loading from cache: /assets/ui/fonts/VarelaRound-Regular.ttf
10:08:53.826 [ForkJoinPool.commonPool-worker-9] DEBUG AssetLoader          - Loading from cache: /assets/properties/languages/english.properties
10:08:53.829 [ForkJoinPool.commonPool-worker-9] DEBUG AssetLoader          - Loading from cache: /assets/ui/fonts/VarelaRound-Regular.ttf
10:08:53.830 [ForkJoinPool.commonPool-worker-9] DEBUG AssetLoader          - Loading from cache: /assets/properties/languages/english.properties
10:08:53.835 [ForkJoinPool.commonPool-worker-9] DEBUG AssetLoader          - Loading from cache: /assets/ui/fonts/VarelaRound-Regular.ttf
10:08:53.835 [ForkJoinPool.commonPool-worker-9] DEBUG AssetLoader          - Loading from cache: /assets/properties/languages/english.properties
10:08:53.838 [ForkJoinPool.commonPool-worker-9] DEBUG AssetLoader          - Loading from cache: /assets/ui/fonts/VarelaRound-Regular.ttf
10:08:53.839 [ForkJoinPool.commonPool-worker-9] DEBUG AssetLoader          - Loading from cache: /assets/properties/languages/english.properties
10:08:53.841 [ForkJoinPool.commonPool-worker-9] DEBUG AssetLoader          - Loading from cache: /assets/ui/fonts/VarelaRound-Regular.ttf
10:08:53.841 [ForkJoinPool.commonPool-worker-9] DEBUG AssetLoader          - Loading from cache: /assets/properties/languages/english.properties
10:08:53.843 [ForkJoinPool.commonPool-worker-9] DEBUG AssetLoader          - Loading from disk: /assets/textures/particles/smoke.png
10:08:53.993 [ForkJoinPool.commonPool-worker-9] DEBUG AssetLoader          - Loading from disk: /assets/ui/cursors/fxgl_default.png
10:08:53.997 [ForkJoinPool.commonPool-worker-9] DEBUG AssetLoader          - Loading from cache: /assets/properties/languages/english.properties
10:08:53.998 [ForkJoinPool.commonPool-worker-9] DEBUG AssetLoader          - Loading from cache: /assets/ui/fonts/VarelaRound-Regular.ttf
10:08:54.000 [ForkJoinPool.commonPool-worker-9] DEBUG AssetLoader          - Loading from cache: /assets/ui/fonts/VarelaRound-Regular.ttf
10:08:54.001 [ForkJoinPool.commonPool-worker-9] DEBUG AssetLoader          - Loading from cache: /assets/ui/fonts/VarelaRound-Regular.ttf
10:08:54.002 [ForkJoinPool.commonPool-worker-9] DEBUG AssetLoader          - Loading from cache: /assets/textures/particles/trace_horizontal.png@64.0x64.0
10:08:54.004 [ForkJoinPool.commonPool-worker-9] DEBUG AssetLoader          - Loading from cache: /assets/ui/fonts/VarelaRound-Regular.ttf
10:08:54.004 [ForkJoinPool.commonPool-worker-9] DEBUG FXGL.Menu            - createMenuBodyGameMenu()
10:08:54.005 [ForkJoinPool.commonPool-worker-9] DEBUG AssetLoader          - Loading from cache: /assets/ui/fonts/VarelaRound-Regular.ttf
10:08:54.006 [ForkJoinPool.commonPool-worker-9] DEBUG AssetLoader          - Loading from cache: /assets/properties/languages/english.properties
10:08:54.007 [ForkJoinPool.commonPool-worker-9] DEBUG AssetLoader          - Loading from cache: /assets/ui/fonts/VarelaRound-Regular.ttf
10:08:54.008 [ForkJoinPool.commonPool-worker-9] DEBUG AssetLoader          - Loading from cache: /assets/properties/languages/english.properties
10:08:54.009 [ForkJoinPool.commonPool-worker-9] DEBUG FXGL.Menu            - createOptionsMenu()
10:08:54.010 [ForkJoinPool.commonPool-worker-9] DEBUG AssetLoader          - Loading from cache: /assets/ui/fonts/VarelaRound-Regular.ttf
10:08:54.010 [ForkJoinPool.commonPool-worker-9] DEBUG AssetLoader          - Loading from cache: /assets/properties/languages/english.properties
10:08:54.011 [ForkJoinPool.commonPool-worker-9] DEBUG AssetLoader          - Loading from cache: /assets/ui/fonts/VarelaRound-Regular.ttf
10:08:54.011 [ForkJoinPool.commonPool-worker-9] DEBUG AssetLoader          - Loading from cache: /assets/properties/languages/english.properties
10:08:54.013 [ForkJoinPool.commonPool-worker-9] DEBUG AssetLoader          - Loading from cache: /assets/ui/fonts/VarelaRound-Regular.ttf
10:08:54.013 [ForkJoinPool.commonPool-worker-9] DEBUG AssetLoader          - Loading from cache: /assets/properties/languages/english.properties
10:08:54.015 [ForkJoinPool.commonPool-worker-9] DEBUG AssetLoader          - Loading from cache: /assets/ui/fonts/VarelaRound-Regular.ttf
10:08:54.017 [ForkJoinPool.commonPool-worker-9] DEBUG AssetLoader          - Loading from cache: /assets/properties/languages/english.properties
10:08:54.018 [ForkJoinPool.commonPool-worker-9] DEBUG AssetLoader          - Loading from cache: /assets/ui/fonts/VarelaRound-Regular.ttf
10:08:54.018 [ForkJoinPool.commonPool-worker-9] DEBUG AssetLoader          - Loading from cache: /assets/properties/languages/english.properties
10:08:54.020 [ForkJoinPool.commonPool-worker-9] DEBUG AssetLoader          - Loading from cache: /assets/ui/fonts/VarelaRound-Regular.ttf
10:08:54.021 [ForkJoinPool.commonPool-worker-9] DEBUG AssetLoader          - Loading from cache: /assets/properties/languages/english.properties
10:08:54.022 [ForkJoinPool.commonPool-worker-9] DEBUG AssetLoader          - Loading from cache: /assets/ui/fonts/VarelaRound-Regular.ttf
10:08:54.023 [ForkJoinPool.commonPool-worker-9] DEBUG AssetLoader          - Loading from cache: /assets/properties/languages/english.properties
10:08:54.025 [ForkJoinPool.commonPool-worker-9] DEBUG AssetLoader          - Loading from cache: /assets/textures/particles/smoke.png@128.0x128.0
10:08:54.206 [JavaFX Application Thread] DEBUG FXGL                 - Running preInit()
10:08:54.252 [JavaFX Application Thread] DEBUG Input                - Registered new binding: Screenshot - P
10:08:54.253 [JavaFX Application Thread] DEBUG Input                - Registered new binding: Dev Options - CTRL+0
10:08:54.254 [JavaFX Application Thread] DEBUG Input                - Registered new binding: System info dump - CTRL+9
10:08:54.256 [JavaFX Application Thread] DEBUG Input                - Registered new binding: Restart - CTRL+R
10:08:54.256 [JavaFX Application Thread] DEBUG Input                - Registered new binding: Move Right - D
10:08:54.257 [JavaFX Application Thread] DEBUG Input                - Registered new binding: Move Left - A
10:08:54.257 [JavaFX Application Thread] DEBUG Input                - Registered new binding: Move Up - W
10:08:54.257 [JavaFX Application Thread] DEBUG Input                - Registered new binding: Move Down - S
10:08:54.258 [JavaFX Application Thread] DEBUG Input                - Registered new binding: Celebrate - F
10:08:54.259 [JavaFX Application Thread] DEBUG Input                - Registered new binding: Move Right (Player2) - Right
10:08:54.259 [JavaFX Application Thread] DEBUG Input                - Registered new binding: Move Left (Player2) - Left
10:08:54.259 [JavaFX Application Thread] DEBUG Input                - Registered new binding: Move Up (Player 2) - Up
10:08:54.260 [JavaFX Application Thread] DEBUG Input                - Registered new binding: Move Down(Player 2) - Down
10:08:54.261 [JavaFX Application Thread] DEBUG MenuEventHandler     - generateDefaultProfile()
10:08:54.261 [JavaFX Application Thread] DEBUG MenuEventHandler     - Creating default profile
10:08:54.263 [JavaFX Application Thread] DEBUG EventBus             - Firing event: SaveEvent
10:08:54.266 [JavaFX Application Thread] DEBUG AudioPlayer          - Saving data to profile
10:08:54.267 [JavaFX Application Thread] DEBUG Bundle               - Logging bundle: audio
10:08:54.267 [JavaFX Application Thread] DEBUG Bundle               - audio.musicVolume=0.5
10:08:54.267 [JavaFX Application Thread] DEBUG Bundle               - audio.soundVolume=0.5
10:08:54.268 [JavaFX Application Thread] DEBUG Input                - Saving data to profile
10:08:54.268 [JavaFX Application Thread] DEBUG Bundle               - Logging bundle: input
10:08:54.268 [JavaFX Application Thread] DEBUG Bundle               - input.Move Right=D
10:08:54.268 [JavaFX Application Thread] DEBUG Bundle               - input.Move Down(Player 2)=Down
10:08:54.269 [JavaFX Application Thread] DEBUG Bundle               - input.Restart=CTRL+R
10:08:54.269 [JavaFX Application Thread] DEBUG Bundle               - input.Move Up=W
10:08:54.269 [JavaFX Application Thread] DEBUG Bundle               - input.Dev Options=CTRL+0
10:08:54.269 [JavaFX Application Thread] DEBUG Bundle               - input.Move Left=A
10:08:54.269 [JavaFX Application Thread] DEBUG Bundle               - input.Move Up (Player 2)=Up
10:08:54.270 [JavaFX Application Thread] DEBUG Bundle               - input.Move Right (Player2)=Right
10:08:54.270 [JavaFX Application Thread] DEBUG Bundle               - input.Move Left (Player2)=Left
10:08:54.270 [JavaFX Application Thread] DEBUG Bundle               - input.Celebrate=F
10:08:54.270 [JavaFX Application Thread] DEBUG Bundle               - input.Screenshot=P
10:08:54.271 [JavaFX Application Thread] DEBUG Bundle               - input.System info dump=CTRL+9
10:08:54.271 [JavaFX Application Thread] DEBUG Bundle               - input.Move Down=S
10:08:54.284 [JavaFX Application Thread] DEBUG Bundle               - Logging bundle: gameplayStats
10:08:54.284 [JavaFX Application Thread] DEBUG Bundle               - gameplayStats.playtime=0
10:08:54.287 [JavaFX Application Thread] DEBUG AchievementManager   - Saving data to profile
10:08:54.288 [JavaFX Application Thread] DEBUG Bundle               - Logging bundle: achievement
10:08:54.291 [JavaFX Application Thread] INFO  FXGL                 - FXGL initialization took: 2,714 sec
10:08:54.291 [JavaFX Application Thread] DEBUG LoopRunner           - Starting loop
10:08:54.296 [JavaFX Application Thread] DEBUG StartupState         - STARTUP
10:08:54.296 [JavaFX Application Thread] DEBUG Input                - Clearing active input actions
10:08:54.299 [JavaFX Application Thread] DEBUG AssetLoader          - Loading from disk: /assets/ui/css/fxgl_dark.css
10:08:54.338 [JavaFX Application Thread] DEBUG AppStateMachine      - StartupState -> MainMenuState
10:08:54.349 [JavaFX Application Thread] DEBUG AssetLoader          - Loading from cache: /assets/properties/languages/english.properties
10:08:54.350 [JavaFX Application Thread] DEBUG AssetLoader          - Loading from cache: /assets/ui/fonts/VarelaRound-Regular.ttf
10:08:54.350 [JavaFX Application Thread] DEBUG AssetLoader          - Loading from cache: /assets/properties/languages/english.properties
10:08:54.351 [JavaFX Application Thread] DEBUG AssetLoader          - Loading from cache: /assets/ui/fonts/VarelaRound-Regular.ttf
10:08:54.352 [JavaFX Application Thread] DEBUG AssetLoader          - Loading from cache: /assets/properties/languages/english.properties
10:08:54.352 [JavaFX Application Thread] DEBUG AssetLoader          - Loading from cache: /assets/ui/fonts/VarelaRound-Regular.ttf
10:08:54.357 [JavaFX Application Thread] DEBUG SaveLoadManager      - Checking profiles dir: profiles/
10:08:54.358 [JavaFX Application Thread] DEBUG SaveLoadManager      - Loading profile names
10:08:54.362 [JavaFX Application Thread] DEBUG AssetLoader          - Loading from cache: /assets/properties/languages/english.properties
10:08:54.365 [JavaFX Application Thread] DEBUG AssetLoader          - Loading from cache: /assets/ui/fonts/VarelaRound-Regular.ttf
10:08:54.367 [JavaFX Application Thread] DEBUG AssetLoader          - Loading from cache: /assets/ui/fonts/VarelaRound-Regular.ttf
10:08:54.368 [JavaFX Application Thread] DEBUG AppStateMachine      - Push state: DialogSubState
10:08:54.368 [JavaFX Application Thread] DEBUG Input                - Clearing active input actions
10:08:54.368 [JavaFX Application Thread] DEBUG AppStateMachine      - MainMenuState -> DialogSubState
10:08:54.593 [JavaFX Application Thread] DEBUG AppStateMachine      - Pop state: DialogSubState
10:08:54.594 [JavaFX Application Thread] DEBUG Input                - Clearing active input actions
10:08:54.596 [JavaFX Application Thread] DEBUG AppStateMachine      - MainMenuState <- DialogSubState
10:08:54.597 [JavaFX Application Thread] DEBUG AssetLoader          - Loading from cache: /assets/properties/languages/english.properties
10:08:54.599 [JavaFX Application Thread] DEBUG AssetLoader          - Loading from cache: /assets/ui/fonts/VarelaRound-Regular.ttf
10:08:54.600 [JavaFX Application Thread] DEBUG AssetLoader          - Loading from cache: /assets/ui/fonts/VarelaRound-Regular.ttf
10:08:54.601 [JavaFX Application Thread] DEBUG AppStateMachine      - Push state: DialogSubState
10:08:54.601 [JavaFX Application Thread] DEBUG Input                - Clearing active input actions
10:08:54.601 [JavaFX Application Thread] DEBUG AppStateMachine      - MainMenuState -> DialogSubState
10:08:55.510 [JavaFX Application Thread] DEBUG AppStateMachine      - Pop state: DialogSubState
10:08:55.510 [JavaFX Application Thread] DEBUG Input                - Clearing active input actions
10:08:55.512 [JavaFX Application Thread] DEBUG AppStateMachine      - MainMenuState <- DialogSubState
10:08:55.513 [JavaFX Application Thread] DEBUG SaveLoadManager      - Loading profile: Mads
10:08:55.525 [JavaFX Application Thread] DEBUG AssetLoader          - Loading from cache: /assets/properties/languages/english.properties
10:08:55.526 [JavaFX Application Thread] DEBUG AssetLoader          - Loading from cache: /assets/ui/fonts/VarelaRound-Regular.ttf
10:08:55.527 [JavaFX Application Thread] DEBUG AssetLoader          - Loading from cache: /assets/ui/fonts/VarelaRound-Regular.ttf
10:08:55.527 [JavaFX Application Thread] DEBUG AppStateMachine      - Push state: DialogSubState
10:08:55.528 [JavaFX Application Thread] DEBUG Input                - Clearing active input actions
10:08:55.528 [JavaFX Application Thread] DEBUG AppStateMachine      - MainMenuState -> DialogSubState
10:08:55.534 [FXGL Background Thread 1 ] DEBUG DesktopFSService     - Reading from: .\profiles\Mads\user.profile
10:08:55.563 [JavaFX Application Thread] DEBUG AppStateMachine      - Pop state: DialogSubState
10:08:55.563 [JavaFX Application Thread] DEBUG Input                - Clearing active input actions
10:08:55.566 [JavaFX Application Thread] DEBUG AppStateMachine      - MainMenuState <- DialogSubState
10:08:55.566 [JavaFX Application Thread] DEBUG EventBus             - Firing event: LoadEvent[type=LOAD_PROFILE]
10:08:55.567 [JavaFX Application Thread] DEBUG AudioPlayer          - Loading data from profile
10:08:55.567 [JavaFX Application Thread] DEBUG Bundle               - Logging bundle: audio
10:08:55.567 [JavaFX Application Thread] DEBUG Bundle               - audio.musicVolume=0.5
10:08:55.567 [JavaFX Application Thread] DEBUG Bundle               - audio.soundVolume=0.5
10:08:55.568 [JavaFX Application Thread] DEBUG Input                - Loading data from profile
10:08:55.568 [JavaFX Application Thread] DEBUG Bundle               - Logging bundle: input
10:08:55.568 [JavaFX Application Thread] DEBUG Bundle               - input.Move Right=D
10:08:55.568 [JavaFX Application Thread] DEBUG Bundle               - input.Move Down(Player 2)=Down
10:08:55.568 [JavaFX Application Thread] DEBUG Bundle               - input.Restart=CTRL+R
10:08:55.569 [JavaFX Application Thread] DEBUG Bundle               - input.Move Up=W
10:08:55.569 [JavaFX Application Thread] DEBUG Bundle               - input.Dev Options=CTRL+0
10:08:55.569 [JavaFX Application Thread] DEBUG Bundle               - input.Move Left=A
10:08:55.569 [JavaFX Application Thread] DEBUG Bundle               - input.Move Up (Player 2)=Up
10:08:55.569 [JavaFX Application Thread] DEBUG Bundle               - input.Move Right (Player2)=Right
10:08:55.569 [JavaFX Application Thread] DEBUG Bundle               - input.Move Left (Player2)=Left
10:08:55.570 [JavaFX Application Thread] DEBUG Bundle               - input.Celebrate=F
10:08:55.570 [JavaFX Application Thread] DEBUG Bundle               - input.Screenshot=P
10:08:55.570 [JavaFX Application Thread] DEBUG Bundle               - input.System info dump=CTRL+9
10:08:55.570 [JavaFX Application Thread] DEBUG Bundle               - input.Move Down=S
10:08:55.573 [JavaFX Application Thread] DEBUG Bundle               - Logging bundle: gameplayStats
10:08:55.573 [JavaFX Application Thread] DEBUG Bundle               - gameplayStats.playtime=1134975490377
10:08:55.573 [JavaFX Application Thread] DEBUG AchievementManager   - Loading data from profile
10:08:55.573 [JavaFX Application Thread] DEBUG Bundle               - Logging bundle: achievement
10:08:55.573 [JavaFX Application Thread] DEBUG AssetLoader          - Loading from cache: /assets/properties/languages/english.properties
10:08:55.574 [JavaFX Application Thread] DEBUG AssetLoader          - Loading from cache: /assets/ui/fonts/VarelaRound-Regular.ttf
10:08:55.575 [JavaFX Application Thread] DEBUG AssetLoader          - Loading from cache: /assets/properties/languages/english.properties
10:08:55.575 [JavaFX Application Thread] DEBUG AssetLoader          - Loading from cache: /assets/ui/fonts/VarelaRound-Regular.ttf
10:08:55.576 [JavaFX Application Thread] DEBUG SaveLoadManager      - Loading last modified save file
10:08:55.576 [JavaFX Application Thread] DEBUG SaveLoadManager      - Loading save files
10:08:55.581 [JavaFX Application Thread] DEBUG AssetLoader          - Loading from cache: /assets/properties/languages/english.properties
10:08:55.582 [JavaFX Application Thread] DEBUG AssetLoader          - Loading from cache: /assets/ui/fonts/VarelaRound-Regular.ttf
10:08:55.583 [JavaFX Application Thread] DEBUG AssetLoader          - Loading from cache: /assets/ui/fonts/VarelaRound-Regular.ttf
10:08:55.583 [JavaFX Application Thread] DEBUG AppStateMachine      - Push state: DialogSubState
10:08:55.583 [JavaFX Application Thread] DEBUG Input                - Clearing active input actions
10:08:55.583 [JavaFX Application Thread] DEBUG AppStateMachine      - MainMenuState -> DialogSubState
10:08:55.612 [JavaFX Application Thread] DEBUG AppStateMachine      - Pop state: DialogSubState
10:08:55.613 [JavaFX Application Thread] DEBUG Input                - Clearing active input actions
10:08:55.615 [JavaFX Application Thread] DEBUG AppStateMachine      - MainMenuState <- DialogSubState
10:08:55.654 [JavaFX Application Thread] DEBUG AssetLoader          - Loading from cache: /assets/sounds/menu/select.wav
10:08:55.737 [JavaFX Application Thread] DEBUG AssetLoader          - Loading from cache: /assets/sounds/menu/select.wav
10:08:56.091 [JavaFX Application Thread] DEBUG FXGL.Menu            - fireNewGame()
10:08:56.091 [JavaFX Application Thread] DEBUG GameApplication      - Starting new game
10:08:56.092 [JavaFX Application Thread] DEBUG Input                - Clearing active input actions
10:08:56.092 [JavaFX Application Thread] DEBUG AssetLoader          - Loading from disk: /assets/ui/css/fxgl_dark.css
10:08:56.121 [JavaFX Application Thread] DEBUG AppStateMachine      - MainMenuState -> LoadingState
10:08:56.125 [FXGL Background Thread 1 ] DEBUG InitAppTask          - Clearing previous game
10:08:56.125 [FXGL Background Thread 1 ] DEBUG GameWorld            - Clearing game world
10:08:56.125 [FXGL Background Thread 1 ] DEBUG PhysicsWorld         - Clearing physics world
10:08:56.125 [FXGL Background Thread 1 ] DEBUG GameScene            - Clearing game scene
10:08:56.128 [FXGL Background Thread 1 ] DEBUG InitAppTask          - Initializing Game
10:08:56.181 [FXGL Background Thread 1 ] DEBUG AssetLoader          - Loading from disk: /assets/textures/background1.png
10:08:56.271 [FXGL Background Thread 1 ] DEBUG GameScene            - Creating render group for layer: DEFAULT(100000)
10:08:56.274 [FXGL Background Thread 1 ] DEBUG AssetLoader          - Loading from disk: /assets/textures/slime1.png
10:08:56.286 [FXGL Background Thread 1 ] DEBUG AssetLoader          - Loading from disk: /assets/textures/slime2.png
10:08:56.293 [FXGL Background Thread 1 ] DEBUG AssetLoader          - Loading from disk: /assets/textures/ball.png
10:08:56.298 [FXGL Background Thread 1 ] DEBUG AssetLoader          - Loading from disk: /assets/textures/bottomline.png
10:08:56.304 [FXGL Background Thread 1 ] DEBUG InitAppTask          - Initializing Physics
10:08:56.305 [FXGL Background Thread 1 ] DEBUG InitAppTask          - Initializing UI
10:08:56.308 [FXGL Background Thread 1 ] DEBUG InitAppTask          - Initialization Complete
10:08:56.308 [FXGL Background Thread 1 ] INFO  InitAppTask          - Game initialization took: 0,183 sec
10:08:56.313 [JavaFX Application Thread] DEBUG Input                - Clearing active input actions
10:08:56.313 [JavaFX Application Thread] DEBUG AssetLoader          - Loading from disk: /assets/ui/css/fxgl_dark.css
10:08:56.333 [JavaFX Application Thread] DEBUG AppStateMachine      - LoadingState -> PlayState
10:09:25.863 [JavaFX Application Thread] DEBUG AssetLoader          - Loading from cache: /assets/sounds/siii.wav
10:09:26.545 [JavaFX Application Thread] DEBUG AssetLoader          - Loading from cache: /assets/sounds/siii.wav
10:09:28.468 [JavaFX Application Thread] DEBUG AssetLoader          - Loading from cache: /assets/sounds/siii.wav
10:09:58.411 [JavaFX Application Thread] DEBUG FXGL                 - Exiting FXGL
10:09:58.412 [JavaFX Application Thread] DEBUG MenuEventHandler     - Creating default profile
10:09:58.412 [JavaFX Application Thread] DEBUG EventBus             - Firing event: SaveEvent
10:09:58.412 [JavaFX Application Thread] DEBUG AudioPlayer          - Saving data to profile
10:09:58.412 [JavaFX Application Thread] DEBUG Bundle               - Logging bundle: audio
10:09:58.412 [JavaFX Application Thread] DEBUG Bundle               - audio.musicVolume=0.5
10:09:58.412 [JavaFX Application Thread] DEBUG Bundle               - audio.soundVolume=0.5
10:09:58.412 [JavaFX Application Thread] DEBUG Input                - Saving data to profile
10:09:58.413 [JavaFX Application Thread] DEBUG Bundle               - Logging bundle: input
10:09:58.413 [JavaFX Application Thread] DEBUG Bundle               - input.Move Right=D
10:09:58.413 [JavaFX Application Thread] DEBUG Bundle               - input.Move Down(Player 2)=Down
10:09:58.413 [JavaFX Application Thread] DEBUG Bundle               - input.Restart=CTRL+R
10:09:58.413 [JavaFX Application Thread] DEBUG Bundle               - input.Move Up=W
10:09:58.413 [JavaFX Application Thread] DEBUG Bundle               - input.Dev Options=CTRL+0
10:09:58.413 [JavaFX Application Thread] DEBUG Bundle               - input.Move Left=A
10:09:58.413 [JavaFX Application Thread] DEBUG Bundle               - input.Move Up (Player 2)=Up
10:09:58.413 [JavaFX Application Thread] DEBUG Bundle               - input.Move Right (Player2)=Right
10:09:58.414 [JavaFX Application Thread] DEBUG Bundle               - input.Move Left (Player2)=Left
10:09:58.414 [JavaFX Application Thread] DEBUG Bundle               - input.Celebrate=F
10:09:58.414 [JavaFX Application Thread] DEBUG Bundle               - input.Screenshot=P
10:09:58.414 [JavaFX Application Thread] DEBUG Bundle               - input.System info dump=CTRL+9
10:09:58.414 [JavaFX Application Thread] DEBUG Bundle               - input.Move Down=S
10:09:58.414 [JavaFX Application Thread] DEBUG Bundle               - Logging bundle: gameplayStats
10:09:58.414 [JavaFX Application Thread] DEBUG Bundle               - gameplayStats.playtime=1199671137226
10:09:58.414 [JavaFX Application Thread] DEBUG AchievementManager   - Saving data to profile
10:09:58.414 [JavaFX Application Thread] DEBUG Bundle               - Logging bundle: achievement
10:09:58.414 [JavaFX Application Thread] DEBUG SaveLoadManager      - Saving profile: Mads
10:09:58.420 [JavaFX Application Thread] DEBUG DesktopFSService     - Writing to: .\profiles\Mads\user.profile
10:09:58.427 [JavaFX Application Thread] DEBUG FXGL                 - Shutting down background threads
10:09:58.427 [JavaFX Application Thread] DEBUG FXGL                 - Saving FXGL system data
10:09:58.429 [JavaFX Application Thread] DEBUG DesktopFSService     - Writing to: system\fxgl.bundle
10:09:58.434 [JavaFX Application Thread] DEBUG FXGL                 - Closing logger and exiting JavaFX
