13:00:37.041 [JavaFX Application Thread] DEBUG GameApplication      - Logger initialized
13:00:37.094 [JavaFX Application Thread] DEBUG GameApplication      - Logging settings
Title: SlimeSoccer2000
Version: 0.1
Width: 1200
Height: 600
Fullscreen: false
Intro: false
Menus: true
Profiling: false
Single step:false
App Mode: DEVELOPER
Menu Key: M
Stage Style: DECORATED
Scene Factory: class com.almasb.fxgl.scene.SceneFactory
Dialog Factory: class com.almasb.fxgl.ui.FXGLDialogFactory
UI Factory: class com.almasb.fxgl.ui.FXGLUIFactory
Notification Service: class com.almasb.fxgl.gameplay.notification.XboxNotificationView
Exception Handler: class com.almasb.fxgl.app.FXGLExceptionHandler
13:00:37.095 [JavaFX Application Thread] DEBUG GameApplication      - Starting FXGL
13:00:37.136 [JavaFX Application Thread] INFO  FXGL                 - FXGL-0.5.4 on DESKTOP
13:00:37.137 [JavaFX Application Thread] INFO  FXGL                 - Source code and latest versions at: https://github.com/AlmasB/FXGL
13:00:37.138 [JavaFX Application Thread] INFO  FXGL                 -              Join the FXGL chat at: https://gitter.im/AlmasB/FXGL
13:00:37.139 [JavaFX Application Thread] DEBUG FXGL                 - FXGL started
13:00:37.140 [JavaFX Application Thread] DEBUG FXGL                 - Initializing FXGL
13:00:37.278 [JavaFX Application Thread] DEBUG AssetLoader          - Loading from disk: /assets/ui/cursors/fxgl_default.png
13:00:37.568 [JavaFX Application Thread] DEBUG AssetLoader          - Loading from disk: /assets/ui/fonts/VarelaRound-Regular.ttf
13:00:38.435 [JavaFX Application Thread] DEBUG MainWindow           - Creating a JavaFX scene
13:00:38.543 [JavaFX Application Thread] DEBUG MainWindow           - Target settings size: 1200.0 x 600.0
13:00:38.544 [JavaFX Application Thread] DEBUG MainWindow           - Scaled scene size:    1200.0 x 600.0
13:00:38.544 [JavaFX Application Thread] DEBUG MainWindow           - Scaled ratio: (1.0, 1.0)
13:00:38.550 [JavaFX Application Thread] DEBUG AssetLoader          - Loading from disk: /assets/ui/css/fxgl_dark.css
13:00:38.562 [JavaFX Application Thread] DEBUG AssetLoader          - Loading from disk: /assets/textures/fxgl_icon.png
13:00:38.628 [JavaFX Application Thread] DEBUG MainWindow           - Opening main window
13:00:38.979 [JavaFX Application Thread] DEBUG MainWindow           - Window border size: (14.4000244140625, 37.5999755859375)
13:00:38.980 [JavaFX Application Thread] DEBUG MainWindow           - Scaled size: 1200.0 x 600.0
13:00:38.981 [JavaFX Application Thread] DEBUG MainWindow           - Scaled ratio: (1.0, 1.0)
13:00:38.982 [JavaFX Application Thread] DEBUG MainWindow           - Scene size: 1200.0 x 600.0
13:00:38.983 [JavaFX Application Thread] DEBUG MainWindow           - Stage size: 1214.4000244140625 x 637.5999755859375
13:00:39.131 [ForkJoinPool.commonPool-worker-9] DEBUG FS                   - Loaded DesktopFSService
13:00:39.133 [ForkJoinPool.commonPool-worker-9] DEBUG FXGL                 - Loading FXGL system data
13:00:39.148 [ForkJoinPool.commonPool-worker-9] DEBUG DesktopFSService     - Reading from: system\fxgl.bundle
13:00:39.180 [ForkJoinPool.commonPool-worker-9] DEBUG Bundle               - Logging bundle: FXGL
13:00:39.182 [ForkJoinPool.commonPool-worker-9] DEBUG Bundle               - FXGL.offline.timer.version.check=2019-01-07T14:44:13.971316
13:00:39.184 [ForkJoinPool.commonPool-worker-9] DEBUG FXGL                 - Initializing state machine and application states
13:00:39.192 [ForkJoinPool.commonPool-worker-9] DEBUG AssetLoader          - Loading from disk: /assets/ui/cursors/fxgl_default.png
13:00:39.222 [ForkJoinPool.commonPool-worker-9] DEBUG AssetLoader          - Loading from disk: /assets/ui/cursors/fxgl_default.png
13:00:39.244 [ForkJoinPool.commonPool-worker-9] DEBUG AssetLoader          - Loading from cache: /assets/ui/fonts/VarelaRound-Regular.ttf
13:00:39.253 [ForkJoinPool.commonPool-worker-9] DEBUG AssetLoader          - Loading from disk: /assets/ui/cursors/fxgl_default.png
13:00:39.261 [ForkJoinPool.commonPool-worker-9] DEBUG GameScene            - Game scene initialized: 1200x600
13:00:39.277 [ForkJoinPool.commonPool-worker-9] DEBUG GameWorld            - Game world initialized
13:00:39.427 [ForkJoinPool.commonPool-worker-9] DEBUG PhysicsWorld         - Physics world initialized: appHeight=600, physics.ppm=50,0
13:00:39.515 [ForkJoinPool.commonPool-worker-9] DEBUG AssetLoader          - Loading from disk: /assets/ui/cursors/fxgl_default.png
13:00:39.530 [ForkJoinPool.commonPool-worker-9] DEBUG AssetLoader          - Loading from disk: /assets/properties/languages/english.properties
13:00:39.537 [ForkJoinPool.commonPool-worker-9] DEBUG AssetLoader          - Loading from cache: /assets/ui/fonts/VarelaRound-Regular.ttf
13:00:39.540 [ForkJoinPool.commonPool-worker-9] DEBUG AssetLoader          - Loading from cache: /assets/ui/fonts/VarelaRound-Regular.ttf
13:00:39.541 [ForkJoinPool.commonPool-worker-9] DEBUG AssetLoader          - Loading from cache: /assets/ui/fonts/VarelaRound-Regular.ttf
13:00:39.575 [ForkJoinPool.commonPool-worker-9] DEBUG AssetLoader          - Loading from disk: /assets/textures/particles/trace_horizontal.png
13:00:39.667 [ForkJoinPool.commonPool-worker-9] DEBUG AssetLoader          - Loading from cache: /assets/ui/fonts/VarelaRound-Regular.ttf
13:00:39.671 [ForkJoinPool.commonPool-worker-9] DEBUG FXGL.Menu            - createMenuBodyMainMenu()
13:00:39.683 [ForkJoinPool.commonPool-worker-9] DEBUG AssetLoader          - Loading from cache: /assets/ui/fonts/VarelaRound-Regular.ttf
13:00:39.690 [ForkJoinPool.commonPool-worker-9] DEBUG AssetLoader          - Loading from cache: /assets/properties/languages/english.properties
13:00:39.697 [ForkJoinPool.commonPool-worker-9] DEBUG AssetLoader          - Loading from cache: /assets/ui/fonts/VarelaRound-Regular.ttf
13:00:39.698 [ForkJoinPool.commonPool-worker-9] DEBUG AssetLoader          - Loading from cache: /assets/properties/languages/english.properties
13:00:39.698 [ForkJoinPool.commonPool-worker-9] DEBUG FXGL.Menu            - createOptionsMenu()
13:00:39.699 [ForkJoinPool.commonPool-worker-9] DEBUG AssetLoader          - Loading from cache: /assets/ui/fonts/VarelaRound-Regular.ttf
13:00:39.700 [ForkJoinPool.commonPool-worker-9] DEBUG AssetLoader          - Loading from cache: /assets/properties/languages/english.properties
13:00:39.705 [ForkJoinPool.commonPool-worker-9] DEBUG AssetLoader          - Loading from cache: /assets/ui/fonts/VarelaRound-Regular.ttf
13:00:39.706 [ForkJoinPool.commonPool-worker-9] DEBUG AssetLoader          - Loading from cache: /assets/properties/languages/english.properties
13:00:39.709 [ForkJoinPool.commonPool-worker-9] DEBUG AssetLoader          - Loading from cache: /assets/ui/fonts/VarelaRound-Regular.ttf
13:00:39.709 [ForkJoinPool.commonPool-worker-9] DEBUG AssetLoader          - Loading from cache: /assets/properties/languages/english.properties
13:00:39.711 [ForkJoinPool.commonPool-worker-9] DEBUG AssetLoader          - Loading from cache: /assets/ui/fonts/VarelaRound-Regular.ttf
13:00:39.712 [ForkJoinPool.commonPool-worker-9] DEBUG AssetLoader          - Loading from cache: /assets/properties/languages/english.properties
13:00:39.713 [ForkJoinPool.commonPool-worker-9] DEBUG AssetLoader          - Loading from cache: /assets/ui/fonts/VarelaRound-Regular.ttf
13:00:39.714 [ForkJoinPool.commonPool-worker-9] DEBUG AssetLoader          - Loading from cache: /assets/properties/languages/english.properties
13:00:39.716 [ForkJoinPool.commonPool-worker-9] DEBUG AssetLoader          - Loading from cache: /assets/ui/fonts/VarelaRound-Regular.ttf
13:00:39.717 [ForkJoinPool.commonPool-worker-9] DEBUG AssetLoader          - Loading from cache: /assets/properties/languages/english.properties
13:00:39.721 [ForkJoinPool.commonPool-worker-9] DEBUG AssetLoader          - Loading from cache: /assets/ui/fonts/VarelaRound-Regular.ttf
13:00:39.722 [ForkJoinPool.commonPool-worker-9] DEBUG AssetLoader          - Loading from cache: /assets/properties/languages/english.properties
13:00:39.725 [ForkJoinPool.commonPool-worker-9] DEBUG AssetLoader          - Loading from cache: /assets/ui/fonts/VarelaRound-Regular.ttf
13:00:39.725 [ForkJoinPool.commonPool-worker-9] DEBUG AssetLoader          - Loading from cache: /assets/properties/languages/english.properties
13:00:39.727 [ForkJoinPool.commonPool-worker-9] DEBUG AssetLoader          - Loading from disk: /assets/textures/particles/smoke.png
13:00:39.906 [ForkJoinPool.commonPool-worker-9] DEBUG AssetLoader          - Loading from disk: /assets/ui/cursors/fxgl_default.png
13:00:39.910 [ForkJoinPool.commonPool-worker-9] DEBUG AssetLoader          - Loading from cache: /assets/properties/languages/english.properties
13:00:39.910 [ForkJoinPool.commonPool-worker-9] DEBUG AssetLoader          - Loading from cache: /assets/ui/fonts/VarelaRound-Regular.ttf
13:00:39.911 [ForkJoinPool.commonPool-worker-9] DEBUG AssetLoader          - Loading from cache: /assets/ui/fonts/VarelaRound-Regular.ttf
13:00:39.912 [ForkJoinPool.commonPool-worker-9] DEBUG AssetLoader          - Loading from cache: /assets/ui/fonts/VarelaRound-Regular.ttf
13:00:39.913 [ForkJoinPool.commonPool-worker-9] DEBUG AssetLoader          - Loading from cache: /assets/textures/particles/trace_horizontal.png@64.0x64.0
13:00:39.914 [ForkJoinPool.commonPool-worker-9] DEBUG AssetLoader          - Loading from cache: /assets/ui/fonts/VarelaRound-Regular.ttf
13:00:39.914 [ForkJoinPool.commonPool-worker-9] DEBUG FXGL.Menu            - createMenuBodyGameMenu()
13:00:39.915 [ForkJoinPool.commonPool-worker-9] DEBUG AssetLoader          - Loading from cache: /assets/ui/fonts/VarelaRound-Regular.ttf
13:00:39.915 [ForkJoinPool.commonPool-worker-9] DEBUG AssetLoader          - Loading from cache: /assets/properties/languages/english.properties
13:00:39.917 [ForkJoinPool.commonPool-worker-9] DEBUG AssetLoader          - Loading from cache: /assets/ui/fonts/VarelaRound-Regular.ttf
13:00:39.919 [ForkJoinPool.commonPool-worker-9] DEBUG AssetLoader          - Loading from cache: /assets/properties/languages/english.properties
13:00:39.921 [ForkJoinPool.commonPool-worker-9] DEBUG FXGL.Menu            - createOptionsMenu()
13:00:39.922 [ForkJoinPool.commonPool-worker-9] DEBUG AssetLoader          - Loading from cache: /assets/ui/fonts/VarelaRound-Regular.ttf
13:00:39.923 [ForkJoinPool.commonPool-worker-9] DEBUG AssetLoader          - Loading from cache: /assets/properties/languages/english.properties
13:00:39.924 [ForkJoinPool.commonPool-worker-9] DEBUG AssetLoader          - Loading from cache: /assets/ui/fonts/VarelaRound-Regular.ttf
13:00:39.924 [ForkJoinPool.commonPool-worker-9] DEBUG AssetLoader          - Loading from cache: /assets/properties/languages/english.properties
13:00:39.925 [ForkJoinPool.commonPool-worker-9] DEBUG AssetLoader          - Loading from cache: /assets/ui/fonts/VarelaRound-Regular.ttf
13:00:39.926 [ForkJoinPool.commonPool-worker-9] DEBUG AssetLoader          - Loading from cache: /assets/properties/languages/english.properties
13:00:39.927 [ForkJoinPool.commonPool-worker-9] DEBUG AssetLoader          - Loading from cache: /assets/ui/fonts/VarelaRound-Regular.ttf
13:00:39.927 [ForkJoinPool.commonPool-worker-9] DEBUG AssetLoader          - Loading from cache: /assets/properties/languages/english.properties
13:00:39.928 [ForkJoinPool.commonPool-worker-9] DEBUG AssetLoader          - Loading from cache: /assets/ui/fonts/VarelaRound-Regular.ttf
13:00:39.928 [ForkJoinPool.commonPool-worker-9] DEBUG AssetLoader          - Loading from cache: /assets/properties/languages/english.properties
13:00:39.930 [ForkJoinPool.commonPool-worker-9] DEBUG AssetLoader          - Loading from cache: /assets/ui/fonts/VarelaRound-Regular.ttf
13:00:39.930 [ForkJoinPool.commonPool-worker-9] DEBUG AssetLoader          - Loading from cache: /assets/properties/languages/english.properties
13:00:39.931 [ForkJoinPool.commonPool-worker-9] DEBUG AssetLoader          - Loading from cache: /assets/ui/fonts/VarelaRound-Regular.ttf
13:00:39.932 [ForkJoinPool.commonPool-worker-9] DEBUG AssetLoader          - Loading from cache: /assets/properties/languages/english.properties
13:00:39.933 [ForkJoinPool.commonPool-worker-9] DEBUG AssetLoader          - Loading from cache: /assets/textures/particles/smoke.png@128.0x128.0
13:00:40.136 [JavaFX Application Thread] DEBUG FXGL                 - Running preInit()
13:00:40.185 [JavaFX Application Thread] DEBUG Input                - Registered new binding: Screenshot - P
13:00:40.187 [JavaFX Application Thread] DEBUG Input                - Registered new binding: Dev Options - CTRL+0
13:00:40.188 [JavaFX Application Thread] DEBUG Input                - Registered new binding: System info dump - CTRL+9
13:00:40.189 [JavaFX Application Thread] DEBUG Input                - Registered new binding: Restart - CTRL+R
13:00:40.190 [JavaFX Application Thread] DEBUG Input                - Registered new binding: Move Right - D
13:00:40.190 [JavaFX Application Thread] DEBUG Input                - Registered new binding: Move Left - A
13:00:40.191 [JavaFX Application Thread] DEBUG Input                - Registered new binding: Move Up - W
13:00:40.191 [JavaFX Application Thread] DEBUG Input                - Registered new binding: Move Down - S
13:00:40.192 [JavaFX Application Thread] DEBUG Input                - Registered new binding: Play Sound - F
13:00:40.193 [JavaFX Application Thread] DEBUG MenuEventHandler     - generateDefaultProfile()
13:00:40.193 [JavaFX Application Thread] DEBUG MenuEventHandler     - Creating default profile
13:00:40.195 [JavaFX Application Thread] DEBUG EventBus             - Firing event: SaveEvent
13:00:40.200 [JavaFX Application Thread] DEBUG AudioPlayer          - Saving data to profile
13:00:40.200 [JavaFX Application Thread] DEBUG Bundle               - Logging bundle: audio
13:00:40.201 [JavaFX Application Thread] DEBUG Bundle               - audio.musicVolume=0.5
13:00:40.201 [JavaFX Application Thread] DEBUG Bundle               - audio.soundVolume=0.5
13:00:40.202 [JavaFX Application Thread] DEBUG Input                - Saving data to profile
13:00:40.202 [JavaFX Application Thread] DEBUG Bundle               - Logging bundle: input
13:00:40.203 [JavaFX Application Thread] DEBUG Bundle               - input.Move Right=D
13:00:40.203 [JavaFX Application Thread] DEBUG Bundle               - input.Play Sound=F
13:00:40.203 [JavaFX Application Thread] DEBUG Bundle               - input.Screenshot=P
13:00:40.203 [JavaFX Application Thread] DEBUG Bundle               - input.System info dump=CTRL+9
13:00:40.204 [JavaFX Application Thread] DEBUG Bundle               - input.Restart=CTRL+R
13:00:40.204 [JavaFX Application Thread] DEBUG Bundle               - input.Move Up=W
13:00:40.204 [JavaFX Application Thread] DEBUG Bundle               - input.Dev Options=CTRL+0
13:00:40.204 [JavaFX Application Thread] DEBUG Bundle               - input.Move Left=A
13:00:40.204 [JavaFX Application Thread] DEBUG Bundle               - input.Move Down=S
13:00:40.219 [JavaFX Application Thread] DEBUG Bundle               - Logging bundle: gameplayStats
13:00:40.219 [JavaFX Application Thread] DEBUG Bundle               - gameplayStats.playtime=0
13:00:40.222 [JavaFX Application Thread] DEBUG AchievementManager   - Saving data to profile
13:00:40.223 [JavaFX Application Thread] DEBUG Bundle               - Logging bundle: achievement
13:00:40.227 [JavaFX Application Thread] INFO  FXGL                 - FXGL initialization took: 3,084 sec
13:00:40.227 [JavaFX Application Thread] DEBUG LoopRunner           - Starting loop
13:00:40.232 [JavaFX Application Thread] DEBUG StartupState         - STARTUP
13:00:40.233 [JavaFX Application Thread] DEBUG Input                - Clearing active input actions
13:00:40.235 [JavaFX Application Thread] DEBUG AssetLoader          - Loading from disk: /assets/ui/css/fxgl_dark.css
13:00:40.277 [JavaFX Application Thread] DEBUG AppStateMachine      - StartupState -> MainMenuState
13:00:40.288 [JavaFX Application Thread] DEBUG AssetLoader          - Loading from cache: /assets/properties/languages/english.properties
13:00:40.289 [JavaFX Application Thread] DEBUG AssetLoader          - Loading from cache: /assets/ui/fonts/VarelaRound-Regular.ttf
13:00:40.289 [JavaFX Application Thread] DEBUG AssetLoader          - Loading from cache: /assets/properties/languages/english.properties
13:00:40.290 [JavaFX Application Thread] DEBUG AssetLoader          - Loading from cache: /assets/ui/fonts/VarelaRound-Regular.ttf
13:00:40.291 [JavaFX Application Thread] DEBUG AssetLoader          - Loading from cache: /assets/properties/languages/english.properties
13:00:40.291 [JavaFX Application Thread] DEBUG AssetLoader          - Loading from cache: /assets/ui/fonts/VarelaRound-Regular.ttf
13:00:40.300 [JavaFX Application Thread] DEBUG SaveLoadManager      - Checking profiles dir: profiles/
13:00:40.300 [JavaFX Application Thread] DEBUG SaveLoadManager      - Loading profile names
13:00:40.304 [JavaFX Application Thread] DEBUG AssetLoader          - Loading from cache: /assets/properties/languages/english.properties
13:00:40.307 [JavaFX Application Thread] DEBUG AssetLoader          - Loading from cache: /assets/ui/fonts/VarelaRound-Regular.ttf
13:00:40.309 [JavaFX Application Thread] DEBUG AssetLoader          - Loading from cache: /assets/ui/fonts/VarelaRound-Regular.ttf
13:00:40.310 [JavaFX Application Thread] DEBUG AppStateMachine      - Push state: DialogSubState
13:00:40.310 [JavaFX Application Thread] DEBUG Input                - Clearing active input actions
13:00:40.311 [JavaFX Application Thread] DEBUG AppStateMachine      - MainMenuState -> DialogSubState
13:00:40.531 [JavaFX Application Thread] DEBUG AppStateMachine      - Pop state: DialogSubState
13:00:40.531 [JavaFX Application Thread] DEBUG Input                - Clearing active input actions
13:00:40.533 [JavaFX Application Thread] DEBUG AppStateMachine      - MainMenuState <- DialogSubState
13:00:40.535 [JavaFX Application Thread] DEBUG AssetLoader          - Loading from cache: /assets/properties/languages/english.properties
13:00:40.536 [JavaFX Application Thread] DEBUG AssetLoader          - Loading from cache: /assets/ui/fonts/VarelaRound-Regular.ttf
13:00:40.537 [JavaFX Application Thread] DEBUG AssetLoader          - Loading from cache: /assets/ui/fonts/VarelaRound-Regular.ttf
13:00:40.538 [JavaFX Application Thread] DEBUG AppStateMachine      - Push state: DialogSubState
13:00:40.538 [JavaFX Application Thread] DEBUG Input                - Clearing active input actions
13:00:40.539 [JavaFX Application Thread] DEBUG AppStateMachine      - MainMenuState -> DialogSubState
13:00:41.514 [JavaFX Application Thread] DEBUG AssetLoader          - Loading from cache: /assets/sounds/menu/select.wav
13:00:41.742 [JavaFX Application Thread] DEBUG AppStateMachine      - Pop state: DialogSubState
13:00:41.742 [JavaFX Application Thread] DEBUG Input                - Clearing active input actions
13:00:41.743 [JavaFX Application Thread] DEBUG AppStateMachine      - MainMenuState <- DialogSubState
13:00:41.744 [JavaFX Application Thread] DEBUG SaveLoadManager      - Loading profile: Mads
13:00:41.756 [JavaFX Application Thread] DEBUG AssetLoader          - Loading from cache: /assets/properties/languages/english.properties
13:00:41.757 [JavaFX Application Thread] DEBUG AssetLoader          - Loading from cache: /assets/ui/fonts/VarelaRound-Regular.ttf
13:00:41.758 [JavaFX Application Thread] DEBUG AssetLoader          - Loading from cache: /assets/ui/fonts/VarelaRound-Regular.ttf
13:00:41.759 [JavaFX Application Thread] DEBUG AppStateMachine      - Push state: DialogSubState
13:00:41.759 [JavaFX Application Thread] DEBUG Input                - Clearing active input actions
13:00:41.759 [JavaFX Application Thread] DEBUG AppStateMachine      - MainMenuState -> DialogSubState
13:00:41.765 [FXGL Background Thread 1 ] DEBUG DesktopFSService     - Reading from: .\profiles\Mads\user.profile
13:00:41.793 [JavaFX Application Thread] DEBUG AppStateMachine      - Pop state: DialogSubState
13:00:41.794 [JavaFX Application Thread] DEBUG Input                - Clearing active input actions
13:00:41.795 [JavaFX Application Thread] DEBUG AppStateMachine      - MainMenuState <- DialogSubState
13:00:41.795 [JavaFX Application Thread] DEBUG EventBus             - Firing event: LoadEvent[type=LOAD_PROFILE]
13:00:41.796 [JavaFX Application Thread] DEBUG AudioPlayer          - Loading data from profile
13:00:41.796 [JavaFX Application Thread] DEBUG Bundle               - Logging bundle: audio
13:00:41.796 [JavaFX Application Thread] DEBUG Bundle               - audio.musicVolume=0.5
13:00:41.796 [JavaFX Application Thread] DEBUG Bundle               - audio.soundVolume=0.5
13:00:41.797 [JavaFX Application Thread] DEBUG Input                - Loading data from profile
13:00:41.797 [JavaFX Application Thread] DEBUG Bundle               - Logging bundle: input
13:00:41.797 [JavaFX Application Thread] DEBUG Bundle               - input.Move Right=D
13:00:41.797 [JavaFX Application Thread] DEBUG Bundle               - input.Play Sound=F
13:00:41.797 [JavaFX Application Thread] DEBUG Bundle               - input.Screenshot=P
13:00:41.798 [JavaFX Application Thread] DEBUG Bundle               - input.System info dump=CTRL+9
13:00:41.798 [JavaFX Application Thread] DEBUG Bundle               - input.Restart=CTRL+R
13:00:41.798 [JavaFX Application Thread] DEBUG Bundle               - input.Move Up=W
13:00:41.798 [JavaFX Application Thread] DEBUG Bundle               - input.Dev Options=CTRL+0
13:00:41.798 [JavaFX Application Thread] DEBUG Bundle               - input.Move Left=A
13:00:41.798 [JavaFX Application Thread] DEBUG Bundle               - input.Move Down=S
13:00:41.799 [JavaFX Application Thread] DEBUG Bundle               - Logging bundle: gameplayStats
13:00:41.799 [JavaFX Application Thread] DEBUG Bundle               - gameplayStats.playtime=934938704901
13:00:41.800 [JavaFX Application Thread] DEBUG AchievementManager   - Loading data from profile
13:00:41.800 [JavaFX Application Thread] DEBUG Bundle               - Logging bundle: achievement
13:00:41.800 [JavaFX Application Thread] DEBUG AssetLoader          - Loading from cache: /assets/properties/languages/english.properties
13:00:41.800 [JavaFX Application Thread] DEBUG AssetLoader          - Loading from cache: /assets/ui/fonts/VarelaRound-Regular.ttf
13:00:41.801 [JavaFX Application Thread] DEBUG AssetLoader          - Loading from cache: /assets/properties/languages/english.properties
13:00:41.802 [JavaFX Application Thread] DEBUG AssetLoader          - Loading from cache: /assets/ui/fonts/VarelaRound-Regular.ttf
13:00:41.802 [JavaFX Application Thread] DEBUG SaveLoadManager      - Loading last modified save file
13:00:41.803 [JavaFX Application Thread] DEBUG SaveLoadManager      - Loading save files
13:00:41.808 [JavaFX Application Thread] DEBUG AssetLoader          - Loading from cache: /assets/properties/languages/english.properties
13:00:41.809 [JavaFX Application Thread] DEBUG AssetLoader          - Loading from cache: /assets/ui/fonts/VarelaRound-Regular.ttf
13:00:41.810 [JavaFX Application Thread] DEBUG AssetLoader          - Loading from cache: /assets/ui/fonts/VarelaRound-Regular.ttf
13:00:41.810 [JavaFX Application Thread] DEBUG AppStateMachine      - Push state: DialogSubState
13:00:41.810 [JavaFX Application Thread] DEBUG Input                - Clearing active input actions
13:00:41.810 [JavaFX Application Thread] DEBUG AppStateMachine      - MainMenuState -> DialogSubState
13:00:41.844 [JavaFX Application Thread] DEBUG AppStateMachine      - Pop state: DialogSubState
13:00:41.844 [JavaFX Application Thread] DEBUG Input                - Clearing active input actions
13:00:41.846 [JavaFX Application Thread] DEBUG AppStateMachine      - MainMenuState <- DialogSubState
13:00:41.885 [JavaFX Application Thread] DEBUG AssetLoader          - Loading from cache: /assets/sounds/menu/select.wav
13:00:41.986 [JavaFX Application Thread] DEBUG AssetLoader          - Loading from cache: /assets/sounds/menu/select.wav
13:00:42.270 [JavaFX Application Thread] DEBUG FXGL.Menu            - fireNewGame()
13:00:42.271 [JavaFX Application Thread] DEBUG GameApplication      - Starting new game
13:00:42.271 [JavaFX Application Thread] DEBUG Input                - Clearing active input actions
13:00:42.271 [JavaFX Application Thread] DEBUG AssetLoader          - Loading from disk: /assets/ui/css/fxgl_dark.css
13:00:42.299 [JavaFX Application Thread] DEBUG AppStateMachine      - MainMenuState -> LoadingState
13:00:42.305 [FXGL Background Thread 1 ] DEBUG InitAppTask          - Clearing previous game
13:00:42.305 [FXGL Background Thread 1 ] DEBUG GameWorld            - Clearing game world
13:00:42.306 [FXGL Background Thread 1 ] DEBUG PhysicsWorld         - Clearing physics world
13:00:42.306 [FXGL Background Thread 1 ] DEBUG GameScene            - Clearing game scene
13:00:42.309 [FXGL Background Thread 1 ] DEBUG InitAppTask          - Initializing Game
13:00:42.376 [FXGL Background Thread 1 ] DEBUG AssetLoader          - Loading from disk: /assets/textures/background1.png
13:00:42.474 [FXGL Background Thread 1 ] DEBUG GameScene            - Creating render group for layer: DEFAULT(100000)
13:00:42.477 [FXGL Background Thread 1 ] DEBUG AssetLoader          - Loading from disk: /assets/textures/slime1.png
13:00:42.488 [FXGL Background Thread 1 ] DEBUG AssetLoader          - Loading from disk: /assets/textures/slime2.png
13:00:42.495 [FXGL Background Thread 1 ] DEBUG InitAppTask          - Initializing Physics
13:00:42.497 [FXGL Background Thread 1 ] DEBUG InitAppTask          - Initializing UI
13:00:42.499 [FXGL Background Thread 1 ] DEBUG InitAppTask          - Initialization Complete
13:00:42.500 [FXGL Background Thread 1 ] INFO  InitAppTask          - Game initialization took: 0,194 sec
13:00:42.501 [JavaFX Application Thread] DEBUG Input                - Clearing active input actions
13:00:42.501 [JavaFX Application Thread] DEBUG AssetLoader          - Loading from disk: /assets/ui/css/fxgl_dark.css
13:00:42.515 [JavaFX Application Thread] DEBUG AppStateMachine      - LoadingState -> PlayState
13:02:04.922 [JavaFX Application Thread] DEBUG FXGL                 - Exiting FXGL
13:02:04.922 [JavaFX Application Thread] DEBUG MenuEventHandler     - Creating default profile
13:02:04.922 [JavaFX Application Thread] DEBUG EventBus             - Firing event: SaveEvent
13:02:04.922 [JavaFX Application Thread] DEBUG AudioPlayer          - Saving data to profile
13:02:04.922 [JavaFX Application Thread] DEBUG Bundle               - Logging bundle: audio
13:02:04.923 [JavaFX Application Thread] DEBUG Bundle               - audio.musicVolume=0.5
13:02:04.923 [JavaFX Application Thread] DEBUG Bundle               - audio.soundVolume=0.5
13:02:04.923 [JavaFX Application Thread] DEBUG Input                - Saving data to profile
13:02:04.923 [JavaFX Application Thread] DEBUG Bundle               - Logging bundle: input
13:02:04.923 [JavaFX Application Thread] DEBUG Bundle               - input.Move Right=D
13:02:04.923 [JavaFX Application Thread] DEBUG Bundle               - input.Play Sound=F
13:02:04.923 [JavaFX Application Thread] DEBUG Bundle               - input.Screenshot=P
13:02:04.923 [JavaFX Application Thread] DEBUG Bundle               - input.System info dump=CTRL+9
13:02:04.923 [JavaFX Application Thread] DEBUG Bundle               - input.Restart=CTRL+R
13:02:04.923 [JavaFX Application Thread] DEBUG Bundle               - input.Move Up=W
13:02:04.923 [JavaFX Application Thread] DEBUG Bundle               - input.Dev Options=CTRL+0
13:02:04.924 [JavaFX Application Thread] DEBUG Bundle               - input.Move Left=A
13:02:04.924 [JavaFX Application Thread] DEBUG Bundle               - input.Move Down=S
13:02:04.924 [JavaFX Application Thread] DEBUG Bundle               - Logging bundle: gameplayStats
13:02:04.924 [JavaFX Application Thread] DEBUG Bundle               - gameplayStats.playtime=1021987518313
13:02:04.924 [JavaFX Application Thread] DEBUG AchievementManager   - Saving data to profile
13:02:04.924 [JavaFX Application Thread] DEBUG Bundle               - Logging bundle: achievement
13:02:04.924 [JavaFX Application Thread] DEBUG SaveLoadManager      - Saving profile: Mads
13:02:04.928 [JavaFX Application Thread] DEBUG DesktopFSService     - Writing to: .\profiles\Mads\user.profile
13:02:04.937 [JavaFX Application Thread] DEBUG FXGL                 - Shutting down background threads
13:02:04.937 [JavaFX Application Thread] DEBUG FXGL                 - Saving FXGL system data
13:02:04.940 [JavaFX Application Thread] DEBUG DesktopFSService     - Writing to: system\fxgl.bundle
13:02:04.944 [JavaFX Application Thread] DEBUG FXGL                 - Closing logger and exiting JavaFX
