09:30:01.730 [JavaFX Application Thread] DEBUG GameApplication      - Logger initialized
09:30:01.750 [JavaFX Application Thread] DEBUG GameApplication      - Logging settings
Title: SlimeSoccer2000
Version: 0.1
Width: 1200
Height: 600
Fullscreen: false
Intro: false
Menus: true
Profiling: false
Single step:false
App Mode: DEVELOPER
Menu Key: M
Stage Style: DECORATED
Scene Factory: class com.almasb.fxgl.scene.SceneFactory
Dialog Factory: class com.almasb.fxgl.ui.FXGLDialogFactory
UI Factory: class com.almasb.fxgl.ui.FXGLUIFactory
Notification Service: class com.almasb.fxgl.gameplay.notification.XboxNotificationView
Exception Handler: class com.almasb.fxgl.app.FXGLExceptionHandler
09:30:01.750 [JavaFX Application Thread] DEBUG GameApplication      - Starting FXGL
09:30:01.764 [JavaFX Application Thread] INFO  FXGL                 - FXGL-0.5.4 on DESKTOP
09:30:01.765 [JavaFX Application Thread] INFO  FXGL                 - Source code and latest versions at: https://github.com/AlmasB/FXGL
09:30:01.765 [JavaFX Application Thread] INFO  FXGL                 -              Join the FXGL chat at: https://gitter.im/AlmasB/FXGL
09:30:01.765 [JavaFX Application Thread] DEBUG FXGL                 - FXGL started
09:30:01.766 [JavaFX Application Thread] DEBUG FXGL                 - Initializing FXGL
09:30:01.813 [JavaFX Application Thread] DEBUG AssetLoader          - Loading from disk: /assets/ui/cursors/fxgl_default.png
09:30:01.931 [JavaFX Application Thread] DEBUG AssetLoader          - Loading from disk: /assets/ui/fonts/VarelaRound-Regular.ttf
09:30:02.287 [JavaFX Application Thread] DEBUG MainWindow           - Creating a JavaFX scene
09:30:02.324 [JavaFX Application Thread] DEBUG MainWindow           - Target settings size: 1200.0 x 600.0
09:30:02.325 [JavaFX Application Thread] DEBUG MainWindow           - Scaled scene size:    1200.0 x 600.0
09:30:02.325 [JavaFX Application Thread] DEBUG MainWindow           - Scaled ratio: (1.0, 1.0)
09:30:02.328 [JavaFX Application Thread] DEBUG AssetLoader          - Loading from disk: /assets/ui/css/fxgl_dark.css
09:30:02.332 [JavaFX Application Thread] DEBUG AssetLoader          - Loading from disk: /assets/textures/fxgl_icon.png
09:30:02.362 [JavaFX Application Thread] DEBUG MainWindow           - Opening main window
09:30:02.518 [JavaFX Application Thread] DEBUG MainWindow           - Window border size: (14.4000244140625, 37.5999755859375)
09:30:02.518 [JavaFX Application Thread] DEBUG MainWindow           - Scaled size: 1200.0 x 600.0
09:30:02.518 [JavaFX Application Thread] DEBUG MainWindow           - Scaled ratio: (1.0, 1.0)
09:30:02.519 [JavaFX Application Thread] DEBUG MainWindow           - Scene size: 1200.0 x 600.0
09:30:02.519 [JavaFX Application Thread] DEBUG MainWindow           - Stage size: 1214.4000244140625 x 637.5999755859375
09:30:02.596 [ForkJoinPool.commonPool-worker-9] DEBUG FS                   - Loaded DesktopFSService
09:30:02.597 [ForkJoinPool.commonPool-worker-9] DEBUG FXGL                 - Loading FXGL system data
09:30:02.604 [ForkJoinPool.commonPool-worker-9] DEBUG DesktopFSService     - Reading from: system\fxgl.bundle
09:30:02.618 [ForkJoinPool.commonPool-worker-9] DEBUG Bundle               - Logging bundle: FXGL
09:30:02.619 [ForkJoinPool.commonPool-worker-9] DEBUG Bundle               - FXGL.offline.timer.version.check=2019-01-15T09:28:22.000785300
09:30:02.620 [ForkJoinPool.commonPool-worker-9] DEBUG FXGL                 - Initializing state machine and application states
09:30:02.623 [ForkJoinPool.commonPool-worker-9] DEBUG AssetLoader          - Loading from disk: /assets/ui/cursors/fxgl_default.png
09:30:02.633 [ForkJoinPool.commonPool-worker-9] DEBUG AssetLoader          - Loading from disk: /assets/ui/cursors/fxgl_default.png
09:30:02.641 [ForkJoinPool.commonPool-worker-9] DEBUG AssetLoader          - Loading from cache: /assets/ui/fonts/VarelaRound-Regular.ttf
09:30:02.647 [ForkJoinPool.commonPool-worker-9] DEBUG AssetLoader          - Loading from disk: /assets/ui/cursors/fxgl_default.png
09:30:02.652 [ForkJoinPool.commonPool-worker-9] DEBUG GameScene            - Game scene initialized: 1200x600
09:30:02.662 [ForkJoinPool.commonPool-worker-9] DEBUG GameWorld            - Game world initialized
09:30:02.758 [ForkJoinPool.commonPool-worker-9] DEBUG PhysicsWorld         - Physics world initialized: appHeight=600, physics.ppm=50,0
09:30:02.805 [ForkJoinPool.commonPool-worker-9] DEBUG AssetLoader          - Loading from disk: /assets/ui/cursors/fxgl_default.png
09:30:02.810 [ForkJoinPool.commonPool-worker-9] DEBUG AssetLoader          - Loading from disk: /assets/properties/languages/english.properties
09:30:02.813 [ForkJoinPool.commonPool-worker-9] DEBUG AssetLoader          - Loading from cache: /assets/ui/fonts/VarelaRound-Regular.ttf
09:30:02.814 [ForkJoinPool.commonPool-worker-9] DEBUG AssetLoader          - Loading from cache: /assets/ui/fonts/VarelaRound-Regular.ttf
09:30:02.815 [ForkJoinPool.commonPool-worker-9] DEBUG AssetLoader          - Loading from cache: /assets/ui/fonts/VarelaRound-Regular.ttf
09:30:02.832 [ForkJoinPool.commonPool-worker-9] DEBUG AssetLoader          - Loading from disk: /assets/textures/particles/trace_horizontal.png
09:30:02.868 [ForkJoinPool.commonPool-worker-9] DEBUG AssetLoader          - Loading from cache: /assets/ui/fonts/VarelaRound-Regular.ttf
09:30:02.870 [ForkJoinPool.commonPool-worker-9] DEBUG FXGL.Menu            - createMenuBodyMainMenu()
09:30:02.877 [ForkJoinPool.commonPool-worker-9] DEBUG AssetLoader          - Loading from cache: /assets/ui/fonts/VarelaRound-Regular.ttf
09:30:02.882 [ForkJoinPool.commonPool-worker-9] DEBUG AssetLoader          - Loading from cache: /assets/properties/languages/english.properties
09:30:02.885 [ForkJoinPool.commonPool-worker-9] DEBUG AssetLoader          - Loading from cache: /assets/ui/fonts/VarelaRound-Regular.ttf
09:30:02.886 [ForkJoinPool.commonPool-worker-9] DEBUG AssetLoader          - Loading from cache: /assets/properties/languages/english.properties
09:30:02.886 [ForkJoinPool.commonPool-worker-9] DEBUG FXGL.Menu            - createOptionsMenu()
09:30:02.888 [ForkJoinPool.commonPool-worker-9] DEBUG AssetLoader          - Loading from cache: /assets/ui/fonts/VarelaRound-Regular.ttf
09:30:02.888 [ForkJoinPool.commonPool-worker-9] DEBUG AssetLoader          - Loading from cache: /assets/properties/languages/english.properties
09:30:02.892 [ForkJoinPool.commonPool-worker-9] DEBUG AssetLoader          - Loading from cache: /assets/ui/fonts/VarelaRound-Regular.ttf
09:30:02.893 [ForkJoinPool.commonPool-worker-9] DEBUG AssetLoader          - Loading from cache: /assets/properties/languages/english.properties
09:30:02.895 [ForkJoinPool.commonPool-worker-9] DEBUG AssetLoader          - Loading from cache: /assets/ui/fonts/VarelaRound-Regular.ttf
09:30:02.896 [ForkJoinPool.commonPool-worker-9] DEBUG AssetLoader          - Loading from cache: /assets/properties/languages/english.properties
09:30:02.898 [ForkJoinPool.commonPool-worker-9] DEBUG AssetLoader          - Loading from cache: /assets/ui/fonts/VarelaRound-Regular.ttf
09:30:02.898 [ForkJoinPool.commonPool-worker-9] DEBUG AssetLoader          - Loading from cache: /assets/properties/languages/english.properties
09:30:02.900 [ForkJoinPool.commonPool-worker-9] DEBUG AssetLoader          - Loading from cache: /assets/ui/fonts/VarelaRound-Regular.ttf
09:30:02.900 [ForkJoinPool.commonPool-worker-9] DEBUG AssetLoader          - Loading from cache: /assets/properties/languages/english.properties
09:30:02.902 [ForkJoinPool.commonPool-worker-9] DEBUG AssetLoader          - Loading from cache: /assets/ui/fonts/VarelaRound-Regular.ttf
09:30:02.902 [ForkJoinPool.commonPool-worker-9] DEBUG AssetLoader          - Loading from cache: /assets/properties/languages/english.properties
09:30:02.904 [ForkJoinPool.commonPool-worker-9] DEBUG AssetLoader          - Loading from cache: /assets/ui/fonts/VarelaRound-Regular.ttf
09:30:02.904 [ForkJoinPool.commonPool-worker-9] DEBUG AssetLoader          - Loading from cache: /assets/properties/languages/english.properties
09:30:02.905 [ForkJoinPool.commonPool-worker-9] DEBUG AssetLoader          - Loading from cache: /assets/ui/fonts/VarelaRound-Regular.ttf
09:30:02.906 [ForkJoinPool.commonPool-worker-9] DEBUG AssetLoader          - Loading from cache: /assets/properties/languages/english.properties
09:30:02.907 [ForkJoinPool.commonPool-worker-9] DEBUG AssetLoader          - Loading from disk: /assets/textures/particles/smoke.png
09:30:02.971 [ForkJoinPool.commonPool-worker-9] DEBUG AssetLoader          - Loading from disk: /assets/ui/cursors/fxgl_default.png
09:30:02.973 [ForkJoinPool.commonPool-worker-9] DEBUG AssetLoader          - Loading from cache: /assets/properties/languages/english.properties
09:30:02.973 [ForkJoinPool.commonPool-worker-9] DEBUG AssetLoader          - Loading from cache: /assets/ui/fonts/VarelaRound-Regular.ttf
09:30:02.974 [ForkJoinPool.commonPool-worker-9] DEBUG AssetLoader          - Loading from cache: /assets/ui/fonts/VarelaRound-Regular.ttf
09:30:02.974 [ForkJoinPool.commonPool-worker-9] DEBUG AssetLoader          - Loading from cache: /assets/ui/fonts/VarelaRound-Regular.ttf
09:30:02.975 [ForkJoinPool.commonPool-worker-9] DEBUG AssetLoader          - Loading from cache: /assets/textures/particles/trace_horizontal.png@64.0x64.0
09:30:02.975 [ForkJoinPool.commonPool-worker-9] DEBUG AssetLoader          - Loading from cache: /assets/ui/fonts/VarelaRound-Regular.ttf
09:30:02.976 [ForkJoinPool.commonPool-worker-9] DEBUG FXGL.Menu            - createMenuBodyGameMenu()
09:30:02.976 [ForkJoinPool.commonPool-worker-9] DEBUG AssetLoader          - Loading from cache: /assets/ui/fonts/VarelaRound-Regular.ttf
09:30:02.976 [ForkJoinPool.commonPool-worker-9] DEBUG AssetLoader          - Loading from cache: /assets/properties/languages/english.properties
09:30:02.979 [ForkJoinPool.commonPool-worker-9] DEBUG AssetLoader          - Loading from cache: /assets/ui/fonts/VarelaRound-Regular.ttf
09:30:02.979 [ForkJoinPool.commonPool-worker-9] DEBUG AssetLoader          - Loading from cache: /assets/properties/languages/english.properties
09:30:02.980 [ForkJoinPool.commonPool-worker-9] DEBUG FXGL.Menu            - createOptionsMenu()
09:30:02.980 [ForkJoinPool.commonPool-worker-9] DEBUG AssetLoader          - Loading from cache: /assets/ui/fonts/VarelaRound-Regular.ttf
09:30:02.981 [ForkJoinPool.commonPool-worker-9] DEBUG AssetLoader          - Loading from cache: /assets/properties/languages/english.properties
09:30:02.981 [ForkJoinPool.commonPool-worker-9] DEBUG AssetLoader          - Loading from cache: /assets/ui/fonts/VarelaRound-Regular.ttf
09:30:02.981 [ForkJoinPool.commonPool-worker-9] DEBUG AssetLoader          - Loading from cache: /assets/properties/languages/english.properties
09:30:02.982 [ForkJoinPool.commonPool-worker-9] DEBUG AssetLoader          - Loading from cache: /assets/ui/fonts/VarelaRound-Regular.ttf
09:30:02.982 [ForkJoinPool.commonPool-worker-9] DEBUG AssetLoader          - Loading from cache: /assets/properties/languages/english.properties
09:30:02.982 [ForkJoinPool.commonPool-worker-9] DEBUG AssetLoader          - Loading from cache: /assets/ui/fonts/VarelaRound-Regular.ttf
09:30:02.983 [ForkJoinPool.commonPool-worker-9] DEBUG AssetLoader          - Loading from cache: /assets/properties/languages/english.properties
09:30:02.983 [ForkJoinPool.commonPool-worker-9] DEBUG AssetLoader          - Loading from cache: /assets/ui/fonts/VarelaRound-Regular.ttf
09:30:02.984 [ForkJoinPool.commonPool-worker-9] DEBUG AssetLoader          - Loading from cache: /assets/properties/languages/english.properties
09:30:02.984 [ForkJoinPool.commonPool-worker-9] DEBUG AssetLoader          - Loading from cache: /assets/ui/fonts/VarelaRound-Regular.ttf
09:30:02.985 [ForkJoinPool.commonPool-worker-9] DEBUG AssetLoader          - Loading from cache: /assets/properties/languages/english.properties
09:30:02.985 [ForkJoinPool.commonPool-worker-9] DEBUG AssetLoader          - Loading from cache: /assets/ui/fonts/VarelaRound-Regular.ttf
09:30:02.986 [ForkJoinPool.commonPool-worker-9] DEBUG AssetLoader          - Loading from cache: /assets/properties/languages/english.properties
09:30:02.987 [ForkJoinPool.commonPool-worker-9] DEBUG AssetLoader          - Loading from cache: /assets/textures/particles/smoke.png@128.0x128.0
09:30:03.050 [JavaFX Application Thread] DEBUG FXGL                 - Running preInit()
09:30:03.071 [JavaFX Application Thread] DEBUG Input                - Registered new binding: Screenshot - P
09:30:03.072 [JavaFX Application Thread] DEBUG Input                - Registered new binding: Dev Options - CTRL+0
09:30:03.072 [JavaFX Application Thread] DEBUG Input                - Registered new binding: System info dump - CTRL+9
09:30:03.073 [JavaFX Application Thread] DEBUG Input                - Registered new binding: Restart - CTRL+R
09:30:03.073 [JavaFX Application Thread] DEBUG Input                - Registered new binding: Move Right - D
09:30:03.073 [JavaFX Application Thread] DEBUG Input                - Registered new binding: Move Left - A
09:30:03.073 [JavaFX Application Thread] DEBUG Input                - Registered new binding: Move Up - W
09:30:03.074 [JavaFX Application Thread] DEBUG Input                - Registered new binding: Move Down - S
09:30:03.074 [JavaFX Application Thread] DEBUG Input                - Registered new binding: Siiiiiii - F
09:30:03.074 [JavaFX Application Thread] DEBUG Input                - Registered new binding: Move Right (Player2) - Right
09:30:03.074 [JavaFX Application Thread] DEBUG Input                - Registered new binding: Move Left (Player2) - Left
09:30:03.074 [JavaFX Application Thread] DEBUG Input                - Registered new binding: Move Up (Player 2) - Up
09:30:03.075 [JavaFX Application Thread] DEBUG Input                - Registered new binding: Move Down(Player 2) - Down
09:30:03.075 [JavaFX Application Thread] DEBUG MenuEventHandler     - generateDefaultProfile()
09:30:03.075 [JavaFX Application Thread] DEBUG MenuEventHandler     - Creating default profile
09:30:03.076 [JavaFX Application Thread] DEBUG EventBus             - Firing event: SaveEvent
09:30:03.079 [JavaFX Application Thread] DEBUG AudioPlayer          - Saving data to profile
09:30:03.079 [JavaFX Application Thread] DEBUG Bundle               - Logging bundle: audio
09:30:03.079 [JavaFX Application Thread] DEBUG Bundle               - audio.musicVolume=0.5
09:30:03.079 [JavaFX Application Thread] DEBUG Bundle               - audio.soundVolume=0.5
09:30:03.079 [JavaFX Application Thread] DEBUG Input                - Saving data to profile
09:30:03.079 [JavaFX Application Thread] DEBUG Bundle               - Logging bundle: input
09:30:03.079 [JavaFX Application Thread] DEBUG Bundle               - input.Move Right=D
09:30:03.079 [JavaFX Application Thread] DEBUG Bundle               - input.Move Down(Player 2)=Down
09:30:03.080 [JavaFX Application Thread] DEBUG Bundle               - input.Restart=CTRL+R
09:30:03.080 [JavaFX Application Thread] DEBUG Bundle               - input.Move Up=W
09:30:03.080 [JavaFX Application Thread] DEBUG Bundle               - input.Dev Options=CTRL+0
09:30:03.080 [JavaFX Application Thread] DEBUG Bundle               - input.Move Left=A
09:30:03.080 [JavaFX Application Thread] DEBUG Bundle               - input.Move Up (Player 2)=Up
09:30:03.080 [JavaFX Application Thread] DEBUG Bundle               - input.Move Right (Player2)=Right
09:30:03.080 [JavaFX Application Thread] DEBUG Bundle               - input.Siiiiiii=F
09:30:03.080 [JavaFX Application Thread] DEBUG Bundle               - input.Move Left (Player2)=Left
09:30:03.080 [JavaFX Application Thread] DEBUG Bundle               - input.Screenshot=P
09:30:03.080 [JavaFX Application Thread] DEBUG Bundle               - input.System info dump=CTRL+9
09:30:03.081 [JavaFX Application Thread] DEBUG Bundle               - input.Move Down=S
09:30:03.086 [JavaFX Application Thread] DEBUG Bundle               - Logging bundle: gameplayStats
09:30:03.086 [JavaFX Application Thread] DEBUG Bundle               - gameplayStats.playtime=0
09:30:03.088 [JavaFX Application Thread] DEBUG AchievementManager   - Saving data to profile
09:30:03.088 [JavaFX Application Thread] DEBUG Bundle               - Logging bundle: achievement
09:30:03.089 [JavaFX Application Thread] INFO  FXGL                 - FXGL initialization took: 1,322 sec
09:30:03.089 [JavaFX Application Thread] DEBUG LoopRunner           - Starting loop
09:30:03.090 [JavaFX Application Thread] DEBUG StartupState         - STARTUP
09:30:03.091 [JavaFX Application Thread] DEBUG Input                - Clearing active input actions
09:30:03.092 [JavaFX Application Thread] DEBUG AssetLoader          - Loading from disk: /assets/ui/css/fxgl_dark.css
09:30:03.110 [JavaFX Application Thread] DEBUG AppStateMachine      - StartupState -> MainMenuState
09:30:03.116 [JavaFX Application Thread] DEBUG AssetLoader          - Loading from cache: /assets/properties/languages/english.properties
09:30:03.116 [JavaFX Application Thread] DEBUG AssetLoader          - Loading from cache: /assets/ui/fonts/VarelaRound-Regular.ttf
09:30:03.116 [JavaFX Application Thread] DEBUG AssetLoader          - Loading from cache: /assets/properties/languages/english.properties
09:30:03.116 [JavaFX Application Thread] DEBUG AssetLoader          - Loading from cache: /assets/ui/fonts/VarelaRound-Regular.ttf
09:30:03.117 [JavaFX Application Thread] DEBUG AssetLoader          - Loading from cache: /assets/properties/languages/english.properties
09:30:03.117 [JavaFX Application Thread] DEBUG AssetLoader          - Loading from cache: /assets/ui/fonts/VarelaRound-Regular.ttf
09:30:03.121 [JavaFX Application Thread] DEBUG SaveLoadManager      - Checking profiles dir: profiles/
09:30:03.121 [JavaFX Application Thread] DEBUG SaveLoadManager      - Loading profile names
09:30:03.123 [JavaFX Application Thread] DEBUG AssetLoader          - Loading from cache: /assets/properties/languages/english.properties
09:30:03.125 [JavaFX Application Thread] DEBUG AssetLoader          - Loading from cache: /assets/ui/fonts/VarelaRound-Regular.ttf
09:30:03.126 [JavaFX Application Thread] DEBUG AssetLoader          - Loading from cache: /assets/ui/fonts/VarelaRound-Regular.ttf
09:30:03.127 [JavaFX Application Thread] DEBUG AppStateMachine      - Push state: DialogSubState
09:30:03.127 [JavaFX Application Thread] DEBUG Input                - Clearing active input actions
09:30:03.127 [JavaFX Application Thread] DEBUG AppStateMachine      - MainMenuState -> DialogSubState
09:30:03.224 [JavaFX Application Thread] DEBUG AppStateMachine      - Pop state: DialogSubState
09:30:03.224 [JavaFX Application Thread] DEBUG Input                - Clearing active input actions
09:30:03.225 [JavaFX Application Thread] DEBUG AppStateMachine      - MainMenuState <- DialogSubState
09:30:03.226 [JavaFX Application Thread] DEBUG AssetLoader          - Loading from cache: /assets/properties/languages/english.properties
09:30:03.227 [JavaFX Application Thread] DEBUG AssetLoader          - Loading from cache: /assets/ui/fonts/VarelaRound-Regular.ttf
09:30:03.228 [JavaFX Application Thread] DEBUG AssetLoader          - Loading from cache: /assets/ui/fonts/VarelaRound-Regular.ttf
09:30:03.228 [JavaFX Application Thread] DEBUG AppStateMachine      - Push state: DialogSubState
09:30:03.228 [JavaFX Application Thread] DEBUG Input                - Clearing active input actions
09:30:03.228 [JavaFX Application Thread] DEBUG AppStateMachine      - MainMenuState -> DialogSubState
09:30:03.658 [JavaFX Application Thread] DEBUG AssetLoader          - Loading from cache: /assets/sounds/menu/select.wav
09:30:03.702 [JavaFX Application Thread] DEBUG AssetLoader          - Loading from cache: /assets/sounds/menu/select.wav
09:30:03.967 [JavaFX Application Thread] DEBUG AppStateMachine      - Pop state: DialogSubState
09:30:03.967 [JavaFX Application Thread] DEBUG Input                - Clearing active input actions
09:30:03.968 [JavaFX Application Thread] DEBUG AppStateMachine      - MainMenuState <- DialogSubState
09:30:03.968 [JavaFX Application Thread] DEBUG SaveLoadManager      - Loading profile: Mads
09:30:03.974 [JavaFX Application Thread] DEBUG AssetLoader          - Loading from cache: /assets/properties/languages/english.properties
09:30:03.974 [JavaFX Application Thread] DEBUG AssetLoader          - Loading from cache: /assets/ui/fonts/VarelaRound-Regular.ttf
09:30:03.975 [JavaFX Application Thread] DEBUG AssetLoader          - Loading from cache: /assets/ui/fonts/VarelaRound-Regular.ttf
09:30:03.975 [JavaFX Application Thread] DEBUG AppStateMachine      - Push state: DialogSubState
09:30:03.975 [JavaFX Application Thread] DEBUG Input                - Clearing active input actions
09:30:03.975 [JavaFX Application Thread] DEBUG AppStateMachine      - MainMenuState -> DialogSubState
09:30:03.977 [FXGL Background Thread 1 ] DEBUG DesktopFSService     - Reading from: .\profiles\Mads\user.profile
09:30:03.990 [JavaFX Application Thread] DEBUG AppStateMachine      - Pop state: DialogSubState
09:30:03.990 [JavaFX Application Thread] DEBUG Input                - Clearing active input actions
09:30:03.991 [JavaFX Application Thread] DEBUG AppStateMachine      - MainMenuState <- DialogSubState
09:30:03.992 [JavaFX Application Thread] DEBUG EventBus             - Firing event: LoadEvent[type=LOAD_PROFILE]
09:30:03.992 [JavaFX Application Thread] DEBUG AudioPlayer          - Loading data from profile
09:30:03.992 [JavaFX Application Thread] DEBUG Bundle               - Logging bundle: audio
09:30:03.992 [JavaFX Application Thread] DEBUG Bundle               - audio.musicVolume=0.5
09:30:03.992 [JavaFX Application Thread] DEBUG Bundle               - audio.soundVolume=0.5
09:30:03.992 [JavaFX Application Thread] DEBUG Input                - Loading data from profile
09:30:03.992 [JavaFX Application Thread] DEBUG Bundle               - Logging bundle: input
09:30:03.992 [JavaFX Application Thread] DEBUG Bundle               - input.Move Right=D
09:30:03.992 [JavaFX Application Thread] DEBUG Bundle               - input.Move Down(Player 2)=Down
09:30:03.992 [JavaFX Application Thread] DEBUG Bundle               - input.Restart=CTRL+R
09:30:03.992 [JavaFX Application Thread] DEBUG Bundle               - input.Move Up=W
09:30:03.993 [JavaFX Application Thread] DEBUG Bundle               - input.Dev Options=CTRL+0
09:30:03.993 [JavaFX Application Thread] DEBUG Bundle               - input.Move Left=A
09:30:03.993 [JavaFX Application Thread] DEBUG Bundle               - input.Move Up (Player 2)=Up
09:30:03.993 [JavaFX Application Thread] DEBUG Bundle               - input.Move Right (Player2)=Right
09:30:03.993 [JavaFX Application Thread] DEBUG Bundle               - input.Siiiiiii=F
09:30:03.993 [JavaFX Application Thread] DEBUG Bundle               - input.Move Left (Player2)=Left
09:30:03.993 [JavaFX Application Thread] DEBUG Bundle               - input.Screenshot=P
09:30:03.993 [JavaFX Application Thread] DEBUG Bundle               - input.System info dump=CTRL+9
09:30:03.993 [JavaFX Application Thread] DEBUG Bundle               - input.Move Down=S
09:30:03.993 [JavaFX Application Thread] DEBUG Bundle               - Logging bundle: gameplayStats
09:30:03.993 [JavaFX Application Thread] DEBUG Bundle               - gameplayStats.playtime=1053346120276
09:30:03.994 [JavaFX Application Thread] DEBUG AchievementManager   - Loading data from profile
09:30:03.994 [JavaFX Application Thread] DEBUG Bundle               - Logging bundle: achievement
09:30:03.994 [JavaFX Application Thread] DEBUG AssetLoader          - Loading from cache: /assets/properties/languages/english.properties
09:30:03.994 [JavaFX Application Thread] DEBUG AssetLoader          - Loading from cache: /assets/ui/fonts/VarelaRound-Regular.ttf
09:30:03.994 [JavaFX Application Thread] DEBUG AssetLoader          - Loading from cache: /assets/properties/languages/english.properties
09:30:03.995 [JavaFX Application Thread] DEBUG AssetLoader          - Loading from cache: /assets/ui/fonts/VarelaRound-Regular.ttf
09:30:03.995 [JavaFX Application Thread] DEBUG SaveLoadManager      - Loading last modified save file
09:30:03.995 [JavaFX Application Thread] DEBUG SaveLoadManager      - Loading save files
09:30:03.998 [JavaFX Application Thread] DEBUG AssetLoader          - Loading from cache: /assets/properties/languages/english.properties
09:30:03.999 [JavaFX Application Thread] DEBUG AssetLoader          - Loading from cache: /assets/ui/fonts/VarelaRound-Regular.ttf
09:30:03.999 [JavaFX Application Thread] DEBUG AssetLoader          - Loading from cache: /assets/ui/fonts/VarelaRound-Regular.ttf
09:30:04.000 [JavaFX Application Thread] DEBUG AppStateMachine      - Push state: DialogSubState
09:30:04.000 [JavaFX Application Thread] DEBUG Input                - Clearing active input actions
09:30:04.000 [JavaFX Application Thread] DEBUG AppStateMachine      - MainMenuState -> DialogSubState
09:30:04.015 [JavaFX Application Thread] DEBUG AppStateMachine      - Pop state: DialogSubState
09:30:04.015 [JavaFX Application Thread] DEBUG Input                - Clearing active input actions
09:30:04.016 [JavaFX Application Thread] DEBUG AppStateMachine      - MainMenuState <- DialogSubState
09:30:04.109 [JavaFX Application Thread] DEBUG AssetLoader          - Loading from cache: /assets/sounds/menu/select.wav
09:30:04.399 [JavaFX Application Thread] DEBUG FXGL.Menu            - fireNewGame()
09:30:04.399 [JavaFX Application Thread] DEBUG GameApplication      - Starting new game
09:30:04.399 [JavaFX Application Thread] DEBUG Input                - Clearing active input actions
09:30:04.400 [JavaFX Application Thread] DEBUG AssetLoader          - Loading from disk: /assets/ui/css/fxgl_dark.css
09:30:04.414 [JavaFX Application Thread] DEBUG AppStateMachine      - MainMenuState -> LoadingState
09:30:04.416 [FXGL Background Thread 1 ] DEBUG InitAppTask          - Clearing previous game
09:30:04.416 [FXGL Background Thread 1 ] DEBUG GameWorld            - Clearing game world
09:30:04.416 [FXGL Background Thread 1 ] DEBUG PhysicsWorld         - Clearing physics world
09:30:04.416 [FXGL Background Thread 1 ] DEBUG GameScene            - Clearing game scene
09:30:04.418 [FXGL Background Thread 1 ] DEBUG InitAppTask          - Initializing Game
09:30:04.462 [FXGL Background Thread 1 ] DEBUG AssetLoader          - Loading from disk: /assets/textures/background1.png
09:30:04.492 [FXGL Background Thread 1 ] DEBUG GameScene            - Creating render group for layer: DEFAULT(100000)
09:30:04.494 [FXGL Background Thread 1 ] DEBUG AssetLoader          - Loading from disk: /assets/textures/slime1.png
09:30:04.500 [FXGL Background Thread 1 ] DEBUG AssetLoader          - Loading from disk: /assets/textures/slime2.png
09:30:04.504 [FXGL Background Thread 1 ] DEBUG AssetLoader          - Loading from disk: /assets/textures/ball.png
09:30:04.507 [FXGL Background Thread 1 ] DEBUG AssetLoader          - Loading from disk: /assets/textures/bottomline.png
09:30:04.510 [FXGL Background Thread 1 ] DEBUG InitAppTask          - Initializing Physics
09:30:04.511 [FXGL Background Thread 1 ] DEBUG InitAppTask          - Initializing UI
09:30:04.512 [FXGL Background Thread 1 ] DEBUG InitAppTask          - Initialization Complete
09:30:04.512 [FXGL Background Thread 1 ] INFO  InitAppTask          - Game initialization took: 0,096 sec
09:30:04.522 [JavaFX Application Thread] DEBUG Input                - Clearing active input actions
09:30:04.522 [JavaFX Application Thread] DEBUG AssetLoader          - Loading from disk: /assets/ui/css/fxgl_dark.css
09:30:04.532 [JavaFX Application Thread] DEBUG AppStateMachine      - LoadingState -> PlayState
09:30:14.738 [JavaFX Application Thread] DEBUG FXGL                 - Exiting FXGL
09:30:14.738 [JavaFX Application Thread] DEBUG MenuEventHandler     - Creating default profile
09:30:14.738 [JavaFX Application Thread] DEBUG EventBus             - Firing event: SaveEvent
09:30:14.739 [JavaFX Application Thread] DEBUG AudioPlayer          - Saving data to profile
09:30:14.739 [JavaFX Application Thread] DEBUG Bundle               - Logging bundle: audio
09:30:14.739 [JavaFX Application Thread] DEBUG Bundle               - audio.musicVolume=0.5
09:30:14.739 [JavaFX Application Thread] DEBUG Bundle               - audio.soundVolume=0.5
09:30:14.739 [JavaFX Application Thread] DEBUG Input                - Saving data to profile
09:30:14.739 [JavaFX Application Thread] DEBUG Bundle               - Logging bundle: input
09:30:14.739 [JavaFX Application Thread] DEBUG Bundle               - input.Move Right=D
09:30:14.740 [JavaFX Application Thread] DEBUG Bundle               - input.Move Down(Player 2)=Down
09:30:14.740 [JavaFX Application Thread] DEBUG Bundle               - input.Restart=CTRL+R
09:30:14.740 [JavaFX Application Thread] DEBUG Bundle               - input.Move Up=W
09:30:14.740 [JavaFX Application Thread] DEBUG Bundle               - input.Dev Options=CTRL+0
09:30:14.740 [JavaFX Application Thread] DEBUG Bundle               - input.Move Left=A
09:30:14.740 [JavaFX Application Thread] DEBUG Bundle               - input.Move Up (Player 2)=Up
09:30:14.740 [JavaFX Application Thread] DEBUG Bundle               - input.Move Right (Player2)=Right
09:30:14.740 [JavaFX Application Thread] DEBUG Bundle               - input.Siiiiiii=F
09:30:14.740 [JavaFX Application Thread] DEBUG Bundle               - input.Move Left (Player2)=Left
09:30:14.740 [JavaFX Application Thread] DEBUG Bundle               - input.Screenshot=P
09:30:14.740 [JavaFX Application Thread] DEBUG Bundle               - input.System info dump=CTRL+9
09:30:14.740 [JavaFX Application Thread] DEBUG Bundle               - input.Move Down=S
09:30:14.741 [JavaFX Application Thread] DEBUG Bundle               - Logging bundle: gameplayStats
09:30:14.741 [JavaFX Application Thread] DEBUG Bundle               - gameplayStats.playtime=1063767579555
09:30:14.741 [JavaFX Application Thread] DEBUG AchievementManager   - Saving data to profile
09:30:14.741 [JavaFX Application Thread] DEBUG Bundle               - Logging bundle: achievement
09:30:14.741 [JavaFX Application Thread] DEBUG SaveLoadManager      - Saving profile: Mads
09:30:14.745 [JavaFX Application Thread] DEBUG DesktopFSService     - Writing to: .\profiles\Mads\user.profile
09:30:14.748 [JavaFX Application Thread] DEBUG FXGL                 - Shutting down background threads
09:30:14.749 [JavaFX Application Thread] DEBUG FXGL                 - Saving FXGL system data
09:30:14.750 [JavaFX Application Thread] DEBUG DesktopFSService     - Writing to: system\fxgl.bundle
09:30:14.752 [JavaFX Application Thread] DEBUG FXGL                 - Closing logger and exiting JavaFX
