12:56:49.914 [JavaFX Application Thread] DEBUG GameApplication      - Logger initialized
12:56:49.972 [JavaFX Application Thread] DEBUG GameApplication      - Logging settings
Title: SlimeSoccer2000
Version: 0.1
Width: 1200
Height: 600
Fullscreen: false
Intro: false
Menus: true
Profiling: false
Single step:false
App Mode: DEVELOPER
Menu Key: M
Stage Style: DECORATED
Scene Factory: class com.almasb.fxgl.scene.SceneFactory
Dialog Factory: class com.almasb.fxgl.ui.FXGLDialogFactory
UI Factory: class com.almasb.fxgl.ui.FXGLUIFactory
Notification Service: class com.almasb.fxgl.gameplay.notification.XboxNotificationView
Exception Handler: class com.almasb.fxgl.app.FXGLExceptionHandler
12:56:49.973 [JavaFX Application Thread] DEBUG GameApplication      - Starting FXGL
12:56:50.010 [JavaFX Application Thread] INFO  FXGL                 - FXGL-0.5.4 on DESKTOP
12:56:50.011 [JavaFX Application Thread] INFO  FXGL                 - Source code and latest versions at: https://github.com/AlmasB/FXGL
12:56:50.012 [JavaFX Application Thread] INFO  FXGL                 -              Join the FXGL chat at: https://gitter.im/AlmasB/FXGL
12:56:50.013 [JavaFX Application Thread] DEBUG FXGL                 - FXGL started
12:56:50.013 [JavaFX Application Thread] DEBUG FXGL                 - Initializing FXGL
12:56:50.142 [JavaFX Application Thread] DEBUG AssetLoader          - Loading from disk: /assets/ui/cursors/fxgl_default.png
12:56:50.387 [JavaFX Application Thread] DEBUG AssetLoader          - Loading from disk: /assets/ui/fonts/VarelaRound-Regular.ttf
12:56:51.108 [JavaFX Application Thread] DEBUG MainWindow           - Creating a JavaFX scene
12:56:51.190 [JavaFX Application Thread] DEBUG MainWindow           - Target settings size: 1200.0 x 600.0
12:56:51.191 [JavaFX Application Thread] DEBUG MainWindow           - Scaled scene size:    1200.0 x 600.0
12:56:51.192 [JavaFX Application Thread] DEBUG MainWindow           - Scaled ratio: (1.0, 1.0)
12:56:51.200 [JavaFX Application Thread] DEBUG AssetLoader          - Loading from disk: /assets/ui/css/fxgl_dark.css
12:56:51.212 [JavaFX Application Thread] DEBUG AssetLoader          - Loading from disk: /assets/textures/fxgl_icon.png
12:56:51.327 [JavaFX Application Thread] DEBUG MainWindow           - Opening main window
12:56:51.664 [JavaFX Application Thread] DEBUG MainWindow           - Window border size: (14.4000244140625, 37.5999755859375)
12:56:51.665 [JavaFX Application Thread] DEBUG MainWindow           - Scaled size: 1200.0 x 600.0
12:56:51.666 [JavaFX Application Thread] DEBUG MainWindow           - Scaled ratio: (1.0, 1.0)
12:56:51.666 [JavaFX Application Thread] DEBUG MainWindow           - Scene size: 1200.0 x 600.0
12:56:51.670 [JavaFX Application Thread] DEBUG MainWindow           - Stage size: 1214.4000244140625 x 637.5999755859375
12:56:51.818 [ForkJoinPool.commonPool-worker-9] DEBUG FS                   - Loaded DesktopFSService
12:56:51.819 [ForkJoinPool.commonPool-worker-9] DEBUG FXGL                 - Loading FXGL system data
12:56:51.833 [ForkJoinPool.commonPool-worker-9] DEBUG DesktopFSService     - Reading from: system\fxgl.bundle
12:56:51.862 [ForkJoinPool.commonPool-worker-9] DEBUG Bundle               - Logging bundle: FXGL
12:56:51.863 [ForkJoinPool.commonPool-worker-9] DEBUG Bundle               - FXGL.offline.timer.version.check=2019-01-07T14:44:13.971316
12:56:51.867 [ForkJoinPool.commonPool-worker-9] DEBUG FXGL                 - Initializing state machine and application states
12:56:51.872 [ForkJoinPool.commonPool-worker-9] DEBUG AssetLoader          - Loading from disk: /assets/ui/cursors/fxgl_default.png
12:56:51.889 [ForkJoinPool.commonPool-worker-9] DEBUG AssetLoader          - Loading from disk: /assets/ui/cursors/fxgl_default.png
12:56:51.927 [ForkJoinPool.commonPool-worker-9] DEBUG AssetLoader          - Loading from cache: /assets/ui/fonts/VarelaRound-Regular.ttf
12:56:51.934 [ForkJoinPool.commonPool-worker-9] DEBUG AssetLoader          - Loading from disk: /assets/ui/cursors/fxgl_default.png
12:56:51.944 [ForkJoinPool.commonPool-worker-9] DEBUG GameScene            - Game scene initialized: 1200x600
12:56:51.960 [ForkJoinPool.commonPool-worker-9] DEBUG GameWorld            - Game world initialized
12:56:52.114 [ForkJoinPool.commonPool-worker-9] DEBUG PhysicsWorld         - Physics world initialized: appHeight=600, physics.ppm=50,0
12:56:52.188 [ForkJoinPool.commonPool-worker-9] DEBUG AssetLoader          - Loading from disk: /assets/ui/cursors/fxgl_default.png
12:56:52.197 [ForkJoinPool.commonPool-worker-9] DEBUG AssetLoader          - Loading from disk: /assets/properties/languages/english.properties
12:56:52.202 [ForkJoinPool.commonPool-worker-9] DEBUG AssetLoader          - Loading from cache: /assets/ui/fonts/VarelaRound-Regular.ttf
12:56:52.204 [ForkJoinPool.commonPool-worker-9] DEBUG AssetLoader          - Loading from cache: /assets/ui/fonts/VarelaRound-Regular.ttf
12:56:52.204 [ForkJoinPool.commonPool-worker-9] DEBUG AssetLoader          - Loading from cache: /assets/ui/fonts/VarelaRound-Regular.ttf
12:56:52.240 [ForkJoinPool.commonPool-worker-9] DEBUG AssetLoader          - Loading from disk: /assets/textures/particles/trace_horizontal.png
12:56:52.307 [ForkJoinPool.commonPool-worker-9] DEBUG AssetLoader          - Loading from cache: /assets/ui/fonts/VarelaRound-Regular.ttf
12:56:52.309 [ForkJoinPool.commonPool-worker-9] DEBUG FXGL.Menu            - createMenuBodyMainMenu()
12:56:52.321 [ForkJoinPool.commonPool-worker-9] DEBUG AssetLoader          - Loading from cache: /assets/ui/fonts/VarelaRound-Regular.ttf
12:56:52.326 [ForkJoinPool.commonPool-worker-9] DEBUG AssetLoader          - Loading from cache: /assets/properties/languages/english.properties
12:56:52.332 [ForkJoinPool.commonPool-worker-9] DEBUG AssetLoader          - Loading from cache: /assets/ui/fonts/VarelaRound-Regular.ttf
12:56:52.333 [ForkJoinPool.commonPool-worker-9] DEBUG AssetLoader          - Loading from cache: /assets/properties/languages/english.properties
12:56:52.334 [ForkJoinPool.commonPool-worker-9] DEBUG FXGL.Menu            - createOptionsMenu()
12:56:52.335 [ForkJoinPool.commonPool-worker-9] DEBUG AssetLoader          - Loading from cache: /assets/ui/fonts/VarelaRound-Regular.ttf
12:56:52.335 [ForkJoinPool.commonPool-worker-9] DEBUG AssetLoader          - Loading from cache: /assets/properties/languages/english.properties
12:56:52.341 [ForkJoinPool.commonPool-worker-9] DEBUG AssetLoader          - Loading from cache: /assets/ui/fonts/VarelaRound-Regular.ttf
12:56:52.342 [ForkJoinPool.commonPool-worker-9] DEBUG AssetLoader          - Loading from cache: /assets/properties/languages/english.properties
12:56:52.343 [ForkJoinPool.commonPool-worker-9] DEBUG AssetLoader          - Loading from cache: /assets/ui/fonts/VarelaRound-Regular.ttf
12:56:52.344 [ForkJoinPool.commonPool-worker-9] DEBUG AssetLoader          - Loading from cache: /assets/properties/languages/english.properties
12:56:52.345 [ForkJoinPool.commonPool-worker-9] DEBUG AssetLoader          - Loading from cache: /assets/ui/fonts/VarelaRound-Regular.ttf
12:56:52.346 [ForkJoinPool.commonPool-worker-9] DEBUG AssetLoader          - Loading from cache: /assets/properties/languages/english.properties
12:56:52.348 [ForkJoinPool.commonPool-worker-9] DEBUG AssetLoader          - Loading from cache: /assets/ui/fonts/VarelaRound-Regular.ttf
12:56:52.349 [ForkJoinPool.commonPool-worker-9] DEBUG AssetLoader          - Loading from cache: /assets/properties/languages/english.properties
12:56:52.352 [ForkJoinPool.commonPool-worker-9] DEBUG AssetLoader          - Loading from cache: /assets/ui/fonts/VarelaRound-Regular.ttf
12:56:52.352 [ForkJoinPool.commonPool-worker-9] DEBUG AssetLoader          - Loading from cache: /assets/properties/languages/english.properties
12:56:52.355 [ForkJoinPool.commonPool-worker-9] DEBUG AssetLoader          - Loading from cache: /assets/ui/fonts/VarelaRound-Regular.ttf
12:56:52.355 [ForkJoinPool.commonPool-worker-9] DEBUG AssetLoader          - Loading from cache: /assets/properties/languages/english.properties
12:56:52.357 [ForkJoinPool.commonPool-worker-9] DEBUG AssetLoader          - Loading from cache: /assets/ui/fonts/VarelaRound-Regular.ttf
12:56:52.358 [ForkJoinPool.commonPool-worker-9] DEBUG AssetLoader          - Loading from cache: /assets/properties/languages/english.properties
12:56:52.359 [ForkJoinPool.commonPool-worker-9] DEBUG AssetLoader          - Loading from disk: /assets/textures/particles/smoke.png
12:56:52.514 [ForkJoinPool.commonPool-worker-9] DEBUG AssetLoader          - Loading from disk: /assets/ui/cursors/fxgl_default.png
12:56:52.519 [ForkJoinPool.commonPool-worker-9] DEBUG AssetLoader          - Loading from cache: /assets/properties/languages/english.properties
12:56:52.519 [ForkJoinPool.commonPool-worker-9] DEBUG AssetLoader          - Loading from cache: /assets/ui/fonts/VarelaRound-Regular.ttf
12:56:52.520 [ForkJoinPool.commonPool-worker-9] DEBUG AssetLoader          - Loading from cache: /assets/ui/fonts/VarelaRound-Regular.ttf
12:56:52.521 [ForkJoinPool.commonPool-worker-9] DEBUG AssetLoader          - Loading from cache: /assets/ui/fonts/VarelaRound-Regular.ttf
12:56:52.522 [ForkJoinPool.commonPool-worker-9] DEBUG AssetLoader          - Loading from cache: /assets/textures/particles/trace_horizontal.png@64.0x64.0
12:56:52.523 [ForkJoinPool.commonPool-worker-9] DEBUG AssetLoader          - Loading from cache: /assets/ui/fonts/VarelaRound-Regular.ttf
12:56:52.524 [ForkJoinPool.commonPool-worker-9] DEBUG FXGL.Menu            - createMenuBodyGameMenu()
12:56:52.525 [ForkJoinPool.commonPool-worker-9] DEBUG AssetLoader          - Loading from cache: /assets/ui/fonts/VarelaRound-Regular.ttf
12:56:52.525 [ForkJoinPool.commonPool-worker-9] DEBUG AssetLoader          - Loading from cache: /assets/properties/languages/english.properties
12:56:52.526 [ForkJoinPool.commonPool-worker-9] DEBUG AssetLoader          - Loading from cache: /assets/ui/fonts/VarelaRound-Regular.ttf
12:56:52.527 [ForkJoinPool.commonPool-worker-9] DEBUG AssetLoader          - Loading from cache: /assets/properties/languages/english.properties
12:56:52.528 [ForkJoinPool.commonPool-worker-9] DEBUG FXGL.Menu            - createOptionsMenu()
12:56:52.529 [ForkJoinPool.commonPool-worker-9] DEBUG AssetLoader          - Loading from cache: /assets/ui/fonts/VarelaRound-Regular.ttf
12:56:52.529 [ForkJoinPool.commonPool-worker-9] DEBUG AssetLoader          - Loading from cache: /assets/properties/languages/english.properties
12:56:52.537 [ForkJoinPool.commonPool-worker-9] DEBUG AssetLoader          - Loading from cache: /assets/ui/fonts/VarelaRound-Regular.ttf
12:56:52.539 [ForkJoinPool.commonPool-worker-9] DEBUG AssetLoader          - Loading from cache: /assets/properties/languages/english.properties
12:56:52.540 [ForkJoinPool.commonPool-worker-9] DEBUG AssetLoader          - Loading from cache: /assets/ui/fonts/VarelaRound-Regular.ttf
12:56:52.540 [ForkJoinPool.commonPool-worker-9] DEBUG AssetLoader          - Loading from cache: /assets/properties/languages/english.properties
12:56:52.541 [ForkJoinPool.commonPool-worker-9] DEBUG AssetLoader          - Loading from cache: /assets/ui/fonts/VarelaRound-Regular.ttf
12:56:52.541 [ForkJoinPool.commonPool-worker-9] DEBUG AssetLoader          - Loading from cache: /assets/properties/languages/english.properties
12:56:52.542 [ForkJoinPool.commonPool-worker-9] DEBUG AssetLoader          - Loading from cache: /assets/ui/fonts/VarelaRound-Regular.ttf
12:56:52.543 [ForkJoinPool.commonPool-worker-9] DEBUG AssetLoader          - Loading from cache: /assets/properties/languages/english.properties
12:56:52.545 [ForkJoinPool.commonPool-worker-9] DEBUG AssetLoader          - Loading from cache: /assets/ui/fonts/VarelaRound-Regular.ttf
12:56:52.547 [ForkJoinPool.commonPool-worker-9] DEBUG AssetLoader          - Loading from cache: /assets/properties/languages/english.properties
12:56:52.550 [ForkJoinPool.commonPool-worker-9] DEBUG AssetLoader          - Loading from cache: /assets/ui/fonts/VarelaRound-Regular.ttf
12:56:52.551 [ForkJoinPool.commonPool-worker-9] DEBUG AssetLoader          - Loading from cache: /assets/properties/languages/english.properties
12:56:52.552 [ForkJoinPool.commonPool-worker-9] DEBUG AssetLoader          - Loading from cache: /assets/textures/particles/smoke.png@128.0x128.0
12:56:52.671 [JavaFX Application Thread] DEBUG FXGL                 - Running preInit()
12:56:52.712 [JavaFX Application Thread] DEBUG Input                - Registered new binding: Screenshot - P
12:56:52.712 [JavaFX Application Thread] DEBUG Input                - Registered new binding: Dev Options - CTRL+0
12:56:52.714 [JavaFX Application Thread] DEBUG Input                - Registered new binding: System info dump - CTRL+9
12:56:52.714 [JavaFX Application Thread] DEBUG Input                - Registered new binding: Restart - CTRL+R
12:56:52.715 [JavaFX Application Thread] DEBUG Input                - Registered new binding: Move Right - D
12:56:52.715 [JavaFX Application Thread] DEBUG Input                - Registered new binding: Move Left - A
12:56:52.715 [JavaFX Application Thread] DEBUG Input                - Registered new binding: Move Up - W
12:56:52.715 [JavaFX Application Thread] DEBUG Input                - Registered new binding: Move Down - S
12:56:52.716 [JavaFX Application Thread] DEBUG Input                - Registered new binding: Play Sound - F
12:56:52.717 [JavaFX Application Thread] DEBUG MenuEventHandler     - generateDefaultProfile()
12:56:52.718 [JavaFX Application Thread] DEBUG MenuEventHandler     - Creating default profile
12:56:52.719 [JavaFX Application Thread] DEBUG EventBus             - Firing event: SaveEvent
12:56:52.723 [JavaFX Application Thread] DEBUG AudioPlayer          - Saving data to profile
12:56:52.723 [JavaFX Application Thread] DEBUG Bundle               - Logging bundle: audio
12:56:52.723 [JavaFX Application Thread] DEBUG Bundle               - audio.musicVolume=0.5
12:56:52.724 [JavaFX Application Thread] DEBUG Bundle               - audio.soundVolume=0.5
12:56:52.724 [JavaFX Application Thread] DEBUG Input                - Saving data to profile
12:56:52.724 [JavaFX Application Thread] DEBUG Bundle               - Logging bundle: input
12:56:52.725 [JavaFX Application Thread] DEBUG Bundle               - input.Move Right=D
12:56:52.725 [JavaFX Application Thread] DEBUG Bundle               - input.Play Sound=F
12:56:52.725 [JavaFX Application Thread] DEBUG Bundle               - input.Screenshot=P
12:56:52.725 [JavaFX Application Thread] DEBUG Bundle               - input.System info dump=CTRL+9
12:56:52.725 [JavaFX Application Thread] DEBUG Bundle               - input.Restart=CTRL+R
12:56:52.726 [JavaFX Application Thread] DEBUG Bundle               - input.Move Up=W
12:56:52.726 [JavaFX Application Thread] DEBUG Bundle               - input.Dev Options=CTRL+0
12:56:52.726 [JavaFX Application Thread] DEBUG Bundle               - input.Move Left=A
12:56:52.726 [JavaFX Application Thread] DEBUG Bundle               - input.Move Down=S
12:56:52.737 [JavaFX Application Thread] DEBUG Bundle               - Logging bundle: gameplayStats
12:56:52.737 [JavaFX Application Thread] DEBUG Bundle               - gameplayStats.playtime=0
12:56:52.740 [JavaFX Application Thread] DEBUG AchievementManager   - Saving data to profile
12:56:52.740 [JavaFX Application Thread] DEBUG Bundle               - Logging bundle: achievement
12:56:52.743 [JavaFX Application Thread] INFO  FXGL                 - FXGL initialization took: 2,729 sec
12:56:52.744 [JavaFX Application Thread] DEBUG LoopRunner           - Starting loop
12:56:52.747 [JavaFX Application Thread] DEBUG StartupState         - STARTUP
12:56:52.748 [JavaFX Application Thread] DEBUG Input                - Clearing active input actions
12:56:52.750 [JavaFX Application Thread] DEBUG AssetLoader          - Loading from disk: /assets/ui/css/fxgl_dark.css
12:56:52.791 [JavaFX Application Thread] DEBUG AppStateMachine      - StartupState -> MainMenuState
12:56:52.799 [JavaFX Application Thread] DEBUG AssetLoader          - Loading from cache: /assets/properties/languages/english.properties
12:56:52.800 [JavaFX Application Thread] DEBUG AssetLoader          - Loading from cache: /assets/ui/fonts/VarelaRound-Regular.ttf
12:56:52.800 [JavaFX Application Thread] DEBUG AssetLoader          - Loading from cache: /assets/properties/languages/english.properties
12:56:52.800 [JavaFX Application Thread] DEBUG AssetLoader          - Loading from cache: /assets/ui/fonts/VarelaRound-Regular.ttf
12:56:52.801 [JavaFX Application Thread] DEBUG AssetLoader          - Loading from cache: /assets/properties/languages/english.properties
12:56:52.801 [JavaFX Application Thread] DEBUG AssetLoader          - Loading from cache: /assets/ui/fonts/VarelaRound-Regular.ttf
12:56:52.806 [JavaFX Application Thread] DEBUG SaveLoadManager      - Checking profiles dir: profiles/
12:56:52.807 [JavaFX Application Thread] DEBUG SaveLoadManager      - Loading profile names
12:56:52.811 [JavaFX Application Thread] DEBUG AssetLoader          - Loading from cache: /assets/properties/languages/english.properties
12:56:52.813 [JavaFX Application Thread] DEBUG AssetLoader          - Loading from cache: /assets/ui/fonts/VarelaRound-Regular.ttf
12:56:52.815 [JavaFX Application Thread] DEBUG AssetLoader          - Loading from cache: /assets/ui/fonts/VarelaRound-Regular.ttf
12:56:52.816 [JavaFX Application Thread] DEBUG AppStateMachine      - Push state: DialogSubState
12:56:52.816 [JavaFX Application Thread] DEBUG Input                - Clearing active input actions
12:56:52.816 [JavaFX Application Thread] DEBUG AppStateMachine      - MainMenuState -> DialogSubState
12:56:53.033 [JavaFX Application Thread] DEBUG AppStateMachine      - Pop state: DialogSubState
12:56:53.033 [JavaFX Application Thread] DEBUG Input                - Clearing active input actions
12:56:53.036 [JavaFX Application Thread] DEBUG AppStateMachine      - MainMenuState <- DialogSubState
12:56:53.037 [JavaFX Application Thread] DEBUG AssetLoader          - Loading from cache: /assets/properties/languages/english.properties
12:56:53.039 [JavaFX Application Thread] DEBUG AssetLoader          - Loading from cache: /assets/ui/fonts/VarelaRound-Regular.ttf
12:56:53.041 [JavaFX Application Thread] DEBUG AssetLoader          - Loading from cache: /assets/ui/fonts/VarelaRound-Regular.ttf
12:56:53.041 [JavaFX Application Thread] DEBUG AppStateMachine      - Push state: DialogSubState
12:56:53.042 [JavaFX Application Thread] DEBUG Input                - Clearing active input actions
12:56:53.042 [JavaFX Application Thread] DEBUG AppStateMachine      - MainMenuState -> DialogSubState
12:56:53.750 [JavaFX Application Thread] DEBUG AssetLoader          - Loading from cache: /assets/sounds/menu/select.wav
12:56:53.992 [JavaFX Application Thread] DEBUG AppStateMachine      - Pop state: DialogSubState
12:56:53.992 [JavaFX Application Thread] DEBUG Input                - Clearing active input actions
12:56:53.993 [JavaFX Application Thread] DEBUG AppStateMachine      - MainMenuState <- DialogSubState
12:56:53.994 [JavaFX Application Thread] DEBUG SaveLoadManager      - Loading profile: Mads
12:56:54.006 [JavaFX Application Thread] DEBUG AssetLoader          - Loading from cache: /assets/properties/languages/english.properties
12:56:54.007 [JavaFX Application Thread] DEBUG AssetLoader          - Loading from cache: /assets/ui/fonts/VarelaRound-Regular.ttf
12:56:54.008 [JavaFX Application Thread] DEBUG AssetLoader          - Loading from cache: /assets/ui/fonts/VarelaRound-Regular.ttf
12:56:54.009 [JavaFX Application Thread] DEBUG AppStateMachine      - Push state: DialogSubState
12:56:54.009 [JavaFX Application Thread] DEBUG Input                - Clearing active input actions
12:56:54.009 [JavaFX Application Thread] DEBUG AppStateMachine      - MainMenuState -> DialogSubState
12:56:54.016 [FXGL Background Thread 1 ] DEBUG DesktopFSService     - Reading from: .\profiles\Mads\user.profile
12:56:54.043 [JavaFX Application Thread] DEBUG AppStateMachine      - Pop state: DialogSubState
12:56:54.043 [JavaFX Application Thread] DEBUG Input                - Clearing active input actions
12:56:54.044 [JavaFX Application Thread] DEBUG AppStateMachine      - MainMenuState <- DialogSubState
12:56:54.045 [JavaFX Application Thread] DEBUG EventBus             - Firing event: LoadEvent[type=LOAD_PROFILE]
12:56:54.045 [JavaFX Application Thread] DEBUG AudioPlayer          - Loading data from profile
12:56:54.045 [JavaFX Application Thread] DEBUG Bundle               - Logging bundle: audio
12:56:54.046 [JavaFX Application Thread] DEBUG Bundle               - audio.musicVolume=0.5
12:56:54.046 [JavaFX Application Thread] DEBUG Bundle               - audio.soundVolume=0.5
12:56:54.046 [JavaFX Application Thread] DEBUG Input                - Loading data from profile
12:56:54.046 [JavaFX Application Thread] DEBUG Bundle               - Logging bundle: input
12:56:54.046 [JavaFX Application Thread] DEBUG Bundle               - input.Move Right=D
12:56:54.046 [JavaFX Application Thread] DEBUG Bundle               - input.Play Sound=F
12:56:54.047 [JavaFX Application Thread] DEBUG Bundle               - input.Screenshot=P
12:56:54.047 [JavaFX Application Thread] DEBUG Bundle               - input.System info dump=CTRL+9
12:56:54.047 [JavaFX Application Thread] DEBUG Bundle               - input.Restart=CTRL+R
12:56:54.047 [JavaFX Application Thread] DEBUG Bundle               - input.Move Up=W
12:56:54.047 [JavaFX Application Thread] DEBUG Bundle               - input.Dev Options=CTRL+0
12:56:54.048 [JavaFX Application Thread] DEBUG Bundle               - input.Move Left=A
12:56:54.048 [JavaFX Application Thread] DEBUG Bundle               - input.Move Down=S
12:56:54.048 [JavaFX Application Thread] DEBUG Bundle               - Logging bundle: gameplayStats
12:56:54.049 [JavaFX Application Thread] DEBUG Bundle               - gameplayStats.playtime=903991753317
12:56:54.049 [JavaFX Application Thread] DEBUG AchievementManager   - Loading data from profile
12:56:54.049 [JavaFX Application Thread] DEBUG Bundle               - Logging bundle: achievement
12:56:54.049 [JavaFX Application Thread] DEBUG AssetLoader          - Loading from cache: /assets/properties/languages/english.properties
12:56:54.050 [JavaFX Application Thread] DEBUG AssetLoader          - Loading from cache: /assets/ui/fonts/VarelaRound-Regular.ttf
12:56:54.051 [JavaFX Application Thread] DEBUG AssetLoader          - Loading from cache: /assets/properties/languages/english.properties
12:56:54.052 [JavaFX Application Thread] DEBUG AssetLoader          - Loading from cache: /assets/ui/fonts/VarelaRound-Regular.ttf
12:56:54.053 [JavaFX Application Thread] DEBUG SaveLoadManager      - Loading last modified save file
12:56:54.053 [JavaFX Application Thread] DEBUG SaveLoadManager      - Loading save files
12:56:54.058 [JavaFX Application Thread] DEBUG AssetLoader          - Loading from cache: /assets/properties/languages/english.properties
12:56:54.059 [JavaFX Application Thread] DEBUG AssetLoader          - Loading from cache: /assets/ui/fonts/VarelaRound-Regular.ttf
12:56:54.060 [JavaFX Application Thread] DEBUG AssetLoader          - Loading from cache: /assets/ui/fonts/VarelaRound-Regular.ttf
12:56:54.061 [JavaFX Application Thread] DEBUG AppStateMachine      - Push state: DialogSubState
12:56:54.061 [JavaFX Application Thread] DEBUG Input                - Clearing active input actions
12:56:54.061 [JavaFX Application Thread] DEBUG AppStateMachine      - MainMenuState -> DialogSubState
12:56:54.092 [JavaFX Application Thread] DEBUG AppStateMachine      - Pop state: DialogSubState
12:56:54.092 [JavaFX Application Thread] DEBUG Input                - Clearing active input actions
12:56:54.094 [JavaFX Application Thread] DEBUG AppStateMachine      - MainMenuState <- DialogSubState
12:56:54.310 [JavaFX Application Thread] DEBUG AssetLoader          - Loading from cache: /assets/sounds/menu/select.wav
12:56:54.532 [JavaFX Application Thread] DEBUG AssetLoader          - Loading from cache: /assets/sounds/menu/select.wav
12:56:54.574 [JavaFX Application Thread] DEBUG FXGL.Menu            - fireNewGame()
12:56:54.575 [JavaFX Application Thread] DEBUG GameApplication      - Starting new game
12:56:54.575 [JavaFX Application Thread] DEBUG Input                - Clearing active input actions
12:56:54.575 [JavaFX Application Thread] DEBUG AssetLoader          - Loading from disk: /assets/ui/css/fxgl_dark.css
12:56:54.605 [JavaFX Application Thread] DEBUG AppStateMachine      - MainMenuState -> LoadingState
12:56:54.609 [FXGL Background Thread 1 ] DEBUG InitAppTask          - Clearing previous game
12:56:54.609 [FXGL Background Thread 1 ] DEBUG GameWorld            - Clearing game world
12:56:54.609 [FXGL Background Thread 1 ] DEBUG PhysicsWorld         - Clearing physics world
12:56:54.610 [FXGL Background Thread 1 ] DEBUG GameScene            - Clearing game scene
12:56:54.613 [FXGL Background Thread 1 ] DEBUG InitAppTask          - Initializing Game
12:56:54.699 [FXGL Background Thread 1 ] DEBUG AssetLoader          - Loading from disk: /assets/textures/background1.png
12:56:54.764 [FXGL Background Thread 1 ] DEBUG GameScene            - Creating render group for layer: DEFAULT(100000)
12:56:54.768 [FXGL Background Thread 1 ] DEBUG AssetLoader          - Loading from disk: /assets/textures/slime1.png
12:56:54.780 [FXGL Background Thread 1 ] DEBUG AssetLoader          - Loading from disk: /assets/textures/slime2.png
12:56:54.791 [FXGL Background Thread 1 ] DEBUG InitAppTask          - Initializing Physics
12:56:54.793 [FXGL Background Thread 1 ] DEBUG InitAppTask          - Initializing UI
12:56:54.795 [FXGL Background Thread 1 ] DEBUG InitAppTask          - Initialization Complete
12:56:54.796 [FXGL Background Thread 1 ] INFO  InitAppTask          - Game initialization took: 0,187 sec
12:56:54.804 [JavaFX Application Thread] DEBUG Input                - Clearing active input actions
12:56:54.804 [JavaFX Application Thread] DEBUG AssetLoader          - Loading from disk: /assets/ui/css/fxgl_dark.css
12:56:54.827 [JavaFX Application Thread] DEBUG AppStateMachine      - LoadingState -> PlayState
12:56:58.388 [JavaFX Application Thread] DEBUG FXGL                 - Exiting FXGL
12:56:58.388 [JavaFX Application Thread] DEBUG MenuEventHandler     - Creating default profile
12:56:58.388 [JavaFX Application Thread] DEBUG EventBus             - Firing event: SaveEvent
12:56:58.388 [JavaFX Application Thread] DEBUG AudioPlayer          - Saving data to profile
12:56:58.389 [JavaFX Application Thread] DEBUG Bundle               - Logging bundle: audio
12:56:58.389 [JavaFX Application Thread] DEBUG Bundle               - audio.musicVolume=0.5
12:56:58.389 [JavaFX Application Thread] DEBUG Bundle               - audio.soundVolume=0.5
12:56:58.389 [JavaFX Application Thread] DEBUG Input                - Saving data to profile
12:56:58.389 [JavaFX Application Thread] DEBUG Bundle               - Logging bundle: input
12:56:58.389 [JavaFX Application Thread] DEBUG Bundle               - input.Move Right=D
12:56:58.389 [JavaFX Application Thread] DEBUG Bundle               - input.Play Sound=F
12:56:58.389 [JavaFX Application Thread] DEBUG Bundle               - input.Screenshot=P
12:56:58.389 [JavaFX Application Thread] DEBUG Bundle               - input.System info dump=CTRL+9
12:56:58.389 [JavaFX Application Thread] DEBUG Bundle               - input.Restart=CTRL+R
12:56:58.390 [JavaFX Application Thread] DEBUG Bundle               - input.Move Up=W
12:56:58.390 [JavaFX Application Thread] DEBUG Bundle               - input.Dev Options=CTRL+0
12:56:58.390 [JavaFX Application Thread] DEBUG Bundle               - input.Move Left=A
12:56:58.390 [JavaFX Application Thread] DEBUG Bundle               - input.Move Down=S
12:56:58.390 [JavaFX Application Thread] DEBUG Bundle               - Logging bundle: gameplayStats
12:56:58.390 [JavaFX Application Thread] DEBUG Bundle               - gameplayStats.playtime=907806349242
12:56:58.390 [JavaFX Application Thread] DEBUG AchievementManager   - Saving data to profile
12:56:58.390 [JavaFX Application Thread] DEBUG Bundle               - Logging bundle: achievement
12:56:58.390 [JavaFX Application Thread] DEBUG SaveLoadManager      - Saving profile: Mads
12:56:58.395 [JavaFX Application Thread] DEBUG DesktopFSService     - Writing to: .\profiles\Mads\user.profile
12:56:58.402 [JavaFX Application Thread] DEBUG FXGL                 - Shutting down background threads
12:56:58.403 [JavaFX Application Thread] DEBUG FXGL                 - Saving FXGL system data
12:56:58.405 [JavaFX Application Thread] DEBUG DesktopFSService     - Writing to: system\fxgl.bundle
12:56:58.410 [JavaFX Application Thread] DEBUG FXGL                 - Closing logger and exiting JavaFX
